[0.157s] DEBUG:colcon:Command line arguments: ['/usr/bin/colcon', 'build']
[0.158s] DEBUG:colcon:Parsed command line arguments: Namespace(log_base=None, log_level=None, verb_name='build', build_base='build', install_base='install', merge_install=False, symlink_install=False, test_result_base=None, continue_on_error=False, executor='parallel', parallel_workers=20, event_handlers=None, ignore_user_meta=False, metas=['./colcon.meta'], base_paths=['.'], packages_ignore=None, packages_ignore_regex=None, paths=None, packages_up_to=None, packages_up_to_regex=None, packages_above=None, packages_above_and_dependencies=None, packages_above_depth=None, packages_select_by_dep=None, packages_skip_by_dep=None, packages_skip_up_to=None, packages_select_build_failed=False, packages_skip_build_finished=False, packages_select_test_failures=False, packages_skip_test_passed=False, packages_select=None, packages_skip=None, packages_select_regex=None, packages_skip_regex=None, packages_start=None, packages_end=None, allow_overriding=[], cmake_args=None, cmake_target=None, cmake_target_skip_unavailable=False, cmake_clean_cache=False, cmake_clean_first=False, cmake_force_configure=False, ament_cmake_args=None, catkin_cmake_args=None, catkin_skip_building_tests=False, mixin_files=None, mixin=None, verb_parser=<colcon_mixin.mixin.mixin_argument.MixinArgumentDecorator object at 0x7fa882882380>, verb_extension=<colcon_core.verb.build.BuildVerb object at 0x7fa8829fa110>, main=<bound method BuildVerb.main of <colcon_core.verb.build.BuildVerb object at 0x7fa8829fa110>>, mixin_verb=('build',))
[0.207s] Level 1:colcon.colcon_core.package_discovery:discover_packages(colcon_meta) check parameters
[0.207s] Level 1:colcon.colcon_core.package_discovery:discover_packages(recursive) check parameters
[0.207s] Level 1:colcon.colcon_core.package_discovery:discover_packages(ignore) check parameters
[0.208s] Level 1:colcon.colcon_core.package_discovery:discover_packages(path) check parameters
[0.208s] Level 1:colcon.colcon_core.package_discovery:discover_packages(colcon_meta) discover
[0.208s] Level 1:colcon.colcon_core.package_discovery:discover_packages(recursive) discover
[0.208s] INFO:colcon.colcon_core.package_discovery:Crawling recursively for packages in '/home/tien/Documents/GitHub/BoutToHackNASA/source/godang_ws'
[0.208s] Level 1:colcon.colcon_core.package_identification:_identify(.) by extensions ['ignore', 'ignore_ament_install']
[0.208s] Level 1:colcon.colcon_core.package_identification:_identify(.) by extension 'ignore'
[0.208s] Level 1:colcon.colcon_core.package_identification:_identify(.) by extension 'ignore_ament_install'
[0.208s] Level 1:colcon.colcon_core.package_identification:_identify(.) by extensions ['colcon_pkg']
[0.208s] Level 1:colcon.colcon_core.package_identification:_identify(.) by extension 'colcon_pkg'
[0.208s] Level 1:colcon.colcon_core.package_identification:_identify(.) by extensions ['colcon_meta']
[0.208s] Level 1:colcon.colcon_core.package_identification:_identify(.) by extension 'colcon_meta'
[0.208s] Level 1:colcon.colcon_core.package_identification:_identify(.) by extensions ['ros']
[0.208s] Level 1:colcon.colcon_core.package_identification:_identify(.) by extension 'ros'
[0.228s] Level 1:colcon.colcon_core.package_identification:_identify(.) by extensions ['cmake', 'python']
[0.228s] Level 1:colcon.colcon_core.package_identification:_identify(.) by extension 'cmake'
[0.228s] Level 1:colcon.colcon_core.package_identification:_identify(.) by extension 'python'
[0.228s] Level 1:colcon.colcon_core.package_identification:_identify(.) by extensions ['python_setup_py']
[0.228s] Level 1:colcon.colcon_core.package_identification:_identify(.) by extension 'python_setup_py'
[0.228s] Level 1:colcon.colcon_core.package_identification:_identify(-q) by extensions ['ignore', 'ignore_ament_install']
[0.228s] Level 1:colcon.colcon_core.package_identification:_identify(-q) by extension 'ignore'
[0.228s] Level 1:colcon.colcon_core.package_identification:_identify(-q) by extension 'ignore_ament_install'
[0.228s] Level 1:colcon.colcon_core.package_identification:_identify(-q) by extensions ['colcon_pkg']
[0.228s] Level 1:colcon.colcon_core.package_identification:_identify(-q) by extension 'colcon_pkg'
[0.228s] Level 1:colcon.colcon_core.package_identification:_identify(-q) by extensions ['colcon_meta']
[0.228s] Level 1:colcon.colcon_core.package_identification:_identify(-q) by extension 'colcon_meta'
[0.228s] Level 1:colcon.colcon_core.package_identification:_identify(-q) by extensions ['ros']
[0.228s] Level 1:colcon.colcon_core.package_identification:_identify(-q) by extension 'ros'
[0.228s] Level 1:colcon.colcon_core.package_identification:_identify(-q) by extensions ['cmake', 'python']
[0.228s] Level 1:colcon.colcon_core.package_identification:_identify(-q) by extension 'cmake'
[0.228s] Level 1:colcon.colcon_core.package_identification:_identify(-q) by extension 'python'
[0.228s] Level 1:colcon.colcon_core.package_identification:_identify(-q) by extensions ['python_setup_py']
[0.228s] Level 1:colcon.colcon_core.package_identification:_identify(-q) by extension 'python_setup_py'
[0.229s] Level 1:colcon.colcon_core.package_identification:_identify(build) by extensions ['ignore', 'ignore_ament_install']
[0.229s] Level 1:colcon.colcon_core.package_identification:_identify(build) by extension 'ignore'
[0.229s] Level 1:colcon.colcon_core.package_identification:_identify(build) ignored
[0.229s] Level 1:colcon.colcon_core.package_identification:_identify(install) by extensions ['ignore', 'ignore_ament_install']
[0.229s] Level 1:colcon.colcon_core.package_identification:_identify(install) by extension 'ignore'
[0.229s] Level 1:colcon.colcon_core.package_identification:_identify(install) ignored
[0.229s] Level 1:colcon.colcon_core.package_identification:_identify(log) by extensions ['ignore', 'ignore_ament_install']
[0.230s] Level 1:colcon.colcon_core.package_identification:_identify(log) by extension 'ignore'
[0.230s] Level 1:colcon.colcon_core.package_identification:_identify(log) ignored
[0.230s] Level 1:colcon.colcon_core.package_identification:_identify(src) by extensions ['ignore', 'ignore_ament_install']
[0.230s] Level 1:colcon.colcon_core.package_identification:_identify(src) by extension 'ignore'
[0.230s] Level 1:colcon.colcon_core.package_identification:_identify(src) by extension 'ignore_ament_install'
[0.230s] Level 1:colcon.colcon_core.package_identification:_identify(src) by extensions ['colcon_pkg']
[0.230s] Level 1:colcon.colcon_core.package_identification:_identify(src) by extension 'colcon_pkg'
[0.230s] Level 1:colcon.colcon_core.package_identification:_identify(src) by extensions ['colcon_meta']
[0.230s] Level 1:colcon.colcon_core.package_identification:_identify(src) by extension 'colcon_meta'
[0.230s] Level 1:colcon.colcon_core.package_identification:_identify(src) by extensions ['ros']
[0.230s] Level 1:colcon.colcon_core.package_identification:_identify(src) by extension 'ros'
[0.230s] Level 1:colcon.colcon_core.package_identification:_identify(src) by extensions ['cmake', 'python']
[0.230s] Level 1:colcon.colcon_core.package_identification:_identify(src) by extension 'cmake'
[0.230s] Level 1:colcon.colcon_core.package_identification:_identify(src) by extension 'python'
[0.230s] Level 1:colcon.colcon_core.package_identification:_identify(src) by extensions ['python_setup_py']
[0.230s] Level 1:colcon.colcon_core.package_identification:_identify(src) by extension 'python_setup_py'
[0.230s] Level 1:colcon.colcon_core.package_identification:_identify(src/localization) by extensions ['ignore', 'ignore_ament_install']
[0.230s] Level 1:colcon.colcon_core.package_identification:_identify(src/localization) by extension 'ignore'
[0.230s] Level 1:colcon.colcon_core.package_identification:_identify(src/localization) by extension 'ignore_ament_install'
[0.231s] Level 1:colcon.colcon_core.package_identification:_identify(src/localization) by extensions ['colcon_pkg']
[0.231s] Level 1:colcon.colcon_core.package_identification:_identify(src/localization) by extension 'colcon_pkg'
[0.231s] Level 1:colcon.colcon_core.package_identification:_identify(src/localization) by extensions ['colcon_meta']
[0.231s] Level 1:colcon.colcon_core.package_identification:_identify(src/localization) by extension 'colcon_meta'
[0.231s] Level 1:colcon.colcon_core.package_identification:_identify(src/localization) by extensions ['ros']
[0.231s] Level 1:colcon.colcon_core.package_identification:_identify(src/localization) by extension 'ros'
[0.233s] DEBUG:colcon.colcon_core.package_identification:Package 'src/localization' with type 'ros.ament_python' and name 'localization'
[0.234s] Level 1:colcon.colcon_core.package_identification:_identify(src/my_robot_bringup) by extensions ['ignore', 'ignore_ament_install']
[0.234s] Level 1:colcon.colcon_core.package_identification:_identify(src/my_robot_bringup) by extension 'ignore'
[0.234s] Level 1:colcon.colcon_core.package_identification:_identify(src/my_robot_bringup) by extension 'ignore_ament_install'
[0.234s] Level 1:colcon.colcon_core.package_identification:_identify(src/my_robot_bringup) by extensions ['colcon_pkg']
[0.234s] Level 1:colcon.colcon_core.package_identification:_identify(src/my_robot_bringup) by extension 'colcon_pkg'
[0.234s] Level 1:colcon.colcon_core.package_identification:_identify(src/my_robot_bringup) by extensions ['colcon_meta']
[0.234s] Level 1:colcon.colcon_core.package_identification:_identify(src/my_robot_bringup) by extension 'colcon_meta'
[0.234s] Level 1:colcon.colcon_core.package_identification:_identify(src/my_robot_bringup) by extensions ['ros']
[0.234s] Level 1:colcon.colcon_core.package_identification:_identify(src/my_robot_bringup) by extension 'ros'
[0.235s] DEBUG:colcon.colcon_core.package_identification:Package 'src/my_robot_bringup' with type 'ros.ament_cmake' and name 'my_robot_bringup'
[0.235s] Level 1:colcon.colcon_core.package_identification:_identify(src/planing) by extensions ['ignore', 'ignore_ament_install']
[0.235s] Level 1:colcon.colcon_core.package_identification:_identify(src/planing) by extension 'ignore'
[0.235s] Level 1:colcon.colcon_core.package_identification:_identify(src/planing) by extension 'ignore_ament_install'
[0.235s] Level 1:colcon.colcon_core.package_identification:_identify(src/planing) by extensions ['colcon_pkg']
[0.235s] Level 1:colcon.colcon_core.package_identification:_identify(src/planing) by extension 'colcon_pkg'
[0.235s] Level 1:colcon.colcon_core.package_identification:_identify(src/planing) by extensions ['colcon_meta']
[0.235s] Level 1:colcon.colcon_core.package_identification:_identify(src/planing) by extension 'colcon_meta'
[0.235s] Level 1:colcon.colcon_core.package_identification:_identify(src/planing) by extensions ['ros']
[0.235s] Level 1:colcon.colcon_core.package_identification:_identify(src/planing) by extension 'ros'
[0.236s] DEBUG:colcon.colcon_core.package_identification:Package 'src/planing' with type 'ros.ament_python' and name 'planing'
[0.236s] Level 1:colcon.colcon_core.package_identification:_identify(src/vision) by extensions ['ignore', 'ignore_ament_install']
[0.236s] Level 1:colcon.colcon_core.package_identification:_identify(src/vision) by extension 'ignore'
[0.236s] Level 1:colcon.colcon_core.package_identification:_identify(src/vision) by extension 'ignore_ament_install'
[0.236s] Level 1:colcon.colcon_core.package_identification:_identify(src/vision) by extensions ['colcon_pkg']
[0.236s] Level 1:colcon.colcon_core.package_identification:_identify(src/vision) by extension 'colcon_pkg'
[0.236s] Level 1:colcon.colcon_core.package_identification:_identify(src/vision) by extensions ['colcon_meta']
[0.236s] Level 1:colcon.colcon_core.package_identification:_identify(src/vision) by extension 'colcon_meta'
[0.236s] Level 1:colcon.colcon_core.package_identification:_identify(src/vision) by extensions ['ros']
[0.236s] Level 1:colcon.colcon_core.package_identification:_identify(src/vision) by extension 'ros'
[0.237s] DEBUG:colcon.colcon_core.package_identification:Package 'src/vision' with type 'ros.ament_python' and name 'vision'
[0.237s] Level 1:colcon.colcon_core.package_discovery:discover_packages(recursive) using defaults
[0.237s] Level 1:colcon.colcon_core.package_discovery:discover_packages(ignore) discover
[0.237s] Level 1:colcon.colcon_core.package_discovery:discover_packages(ignore) using defaults
[0.237s] Level 1:colcon.colcon_core.package_discovery:discover_packages(path) discover
[0.237s] Level 1:colcon.colcon_core.package_discovery:discover_packages(path) using defaults
[0.273s] Level 1:colcon.colcon_core.package_discovery:discover_packages(prefix_path) check parameters
[0.273s] Level 1:colcon.colcon_core.package_discovery:discover_packages(prefix_path) discover
[0.279s] DEBUG:colcon.colcon_installed_package_information.package_discovery:Found 39 installed packages in /home/tien/microros_ws/install
[0.279s] DEBUG:colcon.colcon_installed_package_information.package_discovery:Found 4 installed packages in /home/tien/Documents/GitHub/BoutToHackNASA/source/godang_ws/install
[0.280s] DEBUG:colcon.colcon_installed_package_information.package_discovery:Found 3 installed packages in /home/tien/Documents/GitHub/ALL_CODE/red_ws/install
[0.281s] DEBUG:colcon.colcon_installed_package_information.package_discovery:Found 15 installed packages in /home/tien/turtlebot3_ws/install
[0.281s] DEBUG:colcon.colcon_installed_package_information.package_discovery:Found 3 installed packages in /home/tien/jinpao_naia_ws/install
[0.282s] DEBUG:colcon.colcon_installed_package_information.package_discovery:Found 1 installed packages in /home/tien/abu_ws/install
[0.282s] DEBUG:colcon.colcon_installed_package_information.package_discovery:Found 3 installed packages in /home/tien/three_wheel_ws/install
[0.283s] DEBUG:colcon.colcon_installed_package_information.package_discovery:Found 5 installed packages in /home/tien/jinpao_ws/install
[0.285s] DEBUG:colcon.colcon_installed_package_information.package_discovery:Found 410 installed packages in /opt/ros/humble
[0.289s] Level 1:colcon.colcon_core.package_discovery:discover_packages(prefix_path) using defaults
[0.348s] Level 5:colcon.colcon_core.verb:set package 'localization' build argument 'cmake_args' from command line to 'None'
[0.348s] Level 5:colcon.colcon_core.verb:set package 'localization' build argument 'cmake_target' from command line to 'None'
[0.348s] Level 5:colcon.colcon_core.verb:set package 'localization' build argument 'cmake_target_skip_unavailable' from command line to 'False'
[0.348s] Level 5:colcon.colcon_core.verb:set package 'localization' build argument 'cmake_clean_cache' from command line to 'False'
[0.348s] Level 5:colcon.colcon_core.verb:set package 'localization' build argument 'cmake_clean_first' from command line to 'False'
[0.348s] Level 5:colcon.colcon_core.verb:set package 'localization' build argument 'cmake_force_configure' from command line to 'False'
[0.348s] Level 5:colcon.colcon_core.verb:set package 'localization' build argument 'ament_cmake_args' from command line to 'None'
[0.348s] Level 5:colcon.colcon_core.verb:set package 'localization' build argument 'catkin_cmake_args' from command line to 'None'
[0.348s] Level 5:colcon.colcon_core.verb:set package 'localization' build argument 'catkin_skip_building_tests' from command line to 'False'
[0.348s] DEBUG:colcon.colcon_core.verb:Building package 'localization' with the following arguments: {'ament_cmake_args': None, 'build_base': '/home/tien/Documents/GitHub/BoutToHackNASA/source/godang_ws/build/localization', 'catkin_cmake_args': None, 'catkin_skip_building_tests': False, 'cmake_args': None, 'cmake_clean_cache': False, 'cmake_clean_first': False, 'cmake_force_configure': False, 'cmake_target': None, 'cmake_target_skip_unavailable': False, 'install_base': '/home/tien/Documents/GitHub/BoutToHackNASA/source/godang_ws/install/localization', 'merge_install': False, 'path': '/home/tien/Documents/GitHub/BoutToHackNASA/source/godang_ws/src/localization', 'symlink_install': False, 'test_result_base': None}
[0.349s] Level 5:colcon.colcon_core.verb:set package 'planing' build argument 'cmake_args' from command line to 'None'
[0.349s] Level 5:colcon.colcon_core.verb:set package 'planing' build argument 'cmake_target' from command line to 'None'
[0.349s] Level 5:colcon.colcon_core.verb:set package 'planing' build argument 'cmake_target_skip_unavailable' from command line to 'False'
[0.349s] Level 5:colcon.colcon_core.verb:set package 'planing' build argument 'cmake_clean_cache' from command line to 'False'
[0.349s] Level 5:colcon.colcon_core.verb:set package 'planing' build argument 'cmake_clean_first' from command line to 'False'
[0.349s] Level 5:colcon.colcon_core.verb:set package 'planing' build argument 'cmake_force_configure' from command line to 'False'
[0.349s] Level 5:colcon.colcon_core.verb:set package 'planing' build argument 'ament_cmake_args' from command line to 'None'
[0.349s] Level 5:colcon.colcon_core.verb:set package 'planing' build argument 'catkin_cmake_args' from command line to 'None'
[0.349s] Level 5:colcon.colcon_core.verb:set package 'planing' build argument 'catkin_skip_building_tests' from command line to 'False'
[0.349s] DEBUG:colcon.colcon_core.verb:Building package 'planing' with the following arguments: {'ament_cmake_args': None, 'build_base': '/home/tien/Documents/GitHub/BoutToHackNASA/source/godang_ws/build/planing', 'catkin_cmake_args': None, 'catkin_skip_building_tests': False, 'cmake_args': None, 'cmake_clean_cache': False, 'cmake_clean_first': False, 'cmake_force_configure': False, 'cmake_target': None, 'cmake_target_skip_unavailable': False, 'install_base': '/home/tien/Documents/GitHub/BoutToHackNASA/source/godang_ws/install/planing', 'merge_install': False, 'path': '/home/tien/Documents/GitHub/BoutToHackNASA/source/godang_ws/src/planing', 'symlink_install': False, 'test_result_base': None}
[0.349s] Level 5:colcon.colcon_core.verb:set package 'vision' build argument 'cmake_args' from command line to 'None'
[0.349s] Level 5:colcon.colcon_core.verb:set package 'vision' build argument 'cmake_target' from command line to 'None'
[0.349s] Level 5:colcon.colcon_core.verb:set package 'vision' build argument 'cmake_target_skip_unavailable' from command line to 'False'
[0.349s] Level 5:colcon.colcon_core.verb:set package 'vision' build argument 'cmake_clean_cache' from command line to 'False'
[0.350s] Level 5:colcon.colcon_core.verb:set package 'vision' build argument 'cmake_clean_first' from command line to 'False'
[0.350s] Level 5:colcon.colcon_core.verb:set package 'vision' build argument 'cmake_force_configure' from command line to 'False'
[0.350s] Level 5:colcon.colcon_core.verb:set package 'vision' build argument 'ament_cmake_args' from command line to 'None'
[0.350s] Level 5:colcon.colcon_core.verb:set package 'vision' build argument 'catkin_cmake_args' from command line to 'None'
[0.350s] Level 5:colcon.colcon_core.verb:set package 'vision' build argument 'catkin_skip_building_tests' from command line to 'False'
[0.350s] DEBUG:colcon.colcon_core.verb:Building package 'vision' with the following arguments: {'ament_cmake_args': None, 'build_base': '/home/tien/Documents/GitHub/BoutToHackNASA/source/godang_ws/build/vision', 'catkin_cmake_args': None, 'catkin_skip_building_tests': False, 'cmake_args': None, 'cmake_clean_cache': False, 'cmake_clean_first': False, 'cmake_force_configure': False, 'cmake_target': None, 'cmake_target_skip_unavailable': False, 'install_base': '/home/tien/Documents/GitHub/BoutToHackNASA/source/godang_ws/install/vision', 'merge_install': False, 'path': '/home/tien/Documents/GitHub/BoutToHackNASA/source/godang_ws/src/vision', 'symlink_install': False, 'test_result_base': None}
[0.350s] Level 5:colcon.colcon_core.verb:set package 'my_robot_bringup' build argument 'cmake_args' from command line to 'None'
[0.350s] Level 5:colcon.colcon_core.verb:set package 'my_robot_bringup' build argument 'cmake_target' from command line to 'None'
[0.350s] Level 5:colcon.colcon_core.verb:set package 'my_robot_bringup' build argument 'cmake_target_skip_unavailable' from command line to 'False'
[0.350s] Level 5:colcon.colcon_core.verb:set package 'my_robot_bringup' build argument 'cmake_clean_cache' from command line to 'False'
[0.350s] Level 5:colcon.colcon_core.verb:set package 'my_robot_bringup' build argument 'cmake_clean_first' from command line to 'False'
[0.350s] Level 5:colcon.colcon_core.verb:set package 'my_robot_bringup' build argument 'cmake_force_configure' from command line to 'False'
[0.350s] Level 5:colcon.colcon_core.verb:set package 'my_robot_bringup' build argument 'ament_cmake_args' from command line to 'None'
[0.350s] Level 5:colcon.colcon_core.verb:set package 'my_robot_bringup' build argument 'catkin_cmake_args' from command line to 'None'
[0.350s] Level 5:colcon.colcon_core.verb:set package 'my_robot_bringup' build argument 'catkin_skip_building_tests' from command line to 'False'
[0.350s] DEBUG:colcon.colcon_core.verb:Building package 'my_robot_bringup' with the following arguments: {'ament_cmake_args': None, 'build_base': '/home/tien/Documents/GitHub/BoutToHackNASA/source/godang_ws/build/my_robot_bringup', 'catkin_cmake_args': None, 'catkin_skip_building_tests': False, 'cmake_args': None, 'cmake_clean_cache': False, 'cmake_clean_first': False, 'cmake_force_configure': False, 'cmake_target': None, 'cmake_target_skip_unavailable': False, 'install_base': '/home/tien/Documents/GitHub/BoutToHackNASA/source/godang_ws/install/my_robot_bringup', 'merge_install': False, 'path': '/home/tien/Documents/GitHub/BoutToHackNASA/source/godang_ws/src/my_robot_bringup', 'symlink_install': False, 'test_result_base': None}
[0.350s] INFO:colcon.colcon_core.executor:Executing jobs using 'parallel' executor
[0.351s] DEBUG:colcon.colcon_parallel_executor.executor.parallel:run_until_complete
[0.352s] INFO:colcon.colcon_ros.task.ament_python.build:Building ROS package in '/home/tien/Documents/GitHub/BoutToHackNASA/source/godang_ws/src/localization' with build type 'ament_python'
[0.352s] Level 1:colcon.colcon_core.shell:create_environment_hook('localization', 'ament_prefix_path')
[0.355s] INFO:colcon.colcon_core.plugin_system:Skipping extension 'colcon_core.shell.bat': Not used on non-Windows systems
[0.356s] INFO:colcon.colcon_core.shell:Creating environment hook '/home/tien/Documents/GitHub/BoutToHackNASA/source/godang_ws/install/localization/share/localization/hook/ament_prefix_path.ps1'
[0.367s] INFO:colcon.colcon_core.shell:Creating environment descriptor '/home/tien/Documents/GitHub/BoutToHackNASA/source/godang_ws/install/localization/share/localization/hook/ament_prefix_path.dsv'
[0.367s] INFO:colcon.colcon_core.shell:Creating environment hook '/home/tien/Documents/GitHub/BoutToHackNASA/source/godang_ws/install/localization/share/localization/hook/ament_prefix_path.sh'
[0.368s] INFO:colcon.colcon_core.shell:Skip shell extension 'powershell' for command environment: Not usable outside of PowerShell
[0.368s] DEBUG:colcon.colcon_core.shell:Skip shell extension 'dsv' for command environment
[0.385s] INFO:colcon.colcon_ros.task.ament_python.build:Building ROS package in '/home/tien/Documents/GitHub/BoutToHackNASA/source/godang_ws/src/planing' with build type 'ament_python'
[0.385s] Level 1:colcon.colcon_core.shell:create_environment_hook('planing', 'ament_prefix_path')
[0.386s] INFO:colcon.colcon_core.shell:Creating environment hook '/home/tien/Documents/GitHub/BoutToHackNASA/source/godang_ws/install/planing/share/planing/hook/ament_prefix_path.ps1'
[0.387s] INFO:colcon.colcon_core.shell:Creating environment descriptor '/home/tien/Documents/GitHub/BoutToHackNASA/source/godang_ws/install/planing/share/planing/hook/ament_prefix_path.dsv'
[0.388s] INFO:colcon.colcon_core.shell:Creating environment hook '/home/tien/Documents/GitHub/BoutToHackNASA/source/godang_ws/install/planing/share/planing/hook/ament_prefix_path.sh'
[0.389s] INFO:colcon.colcon_core.shell:Skip shell extension 'powershell' for command environment: Not usable outside of PowerShell
[0.389s] DEBUG:colcon.colcon_core.shell:Skip shell extension 'dsv' for command environment
[0.406s] INFO:colcon.colcon_ros.task.ament_python.build:Building ROS package in '/home/tien/Documents/GitHub/BoutToHackNASA/source/godang_ws/src/vision' with build type 'ament_python'
[0.406s] Level 1:colcon.colcon_core.shell:create_environment_hook('vision', 'ament_prefix_path')
[0.406s] INFO:colcon.colcon_core.shell:Creating environment hook '/home/tien/Documents/GitHub/BoutToHackNASA/source/godang_ws/install/vision/share/vision/hook/ament_prefix_path.ps1'
[0.407s] INFO:colcon.colcon_core.shell:Creating environment descriptor '/home/tien/Documents/GitHub/BoutToHackNASA/source/godang_ws/install/vision/share/vision/hook/ament_prefix_path.dsv'
[0.408s] INFO:colcon.colcon_core.shell:Creating environment hook '/home/tien/Documents/GitHub/BoutToHackNASA/source/godang_ws/install/vision/share/vision/hook/ament_prefix_path.sh'
[0.408s] INFO:colcon.colcon_core.shell:Skip shell extension 'powershell' for command environment: Not usable outside of PowerShell
[0.409s] DEBUG:colcon.colcon_core.shell:Skip shell extension 'dsv' for command environment
[1.080s] INFO:colcon.colcon_core.task.python.build:Building Python package in '/home/tien/Documents/GitHub/BoutToHackNASA/source/godang_ws/src/localization'
[1.081s] INFO:colcon.colcon_core.shell:Skip shell extension 'powershell' for command environment: Not usable outside of PowerShell
[1.081s] DEBUG:colcon.colcon_core.shell:Skip shell extension 'dsv' for command environment
[2.028s] INFO:colcon.colcon_core.task.python.build:Building Python package in '/home/tien/Documents/GitHub/BoutToHackNASA/source/godang_ws/src/planing'
[2.028s] INFO:colcon.colcon_core.shell:Skip shell extension 'powershell' for command environment: Not usable outside of PowerShell
[2.029s] DEBUG:colcon.colcon_core.shell:Skip shell extension 'dsv' for command environment
[2.596s] INFO:colcon.colcon_core.task.python.build:Building Python package in '/home/tien/Documents/GitHub/BoutToHackNASA/source/godang_ws/src/vision'
[2.597s] INFO:colcon.colcon_core.shell:Skip shell extension 'powershell' for command environment: Not usable outside of PowerShell
[2.597s] DEBUG:colcon.colcon_core.shell:Skip shell extension 'dsv' for command environment
[3.937s] DEBUG:colcon.colcon_core.event_handler.log_command:Invoking command in '/home/tien/Documents/GitHub/BoutToHackNASA/source/godang_ws/src/localization': PYTHONPATH=/home/tien/Documents/GitHub/BoutToHackNASA/source/godang_ws/build/localization/prefix_override:/home/tien/Documents/GitHub/BoutToHackNASA/source/godang_ws/install/localization/lib/python3.10/site-packages:${PYTHONPATH} /usr/bin/python3 -W ignore:setup.py install is deprecated setup.py egg_info --egg-base ../../build/localization build --build-base /home/tien/Documents/GitHub/BoutToHackNASA/source/godang_ws/build/localization/build install --record /home/tien/Documents/GitHub/BoutToHackNASA/source/godang_ws/build/localization/install.log --single-version-externally-managed install_data
[3.950s] DEBUG:colcon.colcon_core.event_handler.log_command:Invoking command in '/home/tien/Documents/GitHub/BoutToHackNASA/source/godang_ws/src/vision': PYTHONPATH=/home/tien/Documents/GitHub/BoutToHackNASA/source/godang_ws/build/vision/prefix_override:/home/tien/Documents/GitHub/BoutToHackNASA/source/godang_ws/install/vision/lib/python3.10/site-packages:${PYTHONPATH} /usr/bin/python3 -W ignore:setup.py install is deprecated setup.py egg_info --egg-base ../../build/vision build --build-base /home/tien/Documents/GitHub/BoutToHackNASA/source/godang_ws/build/vision/build install --record /home/tien/Documents/GitHub/BoutToHackNASA/source/godang_ws/build/vision/install.log --single-version-externally-managed install_data
[3.955s] DEBUG:colcon.colcon_core.event_handler.log_command:Invoking command in '/home/tien/Documents/GitHub/BoutToHackNASA/source/godang_ws/src/planing': PYTHONPATH=/home/tien/Documents/GitHub/BoutToHackNASA/source/godang_ws/build/planing/prefix_override:/home/tien/Documents/GitHub/BoutToHackNASA/source/godang_ws/install/planing/lib/python3.10/site-packages:${PYTHONPATH} /usr/bin/python3 -W ignore:setup.py install is deprecated setup.py egg_info --egg-base ../../build/planing build --build-base /home/tien/Documents/GitHub/BoutToHackNASA/source/godang_ws/build/planing/build install --record /home/tien/Documents/GitHub/BoutToHackNASA/source/godang_ws/build/planing/install.log --single-version-externally-managed install_data
[5.121s] DEBUG:colcon.colcon_core.event_handler.log_command:Invoked command in '/home/tien/Documents/GitHub/BoutToHackNASA/source/godang_ws/src/localization' returned '0': PYTHONPATH=/home/tien/Documents/GitHub/BoutToHackNASA/source/godang_ws/build/localization/prefix_override:/home/tien/Documents/GitHub/BoutToHackNASA/source/godang_ws/install/localization/lib/python3.10/site-packages:${PYTHONPATH} /usr/bin/python3 -W ignore:setup.py install is deprecated setup.py egg_info --egg-base ../../build/localization build --build-base /home/tien/Documents/GitHub/BoutToHackNASA/source/godang_ws/build/localization/build install --record /home/tien/Documents/GitHub/BoutToHackNASA/source/godang_ws/build/localization/install.log --single-version-externally-managed install_data
[5.129s] Level 1:colcon.colcon_core.environment:checking '/home/tien/Documents/GitHub/BoutToHackNASA/source/godang_ws/install/localization' for CMake module files
[5.130s] Level 1:colcon.colcon_core.environment:checking '/home/tien/Documents/GitHub/BoutToHackNASA/source/godang_ws/install/localization' for CMake config files
[5.131s] Level 1:colcon.colcon_core.environment:checking '/home/tien/Documents/GitHub/BoutToHackNASA/source/godang_ws/install/localization/lib'
[5.132s] Level 1:colcon.colcon_core.environment:checking '/home/tien/Documents/GitHub/BoutToHackNASA/source/godang_ws/install/localization/bin'
[5.132s] Level 1:colcon.colcon_core.environment:checking '/home/tien/Documents/GitHub/BoutToHackNASA/source/godang_ws/install/localization/lib/pkgconfig/localization.pc'
[5.132s] Level 1:colcon.colcon_core.environment:checking '/home/tien/Documents/GitHub/BoutToHackNASA/source/godang_ws/install/localization/lib/python3.10/site-packages'
[5.132s] Level 1:colcon.colcon_core.shell:create_environment_hook('localization', 'pythonpath')
[5.133s] INFO:colcon.colcon_core.shell:Creating environment hook '/home/tien/Documents/GitHub/BoutToHackNASA/source/godang_ws/install/localization/share/localization/hook/pythonpath.ps1'
[5.134s] INFO:colcon.colcon_core.shell:Creating environment descriptor '/home/tien/Documents/GitHub/BoutToHackNASA/source/godang_ws/install/localization/share/localization/hook/pythonpath.dsv'
[5.134s] INFO:colcon.colcon_core.shell:Creating environment hook '/home/tien/Documents/GitHub/BoutToHackNASA/source/godang_ws/install/localization/share/localization/hook/pythonpath.sh'
[5.135s] Level 1:colcon.colcon_core.environment:checking '/home/tien/Documents/GitHub/BoutToHackNASA/source/godang_ws/install/localization/bin'
[5.135s] Level 1:colcon.colcon_core.environment:create_environment_scripts_only(localization)
[5.136s] INFO:colcon.colcon_core.shell:Creating package script '/home/tien/Documents/GitHub/BoutToHackNASA/source/godang_ws/install/localization/share/localization/package.ps1'
[5.137s] INFO:colcon.colcon_core.shell:Creating package descriptor '/home/tien/Documents/GitHub/BoutToHackNASA/source/godang_ws/install/localization/share/localization/package.dsv'
[5.138s] INFO:colcon.colcon_core.shell:Creating package script '/home/tien/Documents/GitHub/BoutToHackNASA/source/godang_ws/install/localization/share/localization/package.sh'
[5.140s] INFO:colcon.colcon_core.shell:Creating package script '/home/tien/Documents/GitHub/BoutToHackNASA/source/godang_ws/install/localization/share/localization/package.bash'
[5.141s] INFO:colcon.colcon_core.shell:Creating package script '/home/tien/Documents/GitHub/BoutToHackNASA/source/godang_ws/install/localization/share/localization/package.zsh'
[5.142s] Level 1:colcon.colcon_core.environment:create_file_with_runtime_dependencies(/home/tien/Documents/GitHub/BoutToHackNASA/source/godang_ws/install/localization/share/colcon-core/packages/localization)
[5.144s] Level 1:colcon.colcon_core.environment:checking '/home/tien/Documents/GitHub/BoutToHackNASA/source/godang_ws/install/planing' for CMake module files
[5.146s] Level 1:colcon.colcon_core.environment:checking '/home/tien/Documents/GitHub/BoutToHackNASA/source/godang_ws/install/planing' for CMake config files
[5.147s] DEBUG:colcon.colcon_core.event_handler.log_command:Invoked command in '/home/tien/Documents/GitHub/BoutToHackNASA/source/godang_ws/src/planing' returned '0': PYTHONPATH=/home/tien/Documents/GitHub/BoutToHackNASA/source/godang_ws/build/planing/prefix_override:/home/tien/Documents/GitHub/BoutToHackNASA/source/godang_ws/install/planing/lib/python3.10/site-packages:${PYTHONPATH} /usr/bin/python3 -W ignore:setup.py install is deprecated setup.py egg_info --egg-base ../../build/planing build --build-base /home/tien/Documents/GitHub/BoutToHackNASA/source/godang_ws/build/planing/build install --record /home/tien/Documents/GitHub/BoutToHackNASA/source/godang_ws/build/planing/install.log --single-version-externally-managed install_data
[5.148s] Level 1:colcon.colcon_core.environment:checking '/home/tien/Documents/GitHub/BoutToHackNASA/source/godang_ws/install/planing/lib'
[5.148s] Level 1:colcon.colcon_core.environment:checking '/home/tien/Documents/GitHub/BoutToHackNASA/source/godang_ws/install/planing/bin'
[5.149s] Level 1:colcon.colcon_core.environment:checking '/home/tien/Documents/GitHub/BoutToHackNASA/source/godang_ws/install/planing/lib/pkgconfig/planing.pc'
[5.149s] Level 1:colcon.colcon_core.environment:checking '/home/tien/Documents/GitHub/BoutToHackNASA/source/godang_ws/install/planing/lib/python3.10/site-packages'
[5.149s] Level 1:colcon.colcon_core.shell:create_environment_hook('planing', 'pythonpath')
[5.150s] INFO:colcon.colcon_core.shell:Creating environment hook '/home/tien/Documents/GitHub/BoutToHackNASA/source/godang_ws/install/planing/share/planing/hook/pythonpath.ps1'
[5.150s] INFO:colcon.colcon_core.shell:Creating environment descriptor '/home/tien/Documents/GitHub/BoutToHackNASA/source/godang_ws/install/planing/share/planing/hook/pythonpath.dsv'
[5.151s] INFO:colcon.colcon_core.shell:Creating environment hook '/home/tien/Documents/GitHub/BoutToHackNASA/source/godang_ws/install/planing/share/planing/hook/pythonpath.sh'
[5.152s] Level 1:colcon.colcon_core.environment:checking '/home/tien/Documents/GitHub/BoutToHackNASA/source/godang_ws/install/planing/bin'
[5.152s] Level 1:colcon.colcon_core.environment:create_environment_scripts_only(planing)
[5.153s] INFO:colcon.colcon_core.shell:Creating package script '/home/tien/Documents/GitHub/BoutToHackNASA/source/godang_ws/install/planing/share/planing/package.ps1'
[5.154s] INFO:colcon.colcon_core.shell:Creating package descriptor '/home/tien/Documents/GitHub/BoutToHackNASA/source/godang_ws/install/planing/share/planing/package.dsv'
[5.154s] INFO:colcon.colcon_core.shell:Creating package script '/home/tien/Documents/GitHub/BoutToHackNASA/source/godang_ws/install/planing/share/planing/package.sh'
[5.155s] INFO:colcon.colcon_core.shell:Creating package script '/home/tien/Documents/GitHub/BoutToHackNASA/source/godang_ws/install/planing/share/planing/package.bash'
[5.155s] INFO:colcon.colcon_core.shell:Creating package script '/home/tien/Documents/GitHub/BoutToHackNASA/source/godang_ws/install/planing/share/planing/package.zsh'
[5.156s] Level 1:colcon.colcon_core.environment:create_file_with_runtime_dependencies(/home/tien/Documents/GitHub/BoutToHackNASA/source/godang_ws/install/planing/share/colcon-core/packages/planing)
[5.226s] Level 1:colcon.colcon_core.environment:checking '/home/tien/Documents/GitHub/BoutToHackNASA/source/godang_ws/install/vision' for CMake module files
[5.228s] DEBUG:colcon.colcon_core.event_handler.log_command:Invoked command in '/home/tien/Documents/GitHub/BoutToHackNASA/source/godang_ws/src/vision' returned '0': PYTHONPATH=/home/tien/Documents/GitHub/BoutToHackNASA/source/godang_ws/build/vision/prefix_override:/home/tien/Documents/GitHub/BoutToHackNASA/source/godang_ws/install/vision/lib/python3.10/site-packages:${PYTHONPATH} /usr/bin/python3 -W ignore:setup.py install is deprecated setup.py egg_info --egg-base ../../build/vision build --build-base /home/tien/Documents/GitHub/BoutToHackNASA/source/godang_ws/build/vision/build install --record /home/tien/Documents/GitHub/BoutToHackNASA/source/godang_ws/build/vision/install.log --single-version-externally-managed install_data
[5.228s] Level 1:colcon.colcon_core.environment:checking '/home/tien/Documents/GitHub/BoutToHackNASA/source/godang_ws/install/vision' for CMake config files
[5.236s] Level 1:colcon.colcon_core.environment:checking '/home/tien/Documents/GitHub/BoutToHackNASA/source/godang_ws/install/vision/lib'
[5.236s] Level 1:colcon.colcon_core.environment:checking '/home/tien/Documents/GitHub/BoutToHackNASA/source/godang_ws/install/vision/bin'
[5.236s] Level 1:colcon.colcon_core.environment:checking '/home/tien/Documents/GitHub/BoutToHackNASA/source/godang_ws/install/vision/lib/pkgconfig/vision.pc'
[5.237s] Level 1:colcon.colcon_core.environment:checking '/home/tien/Documents/GitHub/BoutToHackNASA/source/godang_ws/install/vision/lib/python3.10/site-packages'
[5.237s] Level 1:colcon.colcon_core.shell:create_environment_hook('vision', 'pythonpath')
[5.237s] INFO:colcon.colcon_core.shell:Creating environment hook '/home/tien/Documents/GitHub/BoutToHackNASA/source/godang_ws/install/vision/share/vision/hook/pythonpath.ps1'
[5.238s] INFO:colcon.colcon_core.shell:Creating environment descriptor '/home/tien/Documents/GitHub/BoutToHackNASA/source/godang_ws/install/vision/share/vision/hook/pythonpath.dsv'
[5.239s] INFO:colcon.colcon_core.shell:Creating environment hook '/home/tien/Documents/GitHub/BoutToHackNASA/source/godang_ws/install/vision/share/vision/hook/pythonpath.sh'
[5.240s] Level 1:colcon.colcon_core.environment:checking '/home/tien/Documents/GitHub/BoutToHackNASA/source/godang_ws/install/vision/bin'
[5.240s] Level 1:colcon.colcon_core.environment:create_environment_scripts_only(vision)
[5.241s] INFO:colcon.colcon_core.shell:Creating package script '/home/tien/Documents/GitHub/BoutToHackNASA/source/godang_ws/install/vision/share/vision/package.ps1'
[5.242s] INFO:colcon.colcon_core.shell:Creating package descriptor '/home/tien/Documents/GitHub/BoutToHackNASA/source/godang_ws/install/vision/share/vision/package.dsv'
[5.243s] INFO:colcon.colcon_core.shell:Creating package script '/home/tien/Documents/GitHub/BoutToHackNASA/source/godang_ws/install/vision/share/vision/package.sh'
[5.243s] INFO:colcon.colcon_core.shell:Creating package script '/home/tien/Documents/GitHub/BoutToHackNASA/source/godang_ws/install/vision/share/vision/package.bash'
[5.244s] INFO:colcon.colcon_core.shell:Creating package script '/home/tien/Documents/GitHub/BoutToHackNASA/source/godang_ws/install/vision/share/vision/package.zsh'
[5.244s] Level 1:colcon.colcon_core.environment:create_file_with_runtime_dependencies(/home/tien/Documents/GitHub/BoutToHackNASA/source/godang_ws/install/vision/share/colcon-core/packages/vision)
[5.245s] INFO:colcon.colcon_ros.task.ament_cmake.build:Building ROS package in '/home/tien/Documents/GitHub/BoutToHackNASA/source/godang_ws/src/my_robot_bringup' with build type 'ament_cmake'
[5.245s] INFO:colcon.colcon_cmake.task.cmake.build:Building CMake package in '/home/tien/Documents/GitHub/BoutToHackNASA/source/godang_ws/src/my_robot_bringup'
[5.246s] INFO:colcon.colcon_core.shell:Skip shell extension 'powershell' for command environment: Not usable outside of PowerShell
[5.246s] DEBUG:colcon.colcon_core.shell:Skip shell extension 'dsv' for command environment
[5.292s] DEBUG:colcon.colcon_core.event_handler.log_command:Invoking command in '/home/tien/Documents/GitHub/BoutToHackNASA/source/godang_ws/build/my_robot_bringup': AMENT_PREFIX_PATH=/home/tien/Documents/GitHub/BoutToHackNASA/source/godang_ws/install/vision:/home/tien/Documents/GitHub/BoutToHackNASA/source/godang_ws/install/planing:/home/tien/Documents/GitHub/BoutToHackNASA/source/godang_ws/install/localization:/home/tien/microros_ws/install/micro_ros_demos_rclc:/home/tien/microros_ws/install/common_interfaces:/home/tien/microros_ws/install/visualization_msgs:/home/tien/microros_ws/install/test_msgs:/home/tien/microros_ws/install/example_interfaces:/home/tien/microros_ws/install/action_msgs:/home/tien/microros_ws/install/unique_identifier_msgs:/home/tien/microros_ws/install/trajectory_msgs:/home/tien/microros_ws/install/stereo_msgs:/home/tien/microros_ws/install/std_srvs:/home/tien/microros_ws/install/shape_msgs:/home/tien/microros_ws/install/sensor_msgs_py:/home/tien/microros_ws/install/sensor_msgs:/home/tien/microros_ws/install/nav_msgs:/home/tien/microros_ws/install/diagnostic_msgs:/home/tien/microros_ws/install/geometry_msgs:/home/tien/microros_ws/install/actionlib_msgs:/home/tien/microros_ws/install/std_msgs:/home/tien/microros_ws/install/statistics_msgs:/home/tien/microros_ws/install/rosidl_typesupport_microxrcedds_test_msg:/home/tien/microros_ws/install/rosidl_typesupport_microxrcedds_cpp_tests:/home/tien/microros_ws/install/rmw_microxrcedds:/home/tien/microros_ws/install/rosidl_typesupport_microxrcedds_cpp:/home/tien/microros_ws/install/rosidl_typesupport_microxrcedds_c_tests:/home/tien/microros_ws/install/rosidl_typesupport_microxrcedds_c:/home/tien/microros_ws/install/rosgraph_msgs:/home/tien/microros_ws/install/rclc_parameter:/home/tien/microros_ws/install/rclc:/home/tien/microros_ws/install/composition_interfaces:/home/tien/microros_ws/install/rcl_interfaces:/home/tien/microros_ws/install/micro_ros_utilities:/home/tien/microros_ws/install/micro_ros_setup:/home/tien/microros_ws/install/micro_ros_agent:/home/tien/microros_ws/install/micro_ros_msgs:/home/tien/microros_ws/install/lifecycle_msgs:/home/tien/microros_ws/install/complex_msgs:/home/tien/microros_ws/install/builtin_interfaces:/home/tien/Documents/GitHub/BoutToHackNASA/source/godang_ws/install/my_robot_bringup:/home/tien/Documents/GitHub/ALL_CODE/red_ws/install/vision:/home/tien/Documents/GitHub/ALL_CODE/red_ws/install/state:/home/tien/Documents/GitHub/ALL_CODE/red_ws/install/mobile:/home/tien/turtlebot3_ws/install/turtlebot3:/home/tien/turtlebot3_ws/install/turtlebot3_teleop:/home/tien/turtlebot3_ws/install/turtlebot3_simulations:/home/tien/turtlebot3_ws/install/turtlebot3_bringup:/home/tien/turtlebot3_ws/install/turtlebot3_node:/home/tien/turtlebot3_ws/install/turtlebot3_navigation2:/home/tien/turtlebot3_ws/install/turtlebot3_fake_node:/home/tien/turtlebot3_ws/install/turtlebot3_example:/home/tien/turtlebot3_ws/install/turtlebot3_msgs:/home/tien/turtlebot3_ws/install/turtlebot3_gazebo:/home/tien/turtlebot3_ws/install/turtlebot3_description:/home/tien/turtlebot3_ws/install/turtlebot3_cartographer:/home/tien/turtlebot3_ws/install/dynamixel_sdk_examples:/home/tien/turtlebot3_ws/install/dynamixel_sdk_custom_interfaces:/home/tien/turtlebot3_ws/install/dynamixel_sdk:/home/tien/jinpao_ws/install/robot_localization:/home/tien/jinpao_ws/install/plant_message:/home/tien/jinpao_ws/install/jinpao_test:/home/tien/jinpao_ws/install/jinpao_description:/home/tien/jinpao_ws/install/jinpao_bringup:/home/tien/jinpao_naia_ws/install/state_pkg:/home/tien/jinpao_naia_ws/install/py_control_pkg:/home/tien/jinpao_naia_ws/install/cam_pkg:/home/tien/abu_ws/install/manual:/home/tien/three_wheel_ws/install/rplidar_ros:/home/tien/three_wheel_ws/install/robot_description:/home/tien/three_wheel_ws/install/robot_bringup:/opt/ros/humble CMAKE_PREFIX_PATH=/home/tien/microros_ws/install/micro_ros_demos_rclc:/home/tien/microros_ws/install/common_interfaces:/home/tien/microros_ws/install/visualization_msgs:/home/tien/microros_ws/install/test_msgs:/home/tien/microros_ws/install/example_interfaces:/home/tien/microros_ws/install/action_msgs:/home/tien/microros_ws/install/unique_identifier_msgs:/home/tien/microros_ws/install/trajectory_msgs:/home/tien/microros_ws/install/stereo_msgs:/home/tien/microros_ws/install/std_srvs:/home/tien/microros_ws/install/shape_msgs:/home/tien/microros_ws/install/sensor_msgs:/home/tien/microros_ws/install/nav_msgs:/home/tien/microros_ws/install/diagnostic_msgs:/home/tien/microros_ws/install/geometry_msgs:/home/tien/microros_ws/install/actionlib_msgs:/home/tien/microros_ws/install/std_msgs:/home/tien/microros_ws/install/statistics_msgs:/home/tien/microros_ws/install/rosidl_typesupport_microxrcedds_test_msg:/home/tien/microros_ws/install/rosidl_typesupport_microxrcedds_cpp_tests:/home/tien/microros_ws/install/rmw_microxrcedds:/home/tien/microros_ws/install/rosidl_typesupport_microxrcedds_cpp:/home/tien/microros_ws/install/rosidl_typesupport_microxrcedds_c_tests:/home/tien/microros_ws/install/rosidl_typesupport_microxrcedds_c:/home/tien/microros_ws/install/rosgraph_msgs:/home/tien/microros_ws/install/rclc_parameter:/home/tien/microros_ws/install/rclc:/home/tien/microros_ws/install/composition_interfaces:/home/tien/microros_ws/install/rcl_interfaces:/home/tien/microros_ws/install/microxrcedds_client:/home/tien/microros_ws/install/microcdr:/home/tien/microros_ws/install/micro_ros_utilities:/home/tien/microros_ws/install/micro_ros_setup:/home/tien/microros_ws/install/micro_ros_agent:/home/tien/microros_ws/install/micro_ros_msgs:/home/tien/microros_ws/install/lifecycle_msgs:/home/tien/microros_ws/install/complex_msgs:/home/tien/microros_ws/install/builtin_interfaces:/home/tien/Documents/GitHub/BoutToHackNASA/source/godang_ws/install/my_robot_bringup:/home/tien/turtlebot3_ws/install/turtlebot3:/home/tien/turtlebot3_ws/install/turtlebot3_simulations:/home/tien/turtlebot3_ws/install/turtlebot3_bringup:/home/tien/turtlebot3_ws/install/turtlebot3_node:/home/tien/turtlebot3_ws/install/turtlebot3_navigation2:/home/tien/turtlebot3_ws/install/turtlebot3_fake_node:/home/tien/turtlebot3_ws/install/turtlebot3_msgs:/home/tien/microros_ws/install/sensor_msgs_py:/home/tien/Documents/GitHub/BoutToHackNASA/source/godang_ws/install/vision:/home/tien/Documents/GitHub/BoutToHackNASA/source/godang_ws/install/planing:/home/tien/Documents/GitHub/BoutToHackNASA/source/godang_ws/install/localization:/home/tien/Documents/GitHub/ALL_CODE/red_ws/install/vision:/home/tien/Documents/GitHub/ALL_CODE/red_ws/install/state:/home/tien/Documents/GitHub/ALL_CODE/red_ws/install/mobile:/home/tien/turtlebot3_ws/install/turtlebot3_teleop:/home/tien/turtlebot3_ws/install/turtlebot3_example:/home/tien/jinpao_ws/install/jinpao_test:/home/tien/jinpao_naia_ws/install/state_pkg:/home/tien/jinpao_naia_ws/install/py_control_pkg:/home/tien/jinpao_naia_ws/install/cam_pkg:/home/tien/abu_ws/install/manual:/opt/ros/humble:/home/tien/turtlebot3_ws/install/turtlebot3_gazebo:/home/tien/turtlebot3_ws/install/turtlebot3_description:/home/tien/turtlebot3_ws/install/turtlebot3_cartographer:/home/tien/turtlebot3_ws/install/dynamixel_sdk_examples:/home/tien/turtlebot3_ws/install/dynamixel_sdk_custom_interfaces:/home/tien/turtlebot3_ws/install/dynamixel_sdk:/home/tien/jinpao_ws/install/robot_localization:/home/tien/jinpao_ws/install/plant_message:/home/tien/jinpao_ws/install/jinpao_description:/home/tien/jinpao_ws/install/jinpao_bringup:/home/tien/three_wheel_ws/install/rplidar_ros:/home/tien/three_wheel_ws/install/robot_description:/home/tien/three_wheel_ws/install/robot_bringup PYTHONPATH=/home/tien/Documents/GitHub/BoutToHackNASA/source/godang_ws/install/vision/lib/python3.10/site-packages:/home/tien/Documents/GitHub/BoutToHackNASA/source/godang_ws/install/planing/lib/python3.10/site-packages:/home/tien/Documents/GitHub/BoutToHackNASA/source/godang_ws/install/localization/lib/python3.10/site-packages:/home/tien/microros_ws/install/visualization_msgs/local/lib/python3.10/dist-packages:/home/tien/microros_ws/install/test_msgs/local/lib/python3.10/dist-packages:/home/tien/microros_ws/install/example_interfaces/local/lib/python3.10/dist-packages:/home/tien/microros_ws/install/action_msgs/local/lib/python3.10/dist-packages:/home/tien/microros_ws/install/unique_identifier_msgs/local/lib/python3.10/dist-packages:/home/tien/microros_ws/install/trajectory_msgs/local/lib/python3.10/dist-packages:/home/tien/microros_ws/install/stereo_msgs/local/lib/python3.10/dist-packages:/home/tien/microros_ws/install/std_srvs/local/lib/python3.10/dist-packages:/home/tien/microros_ws/install/shape_msgs/local/lib/python3.10/dist-packages:/home/tien/microros_ws/install/sensor_msgs_py/lib/python3.10/site-packages:/home/tien/microros_ws/install/sensor_msgs/local/lib/python3.10/dist-packages:/home/tien/microros_ws/install/nav_msgs/local/lib/python3.10/dist-packages:/home/tien/microros_ws/install/diagnostic_msgs/local/lib/python3.10/dist-packages:/home/tien/microros_ws/install/geometry_msgs/local/lib/python3.10/dist-packages:/home/tien/microros_ws/install/actionlib_msgs/local/lib/python3.10/dist-packages:/home/tien/microros_ws/install/std_msgs/local/lib/python3.10/dist-packages:/home/tien/microros_ws/install/statistics_msgs/local/lib/python3.10/dist-packages:/home/tien/microros_ws/install/rosidl_typesupport_microxrcedds_cpp/local/lib/python3.10/dist-packages:/home/tien/microros_ws/install/rosidl_typesupport_microxrcedds_c/local/lib/python3.10/dist-packages:/home/tien/microros_ws/install/rosgraph_msgs/local/lib/python3.10/dist-packages:/home/tien/microros_ws/install/composition_interfaces/local/lib/python3.10/dist-packages:/home/tien/microros_ws/install/rcl_interfaces/local/lib/python3.10/dist-packages:/home/tien/microros_ws/install/micro_ros_msgs/local/lib/python3.10/dist-packages:/home/tien/microros_ws/install/lifecycle_msgs/local/lib/python3.10/dist-packages:/home/tien/microros_ws/install/complex_msgs/local/lib/python3.10/dist-packages:/home/tien/microros_ws/install/builtin_interfaces/local/lib/python3.10/dist-packages:/home/tien/Documents/GitHub/ALL_CODE/red_ws/install/vision/lib/python3.10/site-packages:/home/tien/Documents/GitHub/ALL_CODE/red_ws/install/state/lib/python3.10/site-packages:/home/tien/Documents/GitHub/ALL_CODE/red_ws/install/mobile/lib/python3.10/site-packages:/home/tien/turtlebot3_ws/build/turtlebot3_teleop:/home/tien/turtlebot3_ws/install/turtlebot3_teleop/lib/python3.10/site-packages:/home/tien/turtlebot3_ws/build/turtlebot3_example:/home/tien/turtlebot3_ws/install/turtlebot3_example/lib/python3.10/site-packages:/home/tien/turtlebot3_ws/install/turtlebot3_msgs/local/lib/python3.10/dist-packages:/home/tien/turtlebot3_ws/install/dynamixel_sdk_custom_interfaces/local/lib/python3.10/dist-packages:/home/tien/jinpao_ws/install/robot_localization/local/lib/python3.10/dist-packages:/home/tien/jinpao_ws/install/plant_message/local/lib/python3.10/dist-packages:/home/tien/jinpao_ws/install/jinpao_test/lib/python3.10/site-packages:/home/tien/jinpao_ws/install/jinpao_description/local/lib/python3.10/dist-packages:/home/tien/jinpao_ws/install/jinpao_bringup/local/lib/python3.10/dist-packages:/home/tien/jinpao_naia_ws/install/state_pkg/lib/python3.10/site-packages:/home/tien/jinpao_naia_ws/install/py_control_pkg/lib/python3.10/site-packages:/home/tien/jinpao_naia_ws/install/cam_pkg/lib/python3.10/site-packages:/home/tien/abu_ws/install/manual/lib/python3.10/site-packages:/home/tien/three_wheel_ws/install/robot_bringup/local/lib/python3.10/dist-packages:/opt/ros/humble/lib/python3.10/site-packages:/opt/ros/humble/local/lib/python3.10/dist-packages /usr/bin/cmake --build /home/tien/Documents/GitHub/BoutToHackNASA/source/godang_ws/build/my_robot_bringup -- -j20 -l20
[5.389s] DEBUG:colcon.colcon_core.event_handler.log_command:Invoked command in '/home/tien/Documents/GitHub/BoutToHackNASA/source/godang_ws/build/my_robot_bringup' returned '0': AMENT_PREFIX_PATH=/home/tien/Documents/GitHub/BoutToHackNASA/source/godang_ws/install/vision:/home/tien/Documents/GitHub/BoutToHackNASA/source/godang_ws/install/planing:/home/tien/Documents/GitHub/BoutToHackNASA/source/godang_ws/install/localization:/home/tien/microros_ws/install/micro_ros_demos_rclc:/home/tien/microros_ws/install/common_interfaces:/home/tien/microros_ws/install/visualization_msgs:/home/tien/microros_ws/install/test_msgs:/home/tien/microros_ws/install/example_interfaces:/home/tien/microros_ws/install/action_msgs:/home/tien/microros_ws/install/unique_identifier_msgs:/home/tien/microros_ws/install/trajectory_msgs:/home/tien/microros_ws/install/stereo_msgs:/home/tien/microros_ws/install/std_srvs:/home/tien/microros_ws/install/shape_msgs:/home/tien/microros_ws/install/sensor_msgs_py:/home/tien/microros_ws/install/sensor_msgs:/home/tien/microros_ws/install/nav_msgs:/home/tien/microros_ws/install/diagnostic_msgs:/home/tien/microros_ws/install/geometry_msgs:/home/tien/microros_ws/install/actionlib_msgs:/home/tien/microros_ws/install/std_msgs:/home/tien/microros_ws/install/statistics_msgs:/home/tien/microros_ws/install/rosidl_typesupport_microxrcedds_test_msg:/home/tien/microros_ws/install/rosidl_typesupport_microxrcedds_cpp_tests:/home/tien/microros_ws/install/rmw_microxrcedds:/home/tien/microros_ws/install/rosidl_typesupport_microxrcedds_cpp:/home/tien/microros_ws/install/rosidl_typesupport_microxrcedds_c_tests:/home/tien/microros_ws/install/rosidl_typesupport_microxrcedds_c:/home/tien/microros_ws/install/rosgraph_msgs:/home/tien/microros_ws/install/rclc_parameter:/home/tien/microros_ws/install/rclc:/home/tien/microros_ws/install/composition_interfaces:/home/tien/microros_ws/install/rcl_interfaces:/home/tien/microros_ws/install/micro_ros_utilities:/home/tien/microros_ws/install/micro_ros_setup:/home/tien/microros_ws/install/micro_ros_agent:/home/tien/microros_ws/install/micro_ros_msgs:/home/tien/microros_ws/install/lifecycle_msgs:/home/tien/microros_ws/install/complex_msgs:/home/tien/microros_ws/install/builtin_interfaces:/home/tien/Documents/GitHub/BoutToHackNASA/source/godang_ws/install/my_robot_bringup:/home/tien/Documents/GitHub/ALL_CODE/red_ws/install/vision:/home/tien/Documents/GitHub/ALL_CODE/red_ws/install/state:/home/tien/Documents/GitHub/ALL_CODE/red_ws/install/mobile:/home/tien/turtlebot3_ws/install/turtlebot3:/home/tien/turtlebot3_ws/install/turtlebot3_teleop:/home/tien/turtlebot3_ws/install/turtlebot3_simulations:/home/tien/turtlebot3_ws/install/turtlebot3_bringup:/home/tien/turtlebot3_ws/install/turtlebot3_node:/home/tien/turtlebot3_ws/install/turtlebot3_navigation2:/home/tien/turtlebot3_ws/install/turtlebot3_fake_node:/home/tien/turtlebot3_ws/install/turtlebot3_example:/home/tien/turtlebot3_ws/install/turtlebot3_msgs:/home/tien/turtlebot3_ws/install/turtlebot3_gazebo:/home/tien/turtlebot3_ws/install/turtlebot3_description:/home/tien/turtlebot3_ws/install/turtlebot3_cartographer:/home/tien/turtlebot3_ws/install/dynamixel_sdk_examples:/home/tien/turtlebot3_ws/install/dynamixel_sdk_custom_interfaces:/home/tien/turtlebot3_ws/install/dynamixel_sdk:/home/tien/jinpao_ws/install/robot_localization:/home/tien/jinpao_ws/install/plant_message:/home/tien/jinpao_ws/install/jinpao_test:/home/tien/jinpao_ws/install/jinpao_description:/home/tien/jinpao_ws/install/jinpao_bringup:/home/tien/jinpao_naia_ws/install/state_pkg:/home/tien/jinpao_naia_ws/install/py_control_pkg:/home/tien/jinpao_naia_ws/install/cam_pkg:/home/tien/abu_ws/install/manual:/home/tien/three_wheel_ws/install/rplidar_ros:/home/tien/three_wheel_ws/install/robot_description:/home/tien/three_wheel_ws/install/robot_bringup:/opt/ros/humble CMAKE_PREFIX_PATH=/home/tien/microros_ws/install/micro_ros_demos_rclc:/home/tien/microros_ws/install/common_interfaces:/home/tien/microros_ws/install/visualization_msgs:/home/tien/microros_ws/install/test_msgs:/home/tien/microros_ws/install/example_interfaces:/home/tien/microros_ws/install/action_msgs:/home/tien/microros_ws/install/unique_identifier_msgs:/home/tien/microros_ws/install/trajectory_msgs:/home/tien/microros_ws/install/stereo_msgs:/home/tien/microros_ws/install/std_srvs:/home/tien/microros_ws/install/shape_msgs:/home/tien/microros_ws/install/sensor_msgs:/home/tien/microros_ws/install/nav_msgs:/home/tien/microros_ws/install/diagnostic_msgs:/home/tien/microros_ws/install/geometry_msgs:/home/tien/microros_ws/install/actionlib_msgs:/home/tien/microros_ws/install/std_msgs:/home/tien/microros_ws/install/statistics_msgs:/home/tien/microros_ws/install/rosidl_typesupport_microxrcedds_test_msg:/home/tien/microros_ws/install/rosidl_typesupport_microxrcedds_cpp_tests:/home/tien/microros_ws/install/rmw_microxrcedds:/home/tien/microros_ws/install/rosidl_typesupport_microxrcedds_cpp:/home/tien/microros_ws/install/rosidl_typesupport_microxrcedds_c_tests:/home/tien/microros_ws/install/rosidl_typesupport_microxrcedds_c:/home/tien/microros_ws/install/rosgraph_msgs:/home/tien/microros_ws/install/rclc_parameter:/home/tien/microros_ws/install/rclc:/home/tien/microros_ws/install/composition_interfaces:/home/tien/microros_ws/install/rcl_interfaces:/home/tien/microros_ws/install/microxrcedds_client:/home/tien/microros_ws/install/microcdr:/home/tien/microros_ws/install/micro_ros_utilities:/home/tien/microros_ws/install/micro_ros_setup:/home/tien/microros_ws/install/micro_ros_agent:/home/tien/microros_ws/install/micro_ros_msgs:/home/tien/microros_ws/install/lifecycle_msgs:/home/tien/microros_ws/install/complex_msgs:/home/tien/microros_ws/install/builtin_interfaces:/home/tien/Documents/GitHub/BoutToHackNASA/source/godang_ws/install/my_robot_bringup:/home/tien/turtlebot3_ws/install/turtlebot3:/home/tien/turtlebot3_ws/install/turtlebot3_simulations:/home/tien/turtlebot3_ws/install/turtlebot3_bringup:/home/tien/turtlebot3_ws/install/turtlebot3_node:/home/tien/turtlebot3_ws/install/turtlebot3_navigation2:/home/tien/turtlebot3_ws/install/turtlebot3_fake_node:/home/tien/turtlebot3_ws/install/turtlebot3_msgs:/home/tien/microros_ws/install/sensor_msgs_py:/home/tien/Documents/GitHub/BoutToHackNASA/source/godang_ws/install/vision:/home/tien/Documents/GitHub/BoutToHackNASA/source/godang_ws/install/planing:/home/tien/Documents/GitHub/BoutToHackNASA/source/godang_ws/install/localization:/home/tien/Documents/GitHub/ALL_CODE/red_ws/install/vision:/home/tien/Documents/GitHub/ALL_CODE/red_ws/install/state:/home/tien/Documents/GitHub/ALL_CODE/red_ws/install/mobile:/home/tien/turtlebot3_ws/install/turtlebot3_teleop:/home/tien/turtlebot3_ws/install/turtlebot3_example:/home/tien/jinpao_ws/install/jinpao_test:/home/tien/jinpao_naia_ws/install/state_pkg:/home/tien/jinpao_naia_ws/install/py_control_pkg:/home/tien/jinpao_naia_ws/install/cam_pkg:/home/tien/abu_ws/install/manual:/opt/ros/humble:/home/tien/turtlebot3_ws/install/turtlebot3_gazebo:/home/tien/turtlebot3_ws/install/turtlebot3_description:/home/tien/turtlebot3_ws/install/turtlebot3_cartographer:/home/tien/turtlebot3_ws/install/dynamixel_sdk_examples:/home/tien/turtlebot3_ws/install/dynamixel_sdk_custom_interfaces:/home/tien/turtlebot3_ws/install/dynamixel_sdk:/home/tien/jinpao_ws/install/robot_localization:/home/tien/jinpao_ws/install/plant_message:/home/tien/jinpao_ws/install/jinpao_description:/home/tien/jinpao_ws/install/jinpao_bringup:/home/tien/three_wheel_ws/install/rplidar_ros:/home/tien/three_wheel_ws/install/robot_description:/home/tien/three_wheel_ws/install/robot_bringup PYTHONPATH=/home/tien/Documents/GitHub/BoutToHackNASA/source/godang_ws/install/vision/lib/python3.10/site-packages:/home/tien/Documents/GitHub/BoutToHackNASA/source/godang_ws/install/planing/lib/python3.10/site-packages:/home/tien/Documents/GitHub/BoutToHackNASA/source/godang_ws/install/localization/lib/python3.10/site-packages:/home/tien/microros_ws/install/visualization_msgs/local/lib/python3.10/dist-packages:/home/tien/microros_ws/install/test_msgs/local/lib/python3.10/dist-packages:/home/tien/microros_ws/install/example_interfaces/local/lib/python3.10/dist-packages:/home/tien/microros_ws/install/action_msgs/local/lib/python3.10/dist-packages:/home/tien/microros_ws/install/unique_identifier_msgs/local/lib/python3.10/dist-packages:/home/tien/microros_ws/install/trajectory_msgs/local/lib/python3.10/dist-packages:/home/tien/microros_ws/install/stereo_msgs/local/lib/python3.10/dist-packages:/home/tien/microros_ws/install/std_srvs/local/lib/python3.10/dist-packages:/home/tien/microros_ws/install/shape_msgs/local/lib/python3.10/dist-packages:/home/tien/microros_ws/install/sensor_msgs_py/lib/python3.10/site-packages:/home/tien/microros_ws/install/sensor_msgs/local/lib/python3.10/dist-packages:/home/tien/microros_ws/install/nav_msgs/local/lib/python3.10/dist-packages:/home/tien/microros_ws/install/diagnostic_msgs/local/lib/python3.10/dist-packages:/home/tien/microros_ws/install/geometry_msgs/local/lib/python3.10/dist-packages:/home/tien/microros_ws/install/actionlib_msgs/local/lib/python3.10/dist-packages:/home/tien/microros_ws/install/std_msgs/local/lib/python3.10/dist-packages:/home/tien/microros_ws/install/statistics_msgs/local/lib/python3.10/dist-packages:/home/tien/microros_ws/install/rosidl_typesupport_microxrcedds_cpp/local/lib/python3.10/dist-packages:/home/tien/microros_ws/install/rosidl_typesupport_microxrcedds_c/local/lib/python3.10/dist-packages:/home/tien/microros_ws/install/rosgraph_msgs/local/lib/python3.10/dist-packages:/home/tien/microros_ws/install/composition_interfaces/local/lib/python3.10/dist-packages:/home/tien/microros_ws/install/rcl_interfaces/local/lib/python3.10/dist-packages:/home/tien/microros_ws/install/micro_ros_msgs/local/lib/python3.10/dist-packages:/home/tien/microros_ws/install/lifecycle_msgs/local/lib/python3.10/dist-packages:/home/tien/microros_ws/install/complex_msgs/local/lib/python3.10/dist-packages:/home/tien/microros_ws/install/builtin_interfaces/local/lib/python3.10/dist-packages:/home/tien/Documents/GitHub/ALL_CODE/red_ws/install/vision/lib/python3.10/site-packages:/home/tien/Documents/GitHub/ALL_CODE/red_ws/install/state/lib/python3.10/site-packages:/home/tien/Documents/GitHub/ALL_CODE/red_ws/install/mobile/lib/python3.10/site-packages:/home/tien/turtlebot3_ws/build/turtlebot3_teleop:/home/tien/turtlebot3_ws/install/turtlebot3_teleop/lib/python3.10/site-packages:/home/tien/turtlebot3_ws/build/turtlebot3_example:/home/tien/turtlebot3_ws/install/turtlebot3_example/lib/python3.10/site-packages:/home/tien/turtlebot3_ws/install/turtlebot3_msgs/local/lib/python3.10/dist-packages:/home/tien/turtlebot3_ws/install/dynamixel_sdk_custom_interfaces/local/lib/python3.10/dist-packages:/home/tien/jinpao_ws/install/robot_localization/local/lib/python3.10/dist-packages:/home/tien/jinpao_ws/install/plant_message/local/lib/python3.10/dist-packages:/home/tien/jinpao_ws/install/jinpao_test/lib/python3.10/site-packages:/home/tien/jinpao_ws/install/jinpao_description/local/lib/python3.10/dist-packages:/home/tien/jinpao_ws/install/jinpao_bringup/local/lib/python3.10/dist-packages:/home/tien/jinpao_naia_ws/install/state_pkg/lib/python3.10/site-packages:/home/tien/jinpao_naia_ws/install/py_control_pkg/lib/python3.10/site-packages:/home/tien/jinpao_naia_ws/install/cam_pkg/lib/python3.10/site-packages:/home/tien/abu_ws/install/manual/lib/python3.10/site-packages:/home/tien/three_wheel_ws/install/robot_bringup/local/lib/python3.10/dist-packages:/opt/ros/humble/lib/python3.10/site-packages:/opt/ros/humble/local/lib/python3.10/dist-packages /usr/bin/cmake --build /home/tien/Documents/GitHub/BoutToHackNASA/source/godang_ws/build/my_robot_bringup -- -j20 -l20
[5.479s] DEBUG:colcon.colcon_core.event_handler.log_command:Invoking command in '/home/tien/Documents/GitHub/BoutToHackNASA/source/godang_ws/build/my_robot_bringup': AMENT_PREFIX_PATH=/home/tien/Documents/GitHub/BoutToHackNASA/source/godang_ws/install/vision:/home/tien/Documents/GitHub/BoutToHackNASA/source/godang_ws/install/planing:/home/tien/Documents/GitHub/BoutToHackNASA/source/godang_ws/install/localization:/home/tien/microros_ws/install/micro_ros_demos_rclc:/home/tien/microros_ws/install/common_interfaces:/home/tien/microros_ws/install/visualization_msgs:/home/tien/microros_ws/install/test_msgs:/home/tien/microros_ws/install/example_interfaces:/home/tien/microros_ws/install/action_msgs:/home/tien/microros_ws/install/unique_identifier_msgs:/home/tien/microros_ws/install/trajectory_msgs:/home/tien/microros_ws/install/stereo_msgs:/home/tien/microros_ws/install/std_srvs:/home/tien/microros_ws/install/shape_msgs:/home/tien/microros_ws/install/sensor_msgs_py:/home/tien/microros_ws/install/sensor_msgs:/home/tien/microros_ws/install/nav_msgs:/home/tien/microros_ws/install/diagnostic_msgs:/home/tien/microros_ws/install/geometry_msgs:/home/tien/microros_ws/install/actionlib_msgs:/home/tien/microros_ws/install/std_msgs:/home/tien/microros_ws/install/statistics_msgs:/home/tien/microros_ws/install/rosidl_typesupport_microxrcedds_test_msg:/home/tien/microros_ws/install/rosidl_typesupport_microxrcedds_cpp_tests:/home/tien/microros_ws/install/rmw_microxrcedds:/home/tien/microros_ws/install/rosidl_typesupport_microxrcedds_cpp:/home/tien/microros_ws/install/rosidl_typesupport_microxrcedds_c_tests:/home/tien/microros_ws/install/rosidl_typesupport_microxrcedds_c:/home/tien/microros_ws/install/rosgraph_msgs:/home/tien/microros_ws/install/rclc_parameter:/home/tien/microros_ws/install/rclc:/home/tien/microros_ws/install/composition_interfaces:/home/tien/microros_ws/install/rcl_interfaces:/home/tien/microros_ws/install/micro_ros_utilities:/home/tien/microros_ws/install/micro_ros_setup:/home/tien/microros_ws/install/micro_ros_agent:/home/tien/microros_ws/install/micro_ros_msgs:/home/tien/microros_ws/install/lifecycle_msgs:/home/tien/microros_ws/install/complex_msgs:/home/tien/microros_ws/install/builtin_interfaces:/home/tien/Documents/GitHub/BoutToHackNASA/source/godang_ws/install/my_robot_bringup:/home/tien/Documents/GitHub/ALL_CODE/red_ws/install/vision:/home/tien/Documents/GitHub/ALL_CODE/red_ws/install/state:/home/tien/Documents/GitHub/ALL_CODE/red_ws/install/mobile:/home/tien/turtlebot3_ws/install/turtlebot3:/home/tien/turtlebot3_ws/install/turtlebot3_teleop:/home/tien/turtlebot3_ws/install/turtlebot3_simulations:/home/tien/turtlebot3_ws/install/turtlebot3_bringup:/home/tien/turtlebot3_ws/install/turtlebot3_node:/home/tien/turtlebot3_ws/install/turtlebot3_navigation2:/home/tien/turtlebot3_ws/install/turtlebot3_fake_node:/home/tien/turtlebot3_ws/install/turtlebot3_example:/home/tien/turtlebot3_ws/install/turtlebot3_msgs:/home/tien/turtlebot3_ws/install/turtlebot3_gazebo:/home/tien/turtlebot3_ws/install/turtlebot3_description:/home/tien/turtlebot3_ws/install/turtlebot3_cartographer:/home/tien/turtlebot3_ws/install/dynamixel_sdk_examples:/home/tien/turtlebot3_ws/install/dynamixel_sdk_custom_interfaces:/home/tien/turtlebot3_ws/install/dynamixel_sdk:/home/tien/jinpao_ws/install/robot_localization:/home/tien/jinpao_ws/install/plant_message:/home/tien/jinpao_ws/install/jinpao_test:/home/tien/jinpao_ws/install/jinpao_description:/home/tien/jinpao_ws/install/jinpao_bringup:/home/tien/jinpao_naia_ws/install/state_pkg:/home/tien/jinpao_naia_ws/install/py_control_pkg:/home/tien/jinpao_naia_ws/install/cam_pkg:/home/tien/abu_ws/install/manual:/home/tien/three_wheel_ws/install/rplidar_ros:/home/tien/three_wheel_ws/install/robot_description:/home/tien/three_wheel_ws/install/robot_bringup:/opt/ros/humble CMAKE_PREFIX_PATH=/home/tien/microros_ws/install/micro_ros_demos_rclc:/home/tien/microros_ws/install/common_interfaces:/home/tien/microros_ws/install/visualization_msgs:/home/tien/microros_ws/install/test_msgs:/home/tien/microros_ws/install/example_interfaces:/home/tien/microros_ws/install/action_msgs:/home/tien/microros_ws/install/unique_identifier_msgs:/home/tien/microros_ws/install/trajectory_msgs:/home/tien/microros_ws/install/stereo_msgs:/home/tien/microros_ws/install/std_srvs:/home/tien/microros_ws/install/shape_msgs:/home/tien/microros_ws/install/sensor_msgs:/home/tien/microros_ws/install/nav_msgs:/home/tien/microros_ws/install/diagnostic_msgs:/home/tien/microros_ws/install/geometry_msgs:/home/tien/microros_ws/install/actionlib_msgs:/home/tien/microros_ws/install/std_msgs:/home/tien/microros_ws/install/statistics_msgs:/home/tien/microros_ws/install/rosidl_typesupport_microxrcedds_test_msg:/home/tien/microros_ws/install/rosidl_typesupport_microxrcedds_cpp_tests:/home/tien/microros_ws/install/rmw_microxrcedds:/home/tien/microros_ws/install/rosidl_typesupport_microxrcedds_cpp:/home/tien/microros_ws/install/rosidl_typesupport_microxrcedds_c_tests:/home/tien/microros_ws/install/rosidl_typesupport_microxrcedds_c:/home/tien/microros_ws/install/rosgraph_msgs:/home/tien/microros_ws/install/rclc_parameter:/home/tien/microros_ws/install/rclc:/home/tien/microros_ws/install/composition_interfaces:/home/tien/microros_ws/install/rcl_interfaces:/home/tien/microros_ws/install/microxrcedds_client:/home/tien/microros_ws/install/microcdr:/home/tien/microros_ws/install/micro_ros_utilities:/home/tien/microros_ws/install/micro_ros_setup:/home/tien/microros_ws/install/micro_ros_agent:/home/tien/microros_ws/install/micro_ros_msgs:/home/tien/microros_ws/install/lifecycle_msgs:/home/tien/microros_ws/install/complex_msgs:/home/tien/microros_ws/install/builtin_interfaces:/home/tien/Documents/GitHub/BoutToHackNASA/source/godang_ws/install/my_robot_bringup:/home/tien/turtlebot3_ws/install/turtlebot3:/home/tien/turtlebot3_ws/install/turtlebot3_simulations:/home/tien/turtlebot3_ws/install/turtlebot3_bringup:/home/tien/turtlebot3_ws/install/turtlebot3_node:/home/tien/turtlebot3_ws/install/turtlebot3_navigation2:/home/tien/turtlebot3_ws/install/turtlebot3_fake_node:/home/tien/turtlebot3_ws/install/turtlebot3_msgs:/home/tien/microros_ws/install/sensor_msgs_py:/home/tien/Documents/GitHub/BoutToHackNASA/source/godang_ws/install/vision:/home/tien/Documents/GitHub/BoutToHackNASA/source/godang_ws/install/planing:/home/tien/Documents/GitHub/BoutToHackNASA/source/godang_ws/install/localization:/home/tien/Documents/GitHub/ALL_CODE/red_ws/install/vision:/home/tien/Documents/GitHub/ALL_CODE/red_ws/install/state:/home/tien/Documents/GitHub/ALL_CODE/red_ws/install/mobile:/home/tien/turtlebot3_ws/install/turtlebot3_teleop:/home/tien/turtlebot3_ws/install/turtlebot3_example:/home/tien/jinpao_ws/install/jinpao_test:/home/tien/jinpao_naia_ws/install/state_pkg:/home/tien/jinpao_naia_ws/install/py_control_pkg:/home/tien/jinpao_naia_ws/install/cam_pkg:/home/tien/abu_ws/install/manual:/opt/ros/humble:/home/tien/turtlebot3_ws/install/turtlebot3_gazebo:/home/tien/turtlebot3_ws/install/turtlebot3_description:/home/tien/turtlebot3_ws/install/turtlebot3_cartographer:/home/tien/turtlebot3_ws/install/dynamixel_sdk_examples:/home/tien/turtlebot3_ws/install/dynamixel_sdk_custom_interfaces:/home/tien/turtlebot3_ws/install/dynamixel_sdk:/home/tien/jinpao_ws/install/robot_localization:/home/tien/jinpao_ws/install/plant_message:/home/tien/jinpao_ws/install/jinpao_description:/home/tien/jinpao_ws/install/jinpao_bringup:/home/tien/three_wheel_ws/install/rplidar_ros:/home/tien/three_wheel_ws/install/robot_description:/home/tien/three_wheel_ws/install/robot_bringup PYTHONPATH=/home/tien/Documents/GitHub/BoutToHackNASA/source/godang_ws/install/vision/lib/python3.10/site-packages:/home/tien/Documents/GitHub/BoutToHackNASA/source/godang_ws/install/planing/lib/python3.10/site-packages:/home/tien/Documents/GitHub/BoutToHackNASA/source/godang_ws/install/localization/lib/python3.10/site-packages:/home/tien/microros_ws/install/visualization_msgs/local/lib/python3.10/dist-packages:/home/tien/microros_ws/install/test_msgs/local/lib/python3.10/dist-packages:/home/tien/microros_ws/install/example_interfaces/local/lib/python3.10/dist-packages:/home/tien/microros_ws/install/action_msgs/local/lib/python3.10/dist-packages:/home/tien/microros_ws/install/unique_identifier_msgs/local/lib/python3.10/dist-packages:/home/tien/microros_ws/install/trajectory_msgs/local/lib/python3.10/dist-packages:/home/tien/microros_ws/install/stereo_msgs/local/lib/python3.10/dist-packages:/home/tien/microros_ws/install/std_srvs/local/lib/python3.10/dist-packages:/home/tien/microros_ws/install/shape_msgs/local/lib/python3.10/dist-packages:/home/tien/microros_ws/install/sensor_msgs_py/lib/python3.10/site-packages:/home/tien/microros_ws/install/sensor_msgs/local/lib/python3.10/dist-packages:/home/tien/microros_ws/install/nav_msgs/local/lib/python3.10/dist-packages:/home/tien/microros_ws/install/diagnostic_msgs/local/lib/python3.10/dist-packages:/home/tien/microros_ws/install/geometry_msgs/local/lib/python3.10/dist-packages:/home/tien/microros_ws/install/actionlib_msgs/local/lib/python3.10/dist-packages:/home/tien/microros_ws/install/std_msgs/local/lib/python3.10/dist-packages:/home/tien/microros_ws/install/statistics_msgs/local/lib/python3.10/dist-packages:/home/tien/microros_ws/install/rosidl_typesupport_microxrcedds_cpp/local/lib/python3.10/dist-packages:/home/tien/microros_ws/install/rosidl_typesupport_microxrcedds_c/local/lib/python3.10/dist-packages:/home/tien/microros_ws/install/rosgraph_msgs/local/lib/python3.10/dist-packages:/home/tien/microros_ws/install/composition_interfaces/local/lib/python3.10/dist-packages:/home/tien/microros_ws/install/rcl_interfaces/local/lib/python3.10/dist-packages:/home/tien/microros_ws/install/micro_ros_msgs/local/lib/python3.10/dist-packages:/home/tien/microros_ws/install/lifecycle_msgs/local/lib/python3.10/dist-packages:/home/tien/microros_ws/install/complex_msgs/local/lib/python3.10/dist-packages:/home/tien/microros_ws/install/builtin_interfaces/local/lib/python3.10/dist-packages:/home/tien/Documents/GitHub/ALL_CODE/red_ws/install/vision/lib/python3.10/site-packages:/home/tien/Documents/GitHub/ALL_CODE/red_ws/install/state/lib/python3.10/site-packages:/home/tien/Documents/GitHub/ALL_CODE/red_ws/install/mobile/lib/python3.10/site-packages:/home/tien/turtlebot3_ws/build/turtlebot3_teleop:/home/tien/turtlebot3_ws/install/turtlebot3_teleop/lib/python3.10/site-packages:/home/tien/turtlebot3_ws/build/turtlebot3_example:/home/tien/turtlebot3_ws/install/turtlebot3_example/lib/python3.10/site-packages:/home/tien/turtlebot3_ws/install/turtlebot3_msgs/local/lib/python3.10/dist-packages:/home/tien/turtlebot3_ws/install/dynamixel_sdk_custom_interfaces/local/lib/python3.10/dist-packages:/home/tien/jinpao_ws/install/robot_localization/local/lib/python3.10/dist-packages:/home/tien/jinpao_ws/install/plant_message/local/lib/python3.10/dist-packages:/home/tien/jinpao_ws/install/jinpao_test/lib/python3.10/site-packages:/home/tien/jinpao_ws/install/jinpao_description/local/lib/python3.10/dist-packages:/home/tien/jinpao_ws/install/jinpao_bringup/local/lib/python3.10/dist-packages:/home/tien/jinpao_naia_ws/install/state_pkg/lib/python3.10/site-packages:/home/tien/jinpao_naia_ws/install/py_control_pkg/lib/python3.10/site-packages:/home/tien/jinpao_naia_ws/install/cam_pkg/lib/python3.10/site-packages:/home/tien/abu_ws/install/manual/lib/python3.10/site-packages:/home/tien/three_wheel_ws/install/robot_bringup/local/lib/python3.10/dist-packages:/opt/ros/humble/lib/python3.10/site-packages:/opt/ros/humble/local/lib/python3.10/dist-packages /usr/bin/cmake --install /home/tien/Documents/GitHub/BoutToHackNASA/source/godang_ws/build/my_robot_bringup
[5.503s] Level 1:colcon.colcon_core.environment:create_environment_scripts_only(my_robot_bringup)
[5.504s] Level 1:colcon.colcon_core.environment:checking '/home/tien/Documents/GitHub/BoutToHackNASA/source/godang_ws/install/my_robot_bringup' for CMake module files
[5.508s] Level 1:colcon.colcon_core.environment:checking '/home/tien/Documents/GitHub/BoutToHackNASA/source/godang_ws/install/my_robot_bringup' for CMake config files
[5.509s] DEBUG:colcon.colcon_core.event_handler.log_command:Invoked command in '/home/tien/Documents/GitHub/BoutToHackNASA/source/godang_ws/build/my_robot_bringup' returned '0': AMENT_PREFIX_PATH=/home/tien/Documents/GitHub/BoutToHackNASA/source/godang_ws/install/vision:/home/tien/Documents/GitHub/BoutToHackNASA/source/godang_ws/install/planing:/home/tien/Documents/GitHub/BoutToHackNASA/source/godang_ws/install/localization:/home/tien/microros_ws/install/micro_ros_demos_rclc:/home/tien/microros_ws/install/common_interfaces:/home/tien/microros_ws/install/visualization_msgs:/home/tien/microros_ws/install/test_msgs:/home/tien/microros_ws/install/example_interfaces:/home/tien/microros_ws/install/action_msgs:/home/tien/microros_ws/install/unique_identifier_msgs:/home/tien/microros_ws/install/trajectory_msgs:/home/tien/microros_ws/install/stereo_msgs:/home/tien/microros_ws/install/std_srvs:/home/tien/microros_ws/install/shape_msgs:/home/tien/microros_ws/install/sensor_msgs_py:/home/tien/microros_ws/install/sensor_msgs:/home/tien/microros_ws/install/nav_msgs:/home/tien/microros_ws/install/diagnostic_msgs:/home/tien/microros_ws/install/geometry_msgs:/home/tien/microros_ws/install/actionlib_msgs:/home/tien/microros_ws/install/std_msgs:/home/tien/microros_ws/install/statistics_msgs:/home/tien/microros_ws/install/rosidl_typesupport_microxrcedds_test_msg:/home/tien/microros_ws/install/rosidl_typesupport_microxrcedds_cpp_tests:/home/tien/microros_ws/install/rmw_microxrcedds:/home/tien/microros_ws/install/rosidl_typesupport_microxrcedds_cpp:/home/tien/microros_ws/install/rosidl_typesupport_microxrcedds_c_tests:/home/tien/microros_ws/install/rosidl_typesupport_microxrcedds_c:/home/tien/microros_ws/install/rosgraph_msgs:/home/tien/microros_ws/install/rclc_parameter:/home/tien/microros_ws/install/rclc:/home/tien/microros_ws/install/composition_interfaces:/home/tien/microros_ws/install/rcl_interfaces:/home/tien/microros_ws/install/micro_ros_utilities:/home/tien/microros_ws/install/micro_ros_setup:/home/tien/microros_ws/install/micro_ros_agent:/home/tien/microros_ws/install/micro_ros_msgs:/home/tien/microros_ws/install/lifecycle_msgs:/home/tien/microros_ws/install/complex_msgs:/home/tien/microros_ws/install/builtin_interfaces:/home/tien/Documents/GitHub/BoutToHackNASA/source/godang_ws/install/my_robot_bringup:/home/tien/Documents/GitHub/ALL_CODE/red_ws/install/vision:/home/tien/Documents/GitHub/ALL_CODE/red_ws/install/state:/home/tien/Documents/GitHub/ALL_CODE/red_ws/install/mobile:/home/tien/turtlebot3_ws/install/turtlebot3:/home/tien/turtlebot3_ws/install/turtlebot3_teleop:/home/tien/turtlebot3_ws/install/turtlebot3_simulations:/home/tien/turtlebot3_ws/install/turtlebot3_bringup:/home/tien/turtlebot3_ws/install/turtlebot3_node:/home/tien/turtlebot3_ws/install/turtlebot3_navigation2:/home/tien/turtlebot3_ws/install/turtlebot3_fake_node:/home/tien/turtlebot3_ws/install/turtlebot3_example:/home/tien/turtlebot3_ws/install/turtlebot3_msgs:/home/tien/turtlebot3_ws/install/turtlebot3_gazebo:/home/tien/turtlebot3_ws/install/turtlebot3_description:/home/tien/turtlebot3_ws/install/turtlebot3_cartographer:/home/tien/turtlebot3_ws/install/dynamixel_sdk_examples:/home/tien/turtlebot3_ws/install/dynamixel_sdk_custom_interfaces:/home/tien/turtlebot3_ws/install/dynamixel_sdk:/home/tien/jinpao_ws/install/robot_localization:/home/tien/jinpao_ws/install/plant_message:/home/tien/jinpao_ws/install/jinpao_test:/home/tien/jinpao_ws/install/jinpao_description:/home/tien/jinpao_ws/install/jinpao_bringup:/home/tien/jinpao_naia_ws/install/state_pkg:/home/tien/jinpao_naia_ws/install/py_control_pkg:/home/tien/jinpao_naia_ws/install/cam_pkg:/home/tien/abu_ws/install/manual:/home/tien/three_wheel_ws/install/rplidar_ros:/home/tien/three_wheel_ws/install/robot_description:/home/tien/three_wheel_ws/install/robot_bringup:/opt/ros/humble CMAKE_PREFIX_PATH=/home/tien/microros_ws/install/micro_ros_demos_rclc:/home/tien/microros_ws/install/common_interfaces:/home/tien/microros_ws/install/visualization_msgs:/home/tien/microros_ws/install/test_msgs:/home/tien/microros_ws/install/example_interfaces:/home/tien/microros_ws/install/action_msgs:/home/tien/microros_ws/install/unique_identifier_msgs:/home/tien/microros_ws/install/trajectory_msgs:/home/tien/microros_ws/install/stereo_msgs:/home/tien/microros_ws/install/std_srvs:/home/tien/microros_ws/install/shape_msgs:/home/tien/microros_ws/install/sensor_msgs:/home/tien/microros_ws/install/nav_msgs:/home/tien/microros_ws/install/diagnostic_msgs:/home/tien/microros_ws/install/geometry_msgs:/home/tien/microros_ws/install/actionlib_msgs:/home/tien/microros_ws/install/std_msgs:/home/tien/microros_ws/install/statistics_msgs:/home/tien/microros_ws/install/rosidl_typesupport_microxrcedds_test_msg:/home/tien/microros_ws/install/rosidl_typesupport_microxrcedds_cpp_tests:/home/tien/microros_ws/install/rmw_microxrcedds:/home/tien/microros_ws/install/rosidl_typesupport_microxrcedds_cpp:/home/tien/microros_ws/install/rosidl_typesupport_microxrcedds_c_tests:/home/tien/microros_ws/install/rosidl_typesupport_microxrcedds_c:/home/tien/microros_ws/install/rosgraph_msgs:/home/tien/microros_ws/install/rclc_parameter:/home/tien/microros_ws/install/rclc:/home/tien/microros_ws/install/composition_interfaces:/home/tien/microros_ws/install/rcl_interfaces:/home/tien/microros_ws/install/microxrcedds_client:/home/tien/microros_ws/install/microcdr:/home/tien/microros_ws/install/micro_ros_utilities:/home/tien/microros_ws/install/micro_ros_setup:/home/tien/microros_ws/install/micro_ros_agent:/home/tien/microros_ws/install/micro_ros_msgs:/home/tien/microros_ws/install/lifecycle_msgs:/home/tien/microros_ws/install/complex_msgs:/home/tien/microros_ws/install/builtin_interfaces:/home/tien/Documents/GitHub/BoutToHackNASA/source/godang_ws/install/my_robot_bringup:/home/tien/turtlebot3_ws/install/turtlebot3:/home/tien/turtlebot3_ws/install/turtlebot3_simulations:/home/tien/turtlebot3_ws/install/turtlebot3_bringup:/home/tien/turtlebot3_ws/install/turtlebot3_node:/home/tien/turtlebot3_ws/install/turtlebot3_navigation2:/home/tien/turtlebot3_ws/install/turtlebot3_fake_node:/home/tien/turtlebot3_ws/install/turtlebot3_msgs:/home/tien/microros_ws/install/sensor_msgs_py:/home/tien/Documents/GitHub/BoutToHackNASA/source/godang_ws/install/vision:/home/tien/Documents/GitHub/BoutToHackNASA/source/godang_ws/install/planing:/home/tien/Documents/GitHub/BoutToHackNASA/source/godang_ws/install/localization:/home/tien/Documents/GitHub/ALL_CODE/red_ws/install/vision:/home/tien/Documents/GitHub/ALL_CODE/red_ws/install/state:/home/tien/Documents/GitHub/ALL_CODE/red_ws/install/mobile:/home/tien/turtlebot3_ws/install/turtlebot3_teleop:/home/tien/turtlebot3_ws/install/turtlebot3_example:/home/tien/jinpao_ws/install/jinpao_test:/home/tien/jinpao_naia_ws/install/state_pkg:/home/tien/jinpao_naia_ws/install/py_control_pkg:/home/tien/jinpao_naia_ws/install/cam_pkg:/home/tien/abu_ws/install/manual:/opt/ros/humble:/home/tien/turtlebot3_ws/install/turtlebot3_gazebo:/home/tien/turtlebot3_ws/install/turtlebot3_description:/home/tien/turtlebot3_ws/install/turtlebot3_cartographer:/home/tien/turtlebot3_ws/install/dynamixel_sdk_examples:/home/tien/turtlebot3_ws/install/dynamixel_sdk_custom_interfaces:/home/tien/turtlebot3_ws/install/dynamixel_sdk:/home/tien/jinpao_ws/install/robot_localization:/home/tien/jinpao_ws/install/plant_message:/home/tien/jinpao_ws/install/jinpao_description:/home/tien/jinpao_ws/install/jinpao_bringup:/home/tien/three_wheel_ws/install/rplidar_ros:/home/tien/three_wheel_ws/install/robot_description:/home/tien/three_wheel_ws/install/robot_bringup PYTHONPATH=/home/tien/Documents/GitHub/BoutToHackNASA/source/godang_ws/install/vision/lib/python3.10/site-packages:/home/tien/Documents/GitHub/BoutToHackNASA/source/godang_ws/install/planing/lib/python3.10/site-packages:/home/tien/Documents/GitHub/BoutToHackNASA/source/godang_ws/install/localization/lib/python3.10/site-packages:/home/tien/microros_ws/install/visualization_msgs/local/lib/python3.10/dist-packages:/home/tien/microros_ws/install/test_msgs/local/lib/python3.10/dist-packages:/home/tien/microros_ws/install/example_interfaces/local/lib/python3.10/dist-packages:/home/tien/microros_ws/install/action_msgs/local/lib/python3.10/dist-packages:/home/tien/microros_ws/install/unique_identifier_msgs/local/lib/python3.10/dist-packages:/home/tien/microros_ws/install/trajectory_msgs/local/lib/python3.10/dist-packages:/home/tien/microros_ws/install/stereo_msgs/local/lib/python3.10/dist-packages:/home/tien/microros_ws/install/std_srvs/local/lib/python3.10/dist-packages:/home/tien/microros_ws/install/shape_msgs/local/lib/python3.10/dist-packages:/home/tien/microros_ws/install/sensor_msgs_py/lib/python3.10/site-packages:/home/tien/microros_ws/install/sensor_msgs/local/lib/python3.10/dist-packages:/home/tien/microros_ws/install/nav_msgs/local/lib/python3.10/dist-packages:/home/tien/microros_ws/install/diagnostic_msgs/local/lib/python3.10/dist-packages:/home/tien/microros_ws/install/geometry_msgs/local/lib/python3.10/dist-packages:/home/tien/microros_ws/install/actionlib_msgs/local/lib/python3.10/dist-packages:/home/tien/microros_ws/install/std_msgs/local/lib/python3.10/dist-packages:/home/tien/microros_ws/install/statistics_msgs/local/lib/python3.10/dist-packages:/home/tien/microros_ws/install/rosidl_typesupport_microxrcedds_cpp/local/lib/python3.10/dist-packages:/home/tien/microros_ws/install/rosidl_typesupport_microxrcedds_c/local/lib/python3.10/dist-packages:/home/tien/microros_ws/install/rosgraph_msgs/local/lib/python3.10/dist-packages:/home/tien/microros_ws/install/composition_interfaces/local/lib/python3.10/dist-packages:/home/tien/microros_ws/install/rcl_interfaces/local/lib/python3.10/dist-packages:/home/tien/microros_ws/install/micro_ros_msgs/local/lib/python3.10/dist-packages:/home/tien/microros_ws/install/lifecycle_msgs/local/lib/python3.10/dist-packages:/home/tien/microros_ws/install/complex_msgs/local/lib/python3.10/dist-packages:/home/tien/microros_ws/install/builtin_interfaces/local/lib/python3.10/dist-packages:/home/tien/Documents/GitHub/ALL_CODE/red_ws/install/vision/lib/python3.10/site-packages:/home/tien/Documents/GitHub/ALL_CODE/red_ws/install/state/lib/python3.10/site-packages:/home/tien/Documents/GitHub/ALL_CODE/red_ws/install/mobile/lib/python3.10/site-packages:/home/tien/turtlebot3_ws/build/turtlebot3_teleop:/home/tien/turtlebot3_ws/install/turtlebot3_teleop/lib/python3.10/site-packages:/home/tien/turtlebot3_ws/build/turtlebot3_example:/home/tien/turtlebot3_ws/install/turtlebot3_example/lib/python3.10/site-packages:/home/tien/turtlebot3_ws/install/turtlebot3_msgs/local/lib/python3.10/dist-packages:/home/tien/turtlebot3_ws/install/dynamixel_sdk_custom_interfaces/local/lib/python3.10/dist-packages:/home/tien/jinpao_ws/install/robot_localization/local/lib/python3.10/dist-packages:/home/tien/jinpao_ws/install/plant_message/local/lib/python3.10/dist-packages:/home/tien/jinpao_ws/install/jinpao_test/lib/python3.10/site-packages:/home/tien/jinpao_ws/install/jinpao_description/local/lib/python3.10/dist-packages:/home/tien/jinpao_ws/install/jinpao_bringup/local/lib/python3.10/dist-packages:/home/tien/jinpao_naia_ws/install/state_pkg/lib/python3.10/site-packages:/home/tien/jinpao_naia_ws/install/py_control_pkg/lib/python3.10/site-packages:/home/tien/jinpao_naia_ws/install/cam_pkg/lib/python3.10/site-packages:/home/tien/abu_ws/install/manual/lib/python3.10/site-packages:/home/tien/three_wheel_ws/install/robot_bringup/local/lib/python3.10/dist-packages:/opt/ros/humble/lib/python3.10/site-packages:/opt/ros/humble/local/lib/python3.10/dist-packages /usr/bin/cmake --install /home/tien/Documents/GitHub/BoutToHackNASA/source/godang_ws/build/my_robot_bringup
[5.510s] Level 1:colcon.colcon_core.shell:create_environment_hook('my_robot_bringup', 'cmake_prefix_path')
[5.510s] INFO:colcon.colcon_core.shell:Creating environment hook '/home/tien/Documents/GitHub/BoutToHackNASA/source/godang_ws/install/my_robot_bringup/share/my_robot_bringup/hook/cmake_prefix_path.ps1'
[5.511s] INFO:colcon.colcon_core.shell:Creating environment descriptor '/home/tien/Documents/GitHub/BoutToHackNASA/source/godang_ws/install/my_robot_bringup/share/my_robot_bringup/hook/cmake_prefix_path.dsv'
[5.511s] INFO:colcon.colcon_core.shell:Creating environment hook '/home/tien/Documents/GitHub/BoutToHackNASA/source/godang_ws/install/my_robot_bringup/share/my_robot_bringup/hook/cmake_prefix_path.sh'
[5.513s] Level 1:colcon.colcon_core.environment:checking '/home/tien/Documents/GitHub/BoutToHackNASA/source/godang_ws/install/my_robot_bringup/bin'
[5.513s] Level 1:colcon.colcon_core.environment:checking '/home/tien/Documents/GitHub/BoutToHackNASA/source/godang_ws/install/my_robot_bringup/lib/pkgconfig/my_robot_bringup.pc'
[5.513s] Level 1:colcon.colcon_core.environment:checking '/home/tien/Documents/GitHub/BoutToHackNASA/source/godang_ws/install/my_robot_bringup/lib/python3.10/site-packages'
[5.514s] Level 1:colcon.colcon_core.environment:checking '/home/tien/Documents/GitHub/BoutToHackNASA/source/godang_ws/install/my_robot_bringup/bin'
[5.514s] INFO:colcon.colcon_core.shell:Creating package script '/home/tien/Documents/GitHub/BoutToHackNASA/source/godang_ws/install/my_robot_bringup/share/my_robot_bringup/package.ps1'
[5.515s] INFO:colcon.colcon_core.shell:Creating package descriptor '/home/tien/Documents/GitHub/BoutToHackNASA/source/godang_ws/install/my_robot_bringup/share/my_robot_bringup/package.dsv'
[5.516s] INFO:colcon.colcon_core.shell:Creating package script '/home/tien/Documents/GitHub/BoutToHackNASA/source/godang_ws/install/my_robot_bringup/share/my_robot_bringup/package.sh'
[5.517s] INFO:colcon.colcon_core.shell:Creating package script '/home/tien/Documents/GitHub/BoutToHackNASA/source/godang_ws/install/my_robot_bringup/share/my_robot_bringup/package.bash'
[5.517s] INFO:colcon.colcon_core.shell:Creating package script '/home/tien/Documents/GitHub/BoutToHackNASA/source/godang_ws/install/my_robot_bringup/share/my_robot_bringup/package.zsh'
[5.518s] Level 1:colcon.colcon_core.environment:create_file_with_runtime_dependencies(/home/tien/Documents/GitHub/BoutToHackNASA/source/godang_ws/install/my_robot_bringup/share/colcon-core/packages/my_robot_bringup)
[5.584s] Level 1:colcon.colcon_core.environment:create_environment_scripts_only(my_robot_bringup)
[5.584s] Level 1:colcon.colcon_core.environment:checking '/home/tien/Documents/GitHub/BoutToHackNASA/source/godang_ws/install/my_robot_bringup' for CMake module files
[5.585s] Level 1:colcon.colcon_core.environment:checking '/home/tien/Documents/GitHub/BoutToHackNASA/source/godang_ws/install/my_robot_bringup' for CMake config files
[5.585s] Level 1:colcon.colcon_core.shell:create_environment_hook('my_robot_bringup', 'cmake_prefix_path')
[5.586s] INFO:colcon.colcon_core.shell:Creating environment hook '/home/tien/Documents/GitHub/BoutToHackNASA/source/godang_ws/install/my_robot_bringup/share/my_robot_bringup/hook/cmake_prefix_path.ps1'
[5.587s] INFO:colcon.colcon_core.shell:Creating environment descriptor '/home/tien/Documents/GitHub/BoutToHackNASA/source/godang_ws/install/my_robot_bringup/share/my_robot_bringup/hook/cmake_prefix_path.dsv'
[5.587s] INFO:colcon.colcon_core.shell:Creating environment hook '/home/tien/Documents/GitHub/BoutToHackNASA/source/godang_ws/install/my_robot_bringup/share/my_robot_bringup/hook/cmake_prefix_path.sh'
[5.588s] Level 1:colcon.colcon_core.environment:checking '/home/tien/Documents/GitHub/BoutToHackNASA/source/godang_ws/install/my_robot_bringup/bin'
[5.588s] Level 1:colcon.colcon_core.environment:checking '/home/tien/Documents/GitHub/BoutToHackNASA/source/godang_ws/install/my_robot_bringup/lib/pkgconfig/my_robot_bringup.pc'
[5.589s] Level 1:colcon.colcon_core.environment:checking '/home/tien/Documents/GitHub/BoutToHackNASA/source/godang_ws/install/my_robot_bringup/lib/python3.10/site-packages'
[5.589s] Level 1:colcon.colcon_core.environment:checking '/home/tien/Documents/GitHub/BoutToHackNASA/source/godang_ws/install/my_robot_bringup/bin'
[5.590s] INFO:colcon.colcon_core.shell:Creating package script '/home/tien/Documents/GitHub/BoutToHackNASA/source/godang_ws/install/my_robot_bringup/share/my_robot_bringup/package.ps1'
[5.591s] INFO:colcon.colcon_core.shell:Creating package descriptor '/home/tien/Documents/GitHub/BoutToHackNASA/source/godang_ws/install/my_robot_bringup/share/my_robot_bringup/package.dsv'
[5.592s] INFO:colcon.colcon_core.shell:Creating package script '/home/tien/Documents/GitHub/BoutToHackNASA/source/godang_ws/install/my_robot_bringup/share/my_robot_bringup/package.sh'
[5.593s] INFO:colcon.colcon_core.shell:Creating package script '/home/tien/Documents/GitHub/BoutToHackNASA/source/godang_ws/install/my_robot_bringup/share/my_robot_bringup/package.bash'
[5.594s] INFO:colcon.colcon_core.shell:Creating package script '/home/tien/Documents/GitHub/BoutToHackNASA/source/godang_ws/install/my_robot_bringup/share/my_robot_bringup/package.zsh'
[5.595s] Level 1:colcon.colcon_core.environment:create_file_with_runtime_dependencies(/home/tien/Documents/GitHub/BoutToHackNASA/source/godang_ws/install/my_robot_bringup/share/colcon-core/packages/my_robot_bringup)
[5.596s] DEBUG:colcon.colcon_parallel_executor.executor.parallel:closing loop
[5.597s] DEBUG:colcon.colcon_parallel_executor.executor.parallel:loop closed
[5.597s] DEBUG:colcon.colcon_parallel_executor.executor.parallel:run_until_complete finished with '0'
[5.597s] DEBUG:colcon.colcon_core.event_reactor:joining thread
[5.613s] INFO:colcon.colcon_core.plugin_system:Skipping extension 'colcon_notification.desktop_notification.terminal_notifier': Not used on non-Darwin systems
[5.613s] INFO:colcon.colcon_core.plugin_system:Skipping extension 'colcon_notification.desktop_notification.win32': Not used on non-Windows systems
[5.613s] INFO:colcon.colcon_notification.desktop_notification:Sending desktop notification using 'notify2'
[5.636s] DEBUG:colcon.colcon_core.event_reactor:joined thread
[5.637s] INFO:colcon.colcon_core.shell:Creating prefix script '/home/tien/Documents/GitHub/BoutToHackNASA/source/godang_ws/install/local_setup.ps1'
[5.640s] INFO:colcon.colcon_core.shell:Creating prefix util module '/home/tien/Documents/GitHub/BoutToHackNASA/source/godang_ws/install/_local_setup_util_ps1.py'
[5.644s] INFO:colcon.colcon_core.shell:Creating prefix chain script '/home/tien/Documents/GitHub/BoutToHackNASA/source/godang_ws/install/setup.ps1'
[5.660s] INFO:colcon.colcon_core.shell:Creating prefix script '/home/tien/Documents/GitHub/BoutToHackNASA/source/godang_ws/install/local_setup.sh'
[5.662s] INFO:colcon.colcon_core.shell:Creating prefix util module '/home/tien/Documents/GitHub/BoutToHackNASA/source/godang_ws/install/_local_setup_util_sh.py'
[5.664s] INFO:colcon.colcon_core.shell:Creating prefix chain script '/home/tien/Documents/GitHub/BoutToHackNASA/source/godang_ws/install/setup.sh'
[5.679s] INFO:colcon.colcon_core.shell:Creating prefix script '/home/tien/Documents/GitHub/BoutToHackNASA/source/godang_ws/install/local_setup.bash'
[5.681s] INFO:colcon.colcon_core.shell:Creating prefix chain script '/home/tien/Documents/GitHub/BoutToHackNASA/source/godang_ws/install/setup.bash'
[5.691s] INFO:colcon.colcon_core.shell:Creating prefix script '/home/tien/Documents/GitHub/BoutToHackNASA/source/godang_ws/install/local_setup.zsh'
[5.693s] INFO:colcon.colcon_core.shell:Creating prefix chain script '/home/tien/Documents/GitHub/BoutToHackNASA/source/godang_ws/install/setup.zsh'
