[0.185s] DEBUG:colcon:Command line arguments: ['/usr/bin/colcon', 'build']
[0.185s] DEBUG:colcon:Parsed command line arguments: Namespace(log_base=None, log_level=None, verb_name='build', build_base='build', install_base='install', merge_install=False, symlink_install=False, test_result_base=None, continue_on_error=False, executor='parallel', parallel_workers=20, event_handlers=None, ignore_user_meta=False, metas=['./colcon.meta'], base_paths=['.'], packages_ignore=None, packages_ignore_regex=None, paths=None, packages_up_to=None, packages_up_to_regex=None, packages_above=None, packages_above_and_dependencies=None, packages_above_depth=None, packages_select_by_dep=None, packages_skip_by_dep=None, packages_skip_up_to=None, packages_select_build_failed=False, packages_skip_build_finished=False, packages_select_test_failures=False, packages_skip_test_passed=False, packages_select=None, packages_skip=None, packages_select_regex=None, packages_skip_regex=None, packages_start=None, packages_end=None, allow_overriding=[], cmake_args=None, cmake_target=None, cmake_target_skip_unavailable=False, cmake_clean_cache=False, cmake_clean_first=False, cmake_force_configure=False, ament_cmake_args=None, catkin_cmake_args=None, catkin_skip_building_tests=False, mixin_files=None, mixin=None, verb_parser=<colcon_mixin.mixin.mixin_argument.MixinArgumentDecorator object at 0x77ea5c24a350>, verb_extension=<colcon_core.verb.build.BuildVerb object at 0x77ea5c1c60e0>, main=<bound method BuildVerb.main of <colcon_core.verb.build.BuildVerb object at 0x77ea5c1c60e0>>, mixin_verb=('build',))
[0.250s] Level 1:colcon.colcon_core.package_discovery:discover_packages(colcon_meta) check parameters
[0.250s] Level 1:colcon.colcon_core.package_discovery:discover_packages(recursive) check parameters
[0.250s] Level 1:colcon.colcon_core.package_discovery:discover_packages(ignore) check parameters
[0.250s] Level 1:colcon.colcon_core.package_discovery:discover_packages(path) check parameters
[0.250s] Level 1:colcon.colcon_core.package_discovery:discover_packages(colcon_meta) discover
[0.251s] Level 1:colcon.colcon_core.package_discovery:discover_packages(recursive) discover
[0.251s] INFO:colcon.colcon_core.package_discovery:Crawling recursively for packages in '/home/tien/Documents/GitHub/BoutToHackNASA/source/godang_ws'
[0.251s] Level 1:colcon.colcon_core.package_identification:_identify(.) by extensions ['ignore', 'ignore_ament_install']
[0.251s] Level 1:colcon.colcon_core.package_identification:_identify(.) by extension 'ignore'
[0.251s] Level 1:colcon.colcon_core.package_identification:_identify(.) by extension 'ignore_ament_install'
[0.251s] Level 1:colcon.colcon_core.package_identification:_identify(.) by extensions ['colcon_pkg']
[0.251s] Level 1:colcon.colcon_core.package_identification:_identify(.) by extension 'colcon_pkg'
[0.251s] Level 1:colcon.colcon_core.package_identification:_identify(.) by extensions ['colcon_meta']
[0.251s] Level 1:colcon.colcon_core.package_identification:_identify(.) by extension 'colcon_meta'
[0.251s] Level 1:colcon.colcon_core.package_identification:_identify(.) by extensions ['ros']
[0.251s] Level 1:colcon.colcon_core.package_identification:_identify(.) by extension 'ros'
[0.277s] Level 1:colcon.colcon_core.package_identification:_identify(.) by extensions ['cmake', 'python']
[0.277s] Level 1:colcon.colcon_core.package_identification:_identify(.) by extension 'cmake'
[0.277s] Level 1:colcon.colcon_core.package_identification:_identify(.) by extension 'python'
[0.277s] Level 1:colcon.colcon_core.package_identification:_identify(.) by extensions ['python_setup_py']
[0.277s] Level 1:colcon.colcon_core.package_identification:_identify(.) by extension 'python_setup_py'
[0.277s] Level 1:colcon.colcon_core.package_identification:_identify(-q) by extensions ['ignore', 'ignore_ament_install']
[0.277s] Level 1:colcon.colcon_core.package_identification:_identify(-q) by extension 'ignore'
[0.278s] Level 1:colcon.colcon_core.package_identification:_identify(-q) by extension 'ignore_ament_install'
[0.278s] Level 1:colcon.colcon_core.package_identification:_identify(-q) by extensions ['colcon_pkg']
[0.278s] Level 1:colcon.colcon_core.package_identification:_identify(-q) by extension 'colcon_pkg'
[0.278s] Level 1:colcon.colcon_core.package_identification:_identify(-q) by extensions ['colcon_meta']
[0.278s] Level 1:colcon.colcon_core.package_identification:_identify(-q) by extension 'colcon_meta'
[0.278s] Level 1:colcon.colcon_core.package_identification:_identify(-q) by extensions ['ros']
[0.278s] Level 1:colcon.colcon_core.package_identification:_identify(-q) by extension 'ros'
[0.278s] Level 1:colcon.colcon_core.package_identification:_identify(-q) by extensions ['cmake', 'python']
[0.278s] Level 1:colcon.colcon_core.package_identification:_identify(-q) by extension 'cmake'
[0.278s] Level 1:colcon.colcon_core.package_identification:_identify(-q) by extension 'python'
[0.278s] Level 1:colcon.colcon_core.package_identification:_identify(-q) by extensions ['python_setup_py']
[0.278s] Level 1:colcon.colcon_core.package_identification:_identify(-q) by extension 'python_setup_py'
[0.278s] Level 1:colcon.colcon_core.package_identification:_identify(build) by extensions ['ignore', 'ignore_ament_install']
[0.278s] Level 1:colcon.colcon_core.package_identification:_identify(build) by extension 'ignore'
[0.279s] Level 1:colcon.colcon_core.package_identification:_identify(build) ignored
[0.279s] Level 1:colcon.colcon_core.package_identification:_identify(install) by extensions ['ignore', 'ignore_ament_install']
[0.279s] Level 1:colcon.colcon_core.package_identification:_identify(install) by extension 'ignore'
[0.279s] Level 1:colcon.colcon_core.package_identification:_identify(install) ignored
[0.279s] Level 1:colcon.colcon_core.package_identification:_identify(log) by extensions ['ignore', 'ignore_ament_install']
[0.280s] Level 1:colcon.colcon_core.package_identification:_identify(log) by extension 'ignore'
[0.280s] Level 1:colcon.colcon_core.package_identification:_identify(log) ignored
[0.280s] Level 1:colcon.colcon_core.package_identification:_identify(src) by extensions ['ignore', 'ignore_ament_install']
[0.280s] Level 1:colcon.colcon_core.package_identification:_identify(src) by extension 'ignore'
[0.280s] Level 1:colcon.colcon_core.package_identification:_identify(src) by extension 'ignore_ament_install'
[0.280s] Level 1:colcon.colcon_core.package_identification:_identify(src) by extensions ['colcon_pkg']
[0.280s] Level 1:colcon.colcon_core.package_identification:_identify(src) by extension 'colcon_pkg'
[0.280s] Level 1:colcon.colcon_core.package_identification:_identify(src) by extensions ['colcon_meta']
[0.280s] Level 1:colcon.colcon_core.package_identification:_identify(src) by extension 'colcon_meta'
[0.280s] Level 1:colcon.colcon_core.package_identification:_identify(src) by extensions ['ros']
[0.280s] Level 1:colcon.colcon_core.package_identification:_identify(src) by extension 'ros'
[0.281s] Level 1:colcon.colcon_core.package_identification:_identify(src) by extensions ['cmake', 'python']
[0.281s] Level 1:colcon.colcon_core.package_identification:_identify(src) by extension 'cmake'
[0.281s] Level 1:colcon.colcon_core.package_identification:_identify(src) by extension 'python'
[0.281s] Level 1:colcon.colcon_core.package_identification:_identify(src) by extensions ['python_setup_py']
[0.281s] Level 1:colcon.colcon_core.package_identification:_identify(src) by extension 'python_setup_py'
[0.281s] Level 1:colcon.colcon_core.package_identification:_identify(src/localization) by extensions ['ignore', 'ignore_ament_install']
[0.281s] Level 1:colcon.colcon_core.package_identification:_identify(src/localization) by extension 'ignore'
[0.281s] Level 1:colcon.colcon_core.package_identification:_identify(src/localization) by extension 'ignore_ament_install'
[0.281s] Level 1:colcon.colcon_core.package_identification:_identify(src/localization) by extensions ['colcon_pkg']
[0.281s] Level 1:colcon.colcon_core.package_identification:_identify(src/localization) by extension 'colcon_pkg'
[0.281s] Level 1:colcon.colcon_core.package_identification:_identify(src/localization) by extensions ['colcon_meta']
[0.281s] Level 1:colcon.colcon_core.package_identification:_identify(src/localization) by extension 'colcon_meta'
[0.281s] Level 1:colcon.colcon_core.package_identification:_identify(src/localization) by extensions ['ros']
[0.281s] Level 1:colcon.colcon_core.package_identification:_identify(src/localization) by extension 'ros'
[0.285s] DEBUG:colcon.colcon_core.package_identification:Package 'src/localization' with type 'ros.ament_python' and name 'localization'
[0.286s] Level 1:colcon.colcon_core.package_identification:_identify(src/my_robot_bringup) by extensions ['ignore', 'ignore_ament_install']
[0.286s] Level 1:colcon.colcon_core.package_identification:_identify(src/my_robot_bringup) by extension 'ignore'
[0.286s] Level 1:colcon.colcon_core.package_identification:_identify(src/my_robot_bringup) by extension 'ignore_ament_install'
[0.286s] Level 1:colcon.colcon_core.package_identification:_identify(src/my_robot_bringup) by extensions ['colcon_pkg']
[0.286s] Level 1:colcon.colcon_core.package_identification:_identify(src/my_robot_bringup) by extension 'colcon_pkg'
[0.286s] Level 1:colcon.colcon_core.package_identification:_identify(src/my_robot_bringup) by extensions ['colcon_meta']
[0.286s] Level 1:colcon.colcon_core.package_identification:_identify(src/my_robot_bringup) by extension 'colcon_meta'
[0.286s] Level 1:colcon.colcon_core.package_identification:_identify(src/my_robot_bringup) by extensions ['ros']
[0.286s] Level 1:colcon.colcon_core.package_identification:_identify(src/my_robot_bringup) by extension 'ros'
[0.287s] DEBUG:colcon.colcon_core.package_identification:Package 'src/my_robot_bringup' with type 'ros.ament_cmake' and name 'my_robot_bringup'
[0.287s] Level 1:colcon.colcon_core.package_identification:_identify(src/planing) by extensions ['ignore', 'ignore_ament_install']
[0.288s] Level 1:colcon.colcon_core.package_identification:_identify(src/planing) by extension 'ignore'
[0.288s] Level 1:colcon.colcon_core.package_identification:_identify(src/planing) by extension 'ignore_ament_install'
[0.288s] Level 1:colcon.colcon_core.package_identification:_identify(src/planing) by extensions ['colcon_pkg']
[0.288s] Level 1:colcon.colcon_core.package_identification:_identify(src/planing) by extension 'colcon_pkg'
[0.288s] Level 1:colcon.colcon_core.package_identification:_identify(src/planing) by extensions ['colcon_meta']
[0.288s] Level 1:colcon.colcon_core.package_identification:_identify(src/planing) by extension 'colcon_meta'
[0.288s] Level 1:colcon.colcon_core.package_identification:_identify(src/planing) by extensions ['ros']
[0.288s] Level 1:colcon.colcon_core.package_identification:_identify(src/planing) by extension 'ros'
[0.289s] DEBUG:colcon.colcon_core.package_identification:Package 'src/planing' with type 'ros.ament_python' and name 'planing'
[0.289s] Level 1:colcon.colcon_core.package_identification:_identify(src/vision) by extensions ['ignore', 'ignore_ament_install']
[0.289s] Level 1:colcon.colcon_core.package_identification:_identify(src/vision) by extension 'ignore'
[0.290s] Level 1:colcon.colcon_core.package_identification:_identify(src/vision) by extension 'ignore_ament_install'
[0.290s] Level 1:colcon.colcon_core.package_identification:_identify(src/vision) by extensions ['colcon_pkg']
[0.290s] Level 1:colcon.colcon_core.package_identification:_identify(src/vision) by extension 'colcon_pkg'
[0.290s] Level 1:colcon.colcon_core.package_identification:_identify(src/vision) by extensions ['colcon_meta']
[0.290s] Level 1:colcon.colcon_core.package_identification:_identify(src/vision) by extension 'colcon_meta'
[0.290s] Level 1:colcon.colcon_core.package_identification:_identify(src/vision) by extensions ['ros']
[0.290s] Level 1:colcon.colcon_core.package_identification:_identify(src/vision) by extension 'ros'
[0.291s] DEBUG:colcon.colcon_core.package_identification:Package 'src/vision' with type 'ros.ament_python' and name 'vision'
[0.291s] Level 1:colcon.colcon_core.package_discovery:discover_packages(recursive) using defaults
[0.291s] Level 1:colcon.colcon_core.package_discovery:discover_packages(ignore) discover
[0.291s] Level 1:colcon.colcon_core.package_discovery:discover_packages(ignore) using defaults
[0.291s] Level 1:colcon.colcon_core.package_discovery:discover_packages(path) discover
[0.291s] Level 1:colcon.colcon_core.package_discovery:discover_packages(path) using defaults
[0.331s] Level 1:colcon.colcon_core.package_discovery:discover_packages(prefix_path) check parameters
[0.331s] Level 1:colcon.colcon_core.package_discovery:discover_packages(prefix_path) discover
[0.337s] DEBUG:colcon.colcon_installed_package_information.package_discovery:Found 39 installed packages in /home/tien/microros_ws/install
[0.338s] DEBUG:colcon.colcon_installed_package_information.package_discovery:Found 4 installed packages in /home/tien/Documents/GitHub/BoutToHackNASA/source/godang_ws/install
[0.339s] DEBUG:colcon.colcon_installed_package_information.package_discovery:Found 3 installed packages in /home/tien/Documents/GitHub/ALL_CODE/red_ws/install
[0.340s] DEBUG:colcon.colcon_installed_package_information.package_discovery:Found 15 installed packages in /home/tien/turtlebot3_ws/install
[0.341s] DEBUG:colcon.colcon_installed_package_information.package_discovery:Found 3 installed packages in /home/tien/jinpao_naia_ws/install
[0.341s] DEBUG:colcon.colcon_installed_package_information.package_discovery:Found 1 installed packages in /home/tien/abu_ws/install
[0.342s] DEBUG:colcon.colcon_installed_package_information.package_discovery:Found 3 installed packages in /home/tien/three_wheel_ws/install
[0.342s] DEBUG:colcon.colcon_installed_package_information.package_discovery:Found 5 installed packages in /home/tien/jinpao_ws/install
[0.345s] DEBUG:colcon.colcon_installed_package_information.package_discovery:Found 410 installed packages in /opt/ros/humble
[0.349s] Level 1:colcon.colcon_core.package_discovery:discover_packages(prefix_path) using defaults
[0.421s] Level 5:colcon.colcon_core.verb:set package 'localization' build argument 'cmake_args' from command line to 'None'
[0.421s] Level 5:colcon.colcon_core.verb:set package 'localization' build argument 'cmake_target' from command line to 'None'
[0.421s] Level 5:colcon.colcon_core.verb:set package 'localization' build argument 'cmake_target_skip_unavailable' from command line to 'False'
[0.421s] Level 5:colcon.colcon_core.verb:set package 'localization' build argument 'cmake_clean_cache' from command line to 'False'
[0.422s] Level 5:colcon.colcon_core.verb:set package 'localization' build argument 'cmake_clean_first' from command line to 'False'
[0.422s] Level 5:colcon.colcon_core.verb:set package 'localization' build argument 'cmake_force_configure' from command line to 'False'
[0.422s] Level 5:colcon.colcon_core.verb:set package 'localization' build argument 'ament_cmake_args' from command line to 'None'
[0.422s] Level 5:colcon.colcon_core.verb:set package 'localization' build argument 'catkin_cmake_args' from command line to 'None'
[0.422s] Level 5:colcon.colcon_core.verb:set package 'localization' build argument 'catkin_skip_building_tests' from command line to 'False'
[0.422s] DEBUG:colcon.colcon_core.verb:Building package 'localization' with the following arguments: {'ament_cmake_args': None, 'build_base': '/home/tien/Documents/GitHub/BoutToHackNASA/source/godang_ws/build/localization', 'catkin_cmake_args': None, 'catkin_skip_building_tests': False, 'cmake_args': None, 'cmake_clean_cache': False, 'cmake_clean_first': False, 'cmake_force_configure': False, 'cmake_target': None, 'cmake_target_skip_unavailable': False, 'install_base': '/home/tien/Documents/GitHub/BoutToHackNASA/source/godang_ws/install/localization', 'merge_install': False, 'path': '/home/tien/Documents/GitHub/BoutToHackNASA/source/godang_ws/src/localization', 'symlink_install': False, 'test_result_base': None}
[0.422s] Level 5:colcon.colcon_core.verb:set package 'planing' build argument 'cmake_args' from command line to 'None'
[0.422s] Level 5:colcon.colcon_core.verb:set package 'planing' build argument 'cmake_target' from command line to 'None'
[0.422s] Level 5:colcon.colcon_core.verb:set package 'planing' build argument 'cmake_target_skip_unavailable' from command line to 'False'
[0.422s] Level 5:colcon.colcon_core.verb:set package 'planing' build argument 'cmake_clean_cache' from command line to 'False'
[0.422s] Level 5:colcon.colcon_core.verb:set package 'planing' build argument 'cmake_clean_first' from command line to 'False'
[0.422s] Level 5:colcon.colcon_core.verb:set package 'planing' build argument 'cmake_force_configure' from command line to 'False'
[0.422s] Level 5:colcon.colcon_core.verb:set package 'planing' build argument 'ament_cmake_args' from command line to 'None'
[0.422s] Level 5:colcon.colcon_core.verb:set package 'planing' build argument 'catkin_cmake_args' from command line to 'None'
[0.423s] Level 5:colcon.colcon_core.verb:set package 'planing' build argument 'catkin_skip_building_tests' from command line to 'False'
[0.423s] DEBUG:colcon.colcon_core.verb:Building package 'planing' with the following arguments: {'ament_cmake_args': None, 'build_base': '/home/tien/Documents/GitHub/BoutToHackNASA/source/godang_ws/build/planing', 'catkin_cmake_args': None, 'catkin_skip_building_tests': False, 'cmake_args': None, 'cmake_clean_cache': False, 'cmake_clean_first': False, 'cmake_force_configure': False, 'cmake_target': None, 'cmake_target_skip_unavailable': False, 'install_base': '/home/tien/Documents/GitHub/BoutToHackNASA/source/godang_ws/install/planing', 'merge_install': False, 'path': '/home/tien/Documents/GitHub/BoutToHackNASA/source/godang_ws/src/planing', 'symlink_install': False, 'test_result_base': None}
[0.423s] Level 5:colcon.colcon_core.verb:set package 'vision' build argument 'cmake_args' from command line to 'None'
[0.423s] Level 5:colcon.colcon_core.verb:set package 'vision' build argument 'cmake_target' from command line to 'None'
[0.423s] Level 5:colcon.colcon_core.verb:set package 'vision' build argument 'cmake_target_skip_unavailable' from command line to 'False'
[0.423s] Level 5:colcon.colcon_core.verb:set package 'vision' build argument 'cmake_clean_cache' from command line to 'False'
[0.423s] Level 5:colcon.colcon_core.verb:set package 'vision' build argument 'cmake_clean_first' from command line to 'False'
[0.423s] Level 5:colcon.colcon_core.verb:set package 'vision' build argument 'cmake_force_configure' from command line to 'False'
[0.423s] Level 5:colcon.colcon_core.verb:set package 'vision' build argument 'ament_cmake_args' from command line to 'None'
[0.423s] Level 5:colcon.colcon_core.verb:set package 'vision' build argument 'catkin_cmake_args' from command line to 'None'
[0.423s] Level 5:colcon.colcon_core.verb:set package 'vision' build argument 'catkin_skip_building_tests' from command line to 'False'
[0.423s] DEBUG:colcon.colcon_core.verb:Building package 'vision' with the following arguments: {'ament_cmake_args': None, 'build_base': '/home/tien/Documents/GitHub/BoutToHackNASA/source/godang_ws/build/vision', 'catkin_cmake_args': None, 'catkin_skip_building_tests': False, 'cmake_args': None, 'cmake_clean_cache': False, 'cmake_clean_first': False, 'cmake_force_configure': False, 'cmake_target': None, 'cmake_target_skip_unavailable': False, 'install_base': '/home/tien/Documents/GitHub/BoutToHackNASA/source/godang_ws/install/vision', 'merge_install': False, 'path': '/home/tien/Documents/GitHub/BoutToHackNASA/source/godang_ws/src/vision', 'symlink_install': False, 'test_result_base': None}
[0.424s] Level 5:colcon.colcon_core.verb:set package 'my_robot_bringup' build argument 'cmake_args' from command line to 'None'
[0.424s] Level 5:colcon.colcon_core.verb:set package 'my_robot_bringup' build argument 'cmake_target' from command line to 'None'
[0.424s] Level 5:colcon.colcon_core.verb:set package 'my_robot_bringup' build argument 'cmake_target_skip_unavailable' from command line to 'False'
[0.424s] Level 5:colcon.colcon_core.verb:set package 'my_robot_bringup' build argument 'cmake_clean_cache' from command line to 'False'
[0.424s] Level 5:colcon.colcon_core.verb:set package 'my_robot_bringup' build argument 'cmake_clean_first' from command line to 'False'
[0.424s] Level 5:colcon.colcon_core.verb:set package 'my_robot_bringup' build argument 'cmake_force_configure' from command line to 'False'
[0.424s] Level 5:colcon.colcon_core.verb:set package 'my_robot_bringup' build argument 'ament_cmake_args' from command line to 'None'
[0.424s] Level 5:colcon.colcon_core.verb:set package 'my_robot_bringup' build argument 'catkin_cmake_args' from command line to 'None'
[0.424s] Level 5:colcon.colcon_core.verb:set package 'my_robot_bringup' build argument 'catkin_skip_building_tests' from command line to 'False'
[0.424s] DEBUG:colcon.colcon_core.verb:Building package 'my_robot_bringup' with the following arguments: {'ament_cmake_args': None, 'build_base': '/home/tien/Documents/GitHub/BoutToHackNASA/source/godang_ws/build/my_robot_bringup', 'catkin_cmake_args': None, 'catkin_skip_building_tests': False, 'cmake_args': None, 'cmake_clean_cache': False, 'cmake_clean_first': False, 'cmake_force_configure': False, 'cmake_target': None, 'cmake_target_skip_unavailable': False, 'install_base': '/home/tien/Documents/GitHub/BoutToHackNASA/source/godang_ws/install/my_robot_bringup', 'merge_install': False, 'path': '/home/tien/Documents/GitHub/BoutToHackNASA/source/godang_ws/src/my_robot_bringup', 'symlink_install': False, 'test_result_base': None}
[0.424s] INFO:colcon.colcon_core.executor:Executing jobs using 'parallel' executor
[0.426s] DEBUG:colcon.colcon_parallel_executor.executor.parallel:run_until_complete
[0.426s] INFO:colcon.colcon_ros.task.ament_python.build:Building ROS package in '/home/tien/Documents/GitHub/BoutToHackNASA/source/godang_ws/src/localization' with build type 'ament_python'
[0.427s] Level 1:colcon.colcon_core.shell:create_environment_hook('localization', 'ament_prefix_path')
[0.432s] INFO:colcon.colcon_core.plugin_system:Skipping extension 'colcon_core.shell.bat': Not used on non-Windows systems
[0.432s] INFO:colcon.colcon_core.shell:Creating environment hook '/home/tien/Documents/GitHub/BoutToHackNASA/source/godang_ws/install/localization/share/localization/hook/ament_prefix_path.ps1'
[0.446s] INFO:colcon.colcon_core.shell:Creating environment descriptor '/home/tien/Documents/GitHub/BoutToHackNASA/source/godang_ws/install/localization/share/localization/hook/ament_prefix_path.dsv'
[0.447s] INFO:colcon.colcon_core.shell:Creating environment hook '/home/tien/Documents/GitHub/BoutToHackNASA/source/godang_ws/install/localization/share/localization/hook/ament_prefix_path.sh'
[0.448s] INFO:colcon.colcon_core.shell:Skip shell extension 'powershell' for command environment: Not usable outside of PowerShell
[0.448s] DEBUG:colcon.colcon_core.shell:Skip shell extension 'dsv' for command environment
[0.466s] INFO:colcon.colcon_ros.task.ament_python.build:Building ROS package in '/home/tien/Documents/GitHub/BoutToHackNASA/source/godang_ws/src/planing' with build type 'ament_python'
[0.466s] Level 1:colcon.colcon_core.shell:create_environment_hook('planing', 'ament_prefix_path')
[0.467s] INFO:colcon.colcon_core.shell:Creating environment hook '/home/tien/Documents/GitHub/BoutToHackNASA/source/godang_ws/install/planing/share/planing/hook/ament_prefix_path.ps1'
[0.468s] INFO:colcon.colcon_core.shell:Creating environment descriptor '/home/tien/Documents/GitHub/BoutToHackNASA/source/godang_ws/install/planing/share/planing/hook/ament_prefix_path.dsv'
[0.469s] INFO:colcon.colcon_core.shell:Creating environment hook '/home/tien/Documents/GitHub/BoutToHackNASA/source/godang_ws/install/planing/share/planing/hook/ament_prefix_path.sh'
[0.470s] INFO:colcon.colcon_core.shell:Skip shell extension 'powershell' for command environment: Not usable outside of PowerShell
[0.470s] DEBUG:colcon.colcon_core.shell:Skip shell extension 'dsv' for command environment
[0.492s] INFO:colcon.colcon_ros.task.ament_python.build:Building ROS package in '/home/tien/Documents/GitHub/BoutToHackNASA/source/godang_ws/src/vision' with build type 'ament_python'
[0.492s] Level 1:colcon.colcon_core.shell:create_environment_hook('vision', 'ament_prefix_path')
[0.492s] INFO:colcon.colcon_core.shell:Creating environment hook '/home/tien/Documents/GitHub/BoutToHackNASA/source/godang_ws/install/vision/share/vision/hook/ament_prefix_path.ps1'
[0.493s] INFO:colcon.colcon_core.shell:Creating environment descriptor '/home/tien/Documents/GitHub/BoutToHackNASA/source/godang_ws/install/vision/share/vision/hook/ament_prefix_path.dsv'
[0.494s] INFO:colcon.colcon_core.shell:Creating environment hook '/home/tien/Documents/GitHub/BoutToHackNASA/source/godang_ws/install/vision/share/vision/hook/ament_prefix_path.sh'
[0.495s] INFO:colcon.colcon_core.shell:Skip shell extension 'powershell' for command environment: Not usable outside of PowerShell
[0.495s] DEBUG:colcon.colcon_core.shell:Skip shell extension 'dsv' for command environment
[1.016s] INFO:colcon.colcon_core.task.python.build:Building Python package in '/home/tien/Documents/GitHub/BoutToHackNASA/source/godang_ws/src/localization'
[1.017s] INFO:colcon.colcon_core.shell:Skip shell extension 'powershell' for command environment: Not usable outside of PowerShell
[1.017s] DEBUG:colcon.colcon_core.shell:Skip shell extension 'dsv' for command environment
[1.449s] INFO:colcon.colcon_core.task.python.build:Building Python package in '/home/tien/Documents/GitHub/BoutToHackNASA/source/godang_ws/src/planing'
[1.450s] INFO:colcon.colcon_core.shell:Skip shell extension 'powershell' for command environment: Not usable outside of PowerShell
[1.450s] DEBUG:colcon.colcon_core.shell:Skip shell extension 'dsv' for command environment
[1.891s] INFO:colcon.colcon_core.task.python.build:Building Python package in '/home/tien/Documents/GitHub/BoutToHackNASA/source/godang_ws/src/vision'
[1.891s] INFO:colcon.colcon_core.shell:Skip shell extension 'powershell' for command environment: Not usable outside of PowerShell
[1.891s] DEBUG:colcon.colcon_core.shell:Skip shell extension 'dsv' for command environment
[3.189s] DEBUG:colcon.colcon_core.event_handler.log_command:Invoking command in '/home/tien/Documents/GitHub/BoutToHackNASA/source/godang_ws/src/localization': PYTHONPATH=/home/tien/Documents/GitHub/BoutToHackNASA/source/godang_ws/build/localization/prefix_override:/home/tien/Documents/GitHub/BoutToHackNASA/source/godang_ws/install/localization/lib/python3.10/site-packages:${PYTHONPATH} /usr/bin/python3 -W ignore:setup.py install is deprecated setup.py egg_info --egg-base ../../build/localization build --build-base /home/tien/Documents/GitHub/BoutToHackNASA/source/godang_ws/build/localization/build install --record /home/tien/Documents/GitHub/BoutToHackNASA/source/godang_ws/build/localization/install.log --single-version-externally-managed install_data
[3.206s] DEBUG:colcon.colcon_core.event_handler.log_command:Invoking command in '/home/tien/Documents/GitHub/BoutToHackNASA/source/godang_ws/src/planing': PYTHONPATH=/home/tien/Documents/GitHub/BoutToHackNASA/source/godang_ws/build/planing/prefix_override:/home/tien/Documents/GitHub/BoutToHackNASA/source/godang_ws/install/planing/lib/python3.10/site-packages:${PYTHONPATH} /usr/bin/python3 -W ignore:setup.py install is deprecated setup.py egg_info --egg-base ../../build/planing build --build-base /home/tien/Documents/GitHub/BoutToHackNASA/source/godang_ws/build/planing/build install --record /home/tien/Documents/GitHub/BoutToHackNASA/source/godang_ws/build/planing/install.log --single-version-externally-managed install_data
[3.230s] DEBUG:colcon.colcon_core.event_handler.log_command:Invoking command in '/home/tien/Documents/GitHub/BoutToHackNASA/source/godang_ws/src/vision': PYTHONPATH=/home/tien/Documents/GitHub/BoutToHackNASA/source/godang_ws/build/vision/prefix_override:/home/tien/Documents/GitHub/BoutToHackNASA/source/godang_ws/install/vision/lib/python3.10/site-packages:${PYTHONPATH} /usr/bin/python3 -W ignore:setup.py install is deprecated setup.py egg_info --egg-base ../../build/vision build --build-base /home/tien/Documents/GitHub/BoutToHackNASA/source/godang_ws/build/vision/build install --record /home/tien/Documents/GitHub/BoutToHackNASA/source/godang_ws/build/vision/install.log --single-version-externally-managed install_data
[4.429s] DEBUG:colcon.colcon_core.event_handler.log_command:Invoked command in '/home/tien/Documents/GitHub/BoutToHackNASA/source/godang_ws/src/localization' returned '0': PYTHONPATH=/home/tien/Documents/GitHub/BoutToHackNASA/source/godang_ws/build/localization/prefix_override:/home/tien/Documents/GitHub/BoutToHackNASA/source/godang_ws/install/localization/lib/python3.10/site-packages:${PYTHONPATH} /usr/bin/python3 -W ignore:setup.py install is deprecated setup.py egg_info --egg-base ../../build/localization build --build-base /home/tien/Documents/GitHub/BoutToHackNASA/source/godang_ws/build/localization/build install --record /home/tien/Documents/GitHub/BoutToHackNASA/source/godang_ws/build/localization/install.log --single-version-externally-managed install_data
[4.438s] Level 1:colcon.colcon_core.environment:checking '/home/tien/Documents/GitHub/BoutToHackNASA/source/godang_ws/install/localization' for CMake module files
[4.439s] Level 1:colcon.colcon_core.environment:checking '/home/tien/Documents/GitHub/BoutToHackNASA/source/godang_ws/install/localization' for CMake config files
[4.440s] Level 1:colcon.colcon_core.environment:checking '/home/tien/Documents/GitHub/BoutToHackNASA/source/godang_ws/install/localization/lib'
[4.441s] Level 1:colcon.colcon_core.environment:checking '/home/tien/Documents/GitHub/BoutToHackNASA/source/godang_ws/install/localization/bin'
[4.441s] Level 1:colcon.colcon_core.environment:checking '/home/tien/Documents/GitHub/BoutToHackNASA/source/godang_ws/install/localization/lib/pkgconfig/localization.pc'
[4.442s] Level 1:colcon.colcon_core.environment:checking '/home/tien/Documents/GitHub/BoutToHackNASA/source/godang_ws/install/localization/lib/python3.10/site-packages'
[4.442s] Level 1:colcon.colcon_core.shell:create_environment_hook('localization', 'pythonpath')
[4.442s] INFO:colcon.colcon_core.shell:Creating environment hook '/home/tien/Documents/GitHub/BoutToHackNASA/source/godang_ws/install/localization/share/localization/hook/pythonpath.ps1'
[4.443s] INFO:colcon.colcon_core.shell:Creating environment descriptor '/home/tien/Documents/GitHub/BoutToHackNASA/source/godang_ws/install/localization/share/localization/hook/pythonpath.dsv'
[4.444s] INFO:colcon.colcon_core.shell:Creating environment hook '/home/tien/Documents/GitHub/BoutToHackNASA/source/godang_ws/install/localization/share/localization/hook/pythonpath.sh'
[4.445s] Level 1:colcon.colcon_core.environment:checking '/home/tien/Documents/GitHub/BoutToHackNASA/source/godang_ws/install/localization/bin'
[4.445s] Level 1:colcon.colcon_core.environment:create_environment_scripts_only(localization)
[4.446s] INFO:colcon.colcon_core.shell:Creating package script '/home/tien/Documents/GitHub/BoutToHackNASA/source/godang_ws/install/localization/share/localization/package.ps1'
[4.448s] INFO:colcon.colcon_core.shell:Creating package descriptor '/home/tien/Documents/GitHub/BoutToHackNASA/source/godang_ws/install/localization/share/localization/package.dsv'
[4.449s] INFO:colcon.colcon_core.shell:Creating package script '/home/tien/Documents/GitHub/BoutToHackNASA/source/godang_ws/install/localization/share/localization/package.sh'
[4.450s] INFO:colcon.colcon_core.shell:Creating package script '/home/tien/Documents/GitHub/BoutToHackNASA/source/godang_ws/install/localization/share/localization/package.bash'
[4.452s] INFO:colcon.colcon_core.shell:Creating package script '/home/tien/Documents/GitHub/BoutToHackNASA/source/godang_ws/install/localization/share/localization/package.zsh'
[4.453s] Level 1:colcon.colcon_core.environment:create_file_with_runtime_dependencies(/home/tien/Documents/GitHub/BoutToHackNASA/source/godang_ws/install/localization/share/colcon-core/packages/localization)
[4.476s] Level 1:colcon.colcon_core.environment:checking '/home/tien/Documents/GitHub/BoutToHackNASA/source/godang_ws/install/planing' for CMake module files
[4.478s] DEBUG:colcon.colcon_core.event_handler.log_command:Invoked command in '/home/tien/Documents/GitHub/BoutToHackNASA/source/godang_ws/src/planing' returned '0': PYTHONPATH=/home/tien/Documents/GitHub/BoutToHackNASA/source/godang_ws/build/planing/prefix_override:/home/tien/Documents/GitHub/BoutToHackNASA/source/godang_ws/install/planing/lib/python3.10/site-packages:${PYTHONPATH} /usr/bin/python3 -W ignore:setup.py install is deprecated setup.py egg_info --egg-base ../../build/planing build --build-base /home/tien/Documents/GitHub/BoutToHackNASA/source/godang_ws/build/planing/build install --record /home/tien/Documents/GitHub/BoutToHackNASA/source/godang_ws/build/planing/install.log --single-version-externally-managed install_data
[4.480s] Level 1:colcon.colcon_core.environment:checking '/home/tien/Documents/GitHub/BoutToHackNASA/source/godang_ws/install/planing' for CMake config files
[4.481s] Level 1:colcon.colcon_core.environment:checking '/home/tien/Documents/GitHub/BoutToHackNASA/source/godang_ws/install/planing/lib'
[4.481s] Level 1:colcon.colcon_core.environment:checking '/home/tien/Documents/GitHub/BoutToHackNASA/source/godang_ws/install/planing/bin'
[4.482s] Level 1:colcon.colcon_core.environment:checking '/home/tien/Documents/GitHub/BoutToHackNASA/source/godang_ws/install/planing/lib/pkgconfig/planing.pc'
[4.482s] Level 1:colcon.colcon_core.environment:checking '/home/tien/Documents/GitHub/BoutToHackNASA/source/godang_ws/install/planing/lib/python3.10/site-packages'
[4.482s] Level 1:colcon.colcon_core.shell:create_environment_hook('planing', 'pythonpath')
[4.483s] INFO:colcon.colcon_core.shell:Creating environment hook '/home/tien/Documents/GitHub/BoutToHackNASA/source/godang_ws/install/planing/share/planing/hook/pythonpath.ps1'
[4.484s] INFO:colcon.colcon_core.shell:Creating environment descriptor '/home/tien/Documents/GitHub/BoutToHackNASA/source/godang_ws/install/planing/share/planing/hook/pythonpath.dsv'
[4.484s] INFO:colcon.colcon_core.shell:Creating environment hook '/home/tien/Documents/GitHub/BoutToHackNASA/source/godang_ws/install/planing/share/planing/hook/pythonpath.sh'
[4.486s] Level 1:colcon.colcon_core.environment:checking '/home/tien/Documents/GitHub/BoutToHackNASA/source/godang_ws/install/planing/bin'
[4.486s] Level 1:colcon.colcon_core.environment:create_environment_scripts_only(planing)
[4.487s] INFO:colcon.colcon_core.shell:Creating package script '/home/tien/Documents/GitHub/BoutToHackNASA/source/godang_ws/install/planing/share/planing/package.ps1'
[4.488s] INFO:colcon.colcon_core.shell:Creating package descriptor '/home/tien/Documents/GitHub/BoutToHackNASA/source/godang_ws/install/planing/share/planing/package.dsv'
[4.489s] INFO:colcon.colcon_core.shell:Creating package script '/home/tien/Documents/GitHub/BoutToHackNASA/source/godang_ws/install/planing/share/planing/package.sh'
[4.490s] INFO:colcon.colcon_core.shell:Creating package script '/home/tien/Documents/GitHub/BoutToHackNASA/source/godang_ws/install/planing/share/planing/package.bash'
[4.490s] INFO:colcon.colcon_core.shell:Creating package script '/home/tien/Documents/GitHub/BoutToHackNASA/source/godang_ws/install/planing/share/planing/package.zsh'
[4.491s] Level 1:colcon.colcon_core.environment:create_file_with_runtime_dependencies(/home/tien/Documents/GitHub/BoutToHackNASA/source/godang_ws/install/planing/share/colcon-core/packages/planing)
[4.606s] Level 1:colcon.colcon_core.environment:checking '/home/tien/Documents/GitHub/BoutToHackNASA/source/godang_ws/install/vision' for CMake module files
[4.607s] DEBUG:colcon.colcon_core.event_handler.log_command:Invoked command in '/home/tien/Documents/GitHub/BoutToHackNASA/source/godang_ws/src/vision' returned '0': PYTHONPATH=/home/tien/Documents/GitHub/BoutToHackNASA/source/godang_ws/build/vision/prefix_override:/home/tien/Documents/GitHub/BoutToHackNASA/source/godang_ws/install/vision/lib/python3.10/site-packages:${PYTHONPATH} /usr/bin/python3 -W ignore:setup.py install is deprecated setup.py egg_info --egg-base ../../build/vision build --build-base /home/tien/Documents/GitHub/BoutToHackNASA/source/godang_ws/build/vision/build install --record /home/tien/Documents/GitHub/BoutToHackNASA/source/godang_ws/build/vision/install.log --single-version-externally-managed install_data
[4.608s] Level 1:colcon.colcon_core.environment:checking '/home/tien/Documents/GitHub/BoutToHackNASA/source/godang_ws/install/vision' for CMake config files
[4.613s] Level 1:colcon.colcon_core.environment:checking '/home/tien/Documents/GitHub/BoutToHackNASA/source/godang_ws/install/vision/lib'
[4.613s] Level 1:colcon.colcon_core.environment:checking '/home/tien/Documents/GitHub/BoutToHackNASA/source/godang_ws/install/vision/bin'
[4.613s] Level 1:colcon.colcon_core.environment:checking '/home/tien/Documents/GitHub/BoutToHackNASA/source/godang_ws/install/vision/lib/pkgconfig/vision.pc'
[4.614s] Level 1:colcon.colcon_core.environment:checking '/home/tien/Documents/GitHub/BoutToHackNASA/source/godang_ws/install/vision/lib/python3.10/site-packages'
[4.614s] Level 1:colcon.colcon_core.shell:create_environment_hook('vision', 'pythonpath')
[4.614s] INFO:colcon.colcon_core.shell:Creating environment hook '/home/tien/Documents/GitHub/BoutToHackNASA/source/godang_ws/install/vision/share/vision/hook/pythonpath.ps1'
[4.615s] INFO:colcon.colcon_core.shell:Creating environment descriptor '/home/tien/Documents/GitHub/BoutToHackNASA/source/godang_ws/install/vision/share/vision/hook/pythonpath.dsv'
[4.615s] INFO:colcon.colcon_core.shell:Creating environment hook '/home/tien/Documents/GitHub/BoutToHackNASA/source/godang_ws/install/vision/share/vision/hook/pythonpath.sh'
[4.616s] Level 1:colcon.colcon_core.environment:checking '/home/tien/Documents/GitHub/BoutToHackNASA/source/godang_ws/install/vision/bin'
[4.616s] Level 1:colcon.colcon_core.environment:create_environment_scripts_only(vision)
[4.617s] INFO:colcon.colcon_core.shell:Creating package script '/home/tien/Documents/GitHub/BoutToHackNASA/source/godang_ws/install/vision/share/vision/package.ps1'
[4.617s] INFO:colcon.colcon_core.shell:Creating package descriptor '/home/tien/Documents/GitHub/BoutToHackNASA/source/godang_ws/install/vision/share/vision/package.dsv'
[4.618s] INFO:colcon.colcon_core.shell:Creating package script '/home/tien/Documents/GitHub/BoutToHackNASA/source/godang_ws/install/vision/share/vision/package.sh'
[4.619s] INFO:colcon.colcon_core.shell:Creating package script '/home/tien/Documents/GitHub/BoutToHackNASA/source/godang_ws/install/vision/share/vision/package.bash'
[4.619s] INFO:colcon.colcon_core.shell:Creating package script '/home/tien/Documents/GitHub/BoutToHackNASA/source/godang_ws/install/vision/share/vision/package.zsh'
[4.619s] Level 1:colcon.colcon_core.environment:create_file_with_runtime_dependencies(/home/tien/Documents/GitHub/BoutToHackNASA/source/godang_ws/install/vision/share/colcon-core/packages/vision)
[4.620s] INFO:colcon.colcon_ros.task.ament_cmake.build:Building ROS package in '/home/tien/Documents/GitHub/BoutToHackNASA/source/godang_ws/src/my_robot_bringup' with build type 'ament_cmake'
[4.621s] INFO:colcon.colcon_cmake.task.cmake.build:Building CMake package in '/home/tien/Documents/GitHub/BoutToHackNASA/source/godang_ws/src/my_robot_bringup'
[4.621s] INFO:colcon.colcon_core.shell:Skip shell extension 'powershell' for command environment: Not usable outside of PowerShell
[4.621s] DEBUG:colcon.colcon_core.shell:Skip shell extension 'dsv' for command environment
[4.666s] DEBUG:colcon.colcon_core.event_handler.log_command:Invoking command in '/home/tien/Documents/GitHub/BoutToHackNASA/source/godang_ws/build/my_robot_bringup': AMENT_PREFIX_PATH=/home/tien/Documents/GitHub/BoutToHackNASA/source/godang_ws/install/vision:/home/tien/Documents/GitHub/BoutToHackNASA/source/godang_ws/install/planing:/home/tien/Documents/GitHub/BoutToHackNASA/source/godang_ws/install/localization:/home/tien/microros_ws/install/micro_ros_demos_rclc:/home/tien/microros_ws/install/common_interfaces:/home/tien/microros_ws/install/visualization_msgs:/home/tien/microros_ws/install/test_msgs:/home/tien/microros_ws/install/example_interfaces:/home/tien/microros_ws/install/action_msgs:/home/tien/microros_ws/install/unique_identifier_msgs:/home/tien/microros_ws/install/trajectory_msgs:/home/tien/microros_ws/install/stereo_msgs:/home/tien/microros_ws/install/std_srvs:/home/tien/microros_ws/install/shape_msgs:/home/tien/microros_ws/install/sensor_msgs_py:/home/tien/microros_ws/install/sensor_msgs:/home/tien/microros_ws/install/nav_msgs:/home/tien/microros_ws/install/diagnostic_msgs:/home/tien/microros_ws/install/geometry_msgs:/home/tien/microros_ws/install/actionlib_msgs:/home/tien/microros_ws/install/std_msgs:/home/tien/microros_ws/install/statistics_msgs:/home/tien/microros_ws/install/rosidl_typesupport_microxrcedds_test_msg:/home/tien/microros_ws/install/rosidl_typesupport_microxrcedds_cpp_tests:/home/tien/microros_ws/install/rmw_microxrcedds:/home/tien/microros_ws/install/rosidl_typesupport_microxrcedds_cpp:/home/tien/microros_ws/install/rosidl_typesupport_microxrcedds_c_tests:/home/tien/microros_ws/install/rosidl_typesupport_microxrcedds_c:/home/tien/microros_ws/install/rosgraph_msgs:/home/tien/microros_ws/install/rclc_parameter:/home/tien/microros_ws/install/rclc:/home/tien/microros_ws/install/composition_interfaces:/home/tien/microros_ws/install/rcl_interfaces:/home/tien/microros_ws/install/micro_ros_utilities:/home/tien/microros_ws/install/micro_ros_setup:/home/tien/microros_ws/install/micro_ros_agent:/home/tien/microros_ws/install/micro_ros_msgs:/home/tien/microros_ws/install/lifecycle_msgs:/home/tien/microros_ws/install/complex_msgs:/home/tien/microros_ws/install/builtin_interfaces:/home/tien/Documents/GitHub/BoutToHackNASA/source/godang_ws/install/my_robot_bringup:/home/tien/Documents/GitHub/ALL_CODE/red_ws/install/vision:/home/tien/Documents/GitHub/ALL_CODE/red_ws/install/state:/home/tien/Documents/GitHub/ALL_CODE/red_ws/install/mobile:/home/tien/turtlebot3_ws/install/turtlebot3:/home/tien/turtlebot3_ws/install/turtlebot3_teleop:/home/tien/turtlebot3_ws/install/turtlebot3_simulations:/home/tien/turtlebot3_ws/install/turtlebot3_bringup:/home/tien/turtlebot3_ws/install/turtlebot3_node:/home/tien/turtlebot3_ws/install/turtlebot3_navigation2:/home/tien/turtlebot3_ws/install/turtlebot3_fake_node:/home/tien/turtlebot3_ws/install/turtlebot3_example:/home/tien/turtlebot3_ws/install/turtlebot3_msgs:/home/tien/turtlebot3_ws/install/turtlebot3_gazebo:/home/tien/turtlebot3_ws/install/turtlebot3_description:/home/tien/turtlebot3_ws/install/turtlebot3_cartographer:/home/tien/turtlebot3_ws/install/dynamixel_sdk_examples:/home/tien/turtlebot3_ws/install/dynamixel_sdk_custom_interfaces:/home/tien/turtlebot3_ws/install/dynamixel_sdk:/home/tien/jinpao_ws/install/robot_localization:/home/tien/jinpao_ws/install/plant_message:/home/tien/jinpao_ws/install/jinpao_test:/home/tien/jinpao_ws/install/jinpao_description:/home/tien/jinpao_ws/install/jinpao_bringup:/home/tien/jinpao_naia_ws/install/state_pkg:/home/tien/jinpao_naia_ws/install/py_control_pkg:/home/tien/jinpao_naia_ws/install/cam_pkg:/home/tien/abu_ws/install/manual:/home/tien/three_wheel_ws/install/rplidar_ros:/home/tien/three_wheel_ws/install/robot_description:/home/tien/three_wheel_ws/install/robot_bringup:/opt/ros/humble CMAKE_PREFIX_PATH=/home/tien/microros_ws/install/micro_ros_demos_rclc:/home/tien/microros_ws/install/common_interfaces:/home/tien/microros_ws/install/visualization_msgs:/home/tien/microros_ws/install/test_msgs:/home/tien/microros_ws/install/example_interfaces:/home/tien/microros_ws/install/action_msgs:/home/tien/microros_ws/install/unique_identifier_msgs:/home/tien/microros_ws/install/trajectory_msgs:/home/tien/microros_ws/install/stereo_msgs:/home/tien/microros_ws/install/std_srvs:/home/tien/microros_ws/install/shape_msgs:/home/tien/microros_ws/install/sensor_msgs:/home/tien/microros_ws/install/nav_msgs:/home/tien/microros_ws/install/diagnostic_msgs:/home/tien/microros_ws/install/geometry_msgs:/home/tien/microros_ws/install/actionlib_msgs:/home/tien/microros_ws/install/std_msgs:/home/tien/microros_ws/install/statistics_msgs:/home/tien/microros_ws/install/rosidl_typesupport_microxrcedds_test_msg:/home/tien/microros_ws/install/rosidl_typesupport_microxrcedds_cpp_tests:/home/tien/microros_ws/install/rmw_microxrcedds:/home/tien/microros_ws/install/rosidl_typesupport_microxrcedds_cpp:/home/tien/microros_ws/install/rosidl_typesupport_microxrcedds_c_tests:/home/tien/microros_ws/install/rosidl_typesupport_microxrcedds_c:/home/tien/microros_ws/install/rosgraph_msgs:/home/tien/microros_ws/install/rclc_parameter:/home/tien/microros_ws/install/rclc:/home/tien/microros_ws/install/composition_interfaces:/home/tien/microros_ws/install/rcl_interfaces:/home/tien/microros_ws/install/microxrcedds_client:/home/tien/microros_ws/install/microcdr:/home/tien/microros_ws/install/micro_ros_utilities:/home/tien/microros_ws/install/micro_ros_setup:/home/tien/microros_ws/install/micro_ros_agent:/home/tien/microros_ws/install/micro_ros_msgs:/home/tien/microros_ws/install/lifecycle_msgs:/home/tien/microros_ws/install/complex_msgs:/home/tien/microros_ws/install/builtin_interfaces:/home/tien/Documents/GitHub/BoutToHackNASA/source/godang_ws/install/my_robot_bringup:/home/tien/turtlebot3_ws/install/turtlebot3:/home/tien/turtlebot3_ws/install/turtlebot3_simulations:/home/tien/turtlebot3_ws/install/turtlebot3_bringup:/home/tien/turtlebot3_ws/install/turtlebot3_node:/home/tien/turtlebot3_ws/install/turtlebot3_navigation2:/home/tien/turtlebot3_ws/install/turtlebot3_fake_node:/home/tien/turtlebot3_ws/install/turtlebot3_msgs:/home/tien/microros_ws/install/sensor_msgs_py:/home/tien/Documents/GitHub/BoutToHackNASA/source/godang_ws/install/vision:/home/tien/Documents/GitHub/BoutToHackNASA/source/godang_ws/install/planing:/home/tien/Documents/GitHub/BoutToHackNASA/source/godang_ws/install/localization:/home/tien/Documents/GitHub/ALL_CODE/red_ws/install/vision:/home/tien/Documents/GitHub/ALL_CODE/red_ws/install/state:/home/tien/Documents/GitHub/ALL_CODE/red_ws/install/mobile:/home/tien/turtlebot3_ws/install/turtlebot3_teleop:/home/tien/turtlebot3_ws/install/turtlebot3_example:/home/tien/jinpao_ws/install/jinpao_test:/home/tien/jinpao_naia_ws/install/state_pkg:/home/tien/jinpao_naia_ws/install/py_control_pkg:/home/tien/jinpao_naia_ws/install/cam_pkg:/home/tien/abu_ws/install/manual:/opt/ros/humble:/home/tien/turtlebot3_ws/install/turtlebot3_gazebo:/home/tien/turtlebot3_ws/install/turtlebot3_description:/home/tien/turtlebot3_ws/install/turtlebot3_cartographer:/home/tien/turtlebot3_ws/install/dynamixel_sdk_examples:/home/tien/turtlebot3_ws/install/dynamixel_sdk_custom_interfaces:/home/tien/turtlebot3_ws/install/dynamixel_sdk:/home/tien/jinpao_ws/install/robot_localization:/home/tien/jinpao_ws/install/plant_message:/home/tien/jinpao_ws/install/jinpao_description:/home/tien/jinpao_ws/install/jinpao_bringup:/home/tien/three_wheel_ws/install/rplidar_ros:/home/tien/three_wheel_ws/install/robot_description:/home/tien/three_wheel_ws/install/robot_bringup PYTHONPATH=/home/tien/Documents/GitHub/BoutToHackNASA/source/godang_ws/install/vision/lib/python3.10/site-packages:/home/tien/Documents/GitHub/BoutToHackNASA/source/godang_ws/install/planing/lib/python3.10/site-packages:/home/tien/Documents/GitHub/BoutToHackNASA/source/godang_ws/install/localization/lib/python3.10/site-packages:/home/tien/microros_ws/install/visualization_msgs/local/lib/python3.10/dist-packages:/home/tien/microros_ws/install/test_msgs/local/lib/python3.10/dist-packages:/home/tien/microros_ws/install/example_interfaces/local/lib/python3.10/dist-packages:/home/tien/microros_ws/install/action_msgs/local/lib/python3.10/dist-packages:/home/tien/microros_ws/install/unique_identifier_msgs/local/lib/python3.10/dist-packages:/home/tien/microros_ws/install/trajectory_msgs/local/lib/python3.10/dist-packages:/home/tien/microros_ws/install/stereo_msgs/local/lib/python3.10/dist-packages:/home/tien/microros_ws/install/std_srvs/local/lib/python3.10/dist-packages:/home/tien/microros_ws/install/shape_msgs/local/lib/python3.10/dist-packages:/home/tien/microros_ws/install/sensor_msgs_py/lib/python3.10/site-packages:/home/tien/microros_ws/install/sensor_msgs/local/lib/python3.10/dist-packages:/home/tien/microros_ws/install/nav_msgs/local/lib/python3.10/dist-packages:/home/tien/microros_ws/install/diagnostic_msgs/local/lib/python3.10/dist-packages:/home/tien/microros_ws/install/geometry_msgs/local/lib/python3.10/dist-packages:/home/tien/microros_ws/install/actionlib_msgs/local/lib/python3.10/dist-packages:/home/tien/microros_ws/install/std_msgs/local/lib/python3.10/dist-packages:/home/tien/microros_ws/install/statistics_msgs/local/lib/python3.10/dist-packages:/home/tien/microros_ws/install/rosidl_typesupport_microxrcedds_cpp/local/lib/python3.10/dist-packages:/home/tien/microros_ws/install/rosidl_typesupport_microxrcedds_c/local/lib/python3.10/dist-packages:/home/tien/microros_ws/install/rosgraph_msgs/local/lib/python3.10/dist-packages:/home/tien/microros_ws/install/composition_interfaces/local/lib/python3.10/dist-packages:/home/tien/microros_ws/install/rcl_interfaces/local/lib/python3.10/dist-packages:/home/tien/microros_ws/install/micro_ros_msgs/local/lib/python3.10/dist-packages:/home/tien/microros_ws/install/lifecycle_msgs/local/lib/python3.10/dist-packages:/home/tien/microros_ws/install/complex_msgs/local/lib/python3.10/dist-packages:/home/tien/microros_ws/install/builtin_interfaces/local/lib/python3.10/dist-packages:/home/tien/Documents/GitHub/ALL_CODE/red_ws/install/vision/lib/python3.10/site-packages:/home/tien/Documents/GitHub/ALL_CODE/red_ws/install/state/lib/python3.10/site-packages:/home/tien/Documents/GitHub/ALL_CODE/red_ws/install/mobile/lib/python3.10/site-packages:/home/tien/turtlebot3_ws/build/turtlebot3_teleop:/home/tien/turtlebot3_ws/install/turtlebot3_teleop/lib/python3.10/site-packages:/home/tien/turtlebot3_ws/build/turtlebot3_example:/home/tien/turtlebot3_ws/install/turtlebot3_example/lib/python3.10/site-packages:/home/tien/turtlebot3_ws/install/turtlebot3_msgs/local/lib/python3.10/dist-packages:/home/tien/turtlebot3_ws/install/dynamixel_sdk_custom_interfaces/local/lib/python3.10/dist-packages:/home/tien/jinpao_ws/install/robot_localization/local/lib/python3.10/dist-packages:/home/tien/jinpao_ws/install/plant_message/local/lib/python3.10/dist-packages:/home/tien/jinpao_ws/install/jinpao_test/lib/python3.10/site-packages:/home/tien/jinpao_ws/install/jinpao_description/local/lib/python3.10/dist-packages:/home/tien/jinpao_ws/install/jinpao_bringup/local/lib/python3.10/dist-packages:/home/tien/jinpao_naia_ws/install/state_pkg/lib/python3.10/site-packages:/home/tien/jinpao_naia_ws/install/py_control_pkg/lib/python3.10/site-packages:/home/tien/jinpao_naia_ws/install/cam_pkg/lib/python3.10/site-packages:/home/tien/abu_ws/install/manual/lib/python3.10/site-packages:/home/tien/three_wheel_ws/install/robot_bringup/local/lib/python3.10/dist-packages:/opt/ros/humble/lib/python3.10/site-packages:/opt/ros/humble/local/lib/python3.10/dist-packages /usr/bin/cmake --build /home/tien/Documents/GitHub/BoutToHackNASA/source/godang_ws/build/my_robot_bringup -- -j20 -l20
[4.749s] DEBUG:colcon.colcon_core.event_handler.log_command:Invoked command in '/home/tien/Documents/GitHub/BoutToHackNASA/source/godang_ws/build/my_robot_bringup' returned '0': AMENT_PREFIX_PATH=/home/tien/Documents/GitHub/BoutToHackNASA/source/godang_ws/install/vision:/home/tien/Documents/GitHub/BoutToHackNASA/source/godang_ws/install/planing:/home/tien/Documents/GitHub/BoutToHackNASA/source/godang_ws/install/localization:/home/tien/microros_ws/install/micro_ros_demos_rclc:/home/tien/microros_ws/install/common_interfaces:/home/tien/microros_ws/install/visualization_msgs:/home/tien/microros_ws/install/test_msgs:/home/tien/microros_ws/install/example_interfaces:/home/tien/microros_ws/install/action_msgs:/home/tien/microros_ws/install/unique_identifier_msgs:/home/tien/microros_ws/install/trajectory_msgs:/home/tien/microros_ws/install/stereo_msgs:/home/tien/microros_ws/install/std_srvs:/home/tien/microros_ws/install/shape_msgs:/home/tien/microros_ws/install/sensor_msgs_py:/home/tien/microros_ws/install/sensor_msgs:/home/tien/microros_ws/install/nav_msgs:/home/tien/microros_ws/install/diagnostic_msgs:/home/tien/microros_ws/install/geometry_msgs:/home/tien/microros_ws/install/actionlib_msgs:/home/tien/microros_ws/install/std_msgs:/home/tien/microros_ws/install/statistics_msgs:/home/tien/microros_ws/install/rosidl_typesupport_microxrcedds_test_msg:/home/tien/microros_ws/install/rosidl_typesupport_microxrcedds_cpp_tests:/home/tien/microros_ws/install/rmw_microxrcedds:/home/tien/microros_ws/install/rosidl_typesupport_microxrcedds_cpp:/home/tien/microros_ws/install/rosidl_typesupport_microxrcedds_c_tests:/home/tien/microros_ws/install/rosidl_typesupport_microxrcedds_c:/home/tien/microros_ws/install/rosgraph_msgs:/home/tien/microros_ws/install/rclc_parameter:/home/tien/microros_ws/install/rclc:/home/tien/microros_ws/install/composition_interfaces:/home/tien/microros_ws/install/rcl_interfaces:/home/tien/microros_ws/install/micro_ros_utilities:/home/tien/microros_ws/install/micro_ros_setup:/home/tien/microros_ws/install/micro_ros_agent:/home/tien/microros_ws/install/micro_ros_msgs:/home/tien/microros_ws/install/lifecycle_msgs:/home/tien/microros_ws/install/complex_msgs:/home/tien/microros_ws/install/builtin_interfaces:/home/tien/Documents/GitHub/BoutToHackNASA/source/godang_ws/install/my_robot_bringup:/home/tien/Documents/GitHub/ALL_CODE/red_ws/install/vision:/home/tien/Documents/GitHub/ALL_CODE/red_ws/install/state:/home/tien/Documents/GitHub/ALL_CODE/red_ws/install/mobile:/home/tien/turtlebot3_ws/install/turtlebot3:/home/tien/turtlebot3_ws/install/turtlebot3_teleop:/home/tien/turtlebot3_ws/install/turtlebot3_simulations:/home/tien/turtlebot3_ws/install/turtlebot3_bringup:/home/tien/turtlebot3_ws/install/turtlebot3_node:/home/tien/turtlebot3_ws/install/turtlebot3_navigation2:/home/tien/turtlebot3_ws/install/turtlebot3_fake_node:/home/tien/turtlebot3_ws/install/turtlebot3_example:/home/tien/turtlebot3_ws/install/turtlebot3_msgs:/home/tien/turtlebot3_ws/install/turtlebot3_gazebo:/home/tien/turtlebot3_ws/install/turtlebot3_description:/home/tien/turtlebot3_ws/install/turtlebot3_cartographer:/home/tien/turtlebot3_ws/install/dynamixel_sdk_examples:/home/tien/turtlebot3_ws/install/dynamixel_sdk_custom_interfaces:/home/tien/turtlebot3_ws/install/dynamixel_sdk:/home/tien/jinpao_ws/install/robot_localization:/home/tien/jinpao_ws/install/plant_message:/home/tien/jinpao_ws/install/jinpao_test:/home/tien/jinpao_ws/install/jinpao_description:/home/tien/jinpao_ws/install/jinpao_bringup:/home/tien/jinpao_naia_ws/install/state_pkg:/home/tien/jinpao_naia_ws/install/py_control_pkg:/home/tien/jinpao_naia_ws/install/cam_pkg:/home/tien/abu_ws/install/manual:/home/tien/three_wheel_ws/install/rplidar_ros:/home/tien/three_wheel_ws/install/robot_description:/home/tien/three_wheel_ws/install/robot_bringup:/opt/ros/humble CMAKE_PREFIX_PATH=/home/tien/microros_ws/install/micro_ros_demos_rclc:/home/tien/microros_ws/install/common_interfaces:/home/tien/microros_ws/install/visualization_msgs:/home/tien/microros_ws/install/test_msgs:/home/tien/microros_ws/install/example_interfaces:/home/tien/microros_ws/install/action_msgs:/home/tien/microros_ws/install/unique_identifier_msgs:/home/tien/microros_ws/install/trajectory_msgs:/home/tien/microros_ws/install/stereo_msgs:/home/tien/microros_ws/install/std_srvs:/home/tien/microros_ws/install/shape_msgs:/home/tien/microros_ws/install/sensor_msgs:/home/tien/microros_ws/install/nav_msgs:/home/tien/microros_ws/install/diagnostic_msgs:/home/tien/microros_ws/install/geometry_msgs:/home/tien/microros_ws/install/actionlib_msgs:/home/tien/microros_ws/install/std_msgs:/home/tien/microros_ws/install/statistics_msgs:/home/tien/microros_ws/install/rosidl_typesupport_microxrcedds_test_msg:/home/tien/microros_ws/install/rosidl_typesupport_microxrcedds_cpp_tests:/home/tien/microros_ws/install/rmw_microxrcedds:/home/tien/microros_ws/install/rosidl_typesupport_microxrcedds_cpp:/home/tien/microros_ws/install/rosidl_typesupport_microxrcedds_c_tests:/home/tien/microros_ws/install/rosidl_typesupport_microxrcedds_c:/home/tien/microros_ws/install/rosgraph_msgs:/home/tien/microros_ws/install/rclc_parameter:/home/tien/microros_ws/install/rclc:/home/tien/microros_ws/install/composition_interfaces:/home/tien/microros_ws/install/rcl_interfaces:/home/tien/microros_ws/install/microxrcedds_client:/home/tien/microros_ws/install/microcdr:/home/tien/microros_ws/install/micro_ros_utilities:/home/tien/microros_ws/install/micro_ros_setup:/home/tien/microros_ws/install/micro_ros_agent:/home/tien/microros_ws/install/micro_ros_msgs:/home/tien/microros_ws/install/lifecycle_msgs:/home/tien/microros_ws/install/complex_msgs:/home/tien/microros_ws/install/builtin_interfaces:/home/tien/Documents/GitHub/BoutToHackNASA/source/godang_ws/install/my_robot_bringup:/home/tien/turtlebot3_ws/install/turtlebot3:/home/tien/turtlebot3_ws/install/turtlebot3_simulations:/home/tien/turtlebot3_ws/install/turtlebot3_bringup:/home/tien/turtlebot3_ws/install/turtlebot3_node:/home/tien/turtlebot3_ws/install/turtlebot3_navigation2:/home/tien/turtlebot3_ws/install/turtlebot3_fake_node:/home/tien/turtlebot3_ws/install/turtlebot3_msgs:/home/tien/microros_ws/install/sensor_msgs_py:/home/tien/Documents/GitHub/BoutToHackNASA/source/godang_ws/install/vision:/home/tien/Documents/GitHub/BoutToHackNASA/source/godang_ws/install/planing:/home/tien/Documents/GitHub/BoutToHackNASA/source/godang_ws/install/localization:/home/tien/Documents/GitHub/ALL_CODE/red_ws/install/vision:/home/tien/Documents/GitHub/ALL_CODE/red_ws/install/state:/home/tien/Documents/GitHub/ALL_CODE/red_ws/install/mobile:/home/tien/turtlebot3_ws/install/turtlebot3_teleop:/home/tien/turtlebot3_ws/install/turtlebot3_example:/home/tien/jinpao_ws/install/jinpao_test:/home/tien/jinpao_naia_ws/install/state_pkg:/home/tien/jinpao_naia_ws/install/py_control_pkg:/home/tien/jinpao_naia_ws/install/cam_pkg:/home/tien/abu_ws/install/manual:/opt/ros/humble:/home/tien/turtlebot3_ws/install/turtlebot3_gazebo:/home/tien/turtlebot3_ws/install/turtlebot3_description:/home/tien/turtlebot3_ws/install/turtlebot3_cartographer:/home/tien/turtlebot3_ws/install/dynamixel_sdk_examples:/home/tien/turtlebot3_ws/install/dynamixel_sdk_custom_interfaces:/home/tien/turtlebot3_ws/install/dynamixel_sdk:/home/tien/jinpao_ws/install/robot_localization:/home/tien/jinpao_ws/install/plant_message:/home/tien/jinpao_ws/install/jinpao_description:/home/tien/jinpao_ws/install/jinpao_bringup:/home/tien/three_wheel_ws/install/rplidar_ros:/home/tien/three_wheel_ws/install/robot_description:/home/tien/three_wheel_ws/install/robot_bringup PYTHONPATH=/home/tien/Documents/GitHub/BoutToHackNASA/source/godang_ws/install/vision/lib/python3.10/site-packages:/home/tien/Documents/GitHub/BoutToHackNASA/source/godang_ws/install/planing/lib/python3.10/site-packages:/home/tien/Documents/GitHub/BoutToHackNASA/source/godang_ws/install/localization/lib/python3.10/site-packages:/home/tien/microros_ws/install/visualization_msgs/local/lib/python3.10/dist-packages:/home/tien/microros_ws/install/test_msgs/local/lib/python3.10/dist-packages:/home/tien/microros_ws/install/example_interfaces/local/lib/python3.10/dist-packages:/home/tien/microros_ws/install/action_msgs/local/lib/python3.10/dist-packages:/home/tien/microros_ws/install/unique_identifier_msgs/local/lib/python3.10/dist-packages:/home/tien/microros_ws/install/trajectory_msgs/local/lib/python3.10/dist-packages:/home/tien/microros_ws/install/stereo_msgs/local/lib/python3.10/dist-packages:/home/tien/microros_ws/install/std_srvs/local/lib/python3.10/dist-packages:/home/tien/microros_ws/install/shape_msgs/local/lib/python3.10/dist-packages:/home/tien/microros_ws/install/sensor_msgs_py/lib/python3.10/site-packages:/home/tien/microros_ws/install/sensor_msgs/local/lib/python3.10/dist-packages:/home/tien/microros_ws/install/nav_msgs/local/lib/python3.10/dist-packages:/home/tien/microros_ws/install/diagnostic_msgs/local/lib/python3.10/dist-packages:/home/tien/microros_ws/install/geometry_msgs/local/lib/python3.10/dist-packages:/home/tien/microros_ws/install/actionlib_msgs/local/lib/python3.10/dist-packages:/home/tien/microros_ws/install/std_msgs/local/lib/python3.10/dist-packages:/home/tien/microros_ws/install/statistics_msgs/local/lib/python3.10/dist-packages:/home/tien/microros_ws/install/rosidl_typesupport_microxrcedds_cpp/local/lib/python3.10/dist-packages:/home/tien/microros_ws/install/rosidl_typesupport_microxrcedds_c/local/lib/python3.10/dist-packages:/home/tien/microros_ws/install/rosgraph_msgs/local/lib/python3.10/dist-packages:/home/tien/microros_ws/install/composition_interfaces/local/lib/python3.10/dist-packages:/home/tien/microros_ws/install/rcl_interfaces/local/lib/python3.10/dist-packages:/home/tien/microros_ws/install/micro_ros_msgs/local/lib/python3.10/dist-packages:/home/tien/microros_ws/install/lifecycle_msgs/local/lib/python3.10/dist-packages:/home/tien/microros_ws/install/complex_msgs/local/lib/python3.10/dist-packages:/home/tien/microros_ws/install/builtin_interfaces/local/lib/python3.10/dist-packages:/home/tien/Documents/GitHub/ALL_CODE/red_ws/install/vision/lib/python3.10/site-packages:/home/tien/Documents/GitHub/ALL_CODE/red_ws/install/state/lib/python3.10/site-packages:/home/tien/Documents/GitHub/ALL_CODE/red_ws/install/mobile/lib/python3.10/site-packages:/home/tien/turtlebot3_ws/build/turtlebot3_teleop:/home/tien/turtlebot3_ws/install/turtlebot3_teleop/lib/python3.10/site-packages:/home/tien/turtlebot3_ws/build/turtlebot3_example:/home/tien/turtlebot3_ws/install/turtlebot3_example/lib/python3.10/site-packages:/home/tien/turtlebot3_ws/install/turtlebot3_msgs/local/lib/python3.10/dist-packages:/home/tien/turtlebot3_ws/install/dynamixel_sdk_custom_interfaces/local/lib/python3.10/dist-packages:/home/tien/jinpao_ws/install/robot_localization/local/lib/python3.10/dist-packages:/home/tien/jinpao_ws/install/plant_message/local/lib/python3.10/dist-packages:/home/tien/jinpao_ws/install/jinpao_test/lib/python3.10/site-packages:/home/tien/jinpao_ws/install/jinpao_description/local/lib/python3.10/dist-packages:/home/tien/jinpao_ws/install/jinpao_bringup/local/lib/python3.10/dist-packages:/home/tien/jinpao_naia_ws/install/state_pkg/lib/python3.10/site-packages:/home/tien/jinpao_naia_ws/install/py_control_pkg/lib/python3.10/site-packages:/home/tien/jinpao_naia_ws/install/cam_pkg/lib/python3.10/site-packages:/home/tien/abu_ws/install/manual/lib/python3.10/site-packages:/home/tien/three_wheel_ws/install/robot_bringup/local/lib/python3.10/dist-packages:/opt/ros/humble/lib/python3.10/site-packages:/opt/ros/humble/local/lib/python3.10/dist-packages /usr/bin/cmake --build /home/tien/Documents/GitHub/BoutToHackNASA/source/godang_ws/build/my_robot_bringup -- -j20 -l20
[4.830s] DEBUG:colcon.colcon_core.event_handler.log_command:Invoking command in '/home/tien/Documents/GitHub/BoutToHackNASA/source/godang_ws/build/my_robot_bringup': AMENT_PREFIX_PATH=/home/tien/Documents/GitHub/BoutToHackNASA/source/godang_ws/install/vision:/home/tien/Documents/GitHub/BoutToHackNASA/source/godang_ws/install/planing:/home/tien/Documents/GitHub/BoutToHackNASA/source/godang_ws/install/localization:/home/tien/microros_ws/install/micro_ros_demos_rclc:/home/tien/microros_ws/install/common_interfaces:/home/tien/microros_ws/install/visualization_msgs:/home/tien/microros_ws/install/test_msgs:/home/tien/microros_ws/install/example_interfaces:/home/tien/microros_ws/install/action_msgs:/home/tien/microros_ws/install/unique_identifier_msgs:/home/tien/microros_ws/install/trajectory_msgs:/home/tien/microros_ws/install/stereo_msgs:/home/tien/microros_ws/install/std_srvs:/home/tien/microros_ws/install/shape_msgs:/home/tien/microros_ws/install/sensor_msgs_py:/home/tien/microros_ws/install/sensor_msgs:/home/tien/microros_ws/install/nav_msgs:/home/tien/microros_ws/install/diagnostic_msgs:/home/tien/microros_ws/install/geometry_msgs:/home/tien/microros_ws/install/actionlib_msgs:/home/tien/microros_ws/install/std_msgs:/home/tien/microros_ws/install/statistics_msgs:/home/tien/microros_ws/install/rosidl_typesupport_microxrcedds_test_msg:/home/tien/microros_ws/install/rosidl_typesupport_microxrcedds_cpp_tests:/home/tien/microros_ws/install/rmw_microxrcedds:/home/tien/microros_ws/install/rosidl_typesupport_microxrcedds_cpp:/home/tien/microros_ws/install/rosidl_typesupport_microxrcedds_c_tests:/home/tien/microros_ws/install/rosidl_typesupport_microxrcedds_c:/home/tien/microros_ws/install/rosgraph_msgs:/home/tien/microros_ws/install/rclc_parameter:/home/tien/microros_ws/install/rclc:/home/tien/microros_ws/install/composition_interfaces:/home/tien/microros_ws/install/rcl_interfaces:/home/tien/microros_ws/install/micro_ros_utilities:/home/tien/microros_ws/install/micro_ros_setup:/home/tien/microros_ws/install/micro_ros_agent:/home/tien/microros_ws/install/micro_ros_msgs:/home/tien/microros_ws/install/lifecycle_msgs:/home/tien/microros_ws/install/complex_msgs:/home/tien/microros_ws/install/builtin_interfaces:/home/tien/Documents/GitHub/BoutToHackNASA/source/godang_ws/install/my_robot_bringup:/home/tien/Documents/GitHub/ALL_CODE/red_ws/install/vision:/home/tien/Documents/GitHub/ALL_CODE/red_ws/install/state:/home/tien/Documents/GitHub/ALL_CODE/red_ws/install/mobile:/home/tien/turtlebot3_ws/install/turtlebot3:/home/tien/turtlebot3_ws/install/turtlebot3_teleop:/home/tien/turtlebot3_ws/install/turtlebot3_simulations:/home/tien/turtlebot3_ws/install/turtlebot3_bringup:/home/tien/turtlebot3_ws/install/turtlebot3_node:/home/tien/turtlebot3_ws/install/turtlebot3_navigation2:/home/tien/turtlebot3_ws/install/turtlebot3_fake_node:/home/tien/turtlebot3_ws/install/turtlebot3_example:/home/tien/turtlebot3_ws/install/turtlebot3_msgs:/home/tien/turtlebot3_ws/install/turtlebot3_gazebo:/home/tien/turtlebot3_ws/install/turtlebot3_description:/home/tien/turtlebot3_ws/install/turtlebot3_cartographer:/home/tien/turtlebot3_ws/install/dynamixel_sdk_examples:/home/tien/turtlebot3_ws/install/dynamixel_sdk_custom_interfaces:/home/tien/turtlebot3_ws/install/dynamixel_sdk:/home/tien/jinpao_ws/install/robot_localization:/home/tien/jinpao_ws/install/plant_message:/home/tien/jinpao_ws/install/jinpao_test:/home/tien/jinpao_ws/install/jinpao_description:/home/tien/jinpao_ws/install/jinpao_bringup:/home/tien/jinpao_naia_ws/install/state_pkg:/home/tien/jinpao_naia_ws/install/py_control_pkg:/home/tien/jinpao_naia_ws/install/cam_pkg:/home/tien/abu_ws/install/manual:/home/tien/three_wheel_ws/install/rplidar_ros:/home/tien/three_wheel_ws/install/robot_description:/home/tien/three_wheel_ws/install/robot_bringup:/opt/ros/humble CMAKE_PREFIX_PATH=/home/tien/microros_ws/install/micro_ros_demos_rclc:/home/tien/microros_ws/install/common_interfaces:/home/tien/microros_ws/install/visualization_msgs:/home/tien/microros_ws/install/test_msgs:/home/tien/microros_ws/install/example_interfaces:/home/tien/microros_ws/install/action_msgs:/home/tien/microros_ws/install/unique_identifier_msgs:/home/tien/microros_ws/install/trajectory_msgs:/home/tien/microros_ws/install/stereo_msgs:/home/tien/microros_ws/install/std_srvs:/home/tien/microros_ws/install/shape_msgs:/home/tien/microros_ws/install/sensor_msgs:/home/tien/microros_ws/install/nav_msgs:/home/tien/microros_ws/install/diagnostic_msgs:/home/tien/microros_ws/install/geometry_msgs:/home/tien/microros_ws/install/actionlib_msgs:/home/tien/microros_ws/install/std_msgs:/home/tien/microros_ws/install/statistics_msgs:/home/tien/microros_ws/install/rosidl_typesupport_microxrcedds_test_msg:/home/tien/microros_ws/install/rosidl_typesupport_microxrcedds_cpp_tests:/home/tien/microros_ws/install/rmw_microxrcedds:/home/tien/microros_ws/install/rosidl_typesupport_microxrcedds_cpp:/home/tien/microros_ws/install/rosidl_typesupport_microxrcedds_c_tests:/home/tien/microros_ws/install/rosidl_typesupport_microxrcedds_c:/home/tien/microros_ws/install/rosgraph_msgs:/home/tien/microros_ws/install/rclc_parameter:/home/tien/microros_ws/install/rclc:/home/tien/microros_ws/install/composition_interfaces:/home/tien/microros_ws/install/rcl_interfaces:/home/tien/microros_ws/install/microxrcedds_client:/home/tien/microros_ws/install/microcdr:/home/tien/microros_ws/install/micro_ros_utilities:/home/tien/microros_ws/install/micro_ros_setup:/home/tien/microros_ws/install/micro_ros_agent:/home/tien/microros_ws/install/micro_ros_msgs:/home/tien/microros_ws/install/lifecycle_msgs:/home/tien/microros_ws/install/complex_msgs:/home/tien/microros_ws/install/builtin_interfaces:/home/tien/Documents/GitHub/BoutToHackNASA/source/godang_ws/install/my_robot_bringup:/home/tien/turtlebot3_ws/install/turtlebot3:/home/tien/turtlebot3_ws/install/turtlebot3_simulations:/home/tien/turtlebot3_ws/install/turtlebot3_bringup:/home/tien/turtlebot3_ws/install/turtlebot3_node:/home/tien/turtlebot3_ws/install/turtlebot3_navigation2:/home/tien/turtlebot3_ws/install/turtlebot3_fake_node:/home/tien/turtlebot3_ws/install/turtlebot3_msgs:/home/tien/microros_ws/install/sensor_msgs_py:/home/tien/Documents/GitHub/BoutToHackNASA/source/godang_ws/install/vision:/home/tien/Documents/GitHub/BoutToHackNASA/source/godang_ws/install/planing:/home/tien/Documents/GitHub/BoutToHackNASA/source/godang_ws/install/localization:/home/tien/Documents/GitHub/ALL_CODE/red_ws/install/vision:/home/tien/Documents/GitHub/ALL_CODE/red_ws/install/state:/home/tien/Documents/GitHub/ALL_CODE/red_ws/install/mobile:/home/tien/turtlebot3_ws/install/turtlebot3_teleop:/home/tien/turtlebot3_ws/install/turtlebot3_example:/home/tien/jinpao_ws/install/jinpao_test:/home/tien/jinpao_naia_ws/install/state_pkg:/home/tien/jinpao_naia_ws/install/py_control_pkg:/home/tien/jinpao_naia_ws/install/cam_pkg:/home/tien/abu_ws/install/manual:/opt/ros/humble:/home/tien/turtlebot3_ws/install/turtlebot3_gazebo:/home/tien/turtlebot3_ws/install/turtlebot3_description:/home/tien/turtlebot3_ws/install/turtlebot3_cartographer:/home/tien/turtlebot3_ws/install/dynamixel_sdk_examples:/home/tien/turtlebot3_ws/install/dynamixel_sdk_custom_interfaces:/home/tien/turtlebot3_ws/install/dynamixel_sdk:/home/tien/jinpao_ws/install/robot_localization:/home/tien/jinpao_ws/install/plant_message:/home/tien/jinpao_ws/install/jinpao_description:/home/tien/jinpao_ws/install/jinpao_bringup:/home/tien/three_wheel_ws/install/rplidar_ros:/home/tien/three_wheel_ws/install/robot_description:/home/tien/three_wheel_ws/install/robot_bringup PYTHONPATH=/home/tien/Documents/GitHub/BoutToHackNASA/source/godang_ws/install/vision/lib/python3.10/site-packages:/home/tien/Documents/GitHub/BoutToHackNASA/source/godang_ws/install/planing/lib/python3.10/site-packages:/home/tien/Documents/GitHub/BoutToHackNASA/source/godang_ws/install/localization/lib/python3.10/site-packages:/home/tien/microros_ws/install/visualization_msgs/local/lib/python3.10/dist-packages:/home/tien/microros_ws/install/test_msgs/local/lib/python3.10/dist-packages:/home/tien/microros_ws/install/example_interfaces/local/lib/python3.10/dist-packages:/home/tien/microros_ws/install/action_msgs/local/lib/python3.10/dist-packages:/home/tien/microros_ws/install/unique_identifier_msgs/local/lib/python3.10/dist-packages:/home/tien/microros_ws/install/trajectory_msgs/local/lib/python3.10/dist-packages:/home/tien/microros_ws/install/stereo_msgs/local/lib/python3.10/dist-packages:/home/tien/microros_ws/install/std_srvs/local/lib/python3.10/dist-packages:/home/tien/microros_ws/install/shape_msgs/local/lib/python3.10/dist-packages:/home/tien/microros_ws/install/sensor_msgs_py/lib/python3.10/site-packages:/home/tien/microros_ws/install/sensor_msgs/local/lib/python3.10/dist-packages:/home/tien/microros_ws/install/nav_msgs/local/lib/python3.10/dist-packages:/home/tien/microros_ws/install/diagnostic_msgs/local/lib/python3.10/dist-packages:/home/tien/microros_ws/install/geometry_msgs/local/lib/python3.10/dist-packages:/home/tien/microros_ws/install/actionlib_msgs/local/lib/python3.10/dist-packages:/home/tien/microros_ws/install/std_msgs/local/lib/python3.10/dist-packages:/home/tien/microros_ws/install/statistics_msgs/local/lib/python3.10/dist-packages:/home/tien/microros_ws/install/rosidl_typesupport_microxrcedds_cpp/local/lib/python3.10/dist-packages:/home/tien/microros_ws/install/rosidl_typesupport_microxrcedds_c/local/lib/python3.10/dist-packages:/home/tien/microros_ws/install/rosgraph_msgs/local/lib/python3.10/dist-packages:/home/tien/microros_ws/install/composition_interfaces/local/lib/python3.10/dist-packages:/home/tien/microros_ws/install/rcl_interfaces/local/lib/python3.10/dist-packages:/home/tien/microros_ws/install/micro_ros_msgs/local/lib/python3.10/dist-packages:/home/tien/microros_ws/install/lifecycle_msgs/local/lib/python3.10/dist-packages:/home/tien/microros_ws/install/complex_msgs/local/lib/python3.10/dist-packages:/home/tien/microros_ws/install/builtin_interfaces/local/lib/python3.10/dist-packages:/home/tien/Documents/GitHub/ALL_CODE/red_ws/install/vision/lib/python3.10/site-packages:/home/tien/Documents/GitHub/ALL_CODE/red_ws/install/state/lib/python3.10/site-packages:/home/tien/Documents/GitHub/ALL_CODE/red_ws/install/mobile/lib/python3.10/site-packages:/home/tien/turtlebot3_ws/build/turtlebot3_teleop:/home/tien/turtlebot3_ws/install/turtlebot3_teleop/lib/python3.10/site-packages:/home/tien/turtlebot3_ws/build/turtlebot3_example:/home/tien/turtlebot3_ws/install/turtlebot3_example/lib/python3.10/site-packages:/home/tien/turtlebot3_ws/install/turtlebot3_msgs/local/lib/python3.10/dist-packages:/home/tien/turtlebot3_ws/install/dynamixel_sdk_custom_interfaces/local/lib/python3.10/dist-packages:/home/tien/jinpao_ws/install/robot_localization/local/lib/python3.10/dist-packages:/home/tien/jinpao_ws/install/plant_message/local/lib/python3.10/dist-packages:/home/tien/jinpao_ws/install/jinpao_test/lib/python3.10/site-packages:/home/tien/jinpao_ws/install/jinpao_description/local/lib/python3.10/dist-packages:/home/tien/jinpao_ws/install/jinpao_bringup/local/lib/python3.10/dist-packages:/home/tien/jinpao_naia_ws/install/state_pkg/lib/python3.10/site-packages:/home/tien/jinpao_naia_ws/install/py_control_pkg/lib/python3.10/site-packages:/home/tien/jinpao_naia_ws/install/cam_pkg/lib/python3.10/site-packages:/home/tien/abu_ws/install/manual/lib/python3.10/site-packages:/home/tien/three_wheel_ws/install/robot_bringup/local/lib/python3.10/dist-packages:/opt/ros/humble/lib/python3.10/site-packages:/opt/ros/humble/local/lib/python3.10/dist-packages /usr/bin/cmake --install /home/tien/Documents/GitHub/BoutToHackNASA/source/godang_ws/build/my_robot_bringup
[4.850s] Level 1:colcon.colcon_core.environment:create_environment_scripts_only(my_robot_bringup)
[4.851s] Level 1:colcon.colcon_core.environment:checking '/home/tien/Documents/GitHub/BoutToHackNASA/source/godang_ws/install/my_robot_bringup' for CMake module files
[4.854s] DEBUG:colcon.colcon_core.event_handler.log_command:Invoked command in '/home/tien/Documents/GitHub/BoutToHackNASA/source/godang_ws/build/my_robot_bringup' returned '0': AMENT_PREFIX_PATH=/home/tien/Documents/GitHub/BoutToHackNASA/source/godang_ws/install/vision:/home/tien/Documents/GitHub/BoutToHackNASA/source/godang_ws/install/planing:/home/tien/Documents/GitHub/BoutToHackNASA/source/godang_ws/install/localization:/home/tien/microros_ws/install/micro_ros_demos_rclc:/home/tien/microros_ws/install/common_interfaces:/home/tien/microros_ws/install/visualization_msgs:/home/tien/microros_ws/install/test_msgs:/home/tien/microros_ws/install/example_interfaces:/home/tien/microros_ws/install/action_msgs:/home/tien/microros_ws/install/unique_identifier_msgs:/home/tien/microros_ws/install/trajectory_msgs:/home/tien/microros_ws/install/stereo_msgs:/home/tien/microros_ws/install/std_srvs:/home/tien/microros_ws/install/shape_msgs:/home/tien/microros_ws/install/sensor_msgs_py:/home/tien/microros_ws/install/sensor_msgs:/home/tien/microros_ws/install/nav_msgs:/home/tien/microros_ws/install/diagnostic_msgs:/home/tien/microros_ws/install/geometry_msgs:/home/tien/microros_ws/install/actionlib_msgs:/home/tien/microros_ws/install/std_msgs:/home/tien/microros_ws/install/statistics_msgs:/home/tien/microros_ws/install/rosidl_typesupport_microxrcedds_test_msg:/home/tien/microros_ws/install/rosidl_typesupport_microxrcedds_cpp_tests:/home/tien/microros_ws/install/rmw_microxrcedds:/home/tien/microros_ws/install/rosidl_typesupport_microxrcedds_cpp:/home/tien/microros_ws/install/rosidl_typesupport_microxrcedds_c_tests:/home/tien/microros_ws/install/rosidl_typesupport_microxrcedds_c:/home/tien/microros_ws/install/rosgraph_msgs:/home/tien/microros_ws/install/rclc_parameter:/home/tien/microros_ws/install/rclc:/home/tien/microros_ws/install/composition_interfaces:/home/tien/microros_ws/install/rcl_interfaces:/home/tien/microros_ws/install/micro_ros_utilities:/home/tien/microros_ws/install/micro_ros_setup:/home/tien/microros_ws/install/micro_ros_agent:/home/tien/microros_ws/install/micro_ros_msgs:/home/tien/microros_ws/install/lifecycle_msgs:/home/tien/microros_ws/install/complex_msgs:/home/tien/microros_ws/install/builtin_interfaces:/home/tien/Documents/GitHub/BoutToHackNASA/source/godang_ws/install/my_robot_bringup:/home/tien/Documents/GitHub/ALL_CODE/red_ws/install/vision:/home/tien/Documents/GitHub/ALL_CODE/red_ws/install/state:/home/tien/Documents/GitHub/ALL_CODE/red_ws/install/mobile:/home/tien/turtlebot3_ws/install/turtlebot3:/home/tien/turtlebot3_ws/install/turtlebot3_teleop:/home/tien/turtlebot3_ws/install/turtlebot3_simulations:/home/tien/turtlebot3_ws/install/turtlebot3_bringup:/home/tien/turtlebot3_ws/install/turtlebot3_node:/home/tien/turtlebot3_ws/install/turtlebot3_navigation2:/home/tien/turtlebot3_ws/install/turtlebot3_fake_node:/home/tien/turtlebot3_ws/install/turtlebot3_example:/home/tien/turtlebot3_ws/install/turtlebot3_msgs:/home/tien/turtlebot3_ws/install/turtlebot3_gazebo:/home/tien/turtlebot3_ws/install/turtlebot3_description:/home/tien/turtlebot3_ws/install/turtlebot3_cartographer:/home/tien/turtlebot3_ws/install/dynamixel_sdk_examples:/home/tien/turtlebot3_ws/install/dynamixel_sdk_custom_interfaces:/home/tien/turtlebot3_ws/install/dynamixel_sdk:/home/tien/jinpao_ws/install/robot_localization:/home/tien/jinpao_ws/install/plant_message:/home/tien/jinpao_ws/install/jinpao_test:/home/tien/jinpao_ws/install/jinpao_description:/home/tien/jinpao_ws/install/jinpao_bringup:/home/tien/jinpao_naia_ws/install/state_pkg:/home/tien/jinpao_naia_ws/install/py_control_pkg:/home/tien/jinpao_naia_ws/install/cam_pkg:/home/tien/abu_ws/install/manual:/home/tien/three_wheel_ws/install/rplidar_ros:/home/tien/three_wheel_ws/install/robot_description:/home/tien/three_wheel_ws/install/robot_bringup:/opt/ros/humble CMAKE_PREFIX_PATH=/home/tien/microros_ws/install/micro_ros_demos_rclc:/home/tien/microros_ws/install/common_interfaces:/home/tien/microros_ws/install/visualization_msgs:/home/tien/microros_ws/install/test_msgs:/home/tien/microros_ws/install/example_interfaces:/home/tien/microros_ws/install/action_msgs:/home/tien/microros_ws/install/unique_identifier_msgs:/home/tien/microros_ws/install/trajectory_msgs:/home/tien/microros_ws/install/stereo_msgs:/home/tien/microros_ws/install/std_srvs:/home/tien/microros_ws/install/shape_msgs:/home/tien/microros_ws/install/sensor_msgs:/home/tien/microros_ws/install/nav_msgs:/home/tien/microros_ws/install/diagnostic_msgs:/home/tien/microros_ws/install/geometry_msgs:/home/tien/microros_ws/install/actionlib_msgs:/home/tien/microros_ws/install/std_msgs:/home/tien/microros_ws/install/statistics_msgs:/home/tien/microros_ws/install/rosidl_typesupport_microxrcedds_test_msg:/home/tien/microros_ws/install/rosidl_typesupport_microxrcedds_cpp_tests:/home/tien/microros_ws/install/rmw_microxrcedds:/home/tien/microros_ws/install/rosidl_typesupport_microxrcedds_cpp:/home/tien/microros_ws/install/rosidl_typesupport_microxrcedds_c_tests:/home/tien/microros_ws/install/rosidl_typesupport_microxrcedds_c:/home/tien/microros_ws/install/rosgraph_msgs:/home/tien/microros_ws/install/rclc_parameter:/home/tien/microros_ws/install/rclc:/home/tien/microros_ws/install/composition_interfaces:/home/tien/microros_ws/install/rcl_interfaces:/home/tien/microros_ws/install/microxrcedds_client:/home/tien/microros_ws/install/microcdr:/home/tien/microros_ws/install/micro_ros_utilities:/home/tien/microros_ws/install/micro_ros_setup:/home/tien/microros_ws/install/micro_ros_agent:/home/tien/microros_ws/install/micro_ros_msgs:/home/tien/microros_ws/install/lifecycle_msgs:/home/tien/microros_ws/install/complex_msgs:/home/tien/microros_ws/install/builtin_interfaces:/home/tien/Documents/GitHub/BoutToHackNASA/source/godang_ws/install/my_robot_bringup:/home/tien/turtlebot3_ws/install/turtlebot3:/home/tien/turtlebot3_ws/install/turtlebot3_simulations:/home/tien/turtlebot3_ws/install/turtlebot3_bringup:/home/tien/turtlebot3_ws/install/turtlebot3_node:/home/tien/turtlebot3_ws/install/turtlebot3_navigation2:/home/tien/turtlebot3_ws/install/turtlebot3_fake_node:/home/tien/turtlebot3_ws/install/turtlebot3_msgs:/home/tien/microros_ws/install/sensor_msgs_py:/home/tien/Documents/GitHub/BoutToHackNASA/source/godang_ws/install/vision:/home/tien/Documents/GitHub/BoutToHackNASA/source/godang_ws/install/planing:/home/tien/Documents/GitHub/BoutToHackNASA/source/godang_ws/install/localization:/home/tien/Documents/GitHub/ALL_CODE/red_ws/install/vision:/home/tien/Documents/GitHub/ALL_CODE/red_ws/install/state:/home/tien/Documents/GitHub/ALL_CODE/red_ws/install/mobile:/home/tien/turtlebot3_ws/install/turtlebot3_teleop:/home/tien/turtlebot3_ws/install/turtlebot3_example:/home/tien/jinpao_ws/install/jinpao_test:/home/tien/jinpao_naia_ws/install/state_pkg:/home/tien/jinpao_naia_ws/install/py_control_pkg:/home/tien/jinpao_naia_ws/install/cam_pkg:/home/tien/abu_ws/install/manual:/opt/ros/humble:/home/tien/turtlebot3_ws/install/turtlebot3_gazebo:/home/tien/turtlebot3_ws/install/turtlebot3_description:/home/tien/turtlebot3_ws/install/turtlebot3_cartographer:/home/tien/turtlebot3_ws/install/dynamixel_sdk_examples:/home/tien/turtlebot3_ws/install/dynamixel_sdk_custom_interfaces:/home/tien/turtlebot3_ws/install/dynamixel_sdk:/home/tien/jinpao_ws/install/robot_localization:/home/tien/jinpao_ws/install/plant_message:/home/tien/jinpao_ws/install/jinpao_description:/home/tien/jinpao_ws/install/jinpao_bringup:/home/tien/three_wheel_ws/install/rplidar_ros:/home/tien/three_wheel_ws/install/robot_description:/home/tien/three_wheel_ws/install/robot_bringup PYTHONPATH=/home/tien/Documents/GitHub/BoutToHackNASA/source/godang_ws/install/vision/lib/python3.10/site-packages:/home/tien/Documents/GitHub/BoutToHackNASA/source/godang_ws/install/planing/lib/python3.10/site-packages:/home/tien/Documents/GitHub/BoutToHackNASA/source/godang_ws/install/localization/lib/python3.10/site-packages:/home/tien/microros_ws/install/visualization_msgs/local/lib/python3.10/dist-packages:/home/tien/microros_ws/install/test_msgs/local/lib/python3.10/dist-packages:/home/tien/microros_ws/install/example_interfaces/local/lib/python3.10/dist-packages:/home/tien/microros_ws/install/action_msgs/local/lib/python3.10/dist-packages:/home/tien/microros_ws/install/unique_identifier_msgs/local/lib/python3.10/dist-packages:/home/tien/microros_ws/install/trajectory_msgs/local/lib/python3.10/dist-packages:/home/tien/microros_ws/install/stereo_msgs/local/lib/python3.10/dist-packages:/home/tien/microros_ws/install/std_srvs/local/lib/python3.10/dist-packages:/home/tien/microros_ws/install/shape_msgs/local/lib/python3.10/dist-packages:/home/tien/microros_ws/install/sensor_msgs_py/lib/python3.10/site-packages:/home/tien/microros_ws/install/sensor_msgs/local/lib/python3.10/dist-packages:/home/tien/microros_ws/install/nav_msgs/local/lib/python3.10/dist-packages:/home/tien/microros_ws/install/diagnostic_msgs/local/lib/python3.10/dist-packages:/home/tien/microros_ws/install/geometry_msgs/local/lib/python3.10/dist-packages:/home/tien/microros_ws/install/actionlib_msgs/local/lib/python3.10/dist-packages:/home/tien/microros_ws/install/std_msgs/local/lib/python3.10/dist-packages:/home/tien/microros_ws/install/statistics_msgs/local/lib/python3.10/dist-packages:/home/tien/microros_ws/install/rosidl_typesupport_microxrcedds_cpp/local/lib/python3.10/dist-packages:/home/tien/microros_ws/install/rosidl_typesupport_microxrcedds_c/local/lib/python3.10/dist-packages:/home/tien/microros_ws/install/rosgraph_msgs/local/lib/python3.10/dist-packages:/home/tien/microros_ws/install/composition_interfaces/local/lib/python3.10/dist-packages:/home/tien/microros_ws/install/rcl_interfaces/local/lib/python3.10/dist-packages:/home/tien/microros_ws/install/micro_ros_msgs/local/lib/python3.10/dist-packages:/home/tien/microros_ws/install/lifecycle_msgs/local/lib/python3.10/dist-packages:/home/tien/microros_ws/install/complex_msgs/local/lib/python3.10/dist-packages:/home/tien/microros_ws/install/builtin_interfaces/local/lib/python3.10/dist-packages:/home/tien/Documents/GitHub/ALL_CODE/red_ws/install/vision/lib/python3.10/site-packages:/home/tien/Documents/GitHub/ALL_CODE/red_ws/install/state/lib/python3.10/site-packages:/home/tien/Documents/GitHub/ALL_CODE/red_ws/install/mobile/lib/python3.10/site-packages:/home/tien/turtlebot3_ws/build/turtlebot3_teleop:/home/tien/turtlebot3_ws/install/turtlebot3_teleop/lib/python3.10/site-packages:/home/tien/turtlebot3_ws/build/turtlebot3_example:/home/tien/turtlebot3_ws/install/turtlebot3_example/lib/python3.10/site-packages:/home/tien/turtlebot3_ws/install/turtlebot3_msgs/local/lib/python3.10/dist-packages:/home/tien/turtlebot3_ws/install/dynamixel_sdk_custom_interfaces/local/lib/python3.10/dist-packages:/home/tien/jinpao_ws/install/robot_localization/local/lib/python3.10/dist-packages:/home/tien/jinpao_ws/install/plant_message/local/lib/python3.10/dist-packages:/home/tien/jinpao_ws/install/jinpao_test/lib/python3.10/site-packages:/home/tien/jinpao_ws/install/jinpao_description/local/lib/python3.10/dist-packages:/home/tien/jinpao_ws/install/jinpao_bringup/local/lib/python3.10/dist-packages:/home/tien/jinpao_naia_ws/install/state_pkg/lib/python3.10/site-packages:/home/tien/jinpao_naia_ws/install/py_control_pkg/lib/python3.10/site-packages:/home/tien/jinpao_naia_ws/install/cam_pkg/lib/python3.10/site-packages:/home/tien/abu_ws/install/manual/lib/python3.10/site-packages:/home/tien/three_wheel_ws/install/robot_bringup/local/lib/python3.10/dist-packages:/opt/ros/humble/lib/python3.10/site-packages:/opt/ros/humble/local/lib/python3.10/dist-packages /usr/bin/cmake --install /home/tien/Documents/GitHub/BoutToHackNASA/source/godang_ws/build/my_robot_bringup
[4.854s] Level 1:colcon.colcon_core.environment:checking '/home/tien/Documents/GitHub/BoutToHackNASA/source/godang_ws/install/my_robot_bringup' for CMake config files
[4.855s] Level 1:colcon.colcon_core.shell:create_environment_hook('my_robot_bringup', 'cmake_prefix_path')
[4.855s] INFO:colcon.colcon_core.shell:Creating environment hook '/home/tien/Documents/GitHub/BoutToHackNASA/source/godang_ws/install/my_robot_bringup/share/my_robot_bringup/hook/cmake_prefix_path.ps1'
[4.857s] INFO:colcon.colcon_core.shell:Creating environment descriptor '/home/tien/Documents/GitHub/BoutToHackNASA/source/godang_ws/install/my_robot_bringup/share/my_robot_bringup/hook/cmake_prefix_path.dsv'
[4.857s] INFO:colcon.colcon_core.shell:Creating environment hook '/home/tien/Documents/GitHub/BoutToHackNASA/source/godang_ws/install/my_robot_bringup/share/my_robot_bringup/hook/cmake_prefix_path.sh'
[4.859s] Level 1:colcon.colcon_core.environment:checking '/home/tien/Documents/GitHub/BoutToHackNASA/source/godang_ws/install/my_robot_bringup/bin'
[4.859s] Level 1:colcon.colcon_core.environment:checking '/home/tien/Documents/GitHub/BoutToHackNASA/source/godang_ws/install/my_robot_bringup/lib/pkgconfig/my_robot_bringup.pc'
[4.860s] Level 1:colcon.colcon_core.environment:checking '/home/tien/Documents/GitHub/BoutToHackNASA/source/godang_ws/install/my_robot_bringup/lib/python3.10/site-packages'
[4.860s] Level 1:colcon.colcon_core.environment:checking '/home/tien/Documents/GitHub/BoutToHackNASA/source/godang_ws/install/my_robot_bringup/bin'
[4.861s] INFO:colcon.colcon_core.shell:Creating package script '/home/tien/Documents/GitHub/BoutToHackNASA/source/godang_ws/install/my_robot_bringup/share/my_robot_bringup/package.ps1'
[4.861s] INFO:colcon.colcon_core.shell:Creating package descriptor '/home/tien/Documents/GitHub/BoutToHackNASA/source/godang_ws/install/my_robot_bringup/share/my_robot_bringup/package.dsv'
[4.862s] INFO:colcon.colcon_core.shell:Creating package script '/home/tien/Documents/GitHub/BoutToHackNASA/source/godang_ws/install/my_robot_bringup/share/my_robot_bringup/package.sh'
[4.863s] INFO:colcon.colcon_core.shell:Creating package script '/home/tien/Documents/GitHub/BoutToHackNASA/source/godang_ws/install/my_robot_bringup/share/my_robot_bringup/package.bash'
[4.863s] INFO:colcon.colcon_core.shell:Creating package script '/home/tien/Documents/GitHub/BoutToHackNASA/source/godang_ws/install/my_robot_bringup/share/my_robot_bringup/package.zsh'
[4.864s] Level 1:colcon.colcon_core.environment:create_file_with_runtime_dependencies(/home/tien/Documents/GitHub/BoutToHackNASA/source/godang_ws/install/my_robot_bringup/share/colcon-core/packages/my_robot_bringup)
[4.924s] Level 1:colcon.colcon_core.environment:create_environment_scripts_only(my_robot_bringup)
[4.925s] Level 1:colcon.colcon_core.environment:checking '/home/tien/Documents/GitHub/BoutToHackNASA/source/godang_ws/install/my_robot_bringup' for CMake module files
[4.925s] Level 1:colcon.colcon_core.environment:checking '/home/tien/Documents/GitHub/BoutToHackNASA/source/godang_ws/install/my_robot_bringup' for CMake config files
[4.926s] Level 1:colcon.colcon_core.shell:create_environment_hook('my_robot_bringup', 'cmake_prefix_path')
[4.926s] INFO:colcon.colcon_core.shell:Creating environment hook '/home/tien/Documents/GitHub/BoutToHackNASA/source/godang_ws/install/my_robot_bringup/share/my_robot_bringup/hook/cmake_prefix_path.ps1'
[4.927s] INFO:colcon.colcon_core.shell:Creating environment descriptor '/home/tien/Documents/GitHub/BoutToHackNASA/source/godang_ws/install/my_robot_bringup/share/my_robot_bringup/hook/cmake_prefix_path.dsv'
[4.927s] INFO:colcon.colcon_core.shell:Creating environment hook '/home/tien/Documents/GitHub/BoutToHackNASA/source/godang_ws/install/my_robot_bringup/share/my_robot_bringup/hook/cmake_prefix_path.sh'
[4.928s] Level 1:colcon.colcon_core.environment:checking '/home/tien/Documents/GitHub/BoutToHackNASA/source/godang_ws/install/my_robot_bringup/bin'
[4.928s] Level 1:colcon.colcon_core.environment:checking '/home/tien/Documents/GitHub/BoutToHackNASA/source/godang_ws/install/my_robot_bringup/lib/pkgconfig/my_robot_bringup.pc'
[4.928s] Level 1:colcon.colcon_core.environment:checking '/home/tien/Documents/GitHub/BoutToHackNASA/source/godang_ws/install/my_robot_bringup/lib/python3.10/site-packages'
[4.929s] Level 1:colcon.colcon_core.environment:checking '/home/tien/Documents/GitHub/BoutToHackNASA/source/godang_ws/install/my_robot_bringup/bin'
[4.929s] INFO:colcon.colcon_core.shell:Creating package script '/home/tien/Documents/GitHub/BoutToHackNASA/source/godang_ws/install/my_robot_bringup/share/my_robot_bringup/package.ps1'
[4.930s] INFO:colcon.colcon_core.shell:Creating package descriptor '/home/tien/Documents/GitHub/BoutToHackNASA/source/godang_ws/install/my_robot_bringup/share/my_robot_bringup/package.dsv'
[4.931s] INFO:colcon.colcon_core.shell:Creating package script '/home/tien/Documents/GitHub/BoutToHackNASA/source/godang_ws/install/my_robot_bringup/share/my_robot_bringup/package.sh'
[4.931s] INFO:colcon.colcon_core.shell:Creating package script '/home/tien/Documents/GitHub/BoutToHackNASA/source/godang_ws/install/my_robot_bringup/share/my_robot_bringup/package.bash'
[4.932s] INFO:colcon.colcon_core.shell:Creating package script '/home/tien/Documents/GitHub/BoutToHackNASA/source/godang_ws/install/my_robot_bringup/share/my_robot_bringup/package.zsh'
[4.932s] Level 1:colcon.colcon_core.environment:create_file_with_runtime_dependencies(/home/tien/Documents/GitHub/BoutToHackNASA/source/godang_ws/install/my_robot_bringup/share/colcon-core/packages/my_robot_bringup)
[4.932s] DEBUG:colcon.colcon_parallel_executor.executor.parallel:closing loop
[4.933s] DEBUG:colcon.colcon_parallel_executor.executor.parallel:loop closed
[4.933s] DEBUG:colcon.colcon_parallel_executor.executor.parallel:run_until_complete finished with '0'
[4.933s] DEBUG:colcon.colcon_core.event_reactor:joining thread
[4.947s] INFO:colcon.colcon_core.plugin_system:Skipping extension 'colcon_notification.desktop_notification.terminal_notifier': Not used on non-Darwin systems
[4.947s] INFO:colcon.colcon_core.plugin_system:Skipping extension 'colcon_notification.desktop_notification.win32': Not used on non-Windows systems
[4.947s] INFO:colcon.colcon_notification.desktop_notification:Sending desktop notification using 'notify2'
[4.972s] DEBUG:colcon.colcon_core.event_reactor:joined thread
[4.973s] INFO:colcon.colcon_core.shell:Creating prefix script '/home/tien/Documents/GitHub/BoutToHackNASA/source/godang_ws/install/local_setup.ps1'
[4.975s] INFO:colcon.colcon_core.shell:Creating prefix util module '/home/tien/Documents/GitHub/BoutToHackNASA/source/godang_ws/install/_local_setup_util_ps1.py'
[4.977s] INFO:colcon.colcon_core.shell:Creating prefix chain script '/home/tien/Documents/GitHub/BoutToHackNASA/source/godang_ws/install/setup.ps1'
[4.984s] INFO:colcon.colcon_core.shell:Creating prefix script '/home/tien/Documents/GitHub/BoutToHackNASA/source/godang_ws/install/local_setup.sh'
[4.985s] INFO:colcon.colcon_core.shell:Creating prefix util module '/home/tien/Documents/GitHub/BoutToHackNASA/source/godang_ws/install/_local_setup_util_sh.py'
[4.986s] INFO:colcon.colcon_core.shell:Creating prefix chain script '/home/tien/Documents/GitHub/BoutToHackNASA/source/godang_ws/install/setup.sh'
[4.992s] INFO:colcon.colcon_core.shell:Creating prefix script '/home/tien/Documents/GitHub/BoutToHackNASA/source/godang_ws/install/local_setup.bash'
[4.993s] INFO:colcon.colcon_core.shell:Creating prefix chain script '/home/tien/Documents/GitHub/BoutToHackNASA/source/godang_ws/install/setup.bash'
[5.000s] INFO:colcon.colcon_core.shell:Creating prefix script '/home/tien/Documents/GitHub/BoutToHackNASA/source/godang_ws/install/local_setup.zsh'
[5.001s] INFO:colcon.colcon_core.shell:Creating prefix chain script '/home/tien/Documents/GitHub/BoutToHackNASA/source/godang_ws/install/setup.zsh'
