[0.067s] Invoking command in '/home/tien/Documents/GitHub/BoutToHackNASA/build/Adafruit_TCS34725-master': /usr/bin/cmake /home/tien/Documents/GitHub/BoutToHackNASA/control/ABU_auto_mani/lib/Adafruit_TCS34725-master -DCMAKE_INSTALL_PREFIX=/home/tien/Documents/GitHub/BoutToHackNASA/install/Adafruit_TCS34725-master
[0.746s] -- Configuring incomplete, errors occurred!
[0.746s] See also "/home/tien/Documents/GitHub/BoutToHackNASA/build/Adafruit_TCS34725-master/CMakeFiles/CMakeOutput.log".
[0.747s] [33mCMake Warning (dev) in CMakeLists.txt:
[0.747s]   No project() command is present.  The top-level CMakeLists.txt file must
[0.747s]   contain a literal, direct call to the project() command.  Add a line of
[0.747s]   code such as
[0.747s] 
[0.748s]     project(ProjectName)
[0.748s] 
[0.748s]   near the top of the file, but after cmake_minimum_required().
[0.748s] 
[0.748s]   CMake is pretending there is a "project(Project)" command on the first
[0.748s]   line.
[0.748s] This warning is for project developers.  Use -Wno-dev to suppress it.
[0.748s] [0m
[0.748s] [31mCMake Error at CMakeLists.txt:1 (idf_component_register):
[0.748s]   Unknown CMake command "idf_component_register".
[0.748s] 
[0.749s] [0m
[0.749s] [33mCMake Warning (dev) in CMakeLists.txt:
[0.749s]   No cmake_minimum_required command is present.  A line of code such as
[0.749s] 
[0.749s]     cmake_minimum_required(VERSION 3.22)
[0.749s] 
[0.749s]   should be added at the top of the file.  The version specified may be lower
[0.749s]   if you wish to support older CMake versions for this project.  For more
[0.749s]   information run "cmake --help-policy CMP0000".
[0.749s] This warning is for project developers.  Use -Wno-dev to suppress it.
[0.750s] [0m
[1.080s] Invoked command in '/home/tien/Documents/GitHub/BoutToHackNASA/build/Adafruit_TCS34725-master' returned '1': /usr/bin/cmake /home/tien/Documents/GitHub/BoutToHackNASA/control/ABU_auto_mani/lib/Adafruit_TCS34725-master -DCMAKE_INSTALL_PREFIX=/home/tien/Documents/GitHub/BoutToHackNASA/install/Adafruit_TCS34725-master
