[1.626s] Invoking command in '/ros2_file/godang_ws/src/vision': PYTHONPATH=/ros2_file/godang_ws/build/vision/prefix_override:/ros2_file/godang_ws/install/vision/lib/python3.10/site-packages:${PYTHONPATH} /usr/bin/python3 -W ignore:setup.py install is deprecated setup.py egg_info --egg-base ../../build/vision build --build-base /ros2_file/godang_ws/build/vision/build install --record /ros2_file/godang_ws/build/vision/install.log --single-version-externally-managed install_data
[2.025s] running egg_info
[2.029s] writing ../../build/vision/vision.egg-info/PKG-INFO
[2.031s] writing dependency_links to ../../build/vision/vision.egg-info/dependency_links.txt
[2.032s] writing entry points to ../../build/vision/vision.egg-info/entry_points.txt
[2.034s] writing requirements to ../../build/vision/vision.egg-info/requires.txt
[2.035s] writing top-level names to ../../build/vision/vision.egg-info/top_level.txt
[2.038s] reading manifest file '../../build/vision/vision.egg-info/SOURCES.txt'
[2.041s] writing manifest file '../../build/vision/vision.egg-info/SOURCES.txt'
[2.041s] running build
[2.042s] running build_py
[2.043s] running install
[2.085s] running install_lib
[2.088s] running install_data
[2.089s] running install_egg_info
[2.093s] removing '/ros2_file/godang_ws/install/vision/lib/python3.10/site-packages/vision-0.0.0-py3.10.egg-info' (and everything under it)
[2.095s] Copying ../../build/vision/vision.egg-info to /ros2_file/godang_ws/install/vision/lib/python3.10/site-packages/vision-0.0.0-py3.10.egg-info
[2.104s] running install_scripts
[2.152s] writing list of installed files to '/ros2_file/godang_ws/build/vision/install.log'
[2.267s] Invoked command in '/ros2_file/godang_ws/src/vision' returned '0': PYTHONPATH=/ros2_file/godang_ws/build/vision/prefix_override:/ros2_file/godang_ws/install/vision/lib/python3.10/site-packages:${PYTHONPATH} /usr/bin/python3 -W ignore:setup.py install is deprecated setup.py egg_info --egg-base ../../build/vision build --build-base /ros2_file/godang_ws/build/vision/build install --record /ros2_file/godang_ws/build/vision/install.log --single-version-externally-managed install_data
