[3.313s] Invoking command in '/home/tien/Documents/GitHub/BoutToHackNASA/source/godang_ws/src/planing': PYTHONPATH=/home/tien/Documents/GitHub/BoutToHackNASA/source/godang_ws/build/planing/prefix_override:/home/tien/Documents/GitHub/BoutToHackNASA/source/godang_ws/install/planing/lib/python3.10/site-packages:${PYTHONPATH} /usr/bin/python3 -W ignore:setup.py install is deprecated setup.py egg_info --egg-base ../../build/planing build --build-base /home/tien/Documents/GitHub/BoutToHackNASA/source/godang_ws/build/planing/build install --record /home/tien/Documents/GitHub/BoutToHackNASA/source/godang_ws/build/planing/install.log --single-version-externally-managed install_data
[4.662s] running egg_info
[4.695s] writing ../../build/planing/planing.egg-info/PKG-INFO
[4.696s] writing dependency_links to ../../build/planing/planing.egg-info/dependency_links.txt
[4.697s] writing entry points to ../../build/planing/planing.egg-info/entry_points.txt
[4.697s] writing requirements to ../../build/planing/planing.egg-info/requires.txt
[4.697s] writing top-level names to ../../build/planing/planing.egg-info/top_level.txt
[4.768s] reading manifest file '../../build/planing/planing.egg-info/SOURCES.txt'
[4.770s] writing manifest file '../../build/planing/planing.egg-info/SOURCES.txt'
[4.771s] running build
[4.771s] running build_py
[4.771s] copying planing/state_node.py -> /home/tien/Documents/GitHub/BoutToHackNASA/source/godang_ws/build/planing/build/lib/planing
[4.772s] copying planing/__init__.py -> /home/tien/Documents/GitHub/BoutToHackNASA/source/godang_ws/build/planing/build/lib/planing
[4.773s] running install
[4.788s] running install_lib
[4.864s] running install_data
[4.865s] copying resource/planing -> /home/tien/Documents/GitHub/BoutToHackNASA/source/godang_ws/install/planing/share/ament_index/resource_index/packages
[4.865s] copying package.xml -> /home/tien/Documents/GitHub/BoutToHackNASA/source/godang_ws/install/planing/share/planing
[4.865s] running install_egg_info
[4.946s] removing '/home/tien/Documents/GitHub/BoutToHackNASA/source/godang_ws/install/planing/lib/python3.10/site-packages/planing-0.0.0-py3.10.egg-info' (and everything under it)
[4.948s] Copying ../../build/planing/planing.egg-info to /home/tien/Documents/GitHub/BoutToHackNASA/source/godang_ws/install/planing/lib/python3.10/site-packages/planing-0.0.0-py3.10.egg-info
[4.951s] running install_scripts
[5.472s] Installing state_node script to /home/tien/Documents/GitHub/BoutToHackNASA/source/godang_ws/install/planing/lib/planing
[5.474s] writing list of installed files to '/home/tien/Documents/GitHub/BoutToHackNASA/source/godang_ws/build/planing/install.log'
[5.568s] Invoked command in '/home/tien/Documents/GitHub/BoutToHackNASA/source/godang_ws/src/planing' returned '0': PYTHONPATH=/home/tien/Documents/GitHub/BoutToHackNASA/source/godang_ws/build/planing/prefix_override:/home/tien/Documents/GitHub/BoutToHackNASA/source/godang_ws/install/planing/lib/python3.10/site-packages:${PYTHONPATH} /usr/bin/python3 -W ignore:setup.py install is deprecated setup.py egg_info --egg-base ../../build/planing build --build-base /home/tien/Documents/GitHub/BoutToHackNASA/source/godang_ws/build/planing/build install --record /home/tien/Documents/GitHub/BoutToHackNASA/source/godang_ws/build/planing/install.log --single-version-externally-managed install_data
