[0.474s] DEBUG:colcon:Command line arguments: ['/usr/bin/colcon', 'build']
[0.474s] DEBUG:colcon:Parsed command line arguments: Namespace(log_base=None, log_level=None, verb_name='build', build_base='build', install_base='install', merge_install=False, symlink_install=False, test_result_base=None, continue_on_error=False, executor='parallel', parallel_workers=20, event_handlers=None, ignore_user_meta=False, metas=['./colcon.meta'], base_paths=['.'], packages_ignore=None, packages_ignore_regex=None, paths=None, packages_up_to=None, packages_up_to_regex=None, packages_above=None, packages_above_and_dependencies=None, packages_above_depth=None, packages_select_by_dep=None, packages_skip_by_dep=None, packages_skip_up_to=None, packages_select_build_failed=False, packages_skip_build_finished=False, packages_select_test_failures=False, packages_skip_test_passed=False, packages_select=None, packages_skip=None, packages_select_regex=None, packages_skip_regex=None, packages_start=None, packages_end=None, allow_overriding=[], cmake_args=None, cmake_target=None, cmake_target_skip_unavailable=False, cmake_clean_cache=False, cmake_clean_first=False, cmake_force_configure=False, ament_cmake_args=None, catkin_cmake_args=None, catkin_skip_building_tests=False, mixin_files=None, mixin=None, verb_parser=<colcon_mixin.mixin.mixin_argument.MixinArgumentDecorator object at 0x7fd855831cc0>, verb_extension=<colcon_core.verb.build.BuildVerb object at 0x7fd8559f9a50>, main=<bound method BuildVerb.main of <colcon_core.verb.build.BuildVerb object at 0x7fd8559f9a50>>, mixin_verb=('build',))
[0.542s] Level 1:colcon.colcon_core.package_discovery:discover_packages(colcon_meta) check parameters
[0.542s] Level 1:colcon.colcon_core.package_discovery:discover_packages(recursive) check parameters
[0.542s] Level 1:colcon.colcon_core.package_discovery:discover_packages(ignore) check parameters
[0.542s] Level 1:colcon.colcon_core.package_discovery:discover_packages(path) check parameters
[0.542s] Level 1:colcon.colcon_core.package_discovery:discover_packages(colcon_meta) discover
[0.542s] Level 1:colcon.colcon_core.package_discovery:discover_packages(recursive) discover
[0.542s] INFO:colcon.colcon_core.package_discovery:Crawling recursively for packages in '/home/tien/Documents/GitHub/BoutToHackNASA/source/godang_ws'
[0.543s] Level 1:colcon.colcon_core.package_identification:_identify(.) by extensions ['ignore', 'ignore_ament_install']
[0.543s] Level 1:colcon.colcon_core.package_identification:_identify(.) by extension 'ignore'
[0.543s] Level 1:colcon.colcon_core.package_identification:_identify(.) by extension 'ignore_ament_install'
[0.543s] Level 1:colcon.colcon_core.package_identification:_identify(.) by extensions ['colcon_pkg']
[0.543s] Level 1:colcon.colcon_core.package_identification:_identify(.) by extension 'colcon_pkg'
[0.543s] Level 1:colcon.colcon_core.package_identification:_identify(.) by extensions ['colcon_meta']
[0.543s] Level 1:colcon.colcon_core.package_identification:_identify(.) by extension 'colcon_meta'
[0.543s] Level 1:colcon.colcon_core.package_identification:_identify(.) by extensions ['ros']
[0.543s] Level 1:colcon.colcon_core.package_identification:_identify(.) by extension 'ros'
[0.572s] Level 1:colcon.colcon_core.package_identification:_identify(.) by extensions ['cmake', 'python']
[0.572s] Level 1:colcon.colcon_core.package_identification:_identify(.) by extension 'cmake'
[0.572s] Level 1:colcon.colcon_core.package_identification:_identify(.) by extension 'python'
[0.572s] Level 1:colcon.colcon_core.package_identification:_identify(.) by extensions ['python_setup_py']
[0.572s] Level 1:colcon.colcon_core.package_identification:_identify(.) by extension 'python_setup_py'
[0.572s] Level 1:colcon.colcon_core.package_identification:_identify(-q) by extensions ['ignore', 'ignore_ament_install']
[0.572s] Level 1:colcon.colcon_core.package_identification:_identify(-q) by extension 'ignore'
[0.572s] Level 1:colcon.colcon_core.package_identification:_identify(-q) by extension 'ignore_ament_install'
[0.572s] Level 1:colcon.colcon_core.package_identification:_identify(-q) by extensions ['colcon_pkg']
[0.573s] Level 1:colcon.colcon_core.package_identification:_identify(-q) by extension 'colcon_pkg'
[0.573s] Level 1:colcon.colcon_core.package_identification:_identify(-q) by extensions ['colcon_meta']
[0.573s] Level 1:colcon.colcon_core.package_identification:_identify(-q) by extension 'colcon_meta'
[0.573s] Level 1:colcon.colcon_core.package_identification:_identify(-q) by extensions ['ros']
[0.573s] Level 1:colcon.colcon_core.package_identification:_identify(-q) by extension 'ros'
[0.573s] Level 1:colcon.colcon_core.package_identification:_identify(-q) by extensions ['cmake', 'python']
[0.573s] Level 1:colcon.colcon_core.package_identification:_identify(-q) by extension 'cmake'
[0.573s] Level 1:colcon.colcon_core.package_identification:_identify(-q) by extension 'python'
[0.573s] Level 1:colcon.colcon_core.package_identification:_identify(-q) by extensions ['python_setup_py']
[0.573s] Level 1:colcon.colcon_core.package_identification:_identify(-q) by extension 'python_setup_py'
[0.573s] Level 1:colcon.colcon_core.package_identification:_identify(build) by extensions ['ignore', 'ignore_ament_install']
[0.573s] Level 1:colcon.colcon_core.package_identification:_identify(build) by extension 'ignore'
[0.573s] Level 1:colcon.colcon_core.package_identification:_identify(build) ignored
[0.574s] Level 1:colcon.colcon_core.package_identification:_identify(install) by extensions ['ignore', 'ignore_ament_install']
[0.574s] Level 1:colcon.colcon_core.package_identification:_identify(install) by extension 'ignore'
[0.574s] Level 1:colcon.colcon_core.package_identification:_identify(install) ignored
[0.574s] Level 1:colcon.colcon_core.package_identification:_identify(log) by extensions ['ignore', 'ignore_ament_install']
[0.575s] Level 1:colcon.colcon_core.package_identification:_identify(log) by extension 'ignore'
[0.575s] Level 1:colcon.colcon_core.package_identification:_identify(log) ignored
[0.575s] Level 1:colcon.colcon_core.package_identification:_identify(src) by extensions ['ignore', 'ignore_ament_install']
[0.575s] Level 1:colcon.colcon_core.package_identification:_identify(src) by extension 'ignore'
[0.575s] Level 1:colcon.colcon_core.package_identification:_identify(src) by extension 'ignore_ament_install'
[0.575s] Level 1:colcon.colcon_core.package_identification:_identify(src) by extensions ['colcon_pkg']
[0.575s] Level 1:colcon.colcon_core.package_identification:_identify(src) by extension 'colcon_pkg'
[0.575s] Level 1:colcon.colcon_core.package_identification:_identify(src) by extensions ['colcon_meta']
[0.575s] Level 1:colcon.colcon_core.package_identification:_identify(src) by extension 'colcon_meta'
[0.575s] Level 1:colcon.colcon_core.package_identification:_identify(src) by extensions ['ros']
[0.575s] Level 1:colcon.colcon_core.package_identification:_identify(src) by extension 'ros'
[0.576s] Level 1:colcon.colcon_core.package_identification:_identify(src) by extensions ['cmake', 'python']
[0.576s] Level 1:colcon.colcon_core.package_identification:_identify(src) by extension 'cmake'
[0.576s] Level 1:colcon.colcon_core.package_identification:_identify(src) by extension 'python'
[0.576s] Level 1:colcon.colcon_core.package_identification:_identify(src) by extensions ['python_setup_py']
[0.576s] Level 1:colcon.colcon_core.package_identification:_identify(src) by extension 'python_setup_py'
[0.576s] Level 1:colcon.colcon_core.package_identification:_identify(src/localization) by extensions ['ignore', 'ignore_ament_install']
[0.576s] Level 1:colcon.colcon_core.package_identification:_identify(src/localization) by extension 'ignore'
[0.576s] Level 1:colcon.colcon_core.package_identification:_identify(src/localization) by extension 'ignore_ament_install'
[0.576s] Level 1:colcon.colcon_core.package_identification:_identify(src/localization) by extensions ['colcon_pkg']
[0.576s] Level 1:colcon.colcon_core.package_identification:_identify(src/localization) by extension 'colcon_pkg'
[0.576s] Level 1:colcon.colcon_core.package_identification:_identify(src/localization) by extensions ['colcon_meta']
[0.576s] Level 1:colcon.colcon_core.package_identification:_identify(src/localization) by extension 'colcon_meta'
[0.577s] Level 1:colcon.colcon_core.package_identification:_identify(src/localization) by extensions ['ros']
[0.577s] Level 1:colcon.colcon_core.package_identification:_identify(src/localization) by extension 'ros'
[0.581s] DEBUG:colcon.colcon_core.package_identification:Package 'src/localization' with type 'ros.ament_python' and name 'localization'
[0.581s] Level 1:colcon.colcon_core.package_identification:_identify(src/my_robot_bringup) by extensions ['ignore', 'ignore_ament_install']
[0.581s] Level 1:colcon.colcon_core.package_identification:_identify(src/my_robot_bringup) by extension 'ignore'
[0.581s] Level 1:colcon.colcon_core.package_identification:_identify(src/my_robot_bringup) by extension 'ignore_ament_install'
[0.581s] Level 1:colcon.colcon_core.package_identification:_identify(src/my_robot_bringup) by extensions ['colcon_pkg']
[0.581s] Level 1:colcon.colcon_core.package_identification:_identify(src/my_robot_bringup) by extension 'colcon_pkg'
[0.581s] Level 1:colcon.colcon_core.package_identification:_identify(src/my_robot_bringup) by extensions ['colcon_meta']
[0.582s] Level 1:colcon.colcon_core.package_identification:_identify(src/my_robot_bringup) by extension 'colcon_meta'
[0.582s] Level 1:colcon.colcon_core.package_identification:_identify(src/my_robot_bringup) by extensions ['ros']
[0.582s] Level 1:colcon.colcon_core.package_identification:_identify(src/my_robot_bringup) by extension 'ros'
[0.582s] DEBUG:colcon.colcon_core.package_identification:Package 'src/my_robot_bringup' with type 'ros.ament_cmake' and name 'my_robot_bringup'
[0.583s] Level 1:colcon.colcon_core.package_identification:_identify(src/planing) by extensions ['ignore', 'ignore_ament_install']
[0.583s] Level 1:colcon.colcon_core.package_identification:_identify(src/planing) by extension 'ignore'
[0.583s] Level 1:colcon.colcon_core.package_identification:_identify(src/planing) by extension 'ignore_ament_install'
[0.583s] Level 1:colcon.colcon_core.package_identification:_identify(src/planing) by extensions ['colcon_pkg']
[0.583s] Level 1:colcon.colcon_core.package_identification:_identify(src/planing) by extension 'colcon_pkg'
[0.583s] Level 1:colcon.colcon_core.package_identification:_identify(src/planing) by extensions ['colcon_meta']
[0.583s] Level 1:colcon.colcon_core.package_identification:_identify(src/planing) by extension 'colcon_meta'
[0.583s] Level 1:colcon.colcon_core.package_identification:_identify(src/planing) by extensions ['ros']
[0.583s] Level 1:colcon.colcon_core.package_identification:_identify(src/planing) by extension 'ros'
[0.584s] DEBUG:colcon.colcon_core.package_identification:Package 'src/planing' with type 'ros.ament_python' and name 'planing'
[0.585s] Level 1:colcon.colcon_core.package_identification:_identify(src/vision) by extensions ['ignore', 'ignore_ament_install']
[0.585s] Level 1:colcon.colcon_core.package_identification:_identify(src/vision) by extension 'ignore'
[0.585s] Level 1:colcon.colcon_core.package_identification:_identify(src/vision) by extension 'ignore_ament_install'
[0.585s] Level 1:colcon.colcon_core.package_identification:_identify(src/vision) by extensions ['colcon_pkg']
[0.585s] Level 1:colcon.colcon_core.package_identification:_identify(src/vision) by extension 'colcon_pkg'
[0.585s] Level 1:colcon.colcon_core.package_identification:_identify(src/vision) by extensions ['colcon_meta']
[0.585s] Level 1:colcon.colcon_core.package_identification:_identify(src/vision) by extension 'colcon_meta'
[0.585s] Level 1:colcon.colcon_core.package_identification:_identify(src/vision) by extensions ['ros']
[0.585s] Level 1:colcon.colcon_core.package_identification:_identify(src/vision) by extension 'ros'
[0.586s] DEBUG:colcon.colcon_core.package_identification:Package 'src/vision' with type 'ros.ament_python' and name 'vision'
[0.586s] Level 1:colcon.colcon_core.package_discovery:discover_packages(recursive) using defaults
[0.586s] Level 1:colcon.colcon_core.package_discovery:discover_packages(ignore) discover
[0.587s] Level 1:colcon.colcon_core.package_discovery:discover_packages(ignore) using defaults
[0.587s] Level 1:colcon.colcon_core.package_discovery:discover_packages(path) discover
[0.587s] Level 1:colcon.colcon_core.package_discovery:discover_packages(path) using defaults
[0.632s] Level 1:colcon.colcon_core.package_discovery:discover_packages(prefix_path) check parameters
[0.632s] Level 1:colcon.colcon_core.package_discovery:discover_packages(prefix_path) discover
[0.639s] DEBUG:colcon.colcon_installed_package_information.package_discovery:Found 39 installed packages in /home/tien/microros_ws/install
[0.640s] DEBUG:colcon.colcon_installed_package_information.package_discovery:Found 4 installed packages in /home/tien/Documents/GitHub/BoutToHackNASA/source/godang_ws/install
[0.641s] DEBUG:colcon.colcon_installed_package_information.package_discovery:Found 3 installed packages in /home/tien/Documents/GitHub/ALL_CODE/red_ws/install
[0.642s] DEBUG:colcon.colcon_installed_package_information.package_discovery:Found 15 installed packages in /home/tien/turtlebot3_ws/install
[0.643s] DEBUG:colcon.colcon_installed_package_information.package_discovery:Found 3 installed packages in /home/tien/jinpao_naia_ws/install
[0.644s] DEBUG:colcon.colcon_installed_package_information.package_discovery:Found 1 installed packages in /home/tien/abu_ws/install
[0.644s] DEBUG:colcon.colcon_installed_package_information.package_discovery:Found 3 installed packages in /home/tien/three_wheel_ws/install
[0.645s] DEBUG:colcon.colcon_installed_package_information.package_discovery:Found 5 installed packages in /home/tien/jinpao_ws/install
[0.647s] DEBUG:colcon.colcon_installed_package_information.package_discovery:Found 410 installed packages in /opt/ros/humble
[0.652s] Level 1:colcon.colcon_core.package_discovery:discover_packages(prefix_path) using defaults
[0.729s] Level 5:colcon.colcon_core.verb:set package 'localization' build argument 'cmake_args' from command line to 'None'
[0.729s] Level 5:colcon.colcon_core.verb:set package 'localization' build argument 'cmake_target' from command line to 'None'
[0.729s] Level 5:colcon.colcon_core.verb:set package 'localization' build argument 'cmake_target_skip_unavailable' from command line to 'False'
[0.729s] Level 5:colcon.colcon_core.verb:set package 'localization' build argument 'cmake_clean_cache' from command line to 'False'
[0.729s] Level 5:colcon.colcon_core.verb:set package 'localization' build argument 'cmake_clean_first' from command line to 'False'
[0.729s] Level 5:colcon.colcon_core.verb:set package 'localization' build argument 'cmake_force_configure' from command line to 'False'
[0.729s] Level 5:colcon.colcon_core.verb:set package 'localization' build argument 'ament_cmake_args' from command line to 'None'
[0.729s] Level 5:colcon.colcon_core.verb:set package 'localization' build argument 'catkin_cmake_args' from command line to 'None'
[0.729s] Level 5:colcon.colcon_core.verb:set package 'localization' build argument 'catkin_skip_building_tests' from command line to 'False'
[0.729s] DEBUG:colcon.colcon_core.verb:Building package 'localization' with the following arguments: {'ament_cmake_args': None, 'build_base': '/home/tien/Documents/GitHub/BoutToHackNASA/source/godang_ws/build/localization', 'catkin_cmake_args': None, 'catkin_skip_building_tests': False, 'cmake_args': None, 'cmake_clean_cache': False, 'cmake_clean_first': False, 'cmake_force_configure': False, 'cmake_target': None, 'cmake_target_skip_unavailable': False, 'install_base': '/home/tien/Documents/GitHub/BoutToHackNASA/source/godang_ws/install/localization', 'merge_install': False, 'path': '/home/tien/Documents/GitHub/BoutToHackNASA/source/godang_ws/src/localization', 'symlink_install': False, 'test_result_base': None}
[0.730s] Level 5:colcon.colcon_core.verb:set package 'planing' build argument 'cmake_args' from command line to 'None'
[0.730s] Level 5:colcon.colcon_core.verb:set package 'planing' build argument 'cmake_target' from command line to 'None'
[0.730s] Level 5:colcon.colcon_core.verb:set package 'planing' build argument 'cmake_target_skip_unavailable' from command line to 'False'
[0.730s] Level 5:colcon.colcon_core.verb:set package 'planing' build argument 'cmake_clean_cache' from command line to 'False'
[0.730s] Level 5:colcon.colcon_core.verb:set package 'planing' build argument 'cmake_clean_first' from command line to 'False'
[0.730s] Level 5:colcon.colcon_core.verb:set package 'planing' build argument 'cmake_force_configure' from command line to 'False'
[0.730s] Level 5:colcon.colcon_core.verb:set package 'planing' build argument 'ament_cmake_args' from command line to 'None'
[0.730s] Level 5:colcon.colcon_core.verb:set package 'planing' build argument 'catkin_cmake_args' from command line to 'None'
[0.730s] Level 5:colcon.colcon_core.verb:set package 'planing' build argument 'catkin_skip_building_tests' from command line to 'False'
[0.730s] DEBUG:colcon.colcon_core.verb:Building package 'planing' with the following arguments: {'ament_cmake_args': None, 'build_base': '/home/tien/Documents/GitHub/BoutToHackNASA/source/godang_ws/build/planing', 'catkin_cmake_args': None, 'catkin_skip_building_tests': False, 'cmake_args': None, 'cmake_clean_cache': False, 'cmake_clean_first': False, 'cmake_force_configure': False, 'cmake_target': None, 'cmake_target_skip_unavailable': False, 'install_base': '/home/tien/Documents/GitHub/BoutToHackNASA/source/godang_ws/install/planing', 'merge_install': False, 'path': '/home/tien/Documents/GitHub/BoutToHackNASA/source/godang_ws/src/planing', 'symlink_install': False, 'test_result_base': None}
[0.731s] Level 5:colcon.colcon_core.verb:set package 'vision' build argument 'cmake_args' from command line to 'None'
[0.731s] Level 5:colcon.colcon_core.verb:set package 'vision' build argument 'cmake_target' from command line to 'None'
[0.731s] Level 5:colcon.colcon_core.verb:set package 'vision' build argument 'cmake_target_skip_unavailable' from command line to 'False'
[0.731s] Level 5:colcon.colcon_core.verb:set package 'vision' build argument 'cmake_clean_cache' from command line to 'False'
[0.731s] Level 5:colcon.colcon_core.verb:set package 'vision' build argument 'cmake_clean_first' from command line to 'False'
[0.731s] Level 5:colcon.colcon_core.verb:set package 'vision' build argument 'cmake_force_configure' from command line to 'False'
[0.731s] Level 5:colcon.colcon_core.verb:set package 'vision' build argument 'ament_cmake_args' from command line to 'None'
[0.731s] Level 5:colcon.colcon_core.verb:set package 'vision' build argument 'catkin_cmake_args' from command line to 'None'
[0.731s] Level 5:colcon.colcon_core.verb:set package 'vision' build argument 'catkin_skip_building_tests' from command line to 'False'
[0.731s] DEBUG:colcon.colcon_core.verb:Building package 'vision' with the following arguments: {'ament_cmake_args': None, 'build_base': '/home/tien/Documents/GitHub/BoutToHackNASA/source/godang_ws/build/vision', 'catkin_cmake_args': None, 'catkin_skip_building_tests': False, 'cmake_args': None, 'cmake_clean_cache': False, 'cmake_clean_first': False, 'cmake_force_configure': False, 'cmake_target': None, 'cmake_target_skip_unavailable': False, 'install_base': '/home/tien/Documents/GitHub/BoutToHackNASA/source/godang_ws/install/vision', 'merge_install': False, 'path': '/home/tien/Documents/GitHub/BoutToHackNASA/source/godang_ws/src/vision', 'symlink_install': False, 'test_result_base': None}
[0.732s] Level 5:colcon.colcon_core.verb:set package 'my_robot_bringup' build argument 'cmake_args' from command line to 'None'
[0.732s] Level 5:colcon.colcon_core.verb:set package 'my_robot_bringup' build argument 'cmake_target' from command line to 'None'
[0.732s] Level 5:colcon.colcon_core.verb:set package 'my_robot_bringup' build argument 'cmake_target_skip_unavailable' from command line to 'False'
[0.732s] Level 5:colcon.colcon_core.verb:set package 'my_robot_bringup' build argument 'cmake_clean_cache' from command line to 'False'
[0.732s] Level 5:colcon.colcon_core.verb:set package 'my_robot_bringup' build argument 'cmake_clean_first' from command line to 'False'
[0.732s] Level 5:colcon.colcon_core.verb:set package 'my_robot_bringup' build argument 'cmake_force_configure' from command line to 'False'
[0.732s] Level 5:colcon.colcon_core.verb:set package 'my_robot_bringup' build argument 'ament_cmake_args' from command line to 'None'
[0.732s] Level 5:colcon.colcon_core.verb:set package 'my_robot_bringup' build argument 'catkin_cmake_args' from command line to 'None'
[0.732s] Level 5:colcon.colcon_core.verb:set package 'my_robot_bringup' build argument 'catkin_skip_building_tests' from command line to 'False'
[0.732s] DEBUG:colcon.colcon_core.verb:Building package 'my_robot_bringup' with the following arguments: {'ament_cmake_args': None, 'build_base': '/home/tien/Documents/GitHub/BoutToHackNASA/source/godang_ws/build/my_robot_bringup', 'catkin_cmake_args': None, 'catkin_skip_building_tests': False, 'cmake_args': None, 'cmake_clean_cache': False, 'cmake_clean_first': False, 'cmake_force_configure': False, 'cmake_target': None, 'cmake_target_skip_unavailable': False, 'install_base': '/home/tien/Documents/GitHub/BoutToHackNASA/source/godang_ws/install/my_robot_bringup', 'merge_install': False, 'path': '/home/tien/Documents/GitHub/BoutToHackNASA/source/godang_ws/src/my_robot_bringup', 'symlink_install': False, 'test_result_base': None}
[0.732s] INFO:colcon.colcon_core.executor:Executing jobs using 'parallel' executor
[0.734s] DEBUG:colcon.colcon_parallel_executor.executor.parallel:run_until_complete
[0.734s] INFO:colcon.colcon_ros.task.ament_python.build:Building ROS package in '/home/tien/Documents/GitHub/BoutToHackNASA/source/godang_ws/src/localization' with build type 'ament_python'
[0.734s] Level 1:colcon.colcon_core.shell:create_environment_hook('localization', 'ament_prefix_path')
[0.739s] INFO:colcon.colcon_core.plugin_system:Skipping extension 'colcon_core.shell.bat': Not used on non-Windows systems
[0.739s] INFO:colcon.colcon_core.shell:Creating environment hook '/home/tien/Documents/GitHub/BoutToHackNASA/source/godang_ws/install/localization/share/localization/hook/ament_prefix_path.ps1'
[0.754s] INFO:colcon.colcon_core.shell:Creating environment descriptor '/home/tien/Documents/GitHub/BoutToHackNASA/source/godang_ws/install/localization/share/localization/hook/ament_prefix_path.dsv'
[0.755s] INFO:colcon.colcon_core.shell:Creating environment hook '/home/tien/Documents/GitHub/BoutToHackNASA/source/godang_ws/install/localization/share/localization/hook/ament_prefix_path.sh'
[0.756s] INFO:colcon.colcon_core.shell:Skip shell extension 'powershell' for command environment: Not usable outside of PowerShell
[0.756s] DEBUG:colcon.colcon_core.shell:Skip shell extension 'dsv' for command environment
[0.770s] INFO:colcon.colcon_ros.task.ament_python.build:Building ROS package in '/home/tien/Documents/GitHub/BoutToHackNASA/source/godang_ws/src/planing' with build type 'ament_python'
[0.771s] Level 1:colcon.colcon_core.shell:create_environment_hook('planing', 'ament_prefix_path')
[0.771s] INFO:colcon.colcon_core.shell:Creating environment hook '/home/tien/Documents/GitHub/BoutToHackNASA/source/godang_ws/install/planing/share/planing/hook/ament_prefix_path.ps1'
[0.772s] INFO:colcon.colcon_core.shell:Creating environment descriptor '/home/tien/Documents/GitHub/BoutToHackNASA/source/godang_ws/install/planing/share/planing/hook/ament_prefix_path.dsv'
[0.772s] INFO:colcon.colcon_core.shell:Creating environment hook '/home/tien/Documents/GitHub/BoutToHackNASA/source/godang_ws/install/planing/share/planing/hook/ament_prefix_path.sh'
[0.773s] INFO:colcon.colcon_core.shell:Skip shell extension 'powershell' for command environment: Not usable outside of PowerShell
[0.773s] DEBUG:colcon.colcon_core.shell:Skip shell extension 'dsv' for command environment
[0.789s] INFO:colcon.colcon_ros.task.ament_python.build:Building ROS package in '/home/tien/Documents/GitHub/BoutToHackNASA/source/godang_ws/src/vision' with build type 'ament_python'
[0.789s] Level 1:colcon.colcon_core.shell:create_environment_hook('vision', 'ament_prefix_path')
[0.789s] INFO:colcon.colcon_core.shell:Creating environment hook '/home/tien/Documents/GitHub/BoutToHackNASA/source/godang_ws/install/vision/share/vision/hook/ament_prefix_path.ps1'
[0.790s] INFO:colcon.colcon_core.shell:Creating environment descriptor '/home/tien/Documents/GitHub/BoutToHackNASA/source/godang_ws/install/vision/share/vision/hook/ament_prefix_path.dsv'
[0.791s] INFO:colcon.colcon_core.shell:Creating environment hook '/home/tien/Documents/GitHub/BoutToHackNASA/source/godang_ws/install/vision/share/vision/hook/ament_prefix_path.sh'
[0.792s] INFO:colcon.colcon_core.shell:Skip shell extension 'powershell' for command environment: Not usable outside of PowerShell
[0.792s] DEBUG:colcon.colcon_core.shell:Skip shell extension 'dsv' for command environment
[1.262s] INFO:colcon.colcon_core.task.python.build:Building Python package in '/home/tien/Documents/GitHub/BoutToHackNASA/source/godang_ws/src/localization'
[1.263s] INFO:colcon.colcon_core.shell:Skip shell extension 'powershell' for command environment: Not usable outside of PowerShell
[1.263s] DEBUG:colcon.colcon_core.shell:Skip shell extension 'dsv' for command environment
[1.688s] INFO:colcon.colcon_core.task.python.build:Building Python package in '/home/tien/Documents/GitHub/BoutToHackNASA/source/godang_ws/src/planing'
[1.689s] INFO:colcon.colcon_core.shell:Skip shell extension 'powershell' for command environment: Not usable outside of PowerShell
[1.689s] DEBUG:colcon.colcon_core.shell:Skip shell extension 'dsv' for command environment
[2.449s] INFO:colcon.colcon_core.task.python.build:Building Python package in '/home/tien/Documents/GitHub/BoutToHackNASA/source/godang_ws/src/vision'
[2.450s] INFO:colcon.colcon_core.shell:Skip shell extension 'powershell' for command environment: Not usable outside of PowerShell
[2.450s] DEBUG:colcon.colcon_core.shell:Skip shell extension 'dsv' for command environment
[3.662s] DEBUG:colcon.colcon_core.event_handler.log_command:Invoking command in '/home/tien/Documents/GitHub/BoutToHackNASA/source/godang_ws/src/planing': PYTHONPATH=/home/tien/Documents/GitHub/BoutToHackNASA/source/godang_ws/build/planing/prefix_override:/home/tien/Documents/GitHub/BoutToHackNASA/source/godang_ws/install/planing/lib/python3.10/site-packages:${PYTHONPATH} /usr/bin/python3 -W ignore:setup.py install is deprecated setup.py egg_info --egg-base ../../build/planing build --build-base /home/tien/Documents/GitHub/BoutToHackNASA/source/godang_ws/build/planing/build install --record /home/tien/Documents/GitHub/BoutToHackNASA/source/godang_ws/build/planing/install.log --single-version-externally-managed install_data
[3.682s] DEBUG:colcon.colcon_core.event_handler.log_command:Invoking command in '/home/tien/Documents/GitHub/BoutToHackNASA/source/godang_ws/src/localization': PYTHONPATH=/home/tien/Documents/GitHub/BoutToHackNASA/source/godang_ws/build/localization/prefix_override:/home/tien/Documents/GitHub/BoutToHackNASA/source/godang_ws/install/localization/lib/python3.10/site-packages:${PYTHONPATH} /usr/bin/python3 -W ignore:setup.py install is deprecated setup.py egg_info --egg-base ../../build/localization build --build-base /home/tien/Documents/GitHub/BoutToHackNASA/source/godang_ws/build/localization/build install --record /home/tien/Documents/GitHub/BoutToHackNASA/source/godang_ws/build/localization/install.log --single-version-externally-managed install_data
[3.725s] DEBUG:colcon.colcon_core.event_handler.log_command:Invoking command in '/home/tien/Documents/GitHub/BoutToHackNASA/source/godang_ws/src/vision': PYTHONPATH=/home/tien/Documents/GitHub/BoutToHackNASA/source/godang_ws/build/vision/prefix_override:/home/tien/Documents/GitHub/BoutToHackNASA/source/godang_ws/install/vision/lib/python3.10/site-packages:${PYTHONPATH} /usr/bin/python3 -W ignore:setup.py install is deprecated setup.py egg_info --egg-base ../../build/vision build --build-base /home/tien/Documents/GitHub/BoutToHackNASA/source/godang_ws/build/vision/build install --record /home/tien/Documents/GitHub/BoutToHackNASA/source/godang_ws/build/vision/install.log --single-version-externally-managed install_data
[5.377s] DEBUG:colcon.colcon_core.event_handler.log_command:Invoked command in '/home/tien/Documents/GitHub/BoutToHackNASA/source/godang_ws/src/planing' returned '0': PYTHONPATH=/home/tien/Documents/GitHub/BoutToHackNASA/source/godang_ws/build/planing/prefix_override:/home/tien/Documents/GitHub/BoutToHackNASA/source/godang_ws/install/planing/lib/python3.10/site-packages:${PYTHONPATH} /usr/bin/python3 -W ignore:setup.py install is deprecated setup.py egg_info --egg-base ../../build/planing build --build-base /home/tien/Documents/GitHub/BoutToHackNASA/source/godang_ws/build/planing/build install --record /home/tien/Documents/GitHub/BoutToHackNASA/source/godang_ws/build/planing/install.log --single-version-externally-managed install_data
[5.384s] Level 1:colcon.colcon_core.environment:checking '/home/tien/Documents/GitHub/BoutToHackNASA/source/godang_ws/install/planing' for CMake module files
[5.385s] Level 1:colcon.colcon_core.environment:checking '/home/tien/Documents/GitHub/BoutToHackNASA/source/godang_ws/install/planing' for CMake config files
[5.386s] Level 1:colcon.colcon_core.environment:checking '/home/tien/Documents/GitHub/BoutToHackNASA/source/godang_ws/install/planing/lib'
[5.387s] Level 1:colcon.colcon_core.environment:checking '/home/tien/Documents/GitHub/BoutToHackNASA/source/godang_ws/install/planing/bin'
[5.387s] Level 1:colcon.colcon_core.environment:checking '/home/tien/Documents/GitHub/BoutToHackNASA/source/godang_ws/install/planing/lib/pkgconfig/planing.pc'
[5.387s] Level 1:colcon.colcon_core.environment:checking '/home/tien/Documents/GitHub/BoutToHackNASA/source/godang_ws/install/planing/lib/python3.10/site-packages'
[5.387s] Level 1:colcon.colcon_core.shell:create_environment_hook('planing', 'pythonpath')
[5.388s] INFO:colcon.colcon_core.shell:Creating environment hook '/home/tien/Documents/GitHub/BoutToHackNASA/source/godang_ws/install/planing/share/planing/hook/pythonpath.ps1'
[5.389s] INFO:colcon.colcon_core.shell:Creating environment descriptor '/home/tien/Documents/GitHub/BoutToHackNASA/source/godang_ws/install/planing/share/planing/hook/pythonpath.dsv'
[5.389s] INFO:colcon.colcon_core.shell:Creating environment hook '/home/tien/Documents/GitHub/BoutToHackNASA/source/godang_ws/install/planing/share/planing/hook/pythonpath.sh'
[5.391s] Level 1:colcon.colcon_core.environment:checking '/home/tien/Documents/GitHub/BoutToHackNASA/source/godang_ws/install/planing/bin'
[5.391s] Level 1:colcon.colcon_core.environment:create_environment_scripts_only(planing)
[5.391s] INFO:colcon.colcon_core.shell:Creating package script '/home/tien/Documents/GitHub/BoutToHackNASA/source/godang_ws/install/planing/share/planing/package.ps1'
[5.393s] INFO:colcon.colcon_core.shell:Creating package descriptor '/home/tien/Documents/GitHub/BoutToHackNASA/source/godang_ws/install/planing/share/planing/package.dsv'
[5.394s] INFO:colcon.colcon_core.shell:Creating package script '/home/tien/Documents/GitHub/BoutToHackNASA/source/godang_ws/install/planing/share/planing/package.sh'
[5.396s] INFO:colcon.colcon_core.shell:Creating package script '/home/tien/Documents/GitHub/BoutToHackNASA/source/godang_ws/install/planing/share/planing/package.bash'
[5.397s] INFO:colcon.colcon_core.shell:Creating package script '/home/tien/Documents/GitHub/BoutToHackNASA/source/godang_ws/install/planing/share/planing/package.zsh'
[5.399s] Level 1:colcon.colcon_core.environment:create_file_with_runtime_dependencies(/home/tien/Documents/GitHub/BoutToHackNASA/source/godang_ws/install/planing/share/colcon-core/packages/planing)
[5.401s] Level 1:colcon.colcon_core.environment:checking '/home/tien/Documents/GitHub/BoutToHackNASA/source/godang_ws/install/localization' for CMake module files
[5.403s] DEBUG:colcon.colcon_core.event_handler.log_command:Invoked command in '/home/tien/Documents/GitHub/BoutToHackNASA/source/godang_ws/src/localization' returned '0': PYTHONPATH=/home/tien/Documents/GitHub/BoutToHackNASA/source/godang_ws/build/localization/prefix_override:/home/tien/Documents/GitHub/BoutToHackNASA/source/godang_ws/install/localization/lib/python3.10/site-packages:${PYTHONPATH} /usr/bin/python3 -W ignore:setup.py install is deprecated setup.py egg_info --egg-base ../../build/localization build --build-base /home/tien/Documents/GitHub/BoutToHackNASA/source/godang_ws/build/localization/build install --record /home/tien/Documents/GitHub/BoutToHackNASA/source/godang_ws/build/localization/install.log --single-version-externally-managed install_data
[5.403s] Level 1:colcon.colcon_core.environment:checking '/home/tien/Documents/GitHub/BoutToHackNASA/source/godang_ws/install/localization' for CMake config files
[5.404s] Level 1:colcon.colcon_core.environment:checking '/home/tien/Documents/GitHub/BoutToHackNASA/source/godang_ws/install/localization/lib'
[5.404s] Level 1:colcon.colcon_core.environment:checking '/home/tien/Documents/GitHub/BoutToHackNASA/source/godang_ws/install/localization/bin'
[5.404s] Level 1:colcon.colcon_core.environment:checking '/home/tien/Documents/GitHub/BoutToHackNASA/source/godang_ws/install/localization/lib/pkgconfig/localization.pc'
[5.405s] Level 1:colcon.colcon_core.environment:checking '/home/tien/Documents/GitHub/BoutToHackNASA/source/godang_ws/install/localization/lib/python3.10/site-packages'
[5.405s] Level 1:colcon.colcon_core.shell:create_environment_hook('localization', 'pythonpath')
[5.406s] INFO:colcon.colcon_core.shell:Creating environment hook '/home/tien/Documents/GitHub/BoutToHackNASA/source/godang_ws/install/localization/share/localization/hook/pythonpath.ps1'
[5.406s] INFO:colcon.colcon_core.shell:Creating environment descriptor '/home/tien/Documents/GitHub/BoutToHackNASA/source/godang_ws/install/localization/share/localization/hook/pythonpath.dsv'
[5.407s] INFO:colcon.colcon_core.shell:Creating environment hook '/home/tien/Documents/GitHub/BoutToHackNASA/source/godang_ws/install/localization/share/localization/hook/pythonpath.sh'
[5.408s] Level 1:colcon.colcon_core.environment:checking '/home/tien/Documents/GitHub/BoutToHackNASA/source/godang_ws/install/localization/bin'
[5.408s] Level 1:colcon.colcon_core.environment:create_environment_scripts_only(localization)
[5.409s] INFO:colcon.colcon_core.shell:Creating package script '/home/tien/Documents/GitHub/BoutToHackNASA/source/godang_ws/install/localization/share/localization/package.ps1'
[5.410s] INFO:colcon.colcon_core.shell:Creating package descriptor '/home/tien/Documents/GitHub/BoutToHackNASA/source/godang_ws/install/localization/share/localization/package.dsv'
[5.410s] INFO:colcon.colcon_core.shell:Creating package script '/home/tien/Documents/GitHub/BoutToHackNASA/source/godang_ws/install/localization/share/localization/package.sh'
[5.411s] INFO:colcon.colcon_core.shell:Creating package script '/home/tien/Documents/GitHub/BoutToHackNASA/source/godang_ws/install/localization/share/localization/package.bash'
[5.412s] INFO:colcon.colcon_core.shell:Creating package script '/home/tien/Documents/GitHub/BoutToHackNASA/source/godang_ws/install/localization/share/localization/package.zsh'
[5.412s] Level 1:colcon.colcon_core.environment:create_file_with_runtime_dependencies(/home/tien/Documents/GitHub/BoutToHackNASA/source/godang_ws/install/localization/share/colcon-core/packages/localization)
[5.536s] Level 1:colcon.colcon_core.environment:checking '/home/tien/Documents/GitHub/BoutToHackNASA/source/godang_ws/install/vision' for CMake module files
[5.537s] DEBUG:colcon.colcon_core.event_handler.log_command:Invoked command in '/home/tien/Documents/GitHub/BoutToHackNASA/source/godang_ws/src/vision' returned '0': PYTHONPATH=/home/tien/Documents/GitHub/BoutToHackNASA/source/godang_ws/build/vision/prefix_override:/home/tien/Documents/GitHub/BoutToHackNASA/source/godang_ws/install/vision/lib/python3.10/site-packages:${PYTHONPATH} /usr/bin/python3 -W ignore:setup.py install is deprecated setup.py egg_info --egg-base ../../build/vision build --build-base /home/tien/Documents/GitHub/BoutToHackNASA/source/godang_ws/build/vision/build install --record /home/tien/Documents/GitHub/BoutToHackNASA/source/godang_ws/build/vision/install.log --single-version-externally-managed install_data
[5.537s] Level 1:colcon.colcon_core.environment:checking '/home/tien/Documents/GitHub/BoutToHackNASA/source/godang_ws/install/vision' for CMake config files
[5.544s] Level 1:colcon.colcon_core.environment:checking '/home/tien/Documents/GitHub/BoutToHackNASA/source/godang_ws/install/vision/lib'
[5.544s] Level 1:colcon.colcon_core.environment:checking '/home/tien/Documents/GitHub/BoutToHackNASA/source/godang_ws/install/vision/bin'
[5.544s] Level 1:colcon.colcon_core.environment:checking '/home/tien/Documents/GitHub/BoutToHackNASA/source/godang_ws/install/vision/lib/pkgconfig/vision.pc'
[5.545s] Level 1:colcon.colcon_core.environment:checking '/home/tien/Documents/GitHub/BoutToHackNASA/source/godang_ws/install/vision/lib/python3.10/site-packages'
[5.545s] Level 1:colcon.colcon_core.shell:create_environment_hook('vision', 'pythonpath')
[5.545s] INFO:colcon.colcon_core.shell:Creating environment hook '/home/tien/Documents/GitHub/BoutToHackNASA/source/godang_ws/install/vision/share/vision/hook/pythonpath.ps1'
[5.546s] INFO:colcon.colcon_core.shell:Creating environment descriptor '/home/tien/Documents/GitHub/BoutToHackNASA/source/godang_ws/install/vision/share/vision/hook/pythonpath.dsv'
[5.547s] INFO:colcon.colcon_core.shell:Creating environment hook '/home/tien/Documents/GitHub/BoutToHackNASA/source/godang_ws/install/vision/share/vision/hook/pythonpath.sh'
[5.548s] Level 1:colcon.colcon_core.environment:checking '/home/tien/Documents/GitHub/BoutToHackNASA/source/godang_ws/install/vision/bin'
[5.548s] Level 1:colcon.colcon_core.environment:create_environment_scripts_only(vision)
[5.549s] INFO:colcon.colcon_core.shell:Creating package script '/home/tien/Documents/GitHub/BoutToHackNASA/source/godang_ws/install/vision/share/vision/package.ps1'
[5.550s] INFO:colcon.colcon_core.shell:Creating package descriptor '/home/tien/Documents/GitHub/BoutToHackNASA/source/godang_ws/install/vision/share/vision/package.dsv'
[5.550s] INFO:colcon.colcon_core.shell:Creating package script '/home/tien/Documents/GitHub/BoutToHackNASA/source/godang_ws/install/vision/share/vision/package.sh'
[5.551s] INFO:colcon.colcon_core.shell:Creating package script '/home/tien/Documents/GitHub/BoutToHackNASA/source/godang_ws/install/vision/share/vision/package.bash'
[5.552s] INFO:colcon.colcon_core.shell:Creating package script '/home/tien/Documents/GitHub/BoutToHackNASA/source/godang_ws/install/vision/share/vision/package.zsh'
[5.552s] Level 1:colcon.colcon_core.environment:create_file_with_runtime_dependencies(/home/tien/Documents/GitHub/BoutToHackNASA/source/godang_ws/install/vision/share/colcon-core/packages/vision)
[5.553s] INFO:colcon.colcon_ros.task.ament_cmake.build:Building ROS package in '/home/tien/Documents/GitHub/BoutToHackNASA/source/godang_ws/src/my_robot_bringup' with build type 'ament_cmake'
[5.553s] INFO:colcon.colcon_cmake.task.cmake.build:Building CMake package in '/home/tien/Documents/GitHub/BoutToHackNASA/source/godang_ws/src/my_robot_bringup'
[5.554s] INFO:colcon.colcon_core.shell:Skip shell extension 'powershell' for command environment: Not usable outside of PowerShell
[5.554s] DEBUG:colcon.colcon_core.shell:Skip shell extension 'dsv' for command environment
[5.596s] DEBUG:colcon.colcon_core.event_handler.log_command:Invoking command in '/home/tien/Documents/GitHub/BoutToHackNASA/source/godang_ws/build/my_robot_bringup': AMENT_PREFIX_PATH=/home/tien/Documents/GitHub/BoutToHackNASA/source/godang_ws/install/vision:/home/tien/Documents/GitHub/BoutToHackNASA/source/godang_ws/install/planing:/home/tien/Documents/GitHub/BoutToHackNASA/source/godang_ws/install/localization:/home/tien/Documents/GitHub/BoutToHackNASA/source/godang_ws/install/my_robot_bringup:/home/tien/microros_ws/install/micro_ros_demos_rclc:/home/tien/microros_ws/install/common_interfaces:/home/tien/microros_ws/install/visualization_msgs:/home/tien/microros_ws/install/test_msgs:/home/tien/microros_ws/install/example_interfaces:/home/tien/microros_ws/install/action_msgs:/home/tien/microros_ws/install/unique_identifier_msgs:/home/tien/microros_ws/install/trajectory_msgs:/home/tien/microros_ws/install/stereo_msgs:/home/tien/microros_ws/install/std_srvs:/home/tien/microros_ws/install/shape_msgs:/home/tien/microros_ws/install/sensor_msgs_py:/home/tien/microros_ws/install/sensor_msgs:/home/tien/microros_ws/install/nav_msgs:/home/tien/microros_ws/install/diagnostic_msgs:/home/tien/microros_ws/install/geometry_msgs:/home/tien/microros_ws/install/actionlib_msgs:/home/tien/microros_ws/install/std_msgs:/home/tien/microros_ws/install/statistics_msgs:/home/tien/microros_ws/install/rosidl_typesupport_microxrcedds_test_msg:/home/tien/microros_ws/install/rosidl_typesupport_microxrcedds_cpp_tests:/home/tien/microros_ws/install/rmw_microxrcedds:/home/tien/microros_ws/install/rosidl_typesupport_microxrcedds_cpp:/home/tien/microros_ws/install/rosidl_typesupport_microxrcedds_c_tests:/home/tien/microros_ws/install/rosidl_typesupport_microxrcedds_c:/home/tien/microros_ws/install/rosgraph_msgs:/home/tien/microros_ws/install/rclc_parameter:/home/tien/microros_ws/install/rclc:/home/tien/microros_ws/install/composition_interfaces:/home/tien/microros_ws/install/rcl_interfaces:/home/tien/microros_ws/install/micro_ros_utilities:/home/tien/microros_ws/install/micro_ros_setup:/home/tien/microros_ws/install/micro_ros_agent:/home/tien/microros_ws/install/micro_ros_msgs:/home/tien/microros_ws/install/lifecycle_msgs:/home/tien/microros_ws/install/complex_msgs:/home/tien/microros_ws/install/builtin_interfaces:/home/tien/Documents/GitHub/ALL_CODE/red_ws/install/vision:/home/tien/Documents/GitHub/ALL_CODE/red_ws/install/state:/home/tien/Documents/GitHub/ALL_CODE/red_ws/install/mobile:/home/tien/turtlebot3_ws/install/turtlebot3:/home/tien/turtlebot3_ws/install/turtlebot3_teleop:/home/tien/turtlebot3_ws/install/turtlebot3_simulations:/home/tien/turtlebot3_ws/install/turtlebot3_bringup:/home/tien/turtlebot3_ws/install/turtlebot3_node:/home/tien/turtlebot3_ws/install/turtlebot3_navigation2:/home/tien/turtlebot3_ws/install/turtlebot3_fake_node:/home/tien/turtlebot3_ws/install/turtlebot3_example:/home/tien/turtlebot3_ws/install/turtlebot3_msgs:/home/tien/turtlebot3_ws/install/turtlebot3_gazebo:/home/tien/turtlebot3_ws/install/turtlebot3_description:/home/tien/turtlebot3_ws/install/turtlebot3_cartographer:/home/tien/turtlebot3_ws/install/dynamixel_sdk_examples:/home/tien/turtlebot3_ws/install/dynamixel_sdk_custom_interfaces:/home/tien/turtlebot3_ws/install/dynamixel_sdk:/home/tien/jinpao_ws/install/robot_localization:/home/tien/jinpao_ws/install/plant_message:/home/tien/jinpao_ws/install/jinpao_test:/home/tien/jinpao_ws/install/jinpao_description:/home/tien/jinpao_ws/install/jinpao_bringup:/home/tien/jinpao_naia_ws/install/state_pkg:/home/tien/jinpao_naia_ws/install/py_control_pkg:/home/tien/jinpao_naia_ws/install/cam_pkg:/home/tien/abu_ws/install/manual:/home/tien/three_wheel_ws/install/rplidar_ros:/home/tien/three_wheel_ws/install/robot_description:/home/tien/three_wheel_ws/install/robot_bringup:/opt/ros/humble CMAKE_PREFIX_PATH=/home/tien/Documents/GitHub/BoutToHackNASA/source/godang_ws/install/my_robot_bringup:/home/tien/microros_ws/install/micro_ros_demos_rclc:/home/tien/microros_ws/install/common_interfaces:/home/tien/microros_ws/install/visualization_msgs:/home/tien/microros_ws/install/test_msgs:/home/tien/microros_ws/install/example_interfaces:/home/tien/microros_ws/install/action_msgs:/home/tien/microros_ws/install/unique_identifier_msgs:/home/tien/microros_ws/install/trajectory_msgs:/home/tien/microros_ws/install/stereo_msgs:/home/tien/microros_ws/install/std_srvs:/home/tien/microros_ws/install/shape_msgs:/home/tien/microros_ws/install/sensor_msgs:/home/tien/microros_ws/install/nav_msgs:/home/tien/microros_ws/install/diagnostic_msgs:/home/tien/microros_ws/install/geometry_msgs:/home/tien/microros_ws/install/actionlib_msgs:/home/tien/microros_ws/install/std_msgs:/home/tien/microros_ws/install/statistics_msgs:/home/tien/microros_ws/install/rosidl_typesupport_microxrcedds_test_msg:/home/tien/microros_ws/install/rosidl_typesupport_microxrcedds_cpp_tests:/home/tien/microros_ws/install/rmw_microxrcedds:/home/tien/microros_ws/install/rosidl_typesupport_microxrcedds_cpp:/home/tien/microros_ws/install/rosidl_typesupport_microxrcedds_c_tests:/home/tien/microros_ws/install/rosidl_typesupport_microxrcedds_c:/home/tien/microros_ws/install/rosgraph_msgs:/home/tien/microros_ws/install/rclc_parameter:/home/tien/microros_ws/install/rclc:/home/tien/microros_ws/install/composition_interfaces:/home/tien/microros_ws/install/rcl_interfaces:/home/tien/microros_ws/install/microxrcedds_client:/home/tien/microros_ws/install/microcdr:/home/tien/microros_ws/install/micro_ros_utilities:/home/tien/microros_ws/install/micro_ros_setup:/home/tien/microros_ws/install/micro_ros_agent:/home/tien/microros_ws/install/micro_ros_msgs:/home/tien/microros_ws/install/lifecycle_msgs:/home/tien/microros_ws/install/complex_msgs:/home/tien/microros_ws/install/builtin_interfaces:/home/tien/turtlebot3_ws/install/turtlebot3:/home/tien/turtlebot3_ws/install/turtlebot3_simulations:/home/tien/turtlebot3_ws/install/turtlebot3_bringup:/home/tien/turtlebot3_ws/install/turtlebot3_node:/home/tien/turtlebot3_ws/install/turtlebot3_navigation2:/home/tien/turtlebot3_ws/install/turtlebot3_fake_node:/home/tien/turtlebot3_ws/install/turtlebot3_msgs:/home/tien/microros_ws/install/sensor_msgs_py:/home/tien/Documents/GitHub/BoutToHackNASA/source/godang_ws/install/vision:/home/tien/Documents/GitHub/BoutToHackNASA/source/godang_ws/install/planing:/home/tien/Documents/GitHub/BoutToHackNASA/source/godang_ws/install/localization:/home/tien/Documents/GitHub/ALL_CODE/red_ws/install/vision:/home/tien/Documents/GitHub/ALL_CODE/red_ws/install/state:/home/tien/Documents/GitHub/ALL_CODE/red_ws/install/mobile:/home/tien/turtlebot3_ws/install/turtlebot3_teleop:/home/tien/turtlebot3_ws/install/turtlebot3_example:/home/tien/jinpao_ws/install/jinpao_test:/home/tien/jinpao_naia_ws/install/state_pkg:/home/tien/jinpao_naia_ws/install/py_control_pkg:/home/tien/jinpao_naia_ws/install/cam_pkg:/home/tien/abu_ws/install/manual:/opt/ros/humble:/home/tien/turtlebot3_ws/install/turtlebot3_gazebo:/home/tien/turtlebot3_ws/install/turtlebot3_description:/home/tien/turtlebot3_ws/install/turtlebot3_cartographer:/home/tien/turtlebot3_ws/install/dynamixel_sdk_examples:/home/tien/turtlebot3_ws/install/dynamixel_sdk_custom_interfaces:/home/tien/turtlebot3_ws/install/dynamixel_sdk:/home/tien/jinpao_ws/install/robot_localization:/home/tien/jinpao_ws/install/plant_message:/home/tien/jinpao_ws/install/jinpao_description:/home/tien/jinpao_ws/install/jinpao_bringup:/home/tien/three_wheel_ws/install/rplidar_ros:/home/tien/three_wheel_ws/install/robot_description:/home/tien/three_wheel_ws/install/robot_bringup PYTHONPATH=/home/tien/Documents/GitHub/BoutToHackNASA/source/godang_ws/install/vision/lib/python3.10/site-packages:/home/tien/Documents/GitHub/BoutToHackNASA/source/godang_ws/install/planing/lib/python3.10/site-packages:/home/tien/Documents/GitHub/BoutToHackNASA/source/godang_ws/install/localization/lib/python3.10/site-packages:/home/tien/microros_ws/install/visualization_msgs/local/lib/python3.10/dist-packages:/home/tien/microros_ws/install/test_msgs/local/lib/python3.10/dist-packages:/home/tien/microros_ws/install/example_interfaces/local/lib/python3.10/dist-packages:/home/tien/microros_ws/install/action_msgs/local/lib/python3.10/dist-packages:/home/tien/microros_ws/install/unique_identifier_msgs/local/lib/python3.10/dist-packages:/home/tien/microros_ws/install/trajectory_msgs/local/lib/python3.10/dist-packages:/home/tien/microros_ws/install/stereo_msgs/local/lib/python3.10/dist-packages:/home/tien/microros_ws/install/std_srvs/local/lib/python3.10/dist-packages:/home/tien/microros_ws/install/shape_msgs/local/lib/python3.10/dist-packages:/home/tien/microros_ws/install/sensor_msgs_py/lib/python3.10/site-packages:/home/tien/microros_ws/install/sensor_msgs/local/lib/python3.10/dist-packages:/home/tien/microros_ws/install/nav_msgs/local/lib/python3.10/dist-packages:/home/tien/microros_ws/install/diagnostic_msgs/local/lib/python3.10/dist-packages:/home/tien/microros_ws/install/geometry_msgs/local/lib/python3.10/dist-packages:/home/tien/microros_ws/install/actionlib_msgs/local/lib/python3.10/dist-packages:/home/tien/microros_ws/install/std_msgs/local/lib/python3.10/dist-packages:/home/tien/microros_ws/install/statistics_msgs/local/lib/python3.10/dist-packages:/home/tien/microros_ws/install/rosidl_typesupport_microxrcedds_cpp/local/lib/python3.10/dist-packages:/home/tien/microros_ws/install/rosidl_typesupport_microxrcedds_c/local/lib/python3.10/dist-packages:/home/tien/microros_ws/install/rosgraph_msgs/local/lib/python3.10/dist-packages:/home/tien/microros_ws/install/composition_interfaces/local/lib/python3.10/dist-packages:/home/tien/microros_ws/install/rcl_interfaces/local/lib/python3.10/dist-packages:/home/tien/microros_ws/install/micro_ros_msgs/local/lib/python3.10/dist-packages:/home/tien/microros_ws/install/lifecycle_msgs/local/lib/python3.10/dist-packages:/home/tien/microros_ws/install/complex_msgs/local/lib/python3.10/dist-packages:/home/tien/microros_ws/install/builtin_interfaces/local/lib/python3.10/dist-packages:/home/tien/Documents/GitHub/ALL_CODE/red_ws/install/vision/lib/python3.10/site-packages:/home/tien/Documents/GitHub/ALL_CODE/red_ws/install/state/lib/python3.10/site-packages:/home/tien/Documents/GitHub/ALL_CODE/red_ws/install/mobile/lib/python3.10/site-packages:/home/tien/turtlebot3_ws/build/turtlebot3_teleop:/home/tien/turtlebot3_ws/install/turtlebot3_teleop/lib/python3.10/site-packages:/home/tien/turtlebot3_ws/build/turtlebot3_example:/home/tien/turtlebot3_ws/install/turtlebot3_example/lib/python3.10/site-packages:/home/tien/turtlebot3_ws/install/turtlebot3_msgs/local/lib/python3.10/dist-packages:/home/tien/turtlebot3_ws/install/dynamixel_sdk_custom_interfaces/local/lib/python3.10/dist-packages:/home/tien/jinpao_ws/install/robot_localization/local/lib/python3.10/dist-packages:/home/tien/jinpao_ws/install/plant_message/local/lib/python3.10/dist-packages:/home/tien/jinpao_ws/install/jinpao_test/lib/python3.10/site-packages:/home/tien/jinpao_ws/install/jinpao_description/local/lib/python3.10/dist-packages:/home/tien/jinpao_ws/install/jinpao_bringup/local/lib/python3.10/dist-packages:/home/tien/jinpao_naia_ws/install/state_pkg/lib/python3.10/site-packages:/home/tien/jinpao_naia_ws/install/py_control_pkg/lib/python3.10/site-packages:/home/tien/jinpao_naia_ws/install/cam_pkg/lib/python3.10/site-packages:/home/tien/abu_ws/install/manual/lib/python3.10/site-packages:/home/tien/three_wheel_ws/install/robot_bringup/local/lib/python3.10/dist-packages:/opt/ros/humble/lib/python3.10/site-packages:/opt/ros/humble/local/lib/python3.10/dist-packages /usr/bin/cmake --build /home/tien/Documents/GitHub/BoutToHackNASA/source/godang_ws/build/my_robot_bringup -- -j20 -l20
[5.672s] DEBUG:colcon.colcon_core.event_handler.log_command:Invoked command in '/home/tien/Documents/GitHub/BoutToHackNASA/source/godang_ws/build/my_robot_bringup' returned '0': AMENT_PREFIX_PATH=/home/tien/Documents/GitHub/BoutToHackNASA/source/godang_ws/install/vision:/home/tien/Documents/GitHub/BoutToHackNASA/source/godang_ws/install/planing:/home/tien/Documents/GitHub/BoutToHackNASA/source/godang_ws/install/localization:/home/tien/Documents/GitHub/BoutToHackNASA/source/godang_ws/install/my_robot_bringup:/home/tien/microros_ws/install/micro_ros_demos_rclc:/home/tien/microros_ws/install/common_interfaces:/home/tien/microros_ws/install/visualization_msgs:/home/tien/microros_ws/install/test_msgs:/home/tien/microros_ws/install/example_interfaces:/home/tien/microros_ws/install/action_msgs:/home/tien/microros_ws/install/unique_identifier_msgs:/home/tien/microros_ws/install/trajectory_msgs:/home/tien/microros_ws/install/stereo_msgs:/home/tien/microros_ws/install/std_srvs:/home/tien/microros_ws/install/shape_msgs:/home/tien/microros_ws/install/sensor_msgs_py:/home/tien/microros_ws/install/sensor_msgs:/home/tien/microros_ws/install/nav_msgs:/home/tien/microros_ws/install/diagnostic_msgs:/home/tien/microros_ws/install/geometry_msgs:/home/tien/microros_ws/install/actionlib_msgs:/home/tien/microros_ws/install/std_msgs:/home/tien/microros_ws/install/statistics_msgs:/home/tien/microros_ws/install/rosidl_typesupport_microxrcedds_test_msg:/home/tien/microros_ws/install/rosidl_typesupport_microxrcedds_cpp_tests:/home/tien/microros_ws/install/rmw_microxrcedds:/home/tien/microros_ws/install/rosidl_typesupport_microxrcedds_cpp:/home/tien/microros_ws/install/rosidl_typesupport_microxrcedds_c_tests:/home/tien/microros_ws/install/rosidl_typesupport_microxrcedds_c:/home/tien/microros_ws/install/rosgraph_msgs:/home/tien/microros_ws/install/rclc_parameter:/home/tien/microros_ws/install/rclc:/home/tien/microros_ws/install/composition_interfaces:/home/tien/microros_ws/install/rcl_interfaces:/home/tien/microros_ws/install/micro_ros_utilities:/home/tien/microros_ws/install/micro_ros_setup:/home/tien/microros_ws/install/micro_ros_agent:/home/tien/microros_ws/install/micro_ros_msgs:/home/tien/microros_ws/install/lifecycle_msgs:/home/tien/microros_ws/install/complex_msgs:/home/tien/microros_ws/install/builtin_interfaces:/home/tien/Documents/GitHub/ALL_CODE/red_ws/install/vision:/home/tien/Documents/GitHub/ALL_CODE/red_ws/install/state:/home/tien/Documents/GitHub/ALL_CODE/red_ws/install/mobile:/home/tien/turtlebot3_ws/install/turtlebot3:/home/tien/turtlebot3_ws/install/turtlebot3_teleop:/home/tien/turtlebot3_ws/install/turtlebot3_simulations:/home/tien/turtlebot3_ws/install/turtlebot3_bringup:/home/tien/turtlebot3_ws/install/turtlebot3_node:/home/tien/turtlebot3_ws/install/turtlebot3_navigation2:/home/tien/turtlebot3_ws/install/turtlebot3_fake_node:/home/tien/turtlebot3_ws/install/turtlebot3_example:/home/tien/turtlebot3_ws/install/turtlebot3_msgs:/home/tien/turtlebot3_ws/install/turtlebot3_gazebo:/home/tien/turtlebot3_ws/install/turtlebot3_description:/home/tien/turtlebot3_ws/install/turtlebot3_cartographer:/home/tien/turtlebot3_ws/install/dynamixel_sdk_examples:/home/tien/turtlebot3_ws/install/dynamixel_sdk_custom_interfaces:/home/tien/turtlebot3_ws/install/dynamixel_sdk:/home/tien/jinpao_ws/install/robot_localization:/home/tien/jinpao_ws/install/plant_message:/home/tien/jinpao_ws/install/jinpao_test:/home/tien/jinpao_ws/install/jinpao_description:/home/tien/jinpao_ws/install/jinpao_bringup:/home/tien/jinpao_naia_ws/install/state_pkg:/home/tien/jinpao_naia_ws/install/py_control_pkg:/home/tien/jinpao_naia_ws/install/cam_pkg:/home/tien/abu_ws/install/manual:/home/tien/three_wheel_ws/install/rplidar_ros:/home/tien/three_wheel_ws/install/robot_description:/home/tien/three_wheel_ws/install/robot_bringup:/opt/ros/humble CMAKE_PREFIX_PATH=/home/tien/Documents/GitHub/BoutToHackNASA/source/godang_ws/install/my_robot_bringup:/home/tien/microros_ws/install/micro_ros_demos_rclc:/home/tien/microros_ws/install/common_interfaces:/home/tien/microros_ws/install/visualization_msgs:/home/tien/microros_ws/install/test_msgs:/home/tien/microros_ws/install/example_interfaces:/home/tien/microros_ws/install/action_msgs:/home/tien/microros_ws/install/unique_identifier_msgs:/home/tien/microros_ws/install/trajectory_msgs:/home/tien/microros_ws/install/stereo_msgs:/home/tien/microros_ws/install/std_srvs:/home/tien/microros_ws/install/shape_msgs:/home/tien/microros_ws/install/sensor_msgs:/home/tien/microros_ws/install/nav_msgs:/home/tien/microros_ws/install/diagnostic_msgs:/home/tien/microros_ws/install/geometry_msgs:/home/tien/microros_ws/install/actionlib_msgs:/home/tien/microros_ws/install/std_msgs:/home/tien/microros_ws/install/statistics_msgs:/home/tien/microros_ws/install/rosidl_typesupport_microxrcedds_test_msg:/home/tien/microros_ws/install/rosidl_typesupport_microxrcedds_cpp_tests:/home/tien/microros_ws/install/rmw_microxrcedds:/home/tien/microros_ws/install/rosidl_typesupport_microxrcedds_cpp:/home/tien/microros_ws/install/rosidl_typesupport_microxrcedds_c_tests:/home/tien/microros_ws/install/rosidl_typesupport_microxrcedds_c:/home/tien/microros_ws/install/rosgraph_msgs:/home/tien/microros_ws/install/rclc_parameter:/home/tien/microros_ws/install/rclc:/home/tien/microros_ws/install/composition_interfaces:/home/tien/microros_ws/install/rcl_interfaces:/home/tien/microros_ws/install/microxrcedds_client:/home/tien/microros_ws/install/microcdr:/home/tien/microros_ws/install/micro_ros_utilities:/home/tien/microros_ws/install/micro_ros_setup:/home/tien/microros_ws/install/micro_ros_agent:/home/tien/microros_ws/install/micro_ros_msgs:/home/tien/microros_ws/install/lifecycle_msgs:/home/tien/microros_ws/install/complex_msgs:/home/tien/microros_ws/install/builtin_interfaces:/home/tien/turtlebot3_ws/install/turtlebot3:/home/tien/turtlebot3_ws/install/turtlebot3_simulations:/home/tien/turtlebot3_ws/install/turtlebot3_bringup:/home/tien/turtlebot3_ws/install/turtlebot3_node:/home/tien/turtlebot3_ws/install/turtlebot3_navigation2:/home/tien/turtlebot3_ws/install/turtlebot3_fake_node:/home/tien/turtlebot3_ws/install/turtlebot3_msgs:/home/tien/microros_ws/install/sensor_msgs_py:/home/tien/Documents/GitHub/BoutToHackNASA/source/godang_ws/install/vision:/home/tien/Documents/GitHub/BoutToHackNASA/source/godang_ws/install/planing:/home/tien/Documents/GitHub/BoutToHackNASA/source/godang_ws/install/localization:/home/tien/Documents/GitHub/ALL_CODE/red_ws/install/vision:/home/tien/Documents/GitHub/ALL_CODE/red_ws/install/state:/home/tien/Documents/GitHub/ALL_CODE/red_ws/install/mobile:/home/tien/turtlebot3_ws/install/turtlebot3_teleop:/home/tien/turtlebot3_ws/install/turtlebot3_example:/home/tien/jinpao_ws/install/jinpao_test:/home/tien/jinpao_naia_ws/install/state_pkg:/home/tien/jinpao_naia_ws/install/py_control_pkg:/home/tien/jinpao_naia_ws/install/cam_pkg:/home/tien/abu_ws/install/manual:/opt/ros/humble:/home/tien/turtlebot3_ws/install/turtlebot3_gazebo:/home/tien/turtlebot3_ws/install/turtlebot3_description:/home/tien/turtlebot3_ws/install/turtlebot3_cartographer:/home/tien/turtlebot3_ws/install/dynamixel_sdk_examples:/home/tien/turtlebot3_ws/install/dynamixel_sdk_custom_interfaces:/home/tien/turtlebot3_ws/install/dynamixel_sdk:/home/tien/jinpao_ws/install/robot_localization:/home/tien/jinpao_ws/install/plant_message:/home/tien/jinpao_ws/install/jinpao_description:/home/tien/jinpao_ws/install/jinpao_bringup:/home/tien/three_wheel_ws/install/rplidar_ros:/home/tien/three_wheel_ws/install/robot_description:/home/tien/three_wheel_ws/install/robot_bringup PYTHONPATH=/home/tien/Documents/GitHub/BoutToHackNASA/source/godang_ws/install/vision/lib/python3.10/site-packages:/home/tien/Documents/GitHub/BoutToHackNASA/source/godang_ws/install/planing/lib/python3.10/site-packages:/home/tien/Documents/GitHub/BoutToHackNASA/source/godang_ws/install/localization/lib/python3.10/site-packages:/home/tien/microros_ws/install/visualization_msgs/local/lib/python3.10/dist-packages:/home/tien/microros_ws/install/test_msgs/local/lib/python3.10/dist-packages:/home/tien/microros_ws/install/example_interfaces/local/lib/python3.10/dist-packages:/home/tien/microros_ws/install/action_msgs/local/lib/python3.10/dist-packages:/home/tien/microros_ws/install/unique_identifier_msgs/local/lib/python3.10/dist-packages:/home/tien/microros_ws/install/trajectory_msgs/local/lib/python3.10/dist-packages:/home/tien/microros_ws/install/stereo_msgs/local/lib/python3.10/dist-packages:/home/tien/microros_ws/install/std_srvs/local/lib/python3.10/dist-packages:/home/tien/microros_ws/install/shape_msgs/local/lib/python3.10/dist-packages:/home/tien/microros_ws/install/sensor_msgs_py/lib/python3.10/site-packages:/home/tien/microros_ws/install/sensor_msgs/local/lib/python3.10/dist-packages:/home/tien/microros_ws/install/nav_msgs/local/lib/python3.10/dist-packages:/home/tien/microros_ws/install/diagnostic_msgs/local/lib/python3.10/dist-packages:/home/tien/microros_ws/install/geometry_msgs/local/lib/python3.10/dist-packages:/home/tien/microros_ws/install/actionlib_msgs/local/lib/python3.10/dist-packages:/home/tien/microros_ws/install/std_msgs/local/lib/python3.10/dist-packages:/home/tien/microros_ws/install/statistics_msgs/local/lib/python3.10/dist-packages:/home/tien/microros_ws/install/rosidl_typesupport_microxrcedds_cpp/local/lib/python3.10/dist-packages:/home/tien/microros_ws/install/rosidl_typesupport_microxrcedds_c/local/lib/python3.10/dist-packages:/home/tien/microros_ws/install/rosgraph_msgs/local/lib/python3.10/dist-packages:/home/tien/microros_ws/install/composition_interfaces/local/lib/python3.10/dist-packages:/home/tien/microros_ws/install/rcl_interfaces/local/lib/python3.10/dist-packages:/home/tien/microros_ws/install/micro_ros_msgs/local/lib/python3.10/dist-packages:/home/tien/microros_ws/install/lifecycle_msgs/local/lib/python3.10/dist-packages:/home/tien/microros_ws/install/complex_msgs/local/lib/python3.10/dist-packages:/home/tien/microros_ws/install/builtin_interfaces/local/lib/python3.10/dist-packages:/home/tien/Documents/GitHub/ALL_CODE/red_ws/install/vision/lib/python3.10/site-packages:/home/tien/Documents/GitHub/ALL_CODE/red_ws/install/state/lib/python3.10/site-packages:/home/tien/Documents/GitHub/ALL_CODE/red_ws/install/mobile/lib/python3.10/site-packages:/home/tien/turtlebot3_ws/build/turtlebot3_teleop:/home/tien/turtlebot3_ws/install/turtlebot3_teleop/lib/python3.10/site-packages:/home/tien/turtlebot3_ws/build/turtlebot3_example:/home/tien/turtlebot3_ws/install/turtlebot3_example/lib/python3.10/site-packages:/home/tien/turtlebot3_ws/install/turtlebot3_msgs/local/lib/python3.10/dist-packages:/home/tien/turtlebot3_ws/install/dynamixel_sdk_custom_interfaces/local/lib/python3.10/dist-packages:/home/tien/jinpao_ws/install/robot_localization/local/lib/python3.10/dist-packages:/home/tien/jinpao_ws/install/plant_message/local/lib/python3.10/dist-packages:/home/tien/jinpao_ws/install/jinpao_test/lib/python3.10/site-packages:/home/tien/jinpao_ws/install/jinpao_description/local/lib/python3.10/dist-packages:/home/tien/jinpao_ws/install/jinpao_bringup/local/lib/python3.10/dist-packages:/home/tien/jinpao_naia_ws/install/state_pkg/lib/python3.10/site-packages:/home/tien/jinpao_naia_ws/install/py_control_pkg/lib/python3.10/site-packages:/home/tien/jinpao_naia_ws/install/cam_pkg/lib/python3.10/site-packages:/home/tien/abu_ws/install/manual/lib/python3.10/site-packages:/home/tien/three_wheel_ws/install/robot_bringup/local/lib/python3.10/dist-packages:/opt/ros/humble/lib/python3.10/site-packages:/opt/ros/humble/local/lib/python3.10/dist-packages /usr/bin/cmake --build /home/tien/Documents/GitHub/BoutToHackNASA/source/godang_ws/build/my_robot_bringup -- -j20 -l20
[5.740s] DEBUG:colcon.colcon_core.event_handler.log_command:Invoking command in '/home/tien/Documents/GitHub/BoutToHackNASA/source/godang_ws/build/my_robot_bringup': AMENT_PREFIX_PATH=/home/tien/Documents/GitHub/BoutToHackNASA/source/godang_ws/install/vision:/home/tien/Documents/GitHub/BoutToHackNASA/source/godang_ws/install/planing:/home/tien/Documents/GitHub/BoutToHackNASA/source/godang_ws/install/localization:/home/tien/Documents/GitHub/BoutToHackNASA/source/godang_ws/install/my_robot_bringup:/home/tien/microros_ws/install/micro_ros_demos_rclc:/home/tien/microros_ws/install/common_interfaces:/home/tien/microros_ws/install/visualization_msgs:/home/tien/microros_ws/install/test_msgs:/home/tien/microros_ws/install/example_interfaces:/home/tien/microros_ws/install/action_msgs:/home/tien/microros_ws/install/unique_identifier_msgs:/home/tien/microros_ws/install/trajectory_msgs:/home/tien/microros_ws/install/stereo_msgs:/home/tien/microros_ws/install/std_srvs:/home/tien/microros_ws/install/shape_msgs:/home/tien/microros_ws/install/sensor_msgs_py:/home/tien/microros_ws/install/sensor_msgs:/home/tien/microros_ws/install/nav_msgs:/home/tien/microros_ws/install/diagnostic_msgs:/home/tien/microros_ws/install/geometry_msgs:/home/tien/microros_ws/install/actionlib_msgs:/home/tien/microros_ws/install/std_msgs:/home/tien/microros_ws/install/statistics_msgs:/home/tien/microros_ws/install/rosidl_typesupport_microxrcedds_test_msg:/home/tien/microros_ws/install/rosidl_typesupport_microxrcedds_cpp_tests:/home/tien/microros_ws/install/rmw_microxrcedds:/home/tien/microros_ws/install/rosidl_typesupport_microxrcedds_cpp:/home/tien/microros_ws/install/rosidl_typesupport_microxrcedds_c_tests:/home/tien/microros_ws/install/rosidl_typesupport_microxrcedds_c:/home/tien/microros_ws/install/rosgraph_msgs:/home/tien/microros_ws/install/rclc_parameter:/home/tien/microros_ws/install/rclc:/home/tien/microros_ws/install/composition_interfaces:/home/tien/microros_ws/install/rcl_interfaces:/home/tien/microros_ws/install/micro_ros_utilities:/home/tien/microros_ws/install/micro_ros_setup:/home/tien/microros_ws/install/micro_ros_agent:/home/tien/microros_ws/install/micro_ros_msgs:/home/tien/microros_ws/install/lifecycle_msgs:/home/tien/microros_ws/install/complex_msgs:/home/tien/microros_ws/install/builtin_interfaces:/home/tien/Documents/GitHub/ALL_CODE/red_ws/install/vision:/home/tien/Documents/GitHub/ALL_CODE/red_ws/install/state:/home/tien/Documents/GitHub/ALL_CODE/red_ws/install/mobile:/home/tien/turtlebot3_ws/install/turtlebot3:/home/tien/turtlebot3_ws/install/turtlebot3_teleop:/home/tien/turtlebot3_ws/install/turtlebot3_simulations:/home/tien/turtlebot3_ws/install/turtlebot3_bringup:/home/tien/turtlebot3_ws/install/turtlebot3_node:/home/tien/turtlebot3_ws/install/turtlebot3_navigation2:/home/tien/turtlebot3_ws/install/turtlebot3_fake_node:/home/tien/turtlebot3_ws/install/turtlebot3_example:/home/tien/turtlebot3_ws/install/turtlebot3_msgs:/home/tien/turtlebot3_ws/install/turtlebot3_gazebo:/home/tien/turtlebot3_ws/install/turtlebot3_description:/home/tien/turtlebot3_ws/install/turtlebot3_cartographer:/home/tien/turtlebot3_ws/install/dynamixel_sdk_examples:/home/tien/turtlebot3_ws/install/dynamixel_sdk_custom_interfaces:/home/tien/turtlebot3_ws/install/dynamixel_sdk:/home/tien/jinpao_ws/install/robot_localization:/home/tien/jinpao_ws/install/plant_message:/home/tien/jinpao_ws/install/jinpao_test:/home/tien/jinpao_ws/install/jinpao_description:/home/tien/jinpao_ws/install/jinpao_bringup:/home/tien/jinpao_naia_ws/install/state_pkg:/home/tien/jinpao_naia_ws/install/py_control_pkg:/home/tien/jinpao_naia_ws/install/cam_pkg:/home/tien/abu_ws/install/manual:/home/tien/three_wheel_ws/install/rplidar_ros:/home/tien/three_wheel_ws/install/robot_description:/home/tien/three_wheel_ws/install/robot_bringup:/opt/ros/humble CMAKE_PREFIX_PATH=/home/tien/Documents/GitHub/BoutToHackNASA/source/godang_ws/install/my_robot_bringup:/home/tien/microros_ws/install/micro_ros_demos_rclc:/home/tien/microros_ws/install/common_interfaces:/home/tien/microros_ws/install/visualization_msgs:/home/tien/microros_ws/install/test_msgs:/home/tien/microros_ws/install/example_interfaces:/home/tien/microros_ws/install/action_msgs:/home/tien/microros_ws/install/unique_identifier_msgs:/home/tien/microros_ws/install/trajectory_msgs:/home/tien/microros_ws/install/stereo_msgs:/home/tien/microros_ws/install/std_srvs:/home/tien/microros_ws/install/shape_msgs:/home/tien/microros_ws/install/sensor_msgs:/home/tien/microros_ws/install/nav_msgs:/home/tien/microros_ws/install/diagnostic_msgs:/home/tien/microros_ws/install/geometry_msgs:/home/tien/microros_ws/install/actionlib_msgs:/home/tien/microros_ws/install/std_msgs:/home/tien/microros_ws/install/statistics_msgs:/home/tien/microros_ws/install/rosidl_typesupport_microxrcedds_test_msg:/home/tien/microros_ws/install/rosidl_typesupport_microxrcedds_cpp_tests:/home/tien/microros_ws/install/rmw_microxrcedds:/home/tien/microros_ws/install/rosidl_typesupport_microxrcedds_cpp:/home/tien/microros_ws/install/rosidl_typesupport_microxrcedds_c_tests:/home/tien/microros_ws/install/rosidl_typesupport_microxrcedds_c:/home/tien/microros_ws/install/rosgraph_msgs:/home/tien/microros_ws/install/rclc_parameter:/home/tien/microros_ws/install/rclc:/home/tien/microros_ws/install/composition_interfaces:/home/tien/microros_ws/install/rcl_interfaces:/home/tien/microros_ws/install/microxrcedds_client:/home/tien/microros_ws/install/microcdr:/home/tien/microros_ws/install/micro_ros_utilities:/home/tien/microros_ws/install/micro_ros_setup:/home/tien/microros_ws/install/micro_ros_agent:/home/tien/microros_ws/install/micro_ros_msgs:/home/tien/microros_ws/install/lifecycle_msgs:/home/tien/microros_ws/install/complex_msgs:/home/tien/microros_ws/install/builtin_interfaces:/home/tien/turtlebot3_ws/install/turtlebot3:/home/tien/turtlebot3_ws/install/turtlebot3_simulations:/home/tien/turtlebot3_ws/install/turtlebot3_bringup:/home/tien/turtlebot3_ws/install/turtlebot3_node:/home/tien/turtlebot3_ws/install/turtlebot3_navigation2:/home/tien/turtlebot3_ws/install/turtlebot3_fake_node:/home/tien/turtlebot3_ws/install/turtlebot3_msgs:/home/tien/microros_ws/install/sensor_msgs_py:/home/tien/Documents/GitHub/BoutToHackNASA/source/godang_ws/install/vision:/home/tien/Documents/GitHub/BoutToHackNASA/source/godang_ws/install/planing:/home/tien/Documents/GitHub/BoutToHackNASA/source/godang_ws/install/localization:/home/tien/Documents/GitHub/ALL_CODE/red_ws/install/vision:/home/tien/Documents/GitHub/ALL_CODE/red_ws/install/state:/home/tien/Documents/GitHub/ALL_CODE/red_ws/install/mobile:/home/tien/turtlebot3_ws/install/turtlebot3_teleop:/home/tien/turtlebot3_ws/install/turtlebot3_example:/home/tien/jinpao_ws/install/jinpao_test:/home/tien/jinpao_naia_ws/install/state_pkg:/home/tien/jinpao_naia_ws/install/py_control_pkg:/home/tien/jinpao_naia_ws/install/cam_pkg:/home/tien/abu_ws/install/manual:/opt/ros/humble:/home/tien/turtlebot3_ws/install/turtlebot3_gazebo:/home/tien/turtlebot3_ws/install/turtlebot3_description:/home/tien/turtlebot3_ws/install/turtlebot3_cartographer:/home/tien/turtlebot3_ws/install/dynamixel_sdk_examples:/home/tien/turtlebot3_ws/install/dynamixel_sdk_custom_interfaces:/home/tien/turtlebot3_ws/install/dynamixel_sdk:/home/tien/jinpao_ws/install/robot_localization:/home/tien/jinpao_ws/install/plant_message:/home/tien/jinpao_ws/install/jinpao_description:/home/tien/jinpao_ws/install/jinpao_bringup:/home/tien/three_wheel_ws/install/rplidar_ros:/home/tien/three_wheel_ws/install/robot_description:/home/tien/three_wheel_ws/install/robot_bringup PYTHONPATH=/home/tien/Documents/GitHub/BoutToHackNASA/source/godang_ws/install/vision/lib/python3.10/site-packages:/home/tien/Documents/GitHub/BoutToHackNASA/source/godang_ws/install/planing/lib/python3.10/site-packages:/home/tien/Documents/GitHub/BoutToHackNASA/source/godang_ws/install/localization/lib/python3.10/site-packages:/home/tien/microros_ws/install/visualization_msgs/local/lib/python3.10/dist-packages:/home/tien/microros_ws/install/test_msgs/local/lib/python3.10/dist-packages:/home/tien/microros_ws/install/example_interfaces/local/lib/python3.10/dist-packages:/home/tien/microros_ws/install/action_msgs/local/lib/python3.10/dist-packages:/home/tien/microros_ws/install/unique_identifier_msgs/local/lib/python3.10/dist-packages:/home/tien/microros_ws/install/trajectory_msgs/local/lib/python3.10/dist-packages:/home/tien/microros_ws/install/stereo_msgs/local/lib/python3.10/dist-packages:/home/tien/microros_ws/install/std_srvs/local/lib/python3.10/dist-packages:/home/tien/microros_ws/install/shape_msgs/local/lib/python3.10/dist-packages:/home/tien/microros_ws/install/sensor_msgs_py/lib/python3.10/site-packages:/home/tien/microros_ws/install/sensor_msgs/local/lib/python3.10/dist-packages:/home/tien/microros_ws/install/nav_msgs/local/lib/python3.10/dist-packages:/home/tien/microros_ws/install/diagnostic_msgs/local/lib/python3.10/dist-packages:/home/tien/microros_ws/install/geometry_msgs/local/lib/python3.10/dist-packages:/home/tien/microros_ws/install/actionlib_msgs/local/lib/python3.10/dist-packages:/home/tien/microros_ws/install/std_msgs/local/lib/python3.10/dist-packages:/home/tien/microros_ws/install/statistics_msgs/local/lib/python3.10/dist-packages:/home/tien/microros_ws/install/rosidl_typesupport_microxrcedds_cpp/local/lib/python3.10/dist-packages:/home/tien/microros_ws/install/rosidl_typesupport_microxrcedds_c/local/lib/python3.10/dist-packages:/home/tien/microros_ws/install/rosgraph_msgs/local/lib/python3.10/dist-packages:/home/tien/microros_ws/install/composition_interfaces/local/lib/python3.10/dist-packages:/home/tien/microros_ws/install/rcl_interfaces/local/lib/python3.10/dist-packages:/home/tien/microros_ws/install/micro_ros_msgs/local/lib/python3.10/dist-packages:/home/tien/microros_ws/install/lifecycle_msgs/local/lib/python3.10/dist-packages:/home/tien/microros_ws/install/complex_msgs/local/lib/python3.10/dist-packages:/home/tien/microros_ws/install/builtin_interfaces/local/lib/python3.10/dist-packages:/home/tien/Documents/GitHub/ALL_CODE/red_ws/install/vision/lib/python3.10/site-packages:/home/tien/Documents/GitHub/ALL_CODE/red_ws/install/state/lib/python3.10/site-packages:/home/tien/Documents/GitHub/ALL_CODE/red_ws/install/mobile/lib/python3.10/site-packages:/home/tien/turtlebot3_ws/build/turtlebot3_teleop:/home/tien/turtlebot3_ws/install/turtlebot3_teleop/lib/python3.10/site-packages:/home/tien/turtlebot3_ws/build/turtlebot3_example:/home/tien/turtlebot3_ws/install/turtlebot3_example/lib/python3.10/site-packages:/home/tien/turtlebot3_ws/install/turtlebot3_msgs/local/lib/python3.10/dist-packages:/home/tien/turtlebot3_ws/install/dynamixel_sdk_custom_interfaces/local/lib/python3.10/dist-packages:/home/tien/jinpao_ws/install/robot_localization/local/lib/python3.10/dist-packages:/home/tien/jinpao_ws/install/plant_message/local/lib/python3.10/dist-packages:/home/tien/jinpao_ws/install/jinpao_test/lib/python3.10/site-packages:/home/tien/jinpao_ws/install/jinpao_description/local/lib/python3.10/dist-packages:/home/tien/jinpao_ws/install/jinpao_bringup/local/lib/python3.10/dist-packages:/home/tien/jinpao_naia_ws/install/state_pkg/lib/python3.10/site-packages:/home/tien/jinpao_naia_ws/install/py_control_pkg/lib/python3.10/site-packages:/home/tien/jinpao_naia_ws/install/cam_pkg/lib/python3.10/site-packages:/home/tien/abu_ws/install/manual/lib/python3.10/site-packages:/home/tien/three_wheel_ws/install/robot_bringup/local/lib/python3.10/dist-packages:/opt/ros/humble/lib/python3.10/site-packages:/opt/ros/humble/local/lib/python3.10/dist-packages /usr/bin/cmake --install /home/tien/Documents/GitHub/BoutToHackNASA/source/godang_ws/build/my_robot_bringup
[5.760s] Level 1:colcon.colcon_core.environment:create_environment_scripts_only(my_robot_bringup)
[5.761s] Level 1:colcon.colcon_core.environment:checking '/home/tien/Documents/GitHub/BoutToHackNASA/source/godang_ws/install/my_robot_bringup' for CMake module files
[5.763s] Level 1:colcon.colcon_core.environment:checking '/home/tien/Documents/GitHub/BoutToHackNASA/source/godang_ws/install/my_robot_bringup' for CMake config files
[5.764s] DEBUG:colcon.colcon_core.event_handler.log_command:Invoked command in '/home/tien/Documents/GitHub/BoutToHackNASA/source/godang_ws/build/my_robot_bringup' returned '0': AMENT_PREFIX_PATH=/home/tien/Documents/GitHub/BoutToHackNASA/source/godang_ws/install/vision:/home/tien/Documents/GitHub/BoutToHackNASA/source/godang_ws/install/planing:/home/tien/Documents/GitHub/BoutToHackNASA/source/godang_ws/install/localization:/home/tien/Documents/GitHub/BoutToHackNASA/source/godang_ws/install/my_robot_bringup:/home/tien/microros_ws/install/micro_ros_demos_rclc:/home/tien/microros_ws/install/common_interfaces:/home/tien/microros_ws/install/visualization_msgs:/home/tien/microros_ws/install/test_msgs:/home/tien/microros_ws/install/example_interfaces:/home/tien/microros_ws/install/action_msgs:/home/tien/microros_ws/install/unique_identifier_msgs:/home/tien/microros_ws/install/trajectory_msgs:/home/tien/microros_ws/install/stereo_msgs:/home/tien/microros_ws/install/std_srvs:/home/tien/microros_ws/install/shape_msgs:/home/tien/microros_ws/install/sensor_msgs_py:/home/tien/microros_ws/install/sensor_msgs:/home/tien/microros_ws/install/nav_msgs:/home/tien/microros_ws/install/diagnostic_msgs:/home/tien/microros_ws/install/geometry_msgs:/home/tien/microros_ws/install/actionlib_msgs:/home/tien/microros_ws/install/std_msgs:/home/tien/microros_ws/install/statistics_msgs:/home/tien/microros_ws/install/rosidl_typesupport_microxrcedds_test_msg:/home/tien/microros_ws/install/rosidl_typesupport_microxrcedds_cpp_tests:/home/tien/microros_ws/install/rmw_microxrcedds:/home/tien/microros_ws/install/rosidl_typesupport_microxrcedds_cpp:/home/tien/microros_ws/install/rosidl_typesupport_microxrcedds_c_tests:/home/tien/microros_ws/install/rosidl_typesupport_microxrcedds_c:/home/tien/microros_ws/install/rosgraph_msgs:/home/tien/microros_ws/install/rclc_parameter:/home/tien/microros_ws/install/rclc:/home/tien/microros_ws/install/composition_interfaces:/home/tien/microros_ws/install/rcl_interfaces:/home/tien/microros_ws/install/micro_ros_utilities:/home/tien/microros_ws/install/micro_ros_setup:/home/tien/microros_ws/install/micro_ros_agent:/home/tien/microros_ws/install/micro_ros_msgs:/home/tien/microros_ws/install/lifecycle_msgs:/home/tien/microros_ws/install/complex_msgs:/home/tien/microros_ws/install/builtin_interfaces:/home/tien/Documents/GitHub/ALL_CODE/red_ws/install/vision:/home/tien/Documents/GitHub/ALL_CODE/red_ws/install/state:/home/tien/Documents/GitHub/ALL_CODE/red_ws/install/mobile:/home/tien/turtlebot3_ws/install/turtlebot3:/home/tien/turtlebot3_ws/install/turtlebot3_teleop:/home/tien/turtlebot3_ws/install/turtlebot3_simulations:/home/tien/turtlebot3_ws/install/turtlebot3_bringup:/home/tien/turtlebot3_ws/install/turtlebot3_node:/home/tien/turtlebot3_ws/install/turtlebot3_navigation2:/home/tien/turtlebot3_ws/install/turtlebot3_fake_node:/home/tien/turtlebot3_ws/install/turtlebot3_example:/home/tien/turtlebot3_ws/install/turtlebot3_msgs:/home/tien/turtlebot3_ws/install/turtlebot3_gazebo:/home/tien/turtlebot3_ws/install/turtlebot3_description:/home/tien/turtlebot3_ws/install/turtlebot3_cartographer:/home/tien/turtlebot3_ws/install/dynamixel_sdk_examples:/home/tien/turtlebot3_ws/install/dynamixel_sdk_custom_interfaces:/home/tien/turtlebot3_ws/install/dynamixel_sdk:/home/tien/jinpao_ws/install/robot_localization:/home/tien/jinpao_ws/install/plant_message:/home/tien/jinpao_ws/install/jinpao_test:/home/tien/jinpao_ws/install/jinpao_description:/home/tien/jinpao_ws/install/jinpao_bringup:/home/tien/jinpao_naia_ws/install/state_pkg:/home/tien/jinpao_naia_ws/install/py_control_pkg:/home/tien/jinpao_naia_ws/install/cam_pkg:/home/tien/abu_ws/install/manual:/home/tien/three_wheel_ws/install/rplidar_ros:/home/tien/three_wheel_ws/install/robot_description:/home/tien/three_wheel_ws/install/robot_bringup:/opt/ros/humble CMAKE_PREFIX_PATH=/home/tien/Documents/GitHub/BoutToHackNASA/source/godang_ws/install/my_robot_bringup:/home/tien/microros_ws/install/micro_ros_demos_rclc:/home/tien/microros_ws/install/common_interfaces:/home/tien/microros_ws/install/visualization_msgs:/home/tien/microros_ws/install/test_msgs:/home/tien/microros_ws/install/example_interfaces:/home/tien/microros_ws/install/action_msgs:/home/tien/microros_ws/install/unique_identifier_msgs:/home/tien/microros_ws/install/trajectory_msgs:/home/tien/microros_ws/install/stereo_msgs:/home/tien/microros_ws/install/std_srvs:/home/tien/microros_ws/install/shape_msgs:/home/tien/microros_ws/install/sensor_msgs:/home/tien/microros_ws/install/nav_msgs:/home/tien/microros_ws/install/diagnostic_msgs:/home/tien/microros_ws/install/geometry_msgs:/home/tien/microros_ws/install/actionlib_msgs:/home/tien/microros_ws/install/std_msgs:/home/tien/microros_ws/install/statistics_msgs:/home/tien/microros_ws/install/rosidl_typesupport_microxrcedds_test_msg:/home/tien/microros_ws/install/rosidl_typesupport_microxrcedds_cpp_tests:/home/tien/microros_ws/install/rmw_microxrcedds:/home/tien/microros_ws/install/rosidl_typesupport_microxrcedds_cpp:/home/tien/microros_ws/install/rosidl_typesupport_microxrcedds_c_tests:/home/tien/microros_ws/install/rosidl_typesupport_microxrcedds_c:/home/tien/microros_ws/install/rosgraph_msgs:/home/tien/microros_ws/install/rclc_parameter:/home/tien/microros_ws/install/rclc:/home/tien/microros_ws/install/composition_interfaces:/home/tien/microros_ws/install/rcl_interfaces:/home/tien/microros_ws/install/microxrcedds_client:/home/tien/microros_ws/install/microcdr:/home/tien/microros_ws/install/micro_ros_utilities:/home/tien/microros_ws/install/micro_ros_setup:/home/tien/microros_ws/install/micro_ros_agent:/home/tien/microros_ws/install/micro_ros_msgs:/home/tien/microros_ws/install/lifecycle_msgs:/home/tien/microros_ws/install/complex_msgs:/home/tien/microros_ws/install/builtin_interfaces:/home/tien/turtlebot3_ws/install/turtlebot3:/home/tien/turtlebot3_ws/install/turtlebot3_simulations:/home/tien/turtlebot3_ws/install/turtlebot3_bringup:/home/tien/turtlebot3_ws/install/turtlebot3_node:/home/tien/turtlebot3_ws/install/turtlebot3_navigation2:/home/tien/turtlebot3_ws/install/turtlebot3_fake_node:/home/tien/turtlebot3_ws/install/turtlebot3_msgs:/home/tien/microros_ws/install/sensor_msgs_py:/home/tien/Documents/GitHub/BoutToHackNASA/source/godang_ws/install/vision:/home/tien/Documents/GitHub/BoutToHackNASA/source/godang_ws/install/planing:/home/tien/Documents/GitHub/BoutToHackNASA/source/godang_ws/install/localization:/home/tien/Documents/GitHub/ALL_CODE/red_ws/install/vision:/home/tien/Documents/GitHub/ALL_CODE/red_ws/install/state:/home/tien/Documents/GitHub/ALL_CODE/red_ws/install/mobile:/home/tien/turtlebot3_ws/install/turtlebot3_teleop:/home/tien/turtlebot3_ws/install/turtlebot3_example:/home/tien/jinpao_ws/install/jinpao_test:/home/tien/jinpao_naia_ws/install/state_pkg:/home/tien/jinpao_naia_ws/install/py_control_pkg:/home/tien/jinpao_naia_ws/install/cam_pkg:/home/tien/abu_ws/install/manual:/opt/ros/humble:/home/tien/turtlebot3_ws/install/turtlebot3_gazebo:/home/tien/turtlebot3_ws/install/turtlebot3_description:/home/tien/turtlebot3_ws/install/turtlebot3_cartographer:/home/tien/turtlebot3_ws/install/dynamixel_sdk_examples:/home/tien/turtlebot3_ws/install/dynamixel_sdk_custom_interfaces:/home/tien/turtlebot3_ws/install/dynamixel_sdk:/home/tien/jinpao_ws/install/robot_localization:/home/tien/jinpao_ws/install/plant_message:/home/tien/jinpao_ws/install/jinpao_description:/home/tien/jinpao_ws/install/jinpao_bringup:/home/tien/three_wheel_ws/install/rplidar_ros:/home/tien/three_wheel_ws/install/robot_description:/home/tien/three_wheel_ws/install/robot_bringup PYTHONPATH=/home/tien/Documents/GitHub/BoutToHackNASA/source/godang_ws/install/vision/lib/python3.10/site-packages:/home/tien/Documents/GitHub/BoutToHackNASA/source/godang_ws/install/planing/lib/python3.10/site-packages:/home/tien/Documents/GitHub/BoutToHackNASA/source/godang_ws/install/localization/lib/python3.10/site-packages:/home/tien/microros_ws/install/visualization_msgs/local/lib/python3.10/dist-packages:/home/tien/microros_ws/install/test_msgs/local/lib/python3.10/dist-packages:/home/tien/microros_ws/install/example_interfaces/local/lib/python3.10/dist-packages:/home/tien/microros_ws/install/action_msgs/local/lib/python3.10/dist-packages:/home/tien/microros_ws/install/unique_identifier_msgs/local/lib/python3.10/dist-packages:/home/tien/microros_ws/install/trajectory_msgs/local/lib/python3.10/dist-packages:/home/tien/microros_ws/install/stereo_msgs/local/lib/python3.10/dist-packages:/home/tien/microros_ws/install/std_srvs/local/lib/python3.10/dist-packages:/home/tien/microros_ws/install/shape_msgs/local/lib/python3.10/dist-packages:/home/tien/microros_ws/install/sensor_msgs_py/lib/python3.10/site-packages:/home/tien/microros_ws/install/sensor_msgs/local/lib/python3.10/dist-packages:/home/tien/microros_ws/install/nav_msgs/local/lib/python3.10/dist-packages:/home/tien/microros_ws/install/diagnostic_msgs/local/lib/python3.10/dist-packages:/home/tien/microros_ws/install/geometry_msgs/local/lib/python3.10/dist-packages:/home/tien/microros_ws/install/actionlib_msgs/local/lib/python3.10/dist-packages:/home/tien/microros_ws/install/std_msgs/local/lib/python3.10/dist-packages:/home/tien/microros_ws/install/statistics_msgs/local/lib/python3.10/dist-packages:/home/tien/microros_ws/install/rosidl_typesupport_microxrcedds_cpp/local/lib/python3.10/dist-packages:/home/tien/microros_ws/install/rosidl_typesupport_microxrcedds_c/local/lib/python3.10/dist-packages:/home/tien/microros_ws/install/rosgraph_msgs/local/lib/python3.10/dist-packages:/home/tien/microros_ws/install/composition_interfaces/local/lib/python3.10/dist-packages:/home/tien/microros_ws/install/rcl_interfaces/local/lib/python3.10/dist-packages:/home/tien/microros_ws/install/micro_ros_msgs/local/lib/python3.10/dist-packages:/home/tien/microros_ws/install/lifecycle_msgs/local/lib/python3.10/dist-packages:/home/tien/microros_ws/install/complex_msgs/local/lib/python3.10/dist-packages:/home/tien/microros_ws/install/builtin_interfaces/local/lib/python3.10/dist-packages:/home/tien/Documents/GitHub/ALL_CODE/red_ws/install/vision/lib/python3.10/site-packages:/home/tien/Documents/GitHub/ALL_CODE/red_ws/install/state/lib/python3.10/site-packages:/home/tien/Documents/GitHub/ALL_CODE/red_ws/install/mobile/lib/python3.10/site-packages:/home/tien/turtlebot3_ws/build/turtlebot3_teleop:/home/tien/turtlebot3_ws/install/turtlebot3_teleop/lib/python3.10/site-packages:/home/tien/turtlebot3_ws/build/turtlebot3_example:/home/tien/turtlebot3_ws/install/turtlebot3_example/lib/python3.10/site-packages:/home/tien/turtlebot3_ws/install/turtlebot3_msgs/local/lib/python3.10/dist-packages:/home/tien/turtlebot3_ws/install/dynamixel_sdk_custom_interfaces/local/lib/python3.10/dist-packages:/home/tien/jinpao_ws/install/robot_localization/local/lib/python3.10/dist-packages:/home/tien/jinpao_ws/install/plant_message/local/lib/python3.10/dist-packages:/home/tien/jinpao_ws/install/jinpao_test/lib/python3.10/site-packages:/home/tien/jinpao_ws/install/jinpao_description/local/lib/python3.10/dist-packages:/home/tien/jinpao_ws/install/jinpao_bringup/local/lib/python3.10/dist-packages:/home/tien/jinpao_naia_ws/install/state_pkg/lib/python3.10/site-packages:/home/tien/jinpao_naia_ws/install/py_control_pkg/lib/python3.10/site-packages:/home/tien/jinpao_naia_ws/install/cam_pkg/lib/python3.10/site-packages:/home/tien/abu_ws/install/manual/lib/python3.10/site-packages:/home/tien/three_wheel_ws/install/robot_bringup/local/lib/python3.10/dist-packages:/opt/ros/humble/lib/python3.10/site-packages:/opt/ros/humble/local/lib/python3.10/dist-packages /usr/bin/cmake --install /home/tien/Documents/GitHub/BoutToHackNASA/source/godang_ws/build/my_robot_bringup
[5.765s] Level 1:colcon.colcon_core.shell:create_environment_hook('my_robot_bringup', 'cmake_prefix_path')
[5.766s] INFO:colcon.colcon_core.shell:Creating environment hook '/home/tien/Documents/GitHub/BoutToHackNASA/source/godang_ws/install/my_robot_bringup/share/my_robot_bringup/hook/cmake_prefix_path.ps1'
[5.767s] INFO:colcon.colcon_core.shell:Creating environment descriptor '/home/tien/Documents/GitHub/BoutToHackNASA/source/godang_ws/install/my_robot_bringup/share/my_robot_bringup/hook/cmake_prefix_path.dsv'
[5.768s] INFO:colcon.colcon_core.shell:Creating environment hook '/home/tien/Documents/GitHub/BoutToHackNASA/source/godang_ws/install/my_robot_bringup/share/my_robot_bringup/hook/cmake_prefix_path.sh'
[5.769s] Level 1:colcon.colcon_core.environment:checking '/home/tien/Documents/GitHub/BoutToHackNASA/source/godang_ws/install/my_robot_bringup/bin'
[5.769s] Level 1:colcon.colcon_core.environment:checking '/home/tien/Documents/GitHub/BoutToHackNASA/source/godang_ws/install/my_robot_bringup/lib/pkgconfig/my_robot_bringup.pc'
[5.770s] Level 1:colcon.colcon_core.environment:checking '/home/tien/Documents/GitHub/BoutToHackNASA/source/godang_ws/install/my_robot_bringup/lib/python3.10/site-packages'
[5.771s] Level 1:colcon.colcon_core.environment:checking '/home/tien/Documents/GitHub/BoutToHackNASA/source/godang_ws/install/my_robot_bringup/bin'
[5.772s] INFO:colcon.colcon_core.shell:Creating package script '/home/tien/Documents/GitHub/BoutToHackNASA/source/godang_ws/install/my_robot_bringup/share/my_robot_bringup/package.ps1'
[5.773s] INFO:colcon.colcon_core.shell:Creating package descriptor '/home/tien/Documents/GitHub/BoutToHackNASA/source/godang_ws/install/my_robot_bringup/share/my_robot_bringup/package.dsv'
[5.774s] INFO:colcon.colcon_core.shell:Creating package script '/home/tien/Documents/GitHub/BoutToHackNASA/source/godang_ws/install/my_robot_bringup/share/my_robot_bringup/package.sh'
[5.775s] INFO:colcon.colcon_core.shell:Creating package script '/home/tien/Documents/GitHub/BoutToHackNASA/source/godang_ws/install/my_robot_bringup/share/my_robot_bringup/package.bash'
[5.776s] INFO:colcon.colcon_core.shell:Creating package script '/home/tien/Documents/GitHub/BoutToHackNASA/source/godang_ws/install/my_robot_bringup/share/my_robot_bringup/package.zsh'
[5.776s] Level 1:colcon.colcon_core.environment:create_file_with_runtime_dependencies(/home/tien/Documents/GitHub/BoutToHackNASA/source/godang_ws/install/my_robot_bringup/share/colcon-core/packages/my_robot_bringup)
[5.831s] Level 1:colcon.colcon_core.environment:create_environment_scripts_only(my_robot_bringup)
[5.832s] Level 1:colcon.colcon_core.environment:checking '/home/tien/Documents/GitHub/BoutToHackNASA/source/godang_ws/install/my_robot_bringup' for CMake module files
[5.832s] Level 1:colcon.colcon_core.environment:checking '/home/tien/Documents/GitHub/BoutToHackNASA/source/godang_ws/install/my_robot_bringup' for CMake config files
[5.833s] Level 1:colcon.colcon_core.shell:create_environment_hook('my_robot_bringup', 'cmake_prefix_path')
[5.833s] INFO:colcon.colcon_core.shell:Creating environment hook '/home/tien/Documents/GitHub/BoutToHackNASA/source/godang_ws/install/my_robot_bringup/share/my_robot_bringup/hook/cmake_prefix_path.ps1'
[5.834s] INFO:colcon.colcon_core.shell:Creating environment descriptor '/home/tien/Documents/GitHub/BoutToHackNASA/source/godang_ws/install/my_robot_bringup/share/my_robot_bringup/hook/cmake_prefix_path.dsv'
[5.835s] INFO:colcon.colcon_core.shell:Creating environment hook '/home/tien/Documents/GitHub/BoutToHackNASA/source/godang_ws/install/my_robot_bringup/share/my_robot_bringup/hook/cmake_prefix_path.sh'
[5.835s] Level 1:colcon.colcon_core.environment:checking '/home/tien/Documents/GitHub/BoutToHackNASA/source/godang_ws/install/my_robot_bringup/bin'
[5.836s] Level 1:colcon.colcon_core.environment:checking '/home/tien/Documents/GitHub/BoutToHackNASA/source/godang_ws/install/my_robot_bringup/lib/pkgconfig/my_robot_bringup.pc'
[5.836s] Level 1:colcon.colcon_core.environment:checking '/home/tien/Documents/GitHub/BoutToHackNASA/source/godang_ws/install/my_robot_bringup/lib/python3.10/site-packages'
[5.836s] Level 1:colcon.colcon_core.environment:checking '/home/tien/Documents/GitHub/BoutToHackNASA/source/godang_ws/install/my_robot_bringup/bin'
[5.837s] INFO:colcon.colcon_core.shell:Creating package script '/home/tien/Documents/GitHub/BoutToHackNASA/source/godang_ws/install/my_robot_bringup/share/my_robot_bringup/package.ps1'
[5.838s] INFO:colcon.colcon_core.shell:Creating package descriptor '/home/tien/Documents/GitHub/BoutToHackNASA/source/godang_ws/install/my_robot_bringup/share/my_robot_bringup/package.dsv'
[5.839s] INFO:colcon.colcon_core.shell:Creating package script '/home/tien/Documents/GitHub/BoutToHackNASA/source/godang_ws/install/my_robot_bringup/share/my_robot_bringup/package.sh'
[5.840s] INFO:colcon.colcon_core.shell:Creating package script '/home/tien/Documents/GitHub/BoutToHackNASA/source/godang_ws/install/my_robot_bringup/share/my_robot_bringup/package.bash'
[5.841s] INFO:colcon.colcon_core.shell:Creating package script '/home/tien/Documents/GitHub/BoutToHackNASA/source/godang_ws/install/my_robot_bringup/share/my_robot_bringup/package.zsh'
[5.842s] Level 1:colcon.colcon_core.environment:create_file_with_runtime_dependencies(/home/tien/Documents/GitHub/BoutToHackNASA/source/godang_ws/install/my_robot_bringup/share/colcon-core/packages/my_robot_bringup)
[5.842s] DEBUG:colcon.colcon_parallel_executor.executor.parallel:closing loop
[5.843s] DEBUG:colcon.colcon_parallel_executor.executor.parallel:loop closed
[5.844s] DEBUG:colcon.colcon_parallel_executor.executor.parallel:run_until_complete finished with '0'
[5.844s] DEBUG:colcon.colcon_core.event_reactor:joining thread
[5.856s] INFO:colcon.colcon_core.plugin_system:Skipping extension 'colcon_notification.desktop_notification.terminal_notifier': Not used on non-Darwin systems
[5.856s] INFO:colcon.colcon_core.plugin_system:Skipping extension 'colcon_notification.desktop_notification.win32': Not used on non-Windows systems
[5.856s] INFO:colcon.colcon_notification.desktop_notification:Sending desktop notification using 'notify2'
[5.870s] DEBUG:colcon.colcon_core.event_reactor:joined thread
[5.871s] INFO:colcon.colcon_core.shell:Creating prefix script '/home/tien/Documents/GitHub/BoutToHackNASA/source/godang_ws/install/local_setup.ps1'
[5.872s] INFO:colcon.colcon_core.shell:Creating prefix util module '/home/tien/Documents/GitHub/BoutToHackNASA/source/godang_ws/install/_local_setup_util_ps1.py'
[5.874s] INFO:colcon.colcon_core.shell:Creating prefix chain script '/home/tien/Documents/GitHub/BoutToHackNASA/source/godang_ws/install/setup.ps1'
[5.879s] INFO:colcon.colcon_core.shell:Creating prefix script '/home/tien/Documents/GitHub/BoutToHackNASA/source/godang_ws/install/local_setup.sh'
[5.880s] INFO:colcon.colcon_core.shell:Creating prefix util module '/home/tien/Documents/GitHub/BoutToHackNASA/source/godang_ws/install/_local_setup_util_sh.py'
[5.881s] INFO:colcon.colcon_core.shell:Creating prefix chain script '/home/tien/Documents/GitHub/BoutToHackNASA/source/godang_ws/install/setup.sh'
[5.886s] INFO:colcon.colcon_core.shell:Creating prefix script '/home/tien/Documents/GitHub/BoutToHackNASA/source/godang_ws/install/local_setup.bash'
[5.887s] INFO:colcon.colcon_core.shell:Creating prefix chain script '/home/tien/Documents/GitHub/BoutToHackNASA/source/godang_ws/install/setup.bash'
[5.891s] INFO:colcon.colcon_core.shell:Creating prefix script '/home/tien/Documents/GitHub/BoutToHackNASA/source/godang_ws/install/local_setup.zsh'
[5.893s] INFO:colcon.colcon_core.shell:Creating prefix chain script '/home/tien/Documents/GitHub/BoutToHackNASA/source/godang_ws/install/setup.zsh'
