[1.983s] Invoking command in '/home/tien/Documents/GitHub/BoutToHackNASA/source/godang_ws/src/localization': PYTHONPATH=/home/tien/Documents/GitHub/BoutToHackNASA/source/godang_ws/build/localization/prefix_override:/home/tien/Documents/GitHub/BoutToHackNASA/source/godang_ws/install/localization/lib/python3.10/site-packages:${PYTHONPATH} /usr/bin/python3 -W ignore:setup.py install is deprecated setup.py egg_info --egg-base ../../build/localization build --build-base /home/tien/Documents/GitHub/BoutToHackNASA/source/godang_ws/build/localization/build install --record /home/tien/Documents/GitHub/BoutToHackNASA/source/godang_ws/build/localization/install.log --single-version-externally-managed install_data
[2.484s] running egg_info
[2.485s] writing ../../build/localization/localization.egg-info/PKG-INFO
[2.486s] writing dependency_links to ../../build/localization/localization.egg-info/dependency_links.txt
[2.486s] writing entry points to ../../build/localization/localization.egg-info/entry_points.txt
[2.486s] writing requirements to ../../build/localization/localization.egg-info/requires.txt
[2.486s] writing top-level names to ../../build/localization/localization.egg-info/top_level.txt
[2.489s] reading manifest file '../../build/localization/localization.egg-info/SOURCES.txt'
[2.490s] writing manifest file '../../build/localization/localization.egg-info/SOURCES.txt'
[2.490s] running build
[2.491s] running build_py
[2.492s] running install
[2.492s] running install_lib
[2.493s] running install_data
[2.493s] running install_egg_info
[2.497s] removing '/home/tien/Documents/GitHub/BoutToHackNASA/source/godang_ws/install/localization/lib/python3.10/site-packages/localization-0.0.0-py3.10.egg-info' (and everything under it)
[2.497s] Copying ../../build/localization/localization.egg-info to /home/tien/Documents/GitHub/BoutToHackNASA/source/godang_ws/install/localization/lib/python3.10/site-packages/localization-0.0.0-py3.10.egg-info
[2.498s] running install_scripts
[2.538s] writing list of installed files to '/home/tien/Documents/GitHub/BoutToHackNASA/source/godang_ws/build/localization/install.log'
[2.584s] Invoked command in '/home/tien/Documents/GitHub/BoutToHackNASA/source/godang_ws/src/localization' returned '0': PYTHONPATH=/home/tien/Documents/GitHub/BoutToHackNASA/source/godang_ws/build/localization/prefix_override:/home/tien/Documents/GitHub/BoutToHackNASA/source/godang_ws/install/localization/lib/python3.10/site-packages:${PYTHONPATH} /usr/bin/python3 -W ignore:setup.py install is deprecated setup.py egg_info --egg-base ../../build/localization build --build-base /home/tien/Documents/GitHub/BoutToHackNASA/source/godang_ws/build/localization/build install --record /home/tien/Documents/GitHub/BoutToHackNASA/source/godang_ws/build/localization/install.log --single-version-externally-managed install_data
