[3.002s] Invoking command in '/home/tien/Documents/GitHub/BoutToHackNASA/source/godang_ws/src/vision': PYTHONPATH=/home/tien/Documents/GitHub/BoutToHackNASA/source/godang_ws/build/vision/prefix_override:/home/tien/Documents/GitHub/BoutToHackNASA/source/godang_ws/install/vision/lib/python3.10/site-packages:${PYTHONPATH} /usr/bin/python3 -W ignore:setup.py install is deprecated setup.py egg_info --egg-base ../../build/vision build --build-base /home/tien/Documents/GitHub/BoutToHackNASA/source/godang_ws/build/vision/build install --record /home/tien/Documents/GitHub/BoutToHackNASA/source/godang_ws/build/vision/install.log --single-version-externally-managed install_data
[3.661s] running egg_info
[3.699s] writing ../../build/vision/vision.egg-info/PKG-INFO
[3.700s] writing dependency_links to ../../build/vision/vision.egg-info/dependency_links.txt
[3.700s] writing entry points to ../../build/vision/vision.egg-info/entry_points.txt
[3.701s] writing requirements to ../../build/vision/vision.egg-info/requires.txt
[3.701s] writing top-level names to ../../build/vision/vision.egg-info/top_level.txt
[3.781s] reading manifest file '../../build/vision/vision.egg-info/SOURCES.txt'
[3.788s] writing manifest file '../../build/vision/vision.egg-info/SOURCES.txt'
[3.788s] running build
[3.788s] running build_py
[3.789s] copying vision/Get_depth.py -> /home/tien/Documents/GitHub/BoutToHackNASA/source/godang_ws/build/vision/build/lib/vision
[3.789s] copying vision/silo_detect.py -> /home/tien/Documents/GitHub/BoutToHackNASA/source/godang_ws/build/vision/build/lib/vision
[3.789s] copying vision/ballonthefloor.py -> /home/tien/Documents/GitHub/BoutToHackNASA/source/godang_ws/build/vision/build/lib/vision
[3.790s] copying vision/vision_silo_node.py -> /home/tien/Documents/GitHub/BoutToHackNASA/source/godang_ws/build/vision/build/lib/vision
[3.790s] copying vision/silo_decision.py -> /home/tien/Documents/GitHub/BoutToHackNASA/source/godang_ws/build/vision/build/lib/vision
[3.790s] copying vision/cam_midball.py -> /home/tien/Documents/GitHub/BoutToHackNASA/source/godang_ws/build/vision/build/lib/vision
[3.791s] copying vision/config.py -> /home/tien/Documents/GitHub/BoutToHackNASA/source/godang_ws/build/vision/build/lib/vision
[3.791s] copying vision/linetracking.py -> /home/tien/Documents/GitHub/BoutToHackNASA/source/godang_ws/build/vision/build/lib/vision
[3.791s] copying vision/depth_scale_ball.py -> /home/tien/Documents/GitHub/BoutToHackNASA/source/godang_ws/build/vision/build/lib/vision
[3.791s] copying vision/vision_ball_node.py -> /home/tien/Documents/GitHub/BoutToHackNASA/source/godang_ws/build/vision/build/lib/vision
[3.792s] copying vision/ML.py -> /home/tien/Documents/GitHub/BoutToHackNASA/source/godang_ws/build/vision/build/lib/vision
[3.792s] copying vision/__init__.py -> /home/tien/Documents/GitHub/BoutToHackNASA/source/godang_ws/build/vision/build/lib/vision
[3.792s] copying vision/ultralytics/__init__.py -> /home/tien/Documents/GitHub/BoutToHackNASA/source/godang_ws/build/vision/build/lib/vision/ultralytics
[3.792s] copying vision/ultralytics/cfg/__init__.py -> /home/tien/Documents/GitHub/BoutToHackNASA/source/godang_ws/build/vision/build/lib/vision/ultralytics/cfg
[3.793s] copying vision/ultralytics/data/dataset.py -> /home/tien/Documents/GitHub/BoutToHackNASA/source/godang_ws/build/vision/build/lib/vision/ultralytics/data
[3.794s] copying vision/ultralytics/data/split_dota.py -> /home/tien/Documents/GitHub/BoutToHackNASA/source/godang_ws/build/vision/build/lib/vision/ultralytics/data
[3.794s] copying vision/ultralytics/data/annotator.py -> /home/tien/Documents/GitHub/BoutToHackNASA/source/godang_ws/build/vision/build/lib/vision/ultralytics/data
[3.795s] copying vision/ultralytics/data/loaders.py -> /home/tien/Documents/GitHub/BoutToHackNASA/source/godang_ws/build/vision/build/lib/vision/ultralytics/data
[3.795s] copying vision/ultralytics/data/build.py -> /home/tien/Documents/GitHub/BoutToHackNASA/source/godang_ws/build/vision/build/lib/vision/ultralytics/data
[3.795s] copying vision/ultralytics/data/augment.py -> /home/tien/Documents/GitHub/BoutToHackNASA/source/godang_ws/build/vision/build/lib/vision/ultralytics/data
[3.795s] copying vision/ultralytics/data/utils.py -> /home/tien/Documents/GitHub/BoutToHackNASA/source/godang_ws/build/vision/build/lib/vision/ultralytics/data
[3.796s] copying vision/ultralytics/data/__init__.py -> /home/tien/Documents/GitHub/BoutToHackNASA/source/godang_ws/build/vision/build/lib/vision/ultralytics/data
[3.796s] copying vision/ultralytics/data/converter.py -> /home/tien/Documents/GitHub/BoutToHackNASA/source/godang_ws/build/vision/build/lib/vision/ultralytics/data
[3.796s] copying vision/ultralytics/data/base.py -> /home/tien/Documents/GitHub/BoutToHackNASA/source/godang_ws/build/vision/build/lib/vision/ultralytics/data
[3.797s] copying vision/ultralytics/models/__init__.py -> /home/tien/Documents/GitHub/BoutToHackNASA/source/godang_ws/build/vision/build/lib/vision/ultralytics/models
[3.797s] copying vision/ultralytics/nn/autobackend.py -> /home/tien/Documents/GitHub/BoutToHackNASA/source/godang_ws/build/vision/build/lib/vision/ultralytics/nn
[3.798s] copying vision/ultralytics/nn/__init__.py -> /home/tien/Documents/GitHub/BoutToHackNASA/source/godang_ws/build/vision/build/lib/vision/ultralytics/nn
[3.799s] copying vision/ultralytics/nn/tasks.py -> /home/tien/Documents/GitHub/BoutToHackNASA/source/godang_ws/build/vision/build/lib/vision/ultralytics/nn
[3.800s] copying vision/ultralytics/engine/exporter.py -> /home/tien/Documents/GitHub/BoutToHackNASA/source/godang_ws/build/vision/build/lib/vision/ultralytics/engine
[3.800s] copying vision/ultralytics/engine/trainer.py -> /home/tien/Documents/GitHub/BoutToHackNASA/source/godang_ws/build/vision/build/lib/vision/ultralytics/engine
[3.800s] copying vision/ultralytics/engine/model.py -> /home/tien/Documents/GitHub/BoutToHackNASA/source/godang_ws/build/vision/build/lib/vision/ultralytics/engine
[3.800s] copying vision/ultralytics/engine/predictor.py -> /home/tien/Documents/GitHub/BoutToHackNASA/source/godang_ws/build/vision/build/lib/vision/ultralytics/engine
[3.801s] copying vision/ultralytics/engine/results.py -> /home/tien/Documents/GitHub/BoutToHackNASA/source/godang_ws/build/vision/build/lib/vision/ultralytics/engine
[3.801s] copying vision/ultralytics/engine/tuner.py -> /home/tien/Documents/GitHub/BoutToHackNASA/source/godang_ws/build/vision/build/lib/vision/ultralytics/engine
[3.801s] copying vision/ultralytics/engine/__init__.py -> /home/tien/Documents/GitHub/BoutToHackNASA/source/godang_ws/build/vision/build/lib/vision/ultralytics/engine
[3.801s] copying vision/ultralytics/engine/validator.py -> /home/tien/Documents/GitHub/BoutToHackNASA/source/godang_ws/build/vision/build/lib/vision/ultralytics/engine
[3.802s] copying vision/ultralytics/solutions/distance_calculation.py -> /home/tien/Documents/GitHub/BoutToHackNASA/source/godang_ws/build/vision/build/lib/vision/ultralytics/solutions
[3.802s] copying vision/ultralytics/solutions/ai_gym.py -> /home/tien/Documents/GitHub/BoutToHackNASA/source/godang_ws/build/vision/build/lib/vision/ultralytics/solutions
[3.802s] copying vision/ultralytics/solutions/object_counter.py -> /home/tien/Documents/GitHub/BoutToHackNASA/source/godang_ws/build/vision/build/lib/vision/ultralytics/solutions
[3.803s] copying vision/ultralytics/solutions/__init__.py -> /home/tien/Documents/GitHub/BoutToHackNASA/source/godang_ws/build/vision/build/lib/vision/ultralytics/solutions
[3.803s] copying vision/ultralytics/solutions/heatmap.py -> /home/tien/Documents/GitHub/BoutToHackNASA/source/godang_ws/build/vision/build/lib/vision/ultralytics/solutions
[3.804s] copying vision/ultralytics/solutions/speed_estimation.py -> /home/tien/Documents/GitHub/BoutToHackNASA/source/godang_ws/build/vision/build/lib/vision/ultralytics/solutions
[3.804s] copying vision/ultralytics/utils/files.py -> /home/tien/Documents/GitHub/BoutToHackNASA/source/godang_ws/build/vision/build/lib/vision/ultralytics/utils
[3.805s] copying vision/ultralytics/utils/metrics.py -> /home/tien/Documents/GitHub/BoutToHackNASA/source/godang_ws/build/vision/build/lib/vision/ultralytics/utils
[3.806s] copying vision/ultralytics/utils/loss.py -> /home/tien/Documents/GitHub/BoutToHackNASA/source/godang_ws/build/vision/build/lib/vision/ultralytics/utils
[3.806s] copying vision/ultralytics/utils/errors.py -> /home/tien/Documents/GitHub/BoutToHackNASA/source/godang_ws/build/vision/build/lib/vision/ultralytics/utils
[3.807s] copying vision/ultralytics/utils/triton.py -> /home/tien/Documents/GitHub/BoutToHackNASA/source/godang_ws/build/vision/build/lib/vision/ultralytics/utils
[3.807s] copying vision/ultralytics/utils/dist.py -> /home/tien/Documents/GitHub/BoutToHackNASA/source/godang_ws/build/vision/build/lib/vision/ultralytics/utils
[3.808s] copying vision/ultralytics/utils/autobatch.py -> /home/tien/Documents/GitHub/BoutToHackNASA/source/godang_ws/build/vision/build/lib/vision/ultralytics/utils
[3.808s] copying vision/ultralytics/utils/tal.py -> /home/tien/Documents/GitHub/BoutToHackNASA/source/godang_ws/build/vision/build/lib/vision/ultralytics/utils
[3.809s] copying vision/ultralytics/utils/ops.py -> /home/tien/Documents/GitHub/BoutToHackNASA/source/godang_ws/build/vision/build/lib/vision/ultralytics/utils
[3.809s] copying vision/ultralytics/utils/instance.py -> /home/tien/Documents/GitHub/BoutToHackNASA/source/godang_ws/build/vision/build/lib/vision/ultralytics/utils
[3.809s] copying vision/ultralytics/utils/checks.py -> /home/tien/Documents/GitHub/BoutToHackNASA/source/godang_ws/build/vision/build/lib/vision/ultralytics/utils
[3.809s] copying vision/ultralytics/utils/patches.py -> /home/tien/Documents/GitHub/BoutToHackNASA/source/godang_ws/build/vision/build/lib/vision/ultralytics/utils
[3.809s] copying vision/ultralytics/utils/benchmarks.py -> /home/tien/Documents/GitHub/BoutToHackNASA/source/godang_ws/build/vision/build/lib/vision/ultralytics/utils
[3.810s] copying vision/ultralytics/utils/tuner.py -> /home/tien/Documents/GitHub/BoutToHackNASA/source/godang_ws/build/vision/build/lib/vision/ultralytics/utils
[3.810s] copying vision/ultralytics/utils/torch_utils.py -> /home/tien/Documents/GitHub/BoutToHackNASA/source/godang_ws/build/vision/build/lib/vision/ultralytics/utils
[3.810s] copying vision/ultralytics/utils/plotting.py -> /home/tien/Documents/GitHub/BoutToHackNASA/source/godang_ws/build/vision/build/lib/vision/ultralytics/utils
[3.811s] copying vision/ultralytics/utils/__init__.py -> /home/tien/Documents/GitHub/BoutToHackNASA/source/godang_ws/build/vision/build/lib/vision/ultralytics/utils
[3.811s] copying vision/ultralytics/utils/downloads.py -> /home/tien/Documents/GitHub/BoutToHackNASA/source/godang_ws/build/vision/build/lib/vision/ultralytics/utils
[3.812s] copying vision/ultralytics/trackers/bot_sort.py -> /home/tien/Documents/GitHub/BoutToHackNASA/source/godang_ws/build/vision/build/lib/vision/ultralytics/trackers
[3.812s] copying vision/ultralytics/trackers/byte_tracker.py -> /home/tien/Documents/GitHub/BoutToHackNASA/source/godang_ws/build/vision/build/lib/vision/ultralytics/trackers
[3.812s] copying vision/ultralytics/trackers/__init__.py -> /home/tien/Documents/GitHub/BoutToHackNASA/source/godang_ws/build/vision/build/lib/vision/ultralytics/trackers
[3.812s] copying vision/ultralytics/trackers/basetrack.py -> /home/tien/Documents/GitHub/BoutToHackNASA/source/godang_ws/build/vision/build/lib/vision/ultralytics/trackers
[3.813s] copying vision/ultralytics/trackers/track.py -> /home/tien/Documents/GitHub/BoutToHackNASA/source/godang_ws/build/vision/build/lib/vision/ultralytics/trackers
[3.813s] copying vision/ultralytics/hub/session.py -> /home/tien/Documents/GitHub/BoutToHackNASA/source/godang_ws/build/vision/build/lib/vision/ultralytics/hub
[3.814s] copying vision/ultralytics/hub/auth.py -> /home/tien/Documents/GitHub/BoutToHackNASA/source/godang_ws/build/vision/build/lib/vision/ultralytics/hub
[3.814s] copying vision/ultralytics/hub/utils.py -> /home/tien/Documents/GitHub/BoutToHackNASA/source/godang_ws/build/vision/build/lib/vision/ultralytics/hub
[3.814s] copying vision/ultralytics/hub/__init__.py -> /home/tien/Documents/GitHub/BoutToHackNASA/source/godang_ws/build/vision/build/lib/vision/ultralytics/hub
[3.815s] copying vision/ultralytics/data/explorer/explorer.py -> /home/tien/Documents/GitHub/BoutToHackNASA/source/godang_ws/build/vision/build/lib/vision/ultralytics/data/explorer
[3.815s] copying vision/ultralytics/data/explorer/utils.py -> /home/tien/Documents/GitHub/BoutToHackNASA/source/godang_ws/build/vision/build/lib/vision/ultralytics/data/explorer
[3.815s] copying vision/ultralytics/data/explorer/__init__.py -> /home/tien/Documents/GitHub/BoutToHackNASA/source/godang_ws/build/vision/build/lib/vision/ultralytics/data/explorer
[3.816s] copying vision/ultralytics/data/explorer/gui/dash.py -> /home/tien/Documents/GitHub/BoutToHackNASA/source/godang_ws/build/vision/build/lib/vision/ultralytics/data/explorer/gui
[3.816s] copying vision/ultralytics/data/explorer/gui/__init__.py -> /home/tien/Documents/GitHub/BoutToHackNASA/source/godang_ws/build/vision/build/lib/vision/ultralytics/data/explorer/gui
[3.816s] copying vision/ultralytics/models/yolo/model.py -> /home/tien/Documents/GitHub/BoutToHackNASA/source/godang_ws/build/vision/build/lib/vision/ultralytics/models/yolo
[3.817s] copying vision/ultralytics/models/yolo/__init__.py -> /home/tien/Documents/GitHub/BoutToHackNASA/source/godang_ws/build/vision/build/lib/vision/ultralytics/models/yolo
[3.818s] copying vision/ultralytics/models/fastsam/model.py -> /home/tien/Documents/GitHub/BoutToHackNASA/source/godang_ws/build/vision/build/lib/vision/ultralytics/models/fastsam
[3.818s] copying vision/ultralytics/models/fastsam/val.py -> /home/tien/Documents/GitHub/BoutToHackNASA/source/godang_ws/build/vision/build/lib/vision/ultralytics/models/fastsam
[3.819s] copying vision/ultralytics/models/fastsam/predict.py -> /home/tien/Documents/GitHub/BoutToHackNASA/source/godang_ws/build/vision/build/lib/vision/ultralytics/models/fastsam
[3.819s] copying vision/ultralytics/models/fastsam/prompt.py -> /home/tien/Documents/GitHub/BoutToHackNASA/source/godang_ws/build/vision/build/lib/vision/ultralytics/models/fastsam
[3.819s] copying vision/ultralytics/models/fastsam/utils.py -> /home/tien/Documents/GitHub/BoutToHackNASA/source/godang_ws/build/vision/build/lib/vision/ultralytics/models/fastsam
[3.819s] copying vision/ultralytics/models/fastsam/__init__.py -> /home/tien/Documents/GitHub/BoutToHackNASA/source/godang_ws/build/vision/build/lib/vision/ultralytics/models/fastsam
[3.820s] copying vision/ultralytics/models/nas/model.py -> /home/tien/Documents/GitHub/BoutToHackNASA/source/godang_ws/build/vision/build/lib/vision/ultralytics/models/nas
[3.820s] copying vision/ultralytics/models/nas/val.py -> /home/tien/Documents/GitHub/BoutToHackNASA/source/godang_ws/build/vision/build/lib/vision/ultralytics/models/nas
[3.821s] copying vision/ultralytics/models/nas/predict.py -> /home/tien/Documents/GitHub/BoutToHackNASA/source/godang_ws/build/vision/build/lib/vision/ultralytics/models/nas
[3.821s] copying vision/ultralytics/models/nas/__init__.py -> /home/tien/Documents/GitHub/BoutToHackNASA/source/godang_ws/build/vision/build/lib/vision/ultralytics/models/nas
[3.821s] copying vision/ultralytics/models/rtdetr/train.py -> /home/tien/Documents/GitHub/BoutToHackNASA/source/godang_ws/build/vision/build/lib/vision/ultralytics/models/rtdetr
[3.822s] copying vision/ultralytics/models/rtdetr/model.py -> /home/tien/Documents/GitHub/BoutToHackNASA/source/godang_ws/build/vision/build/lib/vision/ultralytics/models/rtdetr
[3.822s] copying vision/ultralytics/models/rtdetr/val.py -> /home/tien/Documents/GitHub/BoutToHackNASA/source/godang_ws/build/vision/build/lib/vision/ultralytics/models/rtdetr
[3.822s] copying vision/ultralytics/models/rtdetr/predict.py -> /home/tien/Documents/GitHub/BoutToHackNASA/source/godang_ws/build/vision/build/lib/vision/ultralytics/models/rtdetr
[3.822s] copying vision/ultralytics/models/rtdetr/__init__.py -> /home/tien/Documents/GitHub/BoutToHackNASA/source/godang_ws/build/vision/build/lib/vision/ultralytics/models/rtdetr
[3.823s] copying vision/ultralytics/models/utils/loss.py -> /home/tien/Documents/GitHub/BoutToHackNASA/source/godang_ws/build/vision/build/lib/vision/ultralytics/models/utils
[3.823s] copying vision/ultralytics/models/utils/ops.py -> /home/tien/Documents/GitHub/BoutToHackNASA/source/godang_ws/build/vision/build/lib/vision/ultralytics/models/utils
[3.823s] copying vision/ultralytics/models/utils/__init__.py -> /home/tien/Documents/GitHub/BoutToHackNASA/source/godang_ws/build/vision/build/lib/vision/ultralytics/models/utils
[3.824s] copying vision/ultralytics/models/yolov10/train.py -> /home/tien/Documents/GitHub/BoutToHackNASA/source/godang_ws/build/vision/build/lib/vision/ultralytics/models/yolov10
[3.825s] copying vision/ultralytics/models/yolov10/model.py -> /home/tien/Documents/GitHub/BoutToHackNASA/source/godang_ws/build/vision/build/lib/vision/ultralytics/models/yolov10
[3.825s] copying vision/ultralytics/models/yolov10/val.py -> /home/tien/Documents/GitHub/BoutToHackNASA/source/godang_ws/build/vision/build/lib/vision/ultralytics/models/yolov10
[3.825s] copying vision/ultralytics/models/yolov10/predict.py -> /home/tien/Documents/GitHub/BoutToHackNASA/source/godang_ws/build/vision/build/lib/vision/ultralytics/models/yolov10
[3.825s] copying vision/ultralytics/models/yolov10/__init__.py -> /home/tien/Documents/GitHub/BoutToHackNASA/source/godang_ws/build/vision/build/lib/vision/ultralytics/models/yolov10
[3.826s] copying vision/ultralytics/models/sam/amg.py -> /home/tien/Documents/GitHub/BoutToHackNASA/source/godang_ws/build/vision/build/lib/vision/ultralytics/models/sam
[3.826s] copying vision/ultralytics/models/sam/model.py -> /home/tien/Documents/GitHub/BoutToHackNASA/source/godang_ws/build/vision/build/lib/vision/ultralytics/models/sam
[3.826s] copying vision/ultralytics/models/sam/build.py -> /home/tien/Documents/GitHub/BoutToHackNASA/source/godang_ws/build/vision/build/lib/vision/ultralytics/models/sam
[3.827s] copying vision/ultralytics/models/sam/predict.py -> /home/tien/Documents/GitHub/BoutToHackNASA/source/godang_ws/build/vision/build/lib/vision/ultralytics/models/sam
[3.827s] copying vision/ultralytics/models/sam/__init__.py -> /home/tien/Documents/GitHub/BoutToHackNASA/source/godang_ws/build/vision/build/lib/vision/ultralytics/models/sam
[3.827s] copying vision/ultralytics/models/yolo/obb/train.py -> /home/tien/Documents/GitHub/BoutToHackNASA/source/godang_ws/build/vision/build/lib/vision/ultralytics/models/yolo/obb
[3.828s] copying vision/ultralytics/models/yolo/obb/val.py -> /home/tien/Documents/GitHub/BoutToHackNASA/source/godang_ws/build/vision/build/lib/vision/ultralytics/models/yolo/obb
[3.828s] copying vision/ultralytics/models/yolo/obb/predict.py -> /home/tien/Documents/GitHub/BoutToHackNASA/source/godang_ws/build/vision/build/lib/vision/ultralytics/models/yolo/obb
[3.828s] copying vision/ultralytics/models/yolo/obb/__init__.py -> /home/tien/Documents/GitHub/BoutToHackNASA/source/godang_ws/build/vision/build/lib/vision/ultralytics/models/yolo/obb
[3.828s] copying vision/ultralytics/models/yolo/pose/train.py -> /home/tien/Documents/GitHub/BoutToHackNASA/source/godang_ws/build/vision/build/lib/vision/ultralytics/models/yolo/pose
[3.829s] copying vision/ultralytics/models/yolo/pose/val.py -> /home/tien/Documents/GitHub/BoutToHackNASA/source/godang_ws/build/vision/build/lib/vision/ultralytics/models/yolo/pose
[3.830s] copying vision/ultralytics/models/yolo/pose/predict.py -> /home/tien/Documents/GitHub/BoutToHackNASA/source/godang_ws/build/vision/build/lib/vision/ultralytics/models/yolo/pose
[3.830s] copying vision/ultralytics/models/yolo/pose/__init__.py -> /home/tien/Documents/GitHub/BoutToHackNASA/source/godang_ws/build/vision/build/lib/vision/ultralytics/models/yolo/pose
[3.831s] copying vision/ultralytics/models/yolo/detect/train.py -> /home/tien/Documents/GitHub/BoutToHackNASA/source/godang_ws/build/vision/build/lib/vision/ultralytics/models/yolo/detect
[3.831s] copying vision/ultralytics/models/yolo/detect/val.py -> /home/tien/Documents/GitHub/BoutToHackNASA/source/godang_ws/build/vision/build/lib/vision/ultralytics/models/yolo/detect
[3.831s] copying vision/ultralytics/models/yolo/detect/predict.py -> /home/tien/Documents/GitHub/BoutToHackNASA/source/godang_ws/build/vision/build/lib/vision/ultralytics/models/yolo/detect
[3.832s] copying vision/ultralytics/models/yolo/detect/__init__.py -> /home/tien/Documents/GitHub/BoutToHackNASA/source/godang_ws/build/vision/build/lib/vision/ultralytics/models/yolo/detect
[3.833s] copying vision/ultralytics/models/yolo/segment/train.py -> /home/tien/Documents/GitHub/BoutToHackNASA/source/godang_ws/build/vision/build/lib/vision/ultralytics/models/yolo/segment
[3.834s] copying vision/ultralytics/models/yolo/segment/val.py -> /home/tien/Documents/GitHub/BoutToHackNASA/source/godang_ws/build/vision/build/lib/vision/ultralytics/models/yolo/segment
[3.834s] copying vision/ultralytics/models/yolo/segment/predict.py -> /home/tien/Documents/GitHub/BoutToHackNASA/source/godang_ws/build/vision/build/lib/vision/ultralytics/models/yolo/segment
[3.835s] copying vision/ultralytics/models/yolo/segment/__init__.py -> /home/tien/Documents/GitHub/BoutToHackNASA/source/godang_ws/build/vision/build/lib/vision/ultralytics/models/yolo/segment
[3.836s] copying vision/ultralytics/models/yolo/classify/train.py -> /home/tien/Documents/GitHub/BoutToHackNASA/source/godang_ws/build/vision/build/lib/vision/ultralytics/models/yolo/classify
[3.836s] copying vision/ultralytics/models/yolo/classify/val.py -> /home/tien/Documents/GitHub/BoutToHackNASA/source/godang_ws/build/vision/build/lib/vision/ultralytics/models/yolo/classify
[3.837s] copying vision/ultralytics/models/yolo/classify/predict.py -> /home/tien/Documents/GitHub/BoutToHackNASA/source/godang_ws/build/vision/build/lib/vision/ultralytics/models/yolo/classify
[3.837s] copying vision/ultralytics/models/yolo/classify/__init__.py -> /home/tien/Documents/GitHub/BoutToHackNASA/source/godang_ws/build/vision/build/lib/vision/ultralytics/models/yolo/classify
[3.839s] copying vision/ultralytics/models/sam/modules/transformer.py -> /home/tien/Documents/GitHub/BoutToHackNASA/source/godang_ws/build/vision/build/lib/vision/ultralytics/models/sam/modules
[3.839s] copying vision/ultralytics/models/sam/modules/decoders.py -> /home/tien/Documents/GitHub/BoutToHackNASA/source/godang_ws/build/vision/build/lib/vision/ultralytics/models/sam/modules
[3.840s] copying vision/ultralytics/models/sam/modules/encoders.py -> /home/tien/Documents/GitHub/BoutToHackNASA/source/godang_ws/build/vision/build/lib/vision/ultralytics/models/sam/modules
[3.840s] copying vision/ultralytics/models/sam/modules/tiny_encoder.py -> /home/tien/Documents/GitHub/BoutToHackNASA/source/godang_ws/build/vision/build/lib/vision/ultralytics/models/sam/modules
[3.841s] copying vision/ultralytics/models/sam/modules/sam.py -> /home/tien/Documents/GitHub/BoutToHackNASA/source/godang_ws/build/vision/build/lib/vision/ultralytics/models/sam/modules
[3.842s] copying vision/ultralytics/models/sam/modules/__init__.py -> /home/tien/Documents/GitHub/BoutToHackNASA/source/godang_ws/build/vision/build/lib/vision/ultralytics/models/sam/modules
[3.843s] copying vision/ultralytics/nn/modules/transformer.py -> /home/tien/Documents/GitHub/BoutToHackNASA/source/godang_ws/build/vision/build/lib/vision/ultralytics/nn/modules
[3.843s] copying vision/ultralytics/nn/modules/head.py -> /home/tien/Documents/GitHub/BoutToHackNASA/source/godang_ws/build/vision/build/lib/vision/ultralytics/nn/modules
[3.844s] copying vision/ultralytics/nn/modules/conv.py -> /home/tien/Documents/GitHub/BoutToHackNASA/source/godang_ws/build/vision/build/lib/vision/ultralytics/nn/modules
[3.844s] copying vision/ultralytics/nn/modules/block.py -> /home/tien/Documents/GitHub/BoutToHackNASA/source/godang_ws/build/vision/build/lib/vision/ultralytics/nn/modules
[3.845s] copying vision/ultralytics/nn/modules/utils.py -> /home/tien/Documents/GitHub/BoutToHackNASA/source/godang_ws/build/vision/build/lib/vision/ultralytics/nn/modules
[3.845s] copying vision/ultralytics/nn/modules/__init__.py -> /home/tien/Documents/GitHub/BoutToHackNASA/source/godang_ws/build/vision/build/lib/vision/ultralytics/nn/modules
[3.846s] copying vision/ultralytics/utils/callbacks/dvc.py -> /home/tien/Documents/GitHub/BoutToHackNASA/source/godang_ws/build/vision/build/lib/vision/ultralytics/utils/callbacks
[3.847s] copying vision/ultralytics/utils/callbacks/neptune.py -> /home/tien/Documents/GitHub/BoutToHackNASA/source/godang_ws/build/vision/build/lib/vision/ultralytics/utils/callbacks
[3.847s] copying vision/ultralytics/utils/callbacks/mlflow.py -> /home/tien/Documents/GitHub/BoutToHackNASA/source/godang_ws/build/vision/build/lib/vision/ultralytics/utils/callbacks
[3.848s] copying vision/ultralytics/utils/callbacks/tensorboard.py -> /home/tien/Documents/GitHub/BoutToHackNASA/source/godang_ws/build/vision/build/lib/vision/ultralytics/utils/callbacks
[3.848s] copying vision/ultralytics/utils/callbacks/clearml.py -> /home/tien/Documents/GitHub/BoutToHackNASA/source/godang_ws/build/vision/build/lib/vision/ultralytics/utils/callbacks
[3.848s] copying vision/ultralytics/utils/callbacks/wb.py -> /home/tien/Documents/GitHub/BoutToHackNASA/source/godang_ws/build/vision/build/lib/vision/ultralytics/utils/callbacks
[3.849s] copying vision/ultralytics/utils/callbacks/comet.py -> /home/tien/Documents/GitHub/BoutToHackNASA/source/godang_ws/build/vision/build/lib/vision/ultralytics/utils/callbacks
[3.849s] copying vision/ultralytics/utils/callbacks/hub.py -> /home/tien/Documents/GitHub/BoutToHackNASA/source/godang_ws/build/vision/build/lib/vision/ultralytics/utils/callbacks
[3.849s] copying vision/ultralytics/utils/callbacks/__init__.py -> /home/tien/Documents/GitHub/BoutToHackNASA/source/godang_ws/build/vision/build/lib/vision/ultralytics/utils/callbacks
[3.850s] copying vision/ultralytics/utils/callbacks/raytune.py -> /home/tien/Documents/GitHub/BoutToHackNASA/source/godang_ws/build/vision/build/lib/vision/ultralytics/utils/callbacks
[3.850s] copying vision/ultralytics/utils/callbacks/base.py -> /home/tien/Documents/GitHub/BoutToHackNASA/source/godang_ws/build/vision/build/lib/vision/ultralytics/utils/callbacks
[3.850s] copying vision/ultralytics/trackers/utils/gmc.py -> /home/tien/Documents/GitHub/BoutToHackNASA/source/godang_ws/build/vision/build/lib/vision/ultralytics/trackers/utils
[3.850s] copying vision/ultralytics/trackers/utils/kalman_filter.py -> /home/tien/Documents/GitHub/BoutToHackNASA/source/godang_ws/build/vision/build/lib/vision/ultralytics/trackers/utils
[3.851s] copying vision/ultralytics/trackers/utils/matching.py -> /home/tien/Documents/GitHub/BoutToHackNASA/source/godang_ws/build/vision/build/lib/vision/ultralytics/trackers/utils
[3.851s] copying vision/ultralytics/trackers/utils/__init__.py -> /home/tien/Documents/GitHub/BoutToHackNASA/source/godang_ws/build/vision/build/lib/vision/ultralytics/trackers/utils
[3.859s] running install
[3.871s] running install_lib
[3.947s] running install_data
[3.948s] copying resource/vision -> /home/tien/Documents/GitHub/BoutToHackNASA/source/godang_ws/install/vision/share/ament_index/resource_index/packages
[3.948s] copying package.xml -> /home/tien/Documents/GitHub/BoutToHackNASA/source/godang_ws/install/vision/share/vision
[3.949s] running install_egg_info
[3.990s] removing '/home/tien/Documents/GitHub/BoutToHackNASA/source/godang_ws/install/vision/lib/python3.10/site-packages/vision-0.0.0-py3.10.egg-info' (and everything under it)
[3.991s] Copying ../../build/vision/vision.egg-info to /home/tien/Documents/GitHub/BoutToHackNASA/source/godang_ws/install/vision/lib/python3.10/site-packages/vision-0.0.0-py3.10.egg-info
[3.992s] running install_scripts
[5.324s] Installing vision_ball script to /home/tien/Documents/GitHub/BoutToHackNASA/source/godang_ws/install/vision/lib/vision
[5.325s] Installing vision_silo script to /home/tien/Documents/GitHub/BoutToHackNASA/source/godang_ws/install/vision/lib/vision
[5.341s] writing list of installed files to '/home/tien/Documents/GitHub/BoutToHackNASA/source/godang_ws/build/vision/install.log'
[5.435s] Invoked command in '/home/tien/Documents/GitHub/BoutToHackNASA/source/godang_ws/src/vision' returned '0': PYTHONPATH=/home/tien/Documents/GitHub/BoutToHackNASA/source/godang_ws/build/vision/prefix_override:/home/tien/Documents/GitHub/BoutToHackNASA/source/godang_ws/install/vision/lib/python3.10/site-packages:${PYTHONPATH} /usr/bin/python3 -W ignore:setup.py install is deprecated setup.py egg_info --egg-base ../../build/vision build --build-base /home/tien/Documents/GitHub/BoutToHackNASA/source/godang_ws/build/vision/build install --record /home/tien/Documents/GitHub/BoutToHackNASA/source/godang_ws/build/vision/install.log --single-version-externally-managed install_data
