[3.428s] Invoking command in '/home/tien/Documents/GitHub/BoutToHackNASA/source/godang_ws/src/planing': PYTHONPATH=/home/tien/Documents/GitHub/BoutToHackNASA/source/godang_ws/build/planing/prefix_override:/home/tien/Documents/GitHub/BoutToHackNASA/source/godang_ws/install/planing/lib/python3.10/site-packages:${PYTHONPATH} /usr/bin/python3 -W ignore:setup.py install is deprecated setup.py egg_info --egg-base ../../build/planing build --build-base /home/tien/Documents/GitHub/BoutToHackNASA/source/godang_ws/build/planing/build install --record /home/tien/Documents/GitHub/BoutToHackNASA/source/godang_ws/build/planing/install.log --single-version-externally-managed install_data
[4.102s] running egg_info
[4.142s] writing ../../build/planing/planing.egg-info/PKG-INFO
[4.143s] writing dependency_links to ../../build/planing/planing.egg-info/dependency_links.txt
[4.144s] writing entry points to ../../build/planing/planing.egg-info/entry_points.txt
[4.145s] writing requirements to ../../build/planing/planing.egg-info/requires.txt
[4.145s] writing top-level names to ../../build/planing/planing.egg-info/top_level.txt
[4.213s] reading manifest file '../../build/planing/planing.egg-info/SOURCES.txt'
[4.215s] writing manifest file '../../build/planing/planing.egg-info/SOURCES.txt'
[4.215s] running build
[4.215s] running build_py
[4.216s] copying planing/state_node.py -> /home/tien/Documents/GitHub/BoutToHackNASA/source/godang_ws/build/planing/build/lib/planing
[4.216s] copying planing/__init__.py -> /home/tien/Documents/GitHub/BoutToHackNASA/source/godang_ws/build/planing/build/lib/planing
[4.216s] running install
[4.228s] running install_lib
[4.262s] running install_data
[4.262s] copying resource/planing -> /home/tien/Documents/GitHub/BoutToHackNASA/source/godang_ws/install/planing/share/ament_index/resource_index/packages
[4.263s] copying package.xml -> /home/tien/Documents/GitHub/BoutToHackNASA/source/godang_ws/install/planing/share/planing
[4.264s] running install_egg_info
[4.300s] removing '/home/tien/Documents/GitHub/BoutToHackNASA/source/godang_ws/install/planing/lib/python3.10/site-packages/planing-0.0.0-py3.10.egg-info' (and everything under it)
[4.301s] Copying ../../build/planing/planing.egg-info to /home/tien/Documents/GitHub/BoutToHackNASA/source/godang_ws/install/planing/lib/python3.10/site-packages/planing-0.0.0-py3.10.egg-info
[4.302s] running install_scripts
[4.607s] Installing state_node script to /home/tien/Documents/GitHub/BoutToHackNASA/source/godang_ws/install/planing/lib/planing
[4.608s] writing list of installed files to '/home/tien/Documents/GitHub/BoutToHackNASA/source/godang_ws/build/planing/install.log'
[4.671s] Invoked command in '/home/tien/Documents/GitHub/BoutToHackNASA/source/godang_ws/src/planing' returned '0': PYTHONPATH=/home/tien/Documents/GitHub/BoutToHackNASA/source/godang_ws/build/planing/prefix_override:/home/tien/Documents/GitHub/BoutToHackNASA/source/godang_ws/install/planing/lib/python3.10/site-packages:${PYTHONPATH} /usr/bin/python3 -W ignore:setup.py install is deprecated setup.py egg_info --egg-base ../../build/planing build --build-base /home/tien/Documents/GitHub/BoutToHackNASA/source/godang_ws/build/planing/build install --record /home/tien/Documents/GitHub/BoutToHackNASA/source/godang_ws/build/planing/install.log --single-version-externally-managed install_data
