[0.205s] DEBUG:colcon:Command line arguments: ['/usr/bin/colcon', 'build']
[0.205s] DEBUG:colcon:Parsed command line arguments: Namespace(log_base=None, log_level=None, verb_name='build', build_base='build', install_base='install', merge_install=False, symlink_install=False, test_result_base=None, continue_on_error=False, executor='parallel', parallel_workers=20, event_handlers=None, ignore_user_meta=False, metas=['./colcon.meta'], base_paths=['.'], packages_ignore=None, packages_ignore_regex=None, paths=None, packages_up_to=None, packages_up_to_regex=None, packages_above=None, packages_above_and_dependencies=None, packages_above_depth=None, packages_select_by_dep=None, packages_skip_by_dep=None, packages_skip_up_to=None, packages_select_build_failed=False, packages_skip_build_finished=False, packages_select_test_failures=False, packages_skip_test_passed=False, packages_select=None, packages_skip=None, packages_select_regex=None, packages_skip_regex=None, packages_start=None, packages_end=None, allow_overriding=[], cmake_args=None, cmake_target=None, cmake_target_skip_unavailable=False, cmake_clean_cache=False, cmake_clean_first=False, cmake_force_configure=False, ament_cmake_args=None, catkin_cmake_args=None, catkin_skip_building_tests=False, mixin_files=None, mixin=None, verb_parser=<colcon_mixin.mixin.mixin_argument.MixinArgumentDecorator object at 0x7a38d7c2dcc0>, verb_extension=<colcon_core.verb.build.BuildVerb object at 0x7a38d7df5a50>, main=<bound method BuildVerb.main of <colcon_core.verb.build.BuildVerb object at 0x7a38d7df5a50>>, mixin_verb=('build',))
[0.293s] Level 1:colcon.colcon_core.package_discovery:discover_packages(colcon_meta) check parameters
[0.293s] Level 1:colcon.colcon_core.package_discovery:discover_packages(recursive) check parameters
[0.294s] Level 1:colcon.colcon_core.package_discovery:discover_packages(ignore) check parameters
[0.294s] Level 1:colcon.colcon_core.package_discovery:discover_packages(path) check parameters
[0.294s] Level 1:colcon.colcon_core.package_discovery:discover_packages(colcon_meta) discover
[0.294s] Level 1:colcon.colcon_core.package_discovery:discover_packages(recursive) discover
[0.294s] INFO:colcon.colcon_core.package_discovery:Crawling recursively for packages in '/home/tien/Documents/GitHub/BoutToHackNASA'
[0.294s] Level 1:colcon.colcon_core.package_identification:_identify(.) by extensions ['ignore', 'ignore_ament_install']
[0.295s] Level 1:colcon.colcon_core.package_identification:_identify(.) by extension 'ignore'
[0.295s] Level 1:colcon.colcon_core.package_identification:_identify(.) by extension 'ignore_ament_install'
[0.295s] Level 1:colcon.colcon_core.package_identification:_identify(.) by extensions ['colcon_pkg']
[0.295s] Level 1:colcon.colcon_core.package_identification:_identify(.) by extension 'colcon_pkg'
[0.295s] Level 1:colcon.colcon_core.package_identification:_identify(.) by extensions ['colcon_meta']
[0.295s] Level 1:colcon.colcon_core.package_identification:_identify(.) by extension 'colcon_meta'
[0.295s] Level 1:colcon.colcon_core.package_identification:_identify(.) by extensions ['ros']
[0.295s] Level 1:colcon.colcon_core.package_identification:_identify(.) by extension 'ros'
[0.318s] Level 1:colcon.colcon_core.package_identification:_identify(.) by extensions ['cmake', 'python']
[0.318s] Level 1:colcon.colcon_core.package_identification:_identify(.) by extension 'cmake'
[0.318s] Level 1:colcon.colcon_core.package_identification:_identify(.) by extension 'python'
[0.318s] Level 1:colcon.colcon_core.package_identification:_identify(.) by extensions ['python_setup_py']
[0.318s] Level 1:colcon.colcon_core.package_identification:_identify(.) by extension 'python_setup_py'
[0.318s] Level 1:colcon.colcon_core.package_identification:_identify(build) by extensions ['ignore', 'ignore_ament_install']
[0.318s] Level 1:colcon.colcon_core.package_identification:_identify(build) by extension 'ignore'
[0.318s] Level 1:colcon.colcon_core.package_identification:_identify(build) ignored
[0.318s] Level 1:colcon.colcon_core.package_identification:_identify(control) by extensions ['ignore', 'ignore_ament_install']
[0.319s] Level 1:colcon.colcon_core.package_identification:_identify(control) by extension 'ignore'
[0.319s] Level 1:colcon.colcon_core.package_identification:_identify(control) by extension 'ignore_ament_install'
[0.319s] Level 1:colcon.colcon_core.package_identification:_identify(control) by extensions ['colcon_pkg']
[0.319s] Level 1:colcon.colcon_core.package_identification:_identify(control) by extension 'colcon_pkg'
[0.319s] Level 1:colcon.colcon_core.package_identification:_identify(control) by extensions ['colcon_meta']
[0.319s] Level 1:colcon.colcon_core.package_identification:_identify(control) by extension 'colcon_meta'
[0.319s] Level 1:colcon.colcon_core.package_identification:_identify(control) by extensions ['ros']
[0.319s] Level 1:colcon.colcon_core.package_identification:_identify(control) by extension 'ros'
[0.319s] Level 1:colcon.colcon_core.package_identification:_identify(control) by extensions ['cmake', 'python']
[0.319s] Level 1:colcon.colcon_core.package_identification:_identify(control) by extension 'cmake'
[0.319s] Level 1:colcon.colcon_core.package_identification:_identify(control) by extension 'python'
[0.319s] Level 1:colcon.colcon_core.package_identification:_identify(control) by extensions ['python_setup_py']
[0.319s] Level 1:colcon.colcon_core.package_identification:_identify(control) by extension 'python_setup_py'
[0.319s] Level 1:colcon.colcon_core.package_identification:_identify(control/ABU_auto_mani) by extensions ['ignore', 'ignore_ament_install']
[0.319s] Level 1:colcon.colcon_core.package_identification:_identify(control/ABU_auto_mani) by extension 'ignore'
[0.319s] Level 1:colcon.colcon_core.package_identification:_identify(control/ABU_auto_mani) by extension 'ignore_ament_install'
[0.319s] Level 1:colcon.colcon_core.package_identification:_identify(control/ABU_auto_mani) by extensions ['colcon_pkg']
[0.319s] Level 1:colcon.colcon_core.package_identification:_identify(control/ABU_auto_mani) by extension 'colcon_pkg'
[0.319s] Level 1:colcon.colcon_core.package_identification:_identify(control/ABU_auto_mani) by extensions ['colcon_meta']
[0.320s] Level 1:colcon.colcon_core.package_identification:_identify(control/ABU_auto_mani) by extension 'colcon_meta'
[0.320s] Level 1:colcon.colcon_core.package_identification:_identify(control/ABU_auto_mani) by extensions ['ros']
[0.320s] Level 1:colcon.colcon_core.package_identification:_identify(control/ABU_auto_mani) by extension 'ros'
[0.320s] Level 1:colcon.colcon_core.package_identification:_identify(control/ABU_auto_mani) by extensions ['cmake', 'python']
[0.320s] Level 1:colcon.colcon_core.package_identification:_identify(control/ABU_auto_mani) by extension 'cmake'
[0.320s] Level 1:colcon.colcon_core.package_identification:_identify(control/ABU_auto_mani) by extension 'python'
[0.320s] Level 1:colcon.colcon_core.package_identification:_identify(control/ABU_auto_mani) by extensions ['python_setup_py']
[0.320s] Level 1:colcon.colcon_core.package_identification:_identify(control/ABU_auto_mani) by extension 'python_setup_py'
[0.320s] Level 1:colcon.colcon_core.package_identification:_identify(control/ABU_auto_mani/include) by extensions ['ignore', 'ignore_ament_install']
[0.320s] Level 1:colcon.colcon_core.package_identification:_identify(control/ABU_auto_mani/include) by extension 'ignore'
[0.320s] Level 1:colcon.colcon_core.package_identification:_identify(control/ABU_auto_mani/include) by extension 'ignore_ament_install'
[0.320s] Level 1:colcon.colcon_core.package_identification:_identify(control/ABU_auto_mani/include) by extensions ['colcon_pkg']
[0.320s] Level 1:colcon.colcon_core.package_identification:_identify(control/ABU_auto_mani/include) by extension 'colcon_pkg'
[0.320s] Level 1:colcon.colcon_core.package_identification:_identify(control/ABU_auto_mani/include) by extensions ['colcon_meta']
[0.320s] Level 1:colcon.colcon_core.package_identification:_identify(control/ABU_auto_mani/include) by extension 'colcon_meta'
[0.320s] Level 1:colcon.colcon_core.package_identification:_identify(control/ABU_auto_mani/include) by extensions ['ros']
[0.320s] Level 1:colcon.colcon_core.package_identification:_identify(control/ABU_auto_mani/include) by extension 'ros'
[0.320s] Level 1:colcon.colcon_core.package_identification:_identify(control/ABU_auto_mani/include) by extensions ['cmake', 'python']
[0.320s] Level 1:colcon.colcon_core.package_identification:_identify(control/ABU_auto_mani/include) by extension 'cmake'
[0.320s] Level 1:colcon.colcon_core.package_identification:_identify(control/ABU_auto_mani/include) by extension 'python'
[0.320s] Level 1:colcon.colcon_core.package_identification:_identify(control/ABU_auto_mani/include) by extensions ['python_setup_py']
[0.321s] Level 1:colcon.colcon_core.package_identification:_identify(control/ABU_auto_mani/include) by extension 'python_setup_py'
[0.321s] Level 1:colcon.colcon_core.package_identification:_identify(control/ABU_auto_mani/lib) by extensions ['ignore', 'ignore_ament_install']
[0.321s] Level 1:colcon.colcon_core.package_identification:_identify(control/ABU_auto_mani/lib) by extension 'ignore'
[0.321s] Level 1:colcon.colcon_core.package_identification:_identify(control/ABU_auto_mani/lib) by extension 'ignore_ament_install'
[0.321s] Level 1:colcon.colcon_core.package_identification:_identify(control/ABU_auto_mani/lib) by extensions ['colcon_pkg']
[0.321s] Level 1:colcon.colcon_core.package_identification:_identify(control/ABU_auto_mani/lib) by extension 'colcon_pkg'
[0.321s] Level 1:colcon.colcon_core.package_identification:_identify(control/ABU_auto_mani/lib) by extensions ['colcon_meta']
[0.321s] Level 1:colcon.colcon_core.package_identification:_identify(control/ABU_auto_mani/lib) by extension 'colcon_meta'
[0.321s] Level 1:colcon.colcon_core.package_identification:_identify(control/ABU_auto_mani/lib) by extensions ['ros']
[0.321s] Level 1:colcon.colcon_core.package_identification:_identify(control/ABU_auto_mani/lib) by extension 'ros'
[0.321s] Level 1:colcon.colcon_core.package_identification:_identify(control/ABU_auto_mani/lib) by extensions ['cmake', 'python']
[0.321s] Level 1:colcon.colcon_core.package_identification:_identify(control/ABU_auto_mani/lib) by extension 'cmake'
[0.321s] Level 1:colcon.colcon_core.package_identification:_identify(control/ABU_auto_mani/lib) by extension 'python'
[0.321s] Level 1:colcon.colcon_core.package_identification:_identify(control/ABU_auto_mani/lib) by extensions ['python_setup_py']
[0.321s] Level 1:colcon.colcon_core.package_identification:_identify(control/ABU_auto_mani/lib) by extension 'python_setup_py'
[0.321s] Level 1:colcon.colcon_core.package_identification:_identify(control/ABU_auto_mani/lib/Adafruit_TCS34725-master) by extensions ['ignore', 'ignore_ament_install']
[0.321s] Level 1:colcon.colcon_core.package_identification:_identify(control/ABU_auto_mani/lib/Adafruit_TCS34725-master) by extension 'ignore'
[0.321s] Level 1:colcon.colcon_core.package_identification:_identify(control/ABU_auto_mani/lib/Adafruit_TCS34725-master) by extension 'ignore_ament_install'
[0.321s] Level 1:colcon.colcon_core.package_identification:_identify(control/ABU_auto_mani/lib/Adafruit_TCS34725-master) by extensions ['colcon_pkg']
[0.322s] Level 1:colcon.colcon_core.package_identification:_identify(control/ABU_auto_mani/lib/Adafruit_TCS34725-master) by extension 'colcon_pkg'
[0.322s] Level 1:colcon.colcon_core.package_identification:_identify(control/ABU_auto_mani/lib/Adafruit_TCS34725-master) by extensions ['colcon_meta']
[0.322s] Level 1:colcon.colcon_core.package_identification:_identify(control/ABU_auto_mani/lib/Adafruit_TCS34725-master) by extension 'colcon_meta'
[0.322s] Level 1:colcon.colcon_core.package_identification:_identify(control/ABU_auto_mani/lib/Adafruit_TCS34725-master) by extensions ['ros']
[0.322s] Level 1:colcon.colcon_core.package_identification:_identify(control/ABU_auto_mani/lib/Adafruit_TCS34725-master) by extension 'ros'
[0.322s] Level 1:colcon.colcon_core.package_identification:_identify(control/ABU_auto_mani/lib/Adafruit_TCS34725-master) by extensions ['cmake', 'python']
[0.322s] Level 1:colcon.colcon_core.package_identification:_identify(control/ABU_auto_mani/lib/Adafruit_TCS34725-master) by extension 'cmake'
[0.324s] Level 1:colcon.colcon_core.package_identification:_identify(control/ABU_auto_mani/lib/Adafruit_TCS34725-master) by extension 'python'
[0.324s] DEBUG:colcon.colcon_core.package_identification:Package 'control/ABU_auto_mani/lib/Adafruit_TCS34725-master' with type 'cmake' and name 'Adafruit_TCS34725-master'
[0.324s] Level 1:colcon.colcon_core.package_identification:_identify(control/ABU_auto_mani/lib/Manipulator) by extensions ['ignore', 'ignore_ament_install']
[0.324s] Level 1:colcon.colcon_core.package_identification:_identify(control/ABU_auto_mani/lib/Manipulator) by extension 'ignore'
[0.324s] Level 1:colcon.colcon_core.package_identification:_identify(control/ABU_auto_mani/lib/Manipulator) by extension 'ignore_ament_install'
[0.324s] Level 1:colcon.colcon_core.package_identification:_identify(control/ABU_auto_mani/lib/Manipulator) by extensions ['colcon_pkg']
[0.324s] Level 1:colcon.colcon_core.package_identification:_identify(control/ABU_auto_mani/lib/Manipulator) by extension 'colcon_pkg'
[0.324s] Level 1:colcon.colcon_core.package_identification:_identify(control/ABU_auto_mani/lib/Manipulator) by extensions ['colcon_meta']
[0.324s] Level 1:colcon.colcon_core.package_identification:_identify(control/ABU_auto_mani/lib/Manipulator) by extension 'colcon_meta'
[0.324s] Level 1:colcon.colcon_core.package_identification:_identify(control/ABU_auto_mani/lib/Manipulator) by extensions ['ros']
[0.324s] Level 1:colcon.colcon_core.package_identification:_identify(control/ABU_auto_mani/lib/Manipulator) by extension 'ros'
[0.324s] Level 1:colcon.colcon_core.package_identification:_identify(control/ABU_auto_mani/lib/Manipulator) by extensions ['cmake', 'python']
[0.324s] Level 1:colcon.colcon_core.package_identification:_identify(control/ABU_auto_mani/lib/Manipulator) by extension 'cmake'
[0.325s] Level 1:colcon.colcon_core.package_identification:_identify(control/ABU_auto_mani/lib/Manipulator) by extension 'python'
[0.325s] Level 1:colcon.colcon_core.package_identification:_identify(control/ABU_auto_mani/lib/Manipulator) by extensions ['python_setup_py']
[0.325s] Level 1:colcon.colcon_core.package_identification:_identify(control/ABU_auto_mani/lib/Manipulator) by extension 'python_setup_py'
[0.325s] Level 1:colcon.colcon_core.package_identification:_identify(control/ABU_auto_mani/src) by extensions ['ignore', 'ignore_ament_install']
[0.325s] Level 1:colcon.colcon_core.package_identification:_identify(control/ABU_auto_mani/src) by extension 'ignore'
[0.325s] Level 1:colcon.colcon_core.package_identification:_identify(control/ABU_auto_mani/src) by extension 'ignore_ament_install'
[0.325s] Level 1:colcon.colcon_core.package_identification:_identify(control/ABU_auto_mani/src) by extensions ['colcon_pkg']
[0.325s] Level 1:colcon.colcon_core.package_identification:_identify(control/ABU_auto_mani/src) by extension 'colcon_pkg'
[0.325s] Level 1:colcon.colcon_core.package_identification:_identify(control/ABU_auto_mani/src) by extensions ['colcon_meta']
[0.325s] Level 1:colcon.colcon_core.package_identification:_identify(control/ABU_auto_mani/src) by extension 'colcon_meta'
[0.325s] Level 1:colcon.colcon_core.package_identification:_identify(control/ABU_auto_mani/src) by extensions ['ros']
[0.325s] Level 1:colcon.colcon_core.package_identification:_identify(control/ABU_auto_mani/src) by extension 'ros'
[0.325s] Level 1:colcon.colcon_core.package_identification:_identify(control/ABU_auto_mani/src) by extensions ['cmake', 'python']
[0.325s] Level 1:colcon.colcon_core.package_identification:_identify(control/ABU_auto_mani/src) by extension 'cmake'
[0.325s] Level 1:colcon.colcon_core.package_identification:_identify(control/ABU_auto_mani/src) by extension 'python'
[0.325s] Level 1:colcon.colcon_core.package_identification:_identify(control/ABU_auto_mani/src) by extensions ['python_setup_py']
[0.325s] Level 1:colcon.colcon_core.package_identification:_identify(control/ABU_auto_mani/src) by extension 'python_setup_py'
[0.325s] Level 1:colcon.colcon_core.package_identification:_identify(control/ABU_auto_mani/test) by extensions ['ignore', 'ignore_ament_install']
[0.326s] Level 1:colcon.colcon_core.package_identification:_identify(control/ABU_auto_mani/test) by extension 'ignore'
[0.326s] Level 1:colcon.colcon_core.package_identification:_identify(control/ABU_auto_mani/test) by extension 'ignore_ament_install'
[0.326s] Level 1:colcon.colcon_core.package_identification:_identify(control/ABU_auto_mani/test) by extensions ['colcon_pkg']
[0.326s] Level 1:colcon.colcon_core.package_identification:_identify(control/ABU_auto_mani/test) by extension 'colcon_pkg'
[0.326s] Level 1:colcon.colcon_core.package_identification:_identify(control/ABU_auto_mani/test) by extensions ['colcon_meta']
[0.326s] Level 1:colcon.colcon_core.package_identification:_identify(control/ABU_auto_mani/test) by extension 'colcon_meta'
[0.326s] Level 1:colcon.colcon_core.package_identification:_identify(control/ABU_auto_mani/test) by extensions ['ros']
[0.326s] Level 1:colcon.colcon_core.package_identification:_identify(control/ABU_auto_mani/test) by extension 'ros'
[0.326s] Level 1:colcon.colcon_core.package_identification:_identify(control/ABU_auto_mani/test) by extensions ['cmake', 'python']
[0.326s] Level 1:colcon.colcon_core.package_identification:_identify(control/ABU_auto_mani/test) by extension 'cmake'
[0.326s] Level 1:colcon.colcon_core.package_identification:_identify(control/ABU_auto_mani/test) by extension 'python'
[0.326s] Level 1:colcon.colcon_core.package_identification:_identify(control/ABU_auto_mani/test) by extensions ['python_setup_py']
[0.326s] Level 1:colcon.colcon_core.package_identification:_identify(control/ABU_auto_mani/test) by extension 'python_setup_py'
[0.326s] Level 1:colcon.colcon_core.package_identification:_identify(control/ABU_auto_mobile) by extensions ['ignore', 'ignore_ament_install']
[0.326s] Level 1:colcon.colcon_core.package_identification:_identify(control/ABU_auto_mobile) by extension 'ignore'
[0.326s] Level 1:colcon.colcon_core.package_identification:_identify(control/ABU_auto_mobile) by extension 'ignore_ament_install'
[0.326s] Level 1:colcon.colcon_core.package_identification:_identify(control/ABU_auto_mobile) by extensions ['colcon_pkg']
[0.326s] Level 1:colcon.colcon_core.package_identification:_identify(control/ABU_auto_mobile) by extension 'colcon_pkg'
[0.326s] Level 1:colcon.colcon_core.package_identification:_identify(control/ABU_auto_mobile) by extensions ['colcon_meta']
[0.326s] Level 1:colcon.colcon_core.package_identification:_identify(control/ABU_auto_mobile) by extension 'colcon_meta'
[0.327s] Level 1:colcon.colcon_core.package_identification:_identify(control/ABU_auto_mobile) by extensions ['ros']
[0.327s] Level 1:colcon.colcon_core.package_identification:_identify(control/ABU_auto_mobile) by extension 'ros'
[0.327s] Level 1:colcon.colcon_core.package_identification:_identify(control/ABU_auto_mobile) by extensions ['cmake', 'python']
[0.327s] Level 1:colcon.colcon_core.package_identification:_identify(control/ABU_auto_mobile) by extension 'cmake'
[0.327s] Level 1:colcon.colcon_core.package_identification:_identify(control/ABU_auto_mobile) by extension 'python'
[0.327s] Level 1:colcon.colcon_core.package_identification:_identify(control/ABU_auto_mobile) by extensions ['python_setup_py']
[0.327s] Level 1:colcon.colcon_core.package_identification:_identify(control/ABU_auto_mobile) by extension 'python_setup_py'
[0.327s] Level 1:colcon.colcon_core.package_identification:_identify(control/ABU_auto_mobile/include) by extensions ['ignore', 'ignore_ament_install']
[0.327s] Level 1:colcon.colcon_core.package_identification:_identify(control/ABU_auto_mobile/include) by extension 'ignore'
[0.327s] Level 1:colcon.colcon_core.package_identification:_identify(control/ABU_auto_mobile/include) by extension 'ignore_ament_install'
[0.327s] Level 1:colcon.colcon_core.package_identification:_identify(control/ABU_auto_mobile/include) by extensions ['colcon_pkg']
[0.327s] Level 1:colcon.colcon_core.package_identification:_identify(control/ABU_auto_mobile/include) by extension 'colcon_pkg'
[0.327s] Level 1:colcon.colcon_core.package_identification:_identify(control/ABU_auto_mobile/include) by extensions ['colcon_meta']
[0.327s] Level 1:colcon.colcon_core.package_identification:_identify(control/ABU_auto_mobile/include) by extension 'colcon_meta'
[0.327s] Level 1:colcon.colcon_core.package_identification:_identify(control/ABU_auto_mobile/include) by extensions ['ros']
[0.327s] Level 1:colcon.colcon_core.package_identification:_identify(control/ABU_auto_mobile/include) by extension 'ros'
[0.327s] Level 1:colcon.colcon_core.package_identification:_identify(control/ABU_auto_mobile/include) by extensions ['cmake', 'python']
[0.327s] Level 1:colcon.colcon_core.package_identification:_identify(control/ABU_auto_mobile/include) by extension 'cmake'
[0.327s] Level 1:colcon.colcon_core.package_identification:_identify(control/ABU_auto_mobile/include) by extension 'python'
[0.327s] Level 1:colcon.colcon_core.package_identification:_identify(control/ABU_auto_mobile/include) by extensions ['python_setup_py']
[0.327s] Level 1:colcon.colcon_core.package_identification:_identify(control/ABU_auto_mobile/include) by extension 'python_setup_py'
[0.328s] Level 1:colcon.colcon_core.package_identification:_identify(control/ABU_auto_mobile/lib) by extensions ['ignore', 'ignore_ament_install']
[0.328s] Level 1:colcon.colcon_core.package_identification:_identify(control/ABU_auto_mobile/lib) by extension 'ignore'
[0.328s] Level 1:colcon.colcon_core.package_identification:_identify(control/ABU_auto_mobile/lib) by extension 'ignore_ament_install'
[0.328s] Level 1:colcon.colcon_core.package_identification:_identify(control/ABU_auto_mobile/lib) by extensions ['colcon_pkg']
[0.328s] Level 1:colcon.colcon_core.package_identification:_identify(control/ABU_auto_mobile/lib) by extension 'colcon_pkg'
[0.328s] Level 1:colcon.colcon_core.package_identification:_identify(control/ABU_auto_mobile/lib) by extensions ['colcon_meta']
[0.328s] Level 1:colcon.colcon_core.package_identification:_identify(control/ABU_auto_mobile/lib) by extension 'colcon_meta'
[0.328s] Level 1:colcon.colcon_core.package_identification:_identify(control/ABU_auto_mobile/lib) by extensions ['ros']
[0.328s] Level 1:colcon.colcon_core.package_identification:_identify(control/ABU_auto_mobile/lib) by extension 'ros'
[0.328s] Level 1:colcon.colcon_core.package_identification:_identify(control/ABU_auto_mobile/lib) by extensions ['cmake', 'python']
[0.328s] Level 1:colcon.colcon_core.package_identification:_identify(control/ABU_auto_mobile/lib) by extension 'cmake'
[0.328s] Level 1:colcon.colcon_core.package_identification:_identify(control/ABU_auto_mobile/lib) by extension 'python'
[0.328s] Level 1:colcon.colcon_core.package_identification:_identify(control/ABU_auto_mobile/lib) by extensions ['python_setup_py']
[0.328s] Level 1:colcon.colcon_core.package_identification:_identify(control/ABU_auto_mobile/lib) by extension 'python_setup_py'
[0.328s] Level 1:colcon.colcon_core.package_identification:_identify(control/ABU_auto_mobile/lib/DFRobot_WT61PC-master) by extensions ['ignore', 'ignore_ament_install']
[0.328s] Level 1:colcon.colcon_core.package_identification:_identify(control/ABU_auto_mobile/lib/DFRobot_WT61PC-master) by extension 'ignore'
[0.328s] Level 1:colcon.colcon_core.package_identification:_identify(control/ABU_auto_mobile/lib/DFRobot_WT61PC-master) by extension 'ignore_ament_install'
[0.328s] Level 1:colcon.colcon_core.package_identification:_identify(control/ABU_auto_mobile/lib/DFRobot_WT61PC-master) by extensions ['colcon_pkg']
[0.329s] Level 1:colcon.colcon_core.package_identification:_identify(control/ABU_auto_mobile/lib/DFRobot_WT61PC-master) by extension 'colcon_pkg'
[0.329s] Level 1:colcon.colcon_core.package_identification:_identify(control/ABU_auto_mobile/lib/DFRobot_WT61PC-master) by extensions ['colcon_meta']
[0.329s] Level 1:colcon.colcon_core.package_identification:_identify(control/ABU_auto_mobile/lib/DFRobot_WT61PC-master) by extension 'colcon_meta'
[0.329s] Level 1:colcon.colcon_core.package_identification:_identify(control/ABU_auto_mobile/lib/DFRobot_WT61PC-master) by extensions ['ros']
[0.329s] Level 1:colcon.colcon_core.package_identification:_identify(control/ABU_auto_mobile/lib/DFRobot_WT61PC-master) by extension 'ros'
[0.329s] Level 1:colcon.colcon_core.package_identification:_identify(control/ABU_auto_mobile/lib/DFRobot_WT61PC-master) by extensions ['cmake', 'python']
[0.329s] Level 1:colcon.colcon_core.package_identification:_identify(control/ABU_auto_mobile/lib/DFRobot_WT61PC-master) by extension 'cmake'
[0.329s] Level 1:colcon.colcon_core.package_identification:_identify(control/ABU_auto_mobile/lib/DFRobot_WT61PC-master) by extension 'python'
[0.329s] Level 1:colcon.colcon_core.package_identification:_identify(control/ABU_auto_mobile/lib/DFRobot_WT61PC-master) by extensions ['python_setup_py']
[0.329s] Level 1:colcon.colcon_core.package_identification:_identify(control/ABU_auto_mobile/lib/DFRobot_WT61PC-master) by extension 'python_setup_py'
[0.329s] Level 1:colcon.colcon_core.package_identification:_identify(control/ABU_auto_mobile/lib/DFRobot_WT61PC-master/example) by extensions ['ignore', 'ignore_ament_install']
[0.329s] Level 1:colcon.colcon_core.package_identification:_identify(control/ABU_auto_mobile/lib/DFRobot_WT61PC-master/example) by extension 'ignore'
[0.329s] Level 1:colcon.colcon_core.package_identification:_identify(control/ABU_auto_mobile/lib/DFRobot_WT61PC-master/example) by extension 'ignore_ament_install'
[0.329s] Level 1:colcon.colcon_core.package_identification:_identify(control/ABU_auto_mobile/lib/DFRobot_WT61PC-master/example) by extensions ['colcon_pkg']
[0.329s] Level 1:colcon.colcon_core.package_identification:_identify(control/ABU_auto_mobile/lib/DFRobot_WT61PC-master/example) by extension 'colcon_pkg'
[0.329s] Level 1:colcon.colcon_core.package_identification:_identify(control/ABU_auto_mobile/lib/DFRobot_WT61PC-master/example) by extensions ['colcon_meta']
[0.329s] Level 1:colcon.colcon_core.package_identification:_identify(control/ABU_auto_mobile/lib/DFRobot_WT61PC-master/example) by extension 'colcon_meta'
[0.329s] Level 1:colcon.colcon_core.package_identification:_identify(control/ABU_auto_mobile/lib/DFRobot_WT61PC-master/example) by extensions ['ros']
[0.329s] Level 1:colcon.colcon_core.package_identification:_identify(control/ABU_auto_mobile/lib/DFRobot_WT61PC-master/example) by extension 'ros'
[0.329s] Level 1:colcon.colcon_core.package_identification:_identify(control/ABU_auto_mobile/lib/DFRobot_WT61PC-master/example) by extensions ['cmake', 'python']
[0.330s] Level 1:colcon.colcon_core.package_identification:_identify(control/ABU_auto_mobile/lib/DFRobot_WT61PC-master/example) by extension 'cmake'
[0.330s] Level 1:colcon.colcon_core.package_identification:_identify(control/ABU_auto_mobile/lib/DFRobot_WT61PC-master/example) by extension 'python'
[0.330s] Level 1:colcon.colcon_core.package_identification:_identify(control/ABU_auto_mobile/lib/DFRobot_WT61PC-master/example) by extensions ['python_setup_py']
[0.330s] Level 1:colcon.colcon_core.package_identification:_identify(control/ABU_auto_mobile/lib/DFRobot_WT61PC-master/example) by extension 'python_setup_py'
[0.330s] Level 1:colcon.colcon_core.package_identification:_identify(control/ABU_auto_mobile/lib/DFRobot_WT61PC-master/example/getData) by extensions ['ignore', 'ignore_ament_install']
[0.330s] Level 1:colcon.colcon_core.package_identification:_identify(control/ABU_auto_mobile/lib/DFRobot_WT61PC-master/example/getData) by extension 'ignore'
[0.330s] Level 1:colcon.colcon_core.package_identification:_identify(control/ABU_auto_mobile/lib/DFRobot_WT61PC-master/example/getData) by extension 'ignore_ament_install'
[0.330s] Level 1:colcon.colcon_core.package_identification:_identify(control/ABU_auto_mobile/lib/DFRobot_WT61PC-master/example/getData) by extensions ['colcon_pkg']
[0.330s] Level 1:colcon.colcon_core.package_identification:_identify(control/ABU_auto_mobile/lib/DFRobot_WT61PC-master/example/getData) by extension 'colcon_pkg'
[0.330s] Level 1:colcon.colcon_core.package_identification:_identify(control/ABU_auto_mobile/lib/DFRobot_WT61PC-master/example/getData) by extensions ['colcon_meta']
[0.330s] Level 1:colcon.colcon_core.package_identification:_identify(control/ABU_auto_mobile/lib/DFRobot_WT61PC-master/example/getData) by extension 'colcon_meta'
[0.330s] Level 1:colcon.colcon_core.package_identification:_identify(control/ABU_auto_mobile/lib/DFRobot_WT61PC-master/example/getData) by extensions ['ros']
[0.330s] Level 1:colcon.colcon_core.package_identification:_identify(control/ABU_auto_mobile/lib/DFRobot_WT61PC-master/example/getData) by extension 'ros'
[0.330s] Level 1:colcon.colcon_core.package_identification:_identify(control/ABU_auto_mobile/lib/DFRobot_WT61PC-master/example/getData) by extensions ['cmake', 'python']
[0.330s] Level 1:colcon.colcon_core.package_identification:_identify(control/ABU_auto_mobile/lib/DFRobot_WT61PC-master/example/getData) by extension 'cmake'
[0.330s] Level 1:colcon.colcon_core.package_identification:_identify(control/ABU_auto_mobile/lib/DFRobot_WT61PC-master/example/getData) by extension 'python'
[0.330s] Level 1:colcon.colcon_core.package_identification:_identify(control/ABU_auto_mobile/lib/DFRobot_WT61PC-master/example/getData) by extensions ['python_setup_py']
[0.330s] Level 1:colcon.colcon_core.package_identification:_identify(control/ABU_auto_mobile/lib/DFRobot_WT61PC-master/example/getData) by extension 'python_setup_py'
[0.330s] Level 1:colcon.colcon_core.package_identification:_identify(control/ABU_auto_mobile/lib/DFRobot_WT61PC-master/resources) by extensions ['ignore', 'ignore_ament_install']
[0.330s] Level 1:colcon.colcon_core.package_identification:_identify(control/ABU_auto_mobile/lib/DFRobot_WT61PC-master/resources) by extension 'ignore'
[0.331s] Level 1:colcon.colcon_core.package_identification:_identify(control/ABU_auto_mobile/lib/DFRobot_WT61PC-master/resources) by extension 'ignore_ament_install'
[0.331s] Level 1:colcon.colcon_core.package_identification:_identify(control/ABU_auto_mobile/lib/DFRobot_WT61PC-master/resources) by extensions ['colcon_pkg']
[0.331s] Level 1:colcon.colcon_core.package_identification:_identify(control/ABU_auto_mobile/lib/DFRobot_WT61PC-master/resources) by extension 'colcon_pkg'
[0.331s] Level 1:colcon.colcon_core.package_identification:_identify(control/ABU_auto_mobile/lib/DFRobot_WT61PC-master/resources) by extensions ['colcon_meta']
[0.331s] Level 1:colcon.colcon_core.package_identification:_identify(control/ABU_auto_mobile/lib/DFRobot_WT61PC-master/resources) by extension 'colcon_meta'
[0.331s] Level 1:colcon.colcon_core.package_identification:_identify(control/ABU_auto_mobile/lib/DFRobot_WT61PC-master/resources) by extensions ['ros']
[0.331s] Level 1:colcon.colcon_core.package_identification:_identify(control/ABU_auto_mobile/lib/DFRobot_WT61PC-master/resources) by extension 'ros'
[0.331s] Level 1:colcon.colcon_core.package_identification:_identify(control/ABU_auto_mobile/lib/DFRobot_WT61PC-master/resources) by extensions ['cmake', 'python']
[0.331s] Level 1:colcon.colcon_core.package_identification:_identify(control/ABU_auto_mobile/lib/DFRobot_WT61PC-master/resources) by extension 'cmake'
[0.331s] Level 1:colcon.colcon_core.package_identification:_identify(control/ABU_auto_mobile/lib/DFRobot_WT61PC-master/resources) by extension 'python'
[0.331s] Level 1:colcon.colcon_core.package_identification:_identify(control/ABU_auto_mobile/lib/DFRobot_WT61PC-master/resources) by extensions ['python_setup_py']
[0.331s] Level 1:colcon.colcon_core.package_identification:_identify(control/ABU_auto_mobile/lib/DFRobot_WT61PC-master/resources) by extension 'python_setup_py'
[0.331s] Level 1:colcon.colcon_core.package_identification:_identify(control/ABU_auto_mobile/lib/DFRobot_WT61PC-master/resources/images) by extensions ['ignore', 'ignore_ament_install']
[0.331s] Level 1:colcon.colcon_core.package_identification:_identify(control/ABU_auto_mobile/lib/DFRobot_WT61PC-master/resources/images) by extension 'ignore'
[0.331s] Level 1:colcon.colcon_core.package_identification:_identify(control/ABU_auto_mobile/lib/DFRobot_WT61PC-master/resources/images) by extension 'ignore_ament_install'
[0.331s] Level 1:colcon.colcon_core.package_identification:_identify(control/ABU_auto_mobile/lib/DFRobot_WT61PC-master/resources/images) by extensions ['colcon_pkg']
[0.331s] Level 1:colcon.colcon_core.package_identification:_identify(control/ABU_auto_mobile/lib/DFRobot_WT61PC-master/resources/images) by extension 'colcon_pkg'
[0.331s] Level 1:colcon.colcon_core.package_identification:_identify(control/ABU_auto_mobile/lib/DFRobot_WT61PC-master/resources/images) by extensions ['colcon_meta']
[0.331s] Level 1:colcon.colcon_core.package_identification:_identify(control/ABU_auto_mobile/lib/DFRobot_WT61PC-master/resources/images) by extension 'colcon_meta'
[0.331s] Level 1:colcon.colcon_core.package_identification:_identify(control/ABU_auto_mobile/lib/DFRobot_WT61PC-master/resources/images) by extensions ['ros']
[0.331s] Level 1:colcon.colcon_core.package_identification:_identify(control/ABU_auto_mobile/lib/DFRobot_WT61PC-master/resources/images) by extension 'ros'
[0.332s] Level 1:colcon.colcon_core.package_identification:_identify(control/ABU_auto_mobile/lib/DFRobot_WT61PC-master/resources/images) by extensions ['cmake', 'python']
[0.332s] Level 1:colcon.colcon_core.package_identification:_identify(control/ABU_auto_mobile/lib/DFRobot_WT61PC-master/resources/images) by extension 'cmake'
[0.332s] Level 1:colcon.colcon_core.package_identification:_identify(control/ABU_auto_mobile/lib/DFRobot_WT61PC-master/resources/images) by extension 'python'
[0.332s] Level 1:colcon.colcon_core.package_identification:_identify(control/ABU_auto_mobile/lib/DFRobot_WT61PC-master/resources/images) by extensions ['python_setup_py']
[0.332s] Level 1:colcon.colcon_core.package_identification:_identify(control/ABU_auto_mobile/lib/DFRobot_WT61PC-master/resources/images) by extension 'python_setup_py'
[0.332s] Level 1:colcon.colcon_core.package_identification:_identify(control/ABU_auto_mobile/lib/IMU) by extensions ['ignore', 'ignore_ament_install']
[0.332s] Level 1:colcon.colcon_core.package_identification:_identify(control/ABU_auto_mobile/lib/IMU) by extension 'ignore'
[0.332s] Level 1:colcon.colcon_core.package_identification:_identify(control/ABU_auto_mobile/lib/IMU) by extension 'ignore_ament_install'
[0.332s] Level 1:colcon.colcon_core.package_identification:_identify(control/ABU_auto_mobile/lib/IMU) by extensions ['colcon_pkg']
[0.332s] Level 1:colcon.colcon_core.package_identification:_identify(control/ABU_auto_mobile/lib/IMU) by extension 'colcon_pkg'
[0.332s] Level 1:colcon.colcon_core.package_identification:_identify(control/ABU_auto_mobile/lib/IMU) by extensions ['colcon_meta']
[0.332s] Level 1:colcon.colcon_core.package_identification:_identify(control/ABU_auto_mobile/lib/IMU) by extension 'colcon_meta'
[0.332s] Level 1:colcon.colcon_core.package_identification:_identify(control/ABU_auto_mobile/lib/IMU) by extensions ['ros']
[0.332s] Level 1:colcon.colcon_core.package_identification:_identify(control/ABU_auto_mobile/lib/IMU) by extension 'ros'
[0.332s] Level 1:colcon.colcon_core.package_identification:_identify(control/ABU_auto_mobile/lib/IMU) by extensions ['cmake', 'python']
[0.332s] Level 1:colcon.colcon_core.package_identification:_identify(control/ABU_auto_mobile/lib/IMU) by extension 'cmake'
[0.332s] Level 1:colcon.colcon_core.package_identification:_identify(control/ABU_auto_mobile/lib/IMU) by extension 'python'
[0.332s] Level 1:colcon.colcon_core.package_identification:_identify(control/ABU_auto_mobile/lib/IMU) by extensions ['python_setup_py']
[0.332s] Level 1:colcon.colcon_core.package_identification:_identify(control/ABU_auto_mobile/lib/IMU) by extension 'python_setup_py'
[0.332s] Level 1:colcon.colcon_core.package_identification:_identify(control/ABU_auto_mobile/lib/Kinematic) by extensions ['ignore', 'ignore_ament_install']
[0.333s] Level 1:colcon.colcon_core.package_identification:_identify(control/ABU_auto_mobile/lib/Kinematic) by extension 'ignore'
[0.333s] Level 1:colcon.colcon_core.package_identification:_identify(control/ABU_auto_mobile/lib/Kinematic) by extension 'ignore_ament_install'
[0.333s] Level 1:colcon.colcon_core.package_identification:_identify(control/ABU_auto_mobile/lib/Kinematic) by extensions ['colcon_pkg']
[0.333s] Level 1:colcon.colcon_core.package_identification:_identify(control/ABU_auto_mobile/lib/Kinematic) by extension 'colcon_pkg'
[0.333s] Level 1:colcon.colcon_core.package_identification:_identify(control/ABU_auto_mobile/lib/Kinematic) by extensions ['colcon_meta']
[0.333s] Level 1:colcon.colcon_core.package_identification:_identify(control/ABU_auto_mobile/lib/Kinematic) by extension 'colcon_meta'
[0.333s] Level 1:colcon.colcon_core.package_identification:_identify(control/ABU_auto_mobile/lib/Kinematic) by extensions ['ros']
[0.333s] Level 1:colcon.colcon_core.package_identification:_identify(control/ABU_auto_mobile/lib/Kinematic) by extension 'ros'
[0.333s] Level 1:colcon.colcon_core.package_identification:_identify(control/ABU_auto_mobile/lib/Kinematic) by extensions ['cmake', 'python']
[0.333s] Level 1:colcon.colcon_core.package_identification:_identify(control/ABU_auto_mobile/lib/Kinematic) by extension 'cmake'
[0.333s] Level 1:colcon.colcon_core.package_identification:_identify(control/ABU_auto_mobile/lib/Kinematic) by extension 'python'
[0.333s] Level 1:colcon.colcon_core.package_identification:_identify(control/ABU_auto_mobile/lib/Kinematic) by extensions ['python_setup_py']
[0.333s] Level 1:colcon.colcon_core.package_identification:_identify(control/ABU_auto_mobile/lib/Kinematic) by extension 'python_setup_py'
[0.333s] Level 1:colcon.colcon_core.package_identification:_identify(control/ABU_auto_mobile/lib/LowPass) by extensions ['ignore', 'ignore_ament_install']
[0.333s] Level 1:colcon.colcon_core.package_identification:_identify(control/ABU_auto_mobile/lib/LowPass) by extension 'ignore'
[0.333s] Level 1:colcon.colcon_core.package_identification:_identify(control/ABU_auto_mobile/lib/LowPass) by extension 'ignore_ament_install'
[0.333s] Level 1:colcon.colcon_core.package_identification:_identify(control/ABU_auto_mobile/lib/LowPass) by extensions ['colcon_pkg']
[0.333s] Level 1:colcon.colcon_core.package_identification:_identify(control/ABU_auto_mobile/lib/LowPass) by extension 'colcon_pkg'
[0.333s] Level 1:colcon.colcon_core.package_identification:_identify(control/ABU_auto_mobile/lib/LowPass) by extensions ['colcon_meta']
[0.333s] Level 1:colcon.colcon_core.package_identification:_identify(control/ABU_auto_mobile/lib/LowPass) by extension 'colcon_meta'
[0.333s] Level 1:colcon.colcon_core.package_identification:_identify(control/ABU_auto_mobile/lib/LowPass) by extensions ['ros']
[0.333s] Level 1:colcon.colcon_core.package_identification:_identify(control/ABU_auto_mobile/lib/LowPass) by extension 'ros'
[0.334s] Level 1:colcon.colcon_core.package_identification:_identify(control/ABU_auto_mobile/lib/LowPass) by extensions ['cmake', 'python']
[0.334s] Level 1:colcon.colcon_core.package_identification:_identify(control/ABU_auto_mobile/lib/LowPass) by extension 'cmake'
[0.334s] Level 1:colcon.colcon_core.package_identification:_identify(control/ABU_auto_mobile/lib/LowPass) by extension 'python'
[0.334s] Level 1:colcon.colcon_core.package_identification:_identify(control/ABU_auto_mobile/lib/LowPass) by extensions ['python_setup_py']
[0.334s] Level 1:colcon.colcon_core.package_identification:_identify(control/ABU_auto_mobile/lib/LowPass) by extension 'python_setup_py'
[0.334s] Level 1:colcon.colcon_core.package_identification:_identify(control/ABU_auto_mobile/lib/Motor) by extensions ['ignore', 'ignore_ament_install']
[0.334s] Level 1:colcon.colcon_core.package_identification:_identify(control/ABU_auto_mobile/lib/Motor) by extension 'ignore'
[0.334s] Level 1:colcon.colcon_core.package_identification:_identify(control/ABU_auto_mobile/lib/Motor) by extension 'ignore_ament_install'
[0.334s] Level 1:colcon.colcon_core.package_identification:_identify(control/ABU_auto_mobile/lib/Motor) by extensions ['colcon_pkg']
[0.334s] Level 1:colcon.colcon_core.package_identification:_identify(control/ABU_auto_mobile/lib/Motor) by extension 'colcon_pkg'
[0.334s] Level 1:colcon.colcon_core.package_identification:_identify(control/ABU_auto_mobile/lib/Motor) by extensions ['colcon_meta']
[0.334s] Level 1:colcon.colcon_core.package_identification:_identify(control/ABU_auto_mobile/lib/Motor) by extension 'colcon_meta'
[0.334s] Level 1:colcon.colcon_core.package_identification:_identify(control/ABU_auto_mobile/lib/Motor) by extensions ['ros']
[0.334s] Level 1:colcon.colcon_core.package_identification:_identify(control/ABU_auto_mobile/lib/Motor) by extension 'ros'
[0.334s] Level 1:colcon.colcon_core.package_identification:_identify(control/ABU_auto_mobile/lib/Motor) by extensions ['cmake', 'python']
[0.334s] Level 1:colcon.colcon_core.package_identification:_identify(control/ABU_auto_mobile/lib/Motor) by extension 'cmake'
[0.334s] Level 1:colcon.colcon_core.package_identification:_identify(control/ABU_auto_mobile/lib/Motor) by extension 'python'
[0.334s] Level 1:colcon.colcon_core.package_identification:_identify(control/ABU_auto_mobile/lib/Motor) by extensions ['python_setup_py']
[0.334s] Level 1:colcon.colcon_core.package_identification:_identify(control/ABU_auto_mobile/lib/Motor) by extension 'python_setup_py'
[0.334s] Level 1:colcon.colcon_core.package_identification:_identify(control/ABU_auto_mobile/src) by extensions ['ignore', 'ignore_ament_install']
[0.335s] Level 1:colcon.colcon_core.package_identification:_identify(control/ABU_auto_mobile/src) by extension 'ignore'
[0.335s] Level 1:colcon.colcon_core.package_identification:_identify(control/ABU_auto_mobile/src) by extension 'ignore_ament_install'
[0.335s] Level 1:colcon.colcon_core.package_identification:_identify(control/ABU_auto_mobile/src) by extensions ['colcon_pkg']
[0.335s] Level 1:colcon.colcon_core.package_identification:_identify(control/ABU_auto_mobile/src) by extension 'colcon_pkg'
[0.335s] Level 1:colcon.colcon_core.package_identification:_identify(control/ABU_auto_mobile/src) by extensions ['colcon_meta']
[0.335s] Level 1:colcon.colcon_core.package_identification:_identify(control/ABU_auto_mobile/src) by extension 'colcon_meta'
[0.335s] Level 1:colcon.colcon_core.package_identification:_identify(control/ABU_auto_mobile/src) by extensions ['ros']
[0.335s] Level 1:colcon.colcon_core.package_identification:_identify(control/ABU_auto_mobile/src) by extension 'ros'
[0.335s] Level 1:colcon.colcon_core.package_identification:_identify(control/ABU_auto_mobile/src) by extensions ['cmake', 'python']
[0.335s] Level 1:colcon.colcon_core.package_identification:_identify(control/ABU_auto_mobile/src) by extension 'cmake'
[0.335s] Level 1:colcon.colcon_core.package_identification:_identify(control/ABU_auto_mobile/src) by extension 'python'
[0.335s] Level 1:colcon.colcon_core.package_identification:_identify(control/ABU_auto_mobile/src) by extensions ['python_setup_py']
[0.335s] Level 1:colcon.colcon_core.package_identification:_identify(control/ABU_auto_mobile/src) by extension 'python_setup_py'
[0.335s] Level 1:colcon.colcon_core.package_identification:_identify(control/ABU_auto_mobile/test) by extensions ['ignore', 'ignore_ament_install']
[0.335s] Level 1:colcon.colcon_core.package_identification:_identify(control/ABU_auto_mobile/test) by extension 'ignore'
[0.335s] Level 1:colcon.colcon_core.package_identification:_identify(control/ABU_auto_mobile/test) by extension 'ignore_ament_install'
[0.335s] Level 1:colcon.colcon_core.package_identification:_identify(control/ABU_auto_mobile/test) by extensions ['colcon_pkg']
[0.335s] Level 1:colcon.colcon_core.package_identification:_identify(control/ABU_auto_mobile/test) by extension 'colcon_pkg'
[0.335s] Level 1:colcon.colcon_core.package_identification:_identify(control/ABU_auto_mobile/test) by extensions ['colcon_meta']
[0.335s] Level 1:colcon.colcon_core.package_identification:_identify(control/ABU_auto_mobile/test) by extension 'colcon_meta'
[0.335s] Level 1:colcon.colcon_core.package_identification:_identify(control/ABU_auto_mobile/test) by extensions ['ros']
[0.335s] Level 1:colcon.colcon_core.package_identification:_identify(control/ABU_auto_mobile/test) by extension 'ros'
[0.336s] Level 1:colcon.colcon_core.package_identification:_identify(control/ABU_auto_mobile/test) by extensions ['cmake', 'python']
[0.336s] Level 1:colcon.colcon_core.package_identification:_identify(control/ABU_auto_mobile/test) by extension 'cmake'
[0.336s] Level 1:colcon.colcon_core.package_identification:_identify(control/ABU_auto_mobile/test) by extension 'python'
[0.336s] Level 1:colcon.colcon_core.package_identification:_identify(control/ABU_auto_mobile/test) by extensions ['python_setup_py']
[0.336s] Level 1:colcon.colcon_core.package_identification:_identify(control/ABU_auto_mobile/test) by extension 'python_setup_py'
[0.336s] Level 1:colcon.colcon_core.package_identification:_identify(env) by extensions ['ignore', 'ignore_ament_install']
[0.336s] Level 1:colcon.colcon_core.package_identification:_identify(env) by extension 'ignore'
[0.336s] Level 1:colcon.colcon_core.package_identification:_identify(env) by extension 'ignore_ament_install'
[0.336s] Level 1:colcon.colcon_core.package_identification:_identify(env) by extensions ['colcon_pkg']
[0.336s] Level 1:colcon.colcon_core.package_identification:_identify(env) by extension 'colcon_pkg'
[0.336s] Level 1:colcon.colcon_core.package_identification:_identify(env) by extensions ['colcon_meta']
[0.336s] Level 1:colcon.colcon_core.package_identification:_identify(env) by extension 'colcon_meta'
[0.336s] Level 1:colcon.colcon_core.package_identification:_identify(env) by extensions ['ros']
[0.336s] Level 1:colcon.colcon_core.package_identification:_identify(env) by extension 'ros'
[0.336s] Level 1:colcon.colcon_core.package_identification:_identify(env) by extensions ['cmake', 'python']
[0.336s] Level 1:colcon.colcon_core.package_identification:_identify(env) by extension 'cmake'
[0.336s] Level 1:colcon.colcon_core.package_identification:_identify(env) by extension 'python'
[0.336s] Level 1:colcon.colcon_core.package_identification:_identify(env) by extensions ['python_setup_py']
[0.336s] Level 1:colcon.colcon_core.package_identification:_identify(env) by extension 'python_setup_py'
[0.336s] Level 1:colcon.colcon_core.package_identification:_identify(env/config) by extensions ['ignore', 'ignore_ament_install']
[0.337s] Level 1:colcon.colcon_core.package_identification:_identify(env/config) by extension 'ignore'
[0.337s] Level 1:colcon.colcon_core.package_identification:_identify(env/config) by extension 'ignore_ament_install'
[0.337s] Level 1:colcon.colcon_core.package_identification:_identify(env/config) by extensions ['colcon_pkg']
[0.337s] Level 1:colcon.colcon_core.package_identification:_identify(env/config) by extension 'colcon_pkg'
[0.337s] Level 1:colcon.colcon_core.package_identification:_identify(env/config) by extensions ['colcon_meta']
[0.337s] Level 1:colcon.colcon_core.package_identification:_identify(env/config) by extension 'colcon_meta'
[0.337s] Level 1:colcon.colcon_core.package_identification:_identify(env/config) by extensions ['ros']
[0.337s] Level 1:colcon.colcon_core.package_identification:_identify(env/config) by extension 'ros'
[0.337s] Level 1:colcon.colcon_core.package_identification:_identify(env/config) by extensions ['cmake', 'python']
[0.337s] Level 1:colcon.colcon_core.package_identification:_identify(env/config) by extension 'cmake'
[0.337s] Level 1:colcon.colcon_core.package_identification:_identify(env/config) by extension 'python'
[0.337s] Level 1:colcon.colcon_core.package_identification:_identify(env/config) by extensions ['python_setup_py']
[0.337s] Level 1:colcon.colcon_core.package_identification:_identify(env/config) by extension 'python_setup_py'
[0.337s] Level 1:colcon.colcon_core.package_identification:_identify(install) by extensions ['ignore', 'ignore_ament_install']
[0.337s] Level 1:colcon.colcon_core.package_identification:_identify(install) by extension 'ignore'
[0.337s] Level 1:colcon.colcon_core.package_identification:_identify(install) ignored
[0.337s] Level 1:colcon.colcon_core.package_identification:_identify(log) by extensions ['ignore', 'ignore_ament_install']
[0.337s] Level 1:colcon.colcon_core.package_identification:_identify(log) by extension 'ignore'
[0.337s] Level 1:colcon.colcon_core.package_identification:_identify(log) ignored
[0.338s] Level 1:colcon.colcon_core.package_identification:_identify(source) by extensions ['ignore', 'ignore_ament_install']
[0.338s] Level 1:colcon.colcon_core.package_identification:_identify(source) by extension 'ignore'
[0.338s] Level 1:colcon.colcon_core.package_identification:_identify(source) by extension 'ignore_ament_install'
[0.338s] Level 1:colcon.colcon_core.package_identification:_identify(source) by extensions ['colcon_pkg']
[0.338s] Level 1:colcon.colcon_core.package_identification:_identify(source) by extension 'colcon_pkg'
[0.338s] Level 1:colcon.colcon_core.package_identification:_identify(source) by extensions ['colcon_meta']
[0.338s] Level 1:colcon.colcon_core.package_identification:_identify(source) by extension 'colcon_meta'
[0.338s] Level 1:colcon.colcon_core.package_identification:_identify(source) by extensions ['ros']
[0.338s] Level 1:colcon.colcon_core.package_identification:_identify(source) by extension 'ros'
[0.338s] Level 1:colcon.colcon_core.package_identification:_identify(source) by extensions ['cmake', 'python']
[0.338s] Level 1:colcon.colcon_core.package_identification:_identify(source) by extension 'cmake'
[0.338s] Level 1:colcon.colcon_core.package_identification:_identify(source) by extension 'python'
[0.338s] Level 1:colcon.colcon_core.package_identification:_identify(source) by extensions ['python_setup_py']
[0.338s] Level 1:colcon.colcon_core.package_identification:_identify(source) by extension 'python_setup_py'
[0.338s] Level 1:colcon.colcon_core.package_identification:_identify(source/godang_ws) by extensions ['ignore', 'ignore_ament_install']
[0.338s] Level 1:colcon.colcon_core.package_identification:_identify(source/godang_ws) by extension 'ignore'
[0.338s] Level 1:colcon.colcon_core.package_identification:_identify(source/godang_ws) by extension 'ignore_ament_install'
[0.338s] Level 1:colcon.colcon_core.package_identification:_identify(source/godang_ws) by extensions ['colcon_pkg']
[0.338s] Level 1:colcon.colcon_core.package_identification:_identify(source/godang_ws) by extension 'colcon_pkg'
[0.338s] Level 1:colcon.colcon_core.package_identification:_identify(source/godang_ws) by extensions ['colcon_meta']
[0.338s] Level 1:colcon.colcon_core.package_identification:_identify(source/godang_ws) by extension 'colcon_meta'
[0.338s] Level 1:colcon.colcon_core.package_identification:_identify(source/godang_ws) by extensions ['ros']
[0.339s] Level 1:colcon.colcon_core.package_identification:_identify(source/godang_ws) by extension 'ros'
[0.339s] Level 1:colcon.colcon_core.package_identification:_identify(source/godang_ws) by extensions ['cmake', 'python']
[0.339s] Level 1:colcon.colcon_core.package_identification:_identify(source/godang_ws) by extension 'cmake'
[0.339s] Level 1:colcon.colcon_core.package_identification:_identify(source/godang_ws) by extension 'python'
[0.339s] Level 1:colcon.colcon_core.package_identification:_identify(source/godang_ws) by extensions ['python_setup_py']
[0.339s] Level 1:colcon.colcon_core.package_identification:_identify(source/godang_ws) by extension 'python_setup_py'
[0.339s] Level 1:colcon.colcon_core.package_identification:_identify(source/godang_ws/-q) by extensions ['ignore', 'ignore_ament_install']
[0.339s] Level 1:colcon.colcon_core.package_identification:_identify(source/godang_ws/-q) by extension 'ignore'
[0.339s] Level 1:colcon.colcon_core.package_identification:_identify(source/godang_ws/-q) by extension 'ignore_ament_install'
[0.339s] Level 1:colcon.colcon_core.package_identification:_identify(source/godang_ws/-q) by extensions ['colcon_pkg']
[0.339s] Level 1:colcon.colcon_core.package_identification:_identify(source/godang_ws/-q) by extension 'colcon_pkg'
[0.339s] Level 1:colcon.colcon_core.package_identification:_identify(source/godang_ws/-q) by extensions ['colcon_meta']
[0.339s] Level 1:colcon.colcon_core.package_identification:_identify(source/godang_ws/-q) by extension 'colcon_meta'
[0.339s] Level 1:colcon.colcon_core.package_identification:_identify(source/godang_ws/-q) by extensions ['ros']
[0.339s] Level 1:colcon.colcon_core.package_identification:_identify(source/godang_ws/-q) by extension 'ros'
[0.339s] Level 1:colcon.colcon_core.package_identification:_identify(source/godang_ws/-q) by extensions ['cmake', 'python']
[0.339s] Level 1:colcon.colcon_core.package_identification:_identify(source/godang_ws/-q) by extension 'cmake'
[0.339s] Level 1:colcon.colcon_core.package_identification:_identify(source/godang_ws/-q) by extension 'python'
[0.339s] Level 1:colcon.colcon_core.package_identification:_identify(source/godang_ws/-q) by extensions ['python_setup_py']
[0.339s] Level 1:colcon.colcon_core.package_identification:_identify(source/godang_ws/-q) by extension 'python_setup_py'
[0.340s] Level 1:colcon.colcon_core.package_identification:_identify(source/godang_ws/build) by extensions ['ignore', 'ignore_ament_install']
[0.340s] Level 1:colcon.colcon_core.package_identification:_identify(source/godang_ws/build) by extension 'ignore'
[0.340s] Level 1:colcon.colcon_core.package_identification:_identify(source/godang_ws/build) ignored
[0.340s] Level 1:colcon.colcon_core.package_identification:_identify(source/godang_ws/install) by extensions ['ignore', 'ignore_ament_install']
[0.340s] Level 1:colcon.colcon_core.package_identification:_identify(source/godang_ws/install) by extension 'ignore'
[0.340s] Level 1:colcon.colcon_core.package_identification:_identify(source/godang_ws/install) ignored
[0.340s] Level 1:colcon.colcon_core.package_identification:_identify(source/godang_ws/log) by extensions ['ignore', 'ignore_ament_install']
[0.340s] Level 1:colcon.colcon_core.package_identification:_identify(source/godang_ws/log) by extension 'ignore'
[0.340s] Level 1:colcon.colcon_core.package_identification:_identify(source/godang_ws/log) ignored
[0.340s] Level 1:colcon.colcon_core.package_identification:_identify(source/godang_ws/src) by extensions ['ignore', 'ignore_ament_install']
[0.341s] Level 1:colcon.colcon_core.package_identification:_identify(source/godang_ws/src) by extension 'ignore'
[0.341s] Level 1:colcon.colcon_core.package_identification:_identify(source/godang_ws/src) by extension 'ignore_ament_install'
[0.341s] Level 1:colcon.colcon_core.package_identification:_identify(source/godang_ws/src) by extensions ['colcon_pkg']
[0.341s] Level 1:colcon.colcon_core.package_identification:_identify(source/godang_ws/src) by extension 'colcon_pkg'
[0.341s] Level 1:colcon.colcon_core.package_identification:_identify(source/godang_ws/src) by extensions ['colcon_meta']
[0.341s] Level 1:colcon.colcon_core.package_identification:_identify(source/godang_ws/src) by extension 'colcon_meta'
[0.341s] Level 1:colcon.colcon_core.package_identification:_identify(source/godang_ws/src) by extensions ['ros']
[0.341s] Level 1:colcon.colcon_core.package_identification:_identify(source/godang_ws/src) by extension 'ros'
[0.341s] Level 1:colcon.colcon_core.package_identification:_identify(source/godang_ws/src) by extensions ['cmake', 'python']
[0.341s] Level 1:colcon.colcon_core.package_identification:_identify(source/godang_ws/src) by extension 'cmake'
[0.341s] Level 1:colcon.colcon_core.package_identification:_identify(source/godang_ws/src) by extension 'python'
[0.341s] Level 1:colcon.colcon_core.package_identification:_identify(source/godang_ws/src) by extensions ['python_setup_py']
[0.341s] Level 1:colcon.colcon_core.package_identification:_identify(source/godang_ws/src) by extension 'python_setup_py'
[0.341s] Level 1:colcon.colcon_core.package_identification:_identify(source/godang_ws/src/localization) by extensions ['ignore', 'ignore_ament_install']
[0.341s] Level 1:colcon.colcon_core.package_identification:_identify(source/godang_ws/src/localization) by extension 'ignore'
[0.341s] Level 1:colcon.colcon_core.package_identification:_identify(source/godang_ws/src/localization) by extension 'ignore_ament_install'
[0.341s] Level 1:colcon.colcon_core.package_identification:_identify(source/godang_ws/src/localization) by extensions ['colcon_pkg']
[0.341s] Level 1:colcon.colcon_core.package_identification:_identify(source/godang_ws/src/localization) by extension 'colcon_pkg'
[0.341s] Level 1:colcon.colcon_core.package_identification:_identify(source/godang_ws/src/localization) by extensions ['colcon_meta']
[0.341s] Level 1:colcon.colcon_core.package_identification:_identify(source/godang_ws/src/localization) by extension 'colcon_meta'
[0.341s] Level 1:colcon.colcon_core.package_identification:_identify(source/godang_ws/src/localization) by extensions ['ros']
[0.342s] Level 1:colcon.colcon_core.package_identification:_identify(source/godang_ws/src/localization) by extension 'ros'
[0.345s] DEBUG:colcon.colcon_core.package_identification:Package 'source/godang_ws/src/localization' with type 'ros.ament_python' and name 'localization'
[0.346s] Level 1:colcon.colcon_core.package_identification:_identify(source/godang_ws/src/planing) by extensions ['ignore', 'ignore_ament_install']
[0.346s] Level 1:colcon.colcon_core.package_identification:_identify(source/godang_ws/src/planing) by extension 'ignore'
[0.346s] Level 1:colcon.colcon_core.package_identification:_identify(source/godang_ws/src/planing) by extension 'ignore_ament_install'
[0.346s] Level 1:colcon.colcon_core.package_identification:_identify(source/godang_ws/src/planing) by extensions ['colcon_pkg']
[0.346s] Level 1:colcon.colcon_core.package_identification:_identify(source/godang_ws/src/planing) by extension 'colcon_pkg'
[0.346s] Level 1:colcon.colcon_core.package_identification:_identify(source/godang_ws/src/planing) by extensions ['colcon_meta']
[0.346s] Level 1:colcon.colcon_core.package_identification:_identify(source/godang_ws/src/planing) by extension 'colcon_meta'
[0.346s] Level 1:colcon.colcon_core.package_identification:_identify(source/godang_ws/src/planing) by extensions ['ros']
[0.346s] Level 1:colcon.colcon_core.package_identification:_identify(source/godang_ws/src/planing) by extension 'ros'
[0.347s] DEBUG:colcon.colcon_core.package_identification:Package 'source/godang_ws/src/planing' with type 'ros.ament_python' and name 'planing'
[0.347s] Level 1:colcon.colcon_core.package_identification:_identify(source/godang_ws/src/vision) by extensions ['ignore', 'ignore_ament_install']
[0.347s] Level 1:colcon.colcon_core.package_identification:_identify(source/godang_ws/src/vision) by extension 'ignore'
[0.347s] Level 1:colcon.colcon_core.package_identification:_identify(source/godang_ws/src/vision) by extension 'ignore_ament_install'
[0.347s] Level 1:colcon.colcon_core.package_identification:_identify(source/godang_ws/src/vision) by extensions ['colcon_pkg']
[0.347s] Level 1:colcon.colcon_core.package_identification:_identify(source/godang_ws/src/vision) by extension 'colcon_pkg'
[0.347s] Level 1:colcon.colcon_core.package_identification:_identify(source/godang_ws/src/vision) by extensions ['colcon_meta']
[0.347s] Level 1:colcon.colcon_core.package_identification:_identify(source/godang_ws/src/vision) by extension 'colcon_meta'
[0.347s] Level 1:colcon.colcon_core.package_identification:_identify(source/godang_ws/src/vision) by extensions ['ros']
[0.347s] Level 1:colcon.colcon_core.package_identification:_identify(source/godang_ws/src/vision) by extension 'ros'
[0.348s] DEBUG:colcon.colcon_core.package_identification:Package 'source/godang_ws/src/vision' with type 'ros.ament_python' and name 'vision'
[0.348s] Level 1:colcon.colcon_core.package_discovery:discover_packages(recursive) using defaults
[0.349s] Level 1:colcon.colcon_core.package_discovery:discover_packages(ignore) discover
[0.349s] Level 1:colcon.colcon_core.package_discovery:discover_packages(ignore) using defaults
[0.349s] Level 1:colcon.colcon_core.package_discovery:discover_packages(path) discover
[0.349s] Level 1:colcon.colcon_core.package_discovery:discover_packages(path) using defaults
[0.388s] Level 1:colcon.colcon_core.package_discovery:discover_packages(prefix_path) check parameters
[0.388s] Level 1:colcon.colcon_core.package_discovery:discover_packages(prefix_path) discover
[0.400s] DEBUG:colcon.colcon_installed_package_information.package_discovery:Found 39 installed packages in /home/tien/microros_ws/install
[0.401s] DEBUG:colcon.colcon_installed_package_information.package_discovery:Found 3 installed packages in /home/tien/Documents/GitHub/BoutToHackNASA/source/godang_ws/install
[0.402s] DEBUG:colcon.colcon_installed_package_information.package_discovery:Found 3 installed packages in /home/tien/Documents/GitHub/ALL_CODE/red_ws/install
[0.403s] DEBUG:colcon.colcon_installed_package_information.package_discovery:Found 15 installed packages in /home/tien/turtlebot3_ws/install
[0.403s] DEBUG:colcon.colcon_installed_package_information.package_discovery:Found 3 installed packages in /home/tien/jinpao_naia_ws/install
[0.404s] DEBUG:colcon.colcon_installed_package_information.package_discovery:Found 1 installed packages in /home/tien/abu_ws/install
[0.404s] DEBUG:colcon.colcon_installed_package_information.package_discovery:Found 3 installed packages in /home/tien/three_wheel_ws/install
[0.405s] DEBUG:colcon.colcon_installed_package_information.package_discovery:Found 5 installed packages in /home/tien/jinpao_ws/install
[0.407s] DEBUG:colcon.colcon_installed_package_information.package_discovery:Found 410 installed packages in /opt/ros/humble
[0.410s] Level 1:colcon.colcon_core.package_discovery:discover_packages(prefix_path) using defaults
[0.508s] Level 5:colcon.colcon_core.verb:set package 'Adafruit_TCS34725-master' build argument 'cmake_args' from command line to 'None'
[0.508s] Level 5:colcon.colcon_core.verb:set package 'Adafruit_TCS34725-master' build argument 'cmake_target' from command line to 'None'
[0.508s] Level 5:colcon.colcon_core.verb:set package 'Adafruit_TCS34725-master' build argument 'cmake_target_skip_unavailable' from command line to 'False'
[0.508s] Level 5:colcon.colcon_core.verb:set package 'Adafruit_TCS34725-master' build argument 'cmake_clean_cache' from command line to 'False'
[0.508s] Level 5:colcon.colcon_core.verb:set package 'Adafruit_TCS34725-master' build argument 'cmake_clean_first' from command line to 'False'
[0.508s] Level 5:colcon.colcon_core.verb:set package 'Adafruit_TCS34725-master' build argument 'cmake_force_configure' from command line to 'False'
[0.508s] Level 5:colcon.colcon_core.verb:set package 'Adafruit_TCS34725-master' build argument 'ament_cmake_args' from command line to 'None'
[0.508s] Level 5:colcon.colcon_core.verb:set package 'Adafruit_TCS34725-master' build argument 'catkin_cmake_args' from command line to 'None'
[0.508s] Level 5:colcon.colcon_core.verb:set package 'Adafruit_TCS34725-master' build argument 'catkin_skip_building_tests' from command line to 'False'
[0.508s] DEBUG:colcon.colcon_core.verb:Building package 'Adafruit_TCS34725-master' with the following arguments: {'ament_cmake_args': None, 'build_base': '/home/tien/Documents/GitHub/BoutToHackNASA/build/Adafruit_TCS34725-master', 'catkin_cmake_args': None, 'catkin_skip_building_tests': False, 'cmake_args': None, 'cmake_clean_cache': False, 'cmake_clean_first': False, 'cmake_force_configure': False, 'cmake_target': None, 'cmake_target_skip_unavailable': False, 'install_base': '/home/tien/Documents/GitHub/BoutToHackNASA/install/Adafruit_TCS34725-master', 'merge_install': False, 'path': '/home/tien/Documents/GitHub/BoutToHackNASA/control/ABU_auto_mani/lib/Adafruit_TCS34725-master', 'symlink_install': False, 'test_result_base': None}
[0.509s] Level 5:colcon.colcon_core.verb:set package 'localization' build argument 'cmake_args' from command line to 'None'
[0.509s] Level 5:colcon.colcon_core.verb:set package 'localization' build argument 'cmake_target' from command line to 'None'
[0.509s] Level 5:colcon.colcon_core.verb:set package 'localization' build argument 'cmake_target_skip_unavailable' from command line to 'False'
[0.509s] Level 5:colcon.colcon_core.verb:set package 'localization' build argument 'cmake_clean_cache' from command line to 'False'
[0.509s] Level 5:colcon.colcon_core.verb:set package 'localization' build argument 'cmake_clean_first' from command line to 'False'
[0.509s] Level 5:colcon.colcon_core.verb:set package 'localization' build argument 'cmake_force_configure' from command line to 'False'
[0.509s] Level 5:colcon.colcon_core.verb:set package 'localization' build argument 'ament_cmake_args' from command line to 'None'
[0.509s] Level 5:colcon.colcon_core.verb:set package 'localization' build argument 'catkin_cmake_args' from command line to 'None'
[0.509s] Level 5:colcon.colcon_core.verb:set package 'localization' build argument 'catkin_skip_building_tests' from command line to 'False'
[0.509s] DEBUG:colcon.colcon_core.verb:Building package 'localization' with the following arguments: {'ament_cmake_args': None, 'build_base': '/home/tien/Documents/GitHub/BoutToHackNASA/build/localization', 'catkin_cmake_args': None, 'catkin_skip_building_tests': False, 'cmake_args': None, 'cmake_clean_cache': False, 'cmake_clean_first': False, 'cmake_force_configure': False, 'cmake_target': None, 'cmake_target_skip_unavailable': False, 'install_base': '/home/tien/Documents/GitHub/BoutToHackNASA/install/localization', 'merge_install': False, 'path': '/home/tien/Documents/GitHub/BoutToHackNASA/source/godang_ws/src/localization', 'symlink_install': False, 'test_result_base': None}
[0.509s] Level 5:colcon.colcon_core.verb:set package 'planing' build argument 'cmake_args' from command line to 'None'
[0.509s] Level 5:colcon.colcon_core.verb:set package 'planing' build argument 'cmake_target' from command line to 'None'
[0.509s] Level 5:colcon.colcon_core.verb:set package 'planing' build argument 'cmake_target_skip_unavailable' from command line to 'False'
[0.509s] Level 5:colcon.colcon_core.verb:set package 'planing' build argument 'cmake_clean_cache' from command line to 'False'
[0.509s] Level 5:colcon.colcon_core.verb:set package 'planing' build argument 'cmake_clean_first' from command line to 'False'
[0.509s] Level 5:colcon.colcon_core.verb:set package 'planing' build argument 'cmake_force_configure' from command line to 'False'
[0.509s] Level 5:colcon.colcon_core.verb:set package 'planing' build argument 'ament_cmake_args' from command line to 'None'
[0.509s] Level 5:colcon.colcon_core.verb:set package 'planing' build argument 'catkin_cmake_args' from command line to 'None'
[0.509s] Level 5:colcon.colcon_core.verb:set package 'planing' build argument 'catkin_skip_building_tests' from command line to 'False'
[0.509s] DEBUG:colcon.colcon_core.verb:Building package 'planing' with the following arguments: {'ament_cmake_args': None, 'build_base': '/home/tien/Documents/GitHub/BoutToHackNASA/build/planing', 'catkin_cmake_args': None, 'catkin_skip_building_tests': False, 'cmake_args': None, 'cmake_clean_cache': False, 'cmake_clean_first': False, 'cmake_force_configure': False, 'cmake_target': None, 'cmake_target_skip_unavailable': False, 'install_base': '/home/tien/Documents/GitHub/BoutToHackNASA/install/planing', 'merge_install': False, 'path': '/home/tien/Documents/GitHub/BoutToHackNASA/source/godang_ws/src/planing', 'symlink_install': False, 'test_result_base': None}
[0.510s] Level 5:colcon.colcon_core.verb:set package 'vision' build argument 'cmake_args' from command line to 'None'
[0.510s] Level 5:colcon.colcon_core.verb:set package 'vision' build argument 'cmake_target' from command line to 'None'
[0.510s] Level 5:colcon.colcon_core.verb:set package 'vision' build argument 'cmake_target_skip_unavailable' from command line to 'False'
[0.510s] Level 5:colcon.colcon_core.verb:set package 'vision' build argument 'cmake_clean_cache' from command line to 'False'
[0.510s] Level 5:colcon.colcon_core.verb:set package 'vision' build argument 'cmake_clean_first' from command line to 'False'
[0.510s] Level 5:colcon.colcon_core.verb:set package 'vision' build argument 'cmake_force_configure' from command line to 'False'
[0.510s] Level 5:colcon.colcon_core.verb:set package 'vision' build argument 'ament_cmake_args' from command line to 'None'
[0.510s] Level 5:colcon.colcon_core.verb:set package 'vision' build argument 'catkin_cmake_args' from command line to 'None'
[0.510s] Level 5:colcon.colcon_core.verb:set package 'vision' build argument 'catkin_skip_building_tests' from command line to 'False'
[0.510s] DEBUG:colcon.colcon_core.verb:Building package 'vision' with the following arguments: {'ament_cmake_args': None, 'build_base': '/home/tien/Documents/GitHub/BoutToHackNASA/build/vision', 'catkin_cmake_args': None, 'catkin_skip_building_tests': False, 'cmake_args': None, 'cmake_clean_cache': False, 'cmake_clean_first': False, 'cmake_force_configure': False, 'cmake_target': None, 'cmake_target_skip_unavailable': False, 'install_base': '/home/tien/Documents/GitHub/BoutToHackNASA/install/vision', 'merge_install': False, 'path': '/home/tien/Documents/GitHub/BoutToHackNASA/source/godang_ws/src/vision', 'symlink_install': False, 'test_result_base': None}
[0.510s] INFO:colcon.colcon_core.executor:Executing jobs using 'parallel' executor
[0.511s] DEBUG:colcon.colcon_parallel_executor.executor.parallel:run_until_complete
[0.512s] INFO:colcon.colcon_cmake.task.cmake.build:Building CMake package in '/home/tien/Documents/GitHub/BoutToHackNASA/control/ABU_auto_mani/lib/Adafruit_TCS34725-master'
[0.519s] INFO:colcon.colcon_core.plugin_system:Skipping extension 'colcon_core.shell.bat': Not used on non-Windows systems
[0.519s] INFO:colcon.colcon_core.shell:Skip shell extension 'powershell' for command environment: Not usable outside of PowerShell
[0.519s] DEBUG:colcon.colcon_core.shell:Skip shell extension 'dsv' for command environment
[0.541s] INFO:colcon.colcon_ros.task.ament_python.build:Building ROS package in '/home/tien/Documents/GitHub/BoutToHackNASA/source/godang_ws/src/localization' with build type 'ament_python'
[0.541s] Level 1:colcon.colcon_core.shell:create_environment_hook('localization', 'ament_prefix_path')
[0.542s] INFO:colcon.colcon_core.shell:Creating environment hook '/home/tien/Documents/GitHub/BoutToHackNASA/install/localization/share/localization/hook/ament_prefix_path.ps1'
[0.543s] INFO:colcon.colcon_core.shell:Creating environment descriptor '/home/tien/Documents/GitHub/BoutToHackNASA/install/localization/share/localization/hook/ament_prefix_path.dsv'
[0.543s] INFO:colcon.colcon_core.shell:Creating environment hook '/home/tien/Documents/GitHub/BoutToHackNASA/install/localization/share/localization/hook/ament_prefix_path.sh'
[0.545s] INFO:colcon.colcon_core.shell:Skip shell extension 'powershell' for command environment: Not usable outside of PowerShell
[0.545s] DEBUG:colcon.colcon_core.shell:Skip shell extension 'dsv' for command environment
[0.556s] INFO:colcon.colcon_ros.task.ament_python.build:Building ROS package in '/home/tien/Documents/GitHub/BoutToHackNASA/source/godang_ws/src/planing' with build type 'ament_python'
[0.556s] Level 1:colcon.colcon_core.shell:create_environment_hook('planing', 'ament_prefix_path')
[0.556s] INFO:colcon.colcon_core.shell:Creating environment hook '/home/tien/Documents/GitHub/BoutToHackNASA/install/planing/share/planing/hook/ament_prefix_path.ps1'
[0.557s] INFO:colcon.colcon_core.shell:Creating environment descriptor '/home/tien/Documents/GitHub/BoutToHackNASA/install/planing/share/planing/hook/ament_prefix_path.dsv'
[0.557s] INFO:colcon.colcon_core.shell:Creating environment hook '/home/tien/Documents/GitHub/BoutToHackNASA/install/planing/share/planing/hook/ament_prefix_path.sh'
[0.558s] INFO:colcon.colcon_core.shell:Skip shell extension 'powershell' for command environment: Not usable outside of PowerShell
[0.558s] DEBUG:colcon.colcon_core.shell:Skip shell extension 'dsv' for command environment
[0.569s] INFO:colcon.colcon_ros.task.ament_python.build:Building ROS package in '/home/tien/Documents/GitHub/BoutToHackNASA/source/godang_ws/src/vision' with build type 'ament_python'
[0.570s] Level 1:colcon.colcon_core.shell:create_environment_hook('vision', 'ament_prefix_path')
[0.570s] INFO:colcon.colcon_core.shell:Creating environment hook '/home/tien/Documents/GitHub/BoutToHackNASA/install/vision/share/vision/hook/ament_prefix_path.ps1'
[0.571s] INFO:colcon.colcon_core.shell:Creating environment descriptor '/home/tien/Documents/GitHub/BoutToHackNASA/install/vision/share/vision/hook/ament_prefix_path.dsv'
[0.571s] INFO:colcon.colcon_core.shell:Creating environment hook '/home/tien/Documents/GitHub/BoutToHackNASA/install/vision/share/vision/hook/ament_prefix_path.sh'
[0.572s] INFO:colcon.colcon_core.shell:Skip shell extension 'powershell' for command environment: Not usable outside of PowerShell
[0.572s] DEBUG:colcon.colcon_core.shell:Skip shell extension 'dsv' for command environment
[0.587s] DEBUG:colcon.colcon_core.event_handler.log_command:Invoking command in '/home/tien/Documents/GitHub/BoutToHackNASA/build/Adafruit_TCS34725-master': /usr/bin/cmake /home/tien/Documents/GitHub/BoutToHackNASA/control/ABU_auto_mani/lib/Adafruit_TCS34725-master -DCMAKE_INSTALL_PREFIX=/home/tien/Documents/GitHub/BoutToHackNASA/install/Adafruit_TCS34725-master
[0.992s] INFO:colcon.colcon_core.task.python.build:Building Python package in '/home/tien/Documents/GitHub/BoutToHackNASA/source/godang_ws/src/localization'
[0.993s] INFO:colcon.colcon_core.shell:Skip shell extension 'powershell' for command environment: Not usable outside of PowerShell
[0.993s] DEBUG:colcon.colcon_core.shell:Skip shell extension 'dsv' for command environment
[1.392s] INFO:colcon.colcon_core.task.python.build:Building Python package in '/home/tien/Documents/GitHub/BoutToHackNASA/source/godang_ws/src/planing'
[1.392s] INFO:colcon.colcon_core.shell:Skip shell extension 'powershell' for command environment: Not usable outside of PowerShell
[1.393s] DEBUG:colcon.colcon_core.shell:Skip shell extension 'dsv' for command environment
[1.727s] INFO:colcon.colcon_core.task.python.build:Building Python package in '/home/tien/Documents/GitHub/BoutToHackNASA/source/godang_ws/src/vision'
[1.728s] INFO:colcon.colcon_core.shell:Skip shell extension 'powershell' for command environment: Not usable outside of PowerShell
[1.728s] DEBUG:colcon.colcon_core.shell:Skip shell extension 'dsv' for command environment
[1.741s] DEBUG:colcon.colcon_core.event_handler.log_command:Invoked command in '/home/tien/Documents/GitHub/BoutToHackNASA/build/Adafruit_TCS34725-master' returned '1': /usr/bin/cmake /home/tien/Documents/GitHub/BoutToHackNASA/control/ABU_auto_mani/lib/Adafruit_TCS34725-master -DCMAKE_INSTALL_PREFIX=/home/tien/Documents/GitHub/BoutToHackNASA/install/Adafruit_TCS34725-master
[1.752s] DEBUG:colcon.colcon_parallel_executor.executor.parallel:closing loop
[1.752s] DEBUG:colcon.colcon_parallel_executor.executor.parallel:loop closed
[1.752s] DEBUG:colcon.colcon_parallel_executor.executor.parallel:run_until_complete finished with '1'
[1.753s] DEBUG:colcon.colcon_core.event_reactor:joining thread
[1.765s] INFO:colcon.colcon_core.plugin_system:Skipping extension 'colcon_notification.desktop_notification.terminal_notifier': Not used on non-Darwin systems
[1.765s] INFO:colcon.colcon_core.plugin_system:Skipping extension 'colcon_notification.desktop_notification.win32': Not used on non-Windows systems
[1.765s] INFO:colcon.colcon_notification.desktop_notification:Sending desktop notification using 'notify2'
[1.792s] DEBUG:colcon.colcon_core.event_reactor:joined thread
[1.792s] INFO:colcon.colcon_core.shell:Creating prefix script '/home/tien/Documents/GitHub/BoutToHackNASA/install/local_setup.ps1'
[1.794s] INFO:colcon.colcon_core.shell:Creating prefix util module '/home/tien/Documents/GitHub/BoutToHackNASA/install/_local_setup_util_ps1.py'
[1.796s] INFO:colcon.colcon_core.shell:Creating prefix chain script '/home/tien/Documents/GitHub/BoutToHackNASA/install/setup.ps1'
[1.801s] INFO:colcon.colcon_core.shell:Creating prefix script '/home/tien/Documents/GitHub/BoutToHackNASA/install/local_setup.sh'
[1.802s] INFO:colcon.colcon_core.shell:Creating prefix util module '/home/tien/Documents/GitHub/BoutToHackNASA/install/_local_setup_util_sh.py'
[1.803s] INFO:colcon.colcon_core.shell:Creating prefix chain script '/home/tien/Documents/GitHub/BoutToHackNASA/install/setup.sh'
[1.809s] INFO:colcon.colcon_core.shell:Creating prefix script '/home/tien/Documents/GitHub/BoutToHackNASA/install/local_setup.bash'
[1.810s] INFO:colcon.colcon_core.shell:Creating prefix chain script '/home/tien/Documents/GitHub/BoutToHackNASA/install/setup.bash'
[1.815s] INFO:colcon.colcon_core.shell:Creating prefix script '/home/tien/Documents/GitHub/BoutToHackNASA/install/local_setup.zsh'
[1.816s] INFO:colcon.colcon_core.shell:Creating prefix chain script '/home/tien/Documents/GitHub/BoutToHackNASA/install/setup.zsh'
