[1.596s] Invoking command in '/ros2_file/godang_ws/src/vision': PYTHONPATH=/ros2_file/godang_ws/build/vision/prefix_override:/ros2_file/godang_ws/install/vision/lib/python3.10/site-packages:${PYTHONPATH} /usr/bin/python3 -W ignore:setup.py install is deprecated setup.py egg_info --egg-base ../../build/vision build --build-base /ros2_file/godang_ws/build/vision/build install --record /ros2_file/godang_ws/build/vision/install.log --single-version-externally-managed install_data
[1.985s] running egg_info
[1.986s] writing ../../build/vision/vision.egg-info/PKG-INFO
[1.988s] writing dependency_links to ../../build/vision/vision.egg-info/dependency_links.txt
[1.990s] writing entry points to ../../build/vision/vision.egg-info/entry_points.txt
[1.990s] writing requirements to ../../build/vision/vision.egg-info/requires.txt
[1.991s] writing top-level names to ../../build/vision/vision.egg-info/top_level.txt
[1.992s] reading manifest file '../../build/vision/vision.egg-info/SOURCES.txt'
[1.994s] writing manifest file '../../build/vision/vision.egg-info/SOURCES.txt'
[1.997s] running build
[1.998s] running build_py
[2.000s] running install
[2.001s] running install_lib
[2.004s] running install_data
[2.004s] running install_egg_info
[2.007s] removing '/ros2_file/godang_ws/install/vision/lib/python3.10/site-packages/vision-0.0.0-py3.10.egg-info' (and everything under it)
[2.008s] Copying ../../build/vision/vision.egg-info to /ros2_file/godang_ws/install/vision/lib/python3.10/site-packages/vision-0.0.0-py3.10.egg-info
[2.016s] running install_scripts
[2.063s] writing list of installed files to '/ros2_file/godang_ws/build/vision/install.log'
[2.109s] Invoked command in '/ros2_file/godang_ws/src/vision' returned '0': PYTHONPATH=/ros2_file/godang_ws/build/vision/prefix_override:/ros2_file/godang_ws/install/vision/lib/python3.10/site-packages:${PYTHONPATH} /usr/bin/python3 -W ignore:setup.py install is deprecated setup.py egg_info --egg-base ../../build/vision build --build-base /ros2_file/godang_ws/build/vision/build install --record /ros2_file/godang_ws/build/vision/install.log --single-version-externally-managed install_data
