[1.470s] Invoking command in '/home/tien/Documents/GitHub/BoutToHackNASA/source/godang_ws/src/vision': PYTHONPATH=/home/tien/Documents/GitHub/BoutToHackNASA/source/godang_ws/build/vision/prefix_override:/home/tien/Documents/GitHub/BoutToHackNASA/source/godang_ws/install/vision/lib/python3.10/site-packages:${PYTHONPATH} /usr/bin/python3 -W ignore:setup.py install is deprecated setup.py egg_info --egg-base ../../build/vision build --build-base /home/tien/Documents/GitHub/BoutToHackNASA/source/godang_ws/build/vision/build install --record /home/tien/Documents/GitHub/BoutToHackNASA/source/godang_ws/build/vision/install.log --single-version-externally-managed install_data
[1.908s] running egg_info
[1.909s] writing ../../build/vision/vision.egg-info/PKG-INFO
[1.909s] writing dependency_links to ../../build/vision/vision.egg-info/dependency_links.txt
[1.910s] writing entry points to ../../build/vision/vision.egg-info/entry_points.txt
[1.910s] writing requirements to ../../build/vision/vision.egg-info/requires.txt
[1.910s] writing top-level names to ../../build/vision/vision.egg-info/top_level.txt
[1.913s] reading manifest file '../../build/vision/vision.egg-info/SOURCES.txt'
[1.914s] writing manifest file '../../build/vision/vision.egg-info/SOURCES.txt'
[1.914s] running build
[1.915s] running build_py
[1.915s] copying vision/vision_node.py -> /home/tien/Documents/GitHub/BoutToHackNASA/source/godang_ws/build/vision/build/lib/vision
[1.916s] running install
[1.916s] running install_lib
[1.917s] copying /home/tien/Documents/GitHub/BoutToHackNASA/source/godang_ws/build/vision/build/lib/vision/vision_node.py -> /home/tien/Documents/GitHub/BoutToHackNASA/source/godang_ws/install/vision/lib/python3.10/site-packages/vision
[1.917s] byte-compiling /home/tien/Documents/GitHub/BoutToHackNASA/source/godang_ws/install/vision/lib/python3.10/site-packages/vision/vision_node.py to vision_node.cpython-310.pyc
[1.920s] running install_data
[1.920s] running install_egg_info
[1.923s] removing '/home/tien/Documents/GitHub/BoutToHackNASA/source/godang_ws/install/vision/lib/python3.10/site-packages/vision-0.0.0-py3.10.egg-info' (and everything under it)
[1.924s] Copying ../../build/vision/vision.egg-info to /home/tien/Documents/GitHub/BoutToHackNASA/source/godang_ws/install/vision/lib/python3.10/site-packages/vision-0.0.0-py3.10.egg-info
[1.925s] running install_scripts
[1.963s] Installing vision script to /home/tien/Documents/GitHub/BoutToHackNASA/source/godang_ws/install/vision/lib/vision
[1.964s] writing list of installed files to '/home/tien/Documents/GitHub/BoutToHackNASA/source/godang_ws/build/vision/install.log'
[2.017s] Invoked command in '/home/tien/Documents/GitHub/BoutToHackNASA/source/godang_ws/src/vision' returned '0': PYTHONPATH=/home/tien/Documents/GitHub/BoutToHackNASA/source/godang_ws/build/vision/prefix_override:/home/tien/Documents/GitHub/BoutToHackNASA/source/godang_ws/install/vision/lib/python3.10/site-packages:${PYTHONPATH} /usr/bin/python3 -W ignore:setup.py install is deprecated setup.py egg_info --egg-base ../../build/vision build --build-base /home/tien/Documents/GitHub/BoutToHackNASA/source/godang_ws/build/vision/build install --record /home/tien/Documents/GitHub/BoutToHackNASA/source/godang_ws/build/vision/install.log --single-version-externally-managed install_data
