[0.146s] DEBUG:colcon:Command line arguments: ['/usr/bin/colcon', 'build']
[0.146s] DEBUG:colcon:Parsed command line arguments: Namespace(log_base=None, log_level=None, verb_name='build', build_base='build', install_base='install', merge_install=False, symlink_install=False, test_result_base=None, continue_on_error=False, executor='parallel', parallel_workers=20, event_handlers=None, ignore_user_meta=False, metas=['./colcon.meta'], base_paths=['.'], packages_ignore=None, packages_ignore_regex=None, paths=None, packages_up_to=None, packages_up_to_regex=None, packages_above=None, packages_above_and_dependencies=None, packages_above_depth=None, packages_select_by_dep=None, packages_skip_by_dep=None, packages_skip_up_to=None, packages_select_build_failed=False, packages_skip_build_finished=False, packages_select_test_failures=False, packages_skip_test_passed=False, packages_select=None, packages_skip=None, packages_select_regex=None, packages_skip_regex=None, packages_start=None, packages_end=None, allow_overriding=[], cmake_args=None, cmake_target=None, cmake_target_skip_unavailable=False, cmake_clean_cache=False, cmake_clean_first=False, cmake_force_configure=False, ament_cmake_args=None, catkin_cmake_args=None, catkin_skip_building_tests=False, mixin_files=None, mixin=None, verb_parser=<colcon_mixin.mixin.mixin_argument.MixinArgumentDecorator object at 0x7d5016c56440>, verb_extension=<colcon_core.verb.build.BuildVerb object at 0x7d5016dd21d0>, main=<bound method BuildVerb.main of <colcon_core.verb.build.BuildVerb object at 0x7d5016dd21d0>>, mixin_verb=('build',))
[0.395s] Level 1:colcon.colcon_core.package_discovery:discover_packages(colcon_meta) check parameters
[0.395s] Level 1:colcon.colcon_core.package_discovery:discover_packages(recursive) check parameters
[0.396s] Level 1:colcon.colcon_core.package_discovery:discover_packages(ignore) check parameters
[0.396s] Level 1:colcon.colcon_core.package_discovery:discover_packages(path) check parameters
[0.396s] Level 1:colcon.colcon_core.package_discovery:discover_packages(colcon_meta) discover
[0.396s] Level 1:colcon.colcon_core.package_discovery:discover_packages(recursive) discover
[0.396s] INFO:colcon.colcon_core.package_discovery:Crawling recursively for packages in '/home/tien/Documents/GitHub/BoutToHackNASA/source/godang_ws'
[0.396s] Level 1:colcon.colcon_core.package_identification:_identify(.) by extensions ['ignore', 'ignore_ament_install']
[0.396s] Level 1:colcon.colcon_core.package_identification:_identify(.) by extension 'ignore'
[0.396s] Level 1:colcon.colcon_core.package_identification:_identify(.) by extension 'ignore_ament_install'
[0.396s] Level 1:colcon.colcon_core.package_identification:_identify(.) by extensions ['colcon_pkg']
[0.396s] Level 1:colcon.colcon_core.package_identification:_identify(.) by extension 'colcon_pkg'
[0.396s] Level 1:colcon.colcon_core.package_identification:_identify(.) by extensions ['colcon_meta']
[0.396s] Level 1:colcon.colcon_core.package_identification:_identify(.) by extension 'colcon_meta'
[0.396s] Level 1:colcon.colcon_core.package_identification:_identify(.) by extensions ['ros']
[0.396s] Level 1:colcon.colcon_core.package_identification:_identify(.) by extension 'ros'
[0.419s] Level 1:colcon.colcon_core.package_identification:_identify(.) by extensions ['cmake', 'python']
[0.419s] Level 1:colcon.colcon_core.package_identification:_identify(.) by extension 'cmake'
[0.419s] Level 1:colcon.colcon_core.package_identification:_identify(.) by extension 'python'
[0.419s] Level 1:colcon.colcon_core.package_identification:_identify(.) by extensions ['python_setup_py']
[0.419s] Level 1:colcon.colcon_core.package_identification:_identify(.) by extension 'python_setup_py'
[0.420s] Level 1:colcon.colcon_core.package_identification:_identify(build) by extensions ['ignore', 'ignore_ament_install']
[0.420s] Level 1:colcon.colcon_core.package_identification:_identify(build) by extension 'ignore'
[0.420s] Level 1:colcon.colcon_core.package_identification:_identify(build) ignored
[0.420s] Level 1:colcon.colcon_core.package_identification:_identify(install) by extensions ['ignore', 'ignore_ament_install']
[0.420s] Level 1:colcon.colcon_core.package_identification:_identify(install) by extension 'ignore'
[0.420s] Level 1:colcon.colcon_core.package_identification:_identify(install) ignored
[0.420s] Level 1:colcon.colcon_core.package_identification:_identify(log) by extensions ['ignore', 'ignore_ament_install']
[0.420s] Level 1:colcon.colcon_core.package_identification:_identify(log) by extension 'ignore'
[0.420s] Level 1:colcon.colcon_core.package_identification:_identify(log) ignored
[0.420s] Level 1:colcon.colcon_core.package_identification:_identify(src) by extensions ['ignore', 'ignore_ament_install']
[0.420s] Level 1:colcon.colcon_core.package_identification:_identify(src) by extension 'ignore'
[0.421s] Level 1:colcon.colcon_core.package_identification:_identify(src) by extension 'ignore_ament_install'
[0.421s] Level 1:colcon.colcon_core.package_identification:_identify(src) by extensions ['colcon_pkg']
[0.421s] Level 1:colcon.colcon_core.package_identification:_identify(src) by extension 'colcon_pkg'
[0.421s] Level 1:colcon.colcon_core.package_identification:_identify(src) by extensions ['colcon_meta']
[0.421s] Level 1:colcon.colcon_core.package_identification:_identify(src) by extension 'colcon_meta'
[0.421s] Level 1:colcon.colcon_core.package_identification:_identify(src) by extensions ['ros']
[0.421s] Level 1:colcon.colcon_core.package_identification:_identify(src) by extension 'ros'
[0.421s] Level 1:colcon.colcon_core.package_identification:_identify(src) by extensions ['cmake', 'python']
[0.421s] Level 1:colcon.colcon_core.package_identification:_identify(src) by extension 'cmake'
[0.421s] Level 1:colcon.colcon_core.package_identification:_identify(src) by extension 'python'
[0.421s] Level 1:colcon.colcon_core.package_identification:_identify(src) by extensions ['python_setup_py']
[0.421s] Level 1:colcon.colcon_core.package_identification:_identify(src) by extension 'python_setup_py'
[0.421s] Level 1:colcon.colcon_core.package_identification:_identify(src/localization) by extensions ['ignore', 'ignore_ament_install']
[0.421s] Level 1:colcon.colcon_core.package_identification:_identify(src/localization) by extension 'ignore'
[0.421s] Level 1:colcon.colcon_core.package_identification:_identify(src/localization) by extension 'ignore_ament_install'
[0.421s] Level 1:colcon.colcon_core.package_identification:_identify(src/localization) by extensions ['colcon_pkg']
[0.421s] Level 1:colcon.colcon_core.package_identification:_identify(src/localization) by extension 'colcon_pkg'
[0.421s] Level 1:colcon.colcon_core.package_identification:_identify(src/localization) by extensions ['colcon_meta']
[0.421s] Level 1:colcon.colcon_core.package_identification:_identify(src/localization) by extension 'colcon_meta'
[0.421s] Level 1:colcon.colcon_core.package_identification:_identify(src/localization) by extensions ['ros']
[0.422s] Level 1:colcon.colcon_core.package_identification:_identify(src/localization) by extension 'ros'
[0.424s] DEBUG:colcon.colcon_core.package_identification:Package 'src/localization' with type 'ros.ament_python' and name 'localization'
[0.425s] Level 1:colcon.colcon_core.package_identification:_identify(src/planing) by extensions ['ignore', 'ignore_ament_install']
[0.425s] Level 1:colcon.colcon_core.package_identification:_identify(src/planing) by extension 'ignore'
[0.425s] Level 1:colcon.colcon_core.package_identification:_identify(src/planing) by extension 'ignore_ament_install'
[0.425s] Level 1:colcon.colcon_core.package_identification:_identify(src/planing) by extensions ['colcon_pkg']
[0.425s] Level 1:colcon.colcon_core.package_identification:_identify(src/planing) by extension 'colcon_pkg'
[0.425s] Level 1:colcon.colcon_core.package_identification:_identify(src/planing) by extensions ['colcon_meta']
[0.425s] Level 1:colcon.colcon_core.package_identification:_identify(src/planing) by extension 'colcon_meta'
[0.425s] Level 1:colcon.colcon_core.package_identification:_identify(src/planing) by extensions ['ros']
[0.425s] Level 1:colcon.colcon_core.package_identification:_identify(src/planing) by extension 'ros'
[0.426s] DEBUG:colcon.colcon_core.package_identification:Package 'src/planing' with type 'ros.ament_python' and name 'planing'
[0.426s] Level 1:colcon.colcon_core.package_identification:_identify(src/vision) by extensions ['ignore', 'ignore_ament_install']
[0.426s] Level 1:colcon.colcon_core.package_identification:_identify(src/vision) by extension 'ignore'
[0.426s] Level 1:colcon.colcon_core.package_identification:_identify(src/vision) by extension 'ignore_ament_install'
[0.426s] Level 1:colcon.colcon_core.package_identification:_identify(src/vision) by extensions ['colcon_pkg']
[0.426s] Level 1:colcon.colcon_core.package_identification:_identify(src/vision) by extension 'colcon_pkg'
[0.426s] Level 1:colcon.colcon_core.package_identification:_identify(src/vision) by extensions ['colcon_meta']
[0.426s] Level 1:colcon.colcon_core.package_identification:_identify(src/vision) by extension 'colcon_meta'
[0.426s] Level 1:colcon.colcon_core.package_identification:_identify(src/vision) by extensions ['ros']
[0.426s] Level 1:colcon.colcon_core.package_identification:_identify(src/vision) by extension 'ros'
[0.427s] DEBUG:colcon.colcon_core.package_identification:Package 'src/vision' with type 'ros.ament_python' and name 'vision'
[0.427s] Level 1:colcon.colcon_core.package_identification:_identify(src/yolobot) by extensions ['ignore', 'ignore_ament_install']
[0.427s] Level 1:colcon.colcon_core.package_identification:_identify(src/yolobot) by extension 'ignore'
[0.427s] Level 1:colcon.colcon_core.package_identification:_identify(src/yolobot) by extension 'ignore_ament_install'
[0.427s] Level 1:colcon.colcon_core.package_identification:_identify(src/yolobot) by extensions ['colcon_pkg']
[0.427s] Level 1:colcon.colcon_core.package_identification:_identify(src/yolobot) by extension 'colcon_pkg'
[0.427s] Level 1:colcon.colcon_core.package_identification:_identify(src/yolobot) by extensions ['colcon_meta']
[0.427s] Level 1:colcon.colcon_core.package_identification:_identify(src/yolobot) by extension 'colcon_meta'
[0.427s] Level 1:colcon.colcon_core.package_identification:_identify(src/yolobot) by extensions ['ros']
[0.427s] Level 1:colcon.colcon_core.package_identification:_identify(src/yolobot) by extension 'ros'
[0.428s] Level 1:colcon.colcon_core.package_identification:_identify(src/yolobot) by extensions ['cmake', 'python']
[0.428s] Level 1:colcon.colcon_core.package_identification:_identify(src/yolobot) by extension 'cmake'
[0.428s] Level 1:colcon.colcon_core.package_identification:_identify(src/yolobot) by extension 'python'
[0.428s] Level 1:colcon.colcon_core.package_identification:_identify(src/yolobot) by extensions ['python_setup_py']
[0.428s] Level 1:colcon.colcon_core.package_identification:_identify(src/yolobot) by extension 'python_setup_py'
[0.428s] Level 1:colcon.colcon_core.package_identification:_identify(src/yolobot/models) by extensions ['ignore', 'ignore_ament_install']
[0.428s] Level 1:colcon.colcon_core.package_identification:_identify(src/yolobot/models) by extension 'ignore'
[0.428s] Level 1:colcon.colcon_core.package_identification:_identify(src/yolobot/models) by extension 'ignore_ament_install'
[0.428s] Level 1:colcon.colcon_core.package_identification:_identify(src/yolobot/models) by extensions ['colcon_pkg']
[0.428s] Level 1:colcon.colcon_core.package_identification:_identify(src/yolobot/models) by extension 'colcon_pkg'
[0.428s] Level 1:colcon.colcon_core.package_identification:_identify(src/yolobot/models) by extensions ['colcon_meta']
[0.428s] Level 1:colcon.colcon_core.package_identification:_identify(src/yolobot/models) by extension 'colcon_meta'
[0.428s] Level 1:colcon.colcon_core.package_identification:_identify(src/yolobot/models) by extensions ['ros']
[0.428s] Level 1:colcon.colcon_core.package_identification:_identify(src/yolobot/models) by extension 'ros'
[0.428s] Level 1:colcon.colcon_core.package_identification:_identify(src/yolobot/models) by extensions ['cmake', 'python']
[0.428s] Level 1:colcon.colcon_core.package_identification:_identify(src/yolobot/models) by extension 'cmake'
[0.429s] Level 1:colcon.colcon_core.package_identification:_identify(src/yolobot/models) by extension 'python'
[0.429s] Level 1:colcon.colcon_core.package_identification:_identify(src/yolobot/models) by extensions ['python_setup_py']
[0.429s] Level 1:colcon.colcon_core.package_identification:_identify(src/yolobot/models) by extension 'python_setup_py'
[0.429s] Level 1:colcon.colcon_core.package_identification:_identify(src/yolobot/models/bus) by extensions ['ignore', 'ignore_ament_install']
[0.429s] Level 1:colcon.colcon_core.package_identification:_identify(src/yolobot/models/bus) by extension 'ignore'
[0.429s] Level 1:colcon.colcon_core.package_identification:_identify(src/yolobot/models/bus) by extension 'ignore_ament_install'
[0.429s] Level 1:colcon.colcon_core.package_identification:_identify(src/yolobot/models/bus) by extensions ['colcon_pkg']
[0.429s] Level 1:colcon.colcon_core.package_identification:_identify(src/yolobot/models/bus) by extension 'colcon_pkg'
[0.429s] Level 1:colcon.colcon_core.package_identification:_identify(src/yolobot/models/bus) by extensions ['colcon_meta']
[0.429s] Level 1:colcon.colcon_core.package_identification:_identify(src/yolobot/models/bus) by extension 'colcon_meta'
[0.429s] Level 1:colcon.colcon_core.package_identification:_identify(src/yolobot/models/bus) by extensions ['ros']
[0.429s] Level 1:colcon.colcon_core.package_identification:_identify(src/yolobot/models/bus) by extension 'ros'
[0.429s] Level 1:colcon.colcon_core.package_identification:_identify(src/yolobot/models/bus) by extensions ['cmake', 'python']
[0.429s] Level 1:colcon.colcon_core.package_identification:_identify(src/yolobot/models/bus) by extension 'cmake'
[0.429s] Level 1:colcon.colcon_core.package_identification:_identify(src/yolobot/models/bus) by extension 'python'
[0.429s] Level 1:colcon.colcon_core.package_identification:_identify(src/yolobot/models/bus) by extensions ['python_setup_py']
[0.429s] Level 1:colcon.colcon_core.package_identification:_identify(src/yolobot/models/bus) by extension 'python_setup_py'
[0.430s] Level 1:colcon.colcon_core.package_identification:_identify(src/yolobot/models/bus/materials) by extensions ['ignore', 'ignore_ament_install']
[0.430s] Level 1:colcon.colcon_core.package_identification:_identify(src/yolobot/models/bus/materials) by extension 'ignore'
[0.430s] Level 1:colcon.colcon_core.package_identification:_identify(src/yolobot/models/bus/materials) by extension 'ignore_ament_install'
[0.430s] Level 1:colcon.colcon_core.package_identification:_identify(src/yolobot/models/bus/materials) by extensions ['colcon_pkg']
[0.430s] Level 1:colcon.colcon_core.package_identification:_identify(src/yolobot/models/bus/materials) by extension 'colcon_pkg'
[0.430s] Level 1:colcon.colcon_core.package_identification:_identify(src/yolobot/models/bus/materials) by extensions ['colcon_meta']
[0.430s] Level 1:colcon.colcon_core.package_identification:_identify(src/yolobot/models/bus/materials) by extension 'colcon_meta'
[0.430s] Level 1:colcon.colcon_core.package_identification:_identify(src/yolobot/models/bus/materials) by extensions ['ros']
[0.430s] Level 1:colcon.colcon_core.package_identification:_identify(src/yolobot/models/bus/materials) by extension 'ros'
[0.430s] Level 1:colcon.colcon_core.package_identification:_identify(src/yolobot/models/bus/materials) by extensions ['cmake', 'python']
[0.430s] Level 1:colcon.colcon_core.package_identification:_identify(src/yolobot/models/bus/materials) by extension 'cmake'
[0.430s] Level 1:colcon.colcon_core.package_identification:_identify(src/yolobot/models/bus/materials) by extension 'python'
[0.430s] Level 1:colcon.colcon_core.package_identification:_identify(src/yolobot/models/bus/materials) by extensions ['python_setup_py']
[0.430s] Level 1:colcon.colcon_core.package_identification:_identify(src/yolobot/models/bus/materials) by extension 'python_setup_py'
[0.430s] Level 1:colcon.colcon_core.package_identification:_identify(src/yolobot/models/bus/materials/textures) by extensions ['ignore', 'ignore_ament_install']
[0.431s] Level 1:colcon.colcon_core.package_identification:_identify(src/yolobot/models/bus/materials/textures) by extension 'ignore'
[0.431s] Level 1:colcon.colcon_core.package_identification:_identify(src/yolobot/models/bus/materials/textures) by extension 'ignore_ament_install'
[0.431s] Level 1:colcon.colcon_core.package_identification:_identify(src/yolobot/models/bus/materials/textures) by extensions ['colcon_pkg']
[0.431s] Level 1:colcon.colcon_core.package_identification:_identify(src/yolobot/models/bus/materials/textures) by extension 'colcon_pkg'
[0.431s] Level 1:colcon.colcon_core.package_identification:_identify(src/yolobot/models/bus/materials/textures) by extensions ['colcon_meta']
[0.431s] Level 1:colcon.colcon_core.package_identification:_identify(src/yolobot/models/bus/materials/textures) by extension 'colcon_meta'
[0.431s] Level 1:colcon.colcon_core.package_identification:_identify(src/yolobot/models/bus/materials/textures) by extensions ['ros']
[0.431s] Level 1:colcon.colcon_core.package_identification:_identify(src/yolobot/models/bus/materials/textures) by extension 'ros'
[0.431s] Level 1:colcon.colcon_core.package_identification:_identify(src/yolobot/models/bus/materials/textures) by extensions ['cmake', 'python']
[0.431s] Level 1:colcon.colcon_core.package_identification:_identify(src/yolobot/models/bus/materials/textures) by extension 'cmake'
[0.431s] Level 1:colcon.colcon_core.package_identification:_identify(src/yolobot/models/bus/materials/textures) by extension 'python'
[0.431s] Level 1:colcon.colcon_core.package_identification:_identify(src/yolobot/models/bus/materials/textures) by extensions ['python_setup_py']
[0.431s] Level 1:colcon.colcon_core.package_identification:_identify(src/yolobot/models/bus/materials/textures) by extension 'python_setup_py'
[0.431s] Level 1:colcon.colcon_core.package_identification:_identify(src/yolobot/models/bus/meshes) by extensions ['ignore', 'ignore_ament_install']
[0.431s] Level 1:colcon.colcon_core.package_identification:_identify(src/yolobot/models/bus/meshes) by extension 'ignore'
[0.431s] Level 1:colcon.colcon_core.package_identification:_identify(src/yolobot/models/bus/meshes) by extension 'ignore_ament_install'
[0.431s] Level 1:colcon.colcon_core.package_identification:_identify(src/yolobot/models/bus/meshes) by extensions ['colcon_pkg']
[0.432s] Level 1:colcon.colcon_core.package_identification:_identify(src/yolobot/models/bus/meshes) by extension 'colcon_pkg'
[0.432s] Level 1:colcon.colcon_core.package_identification:_identify(src/yolobot/models/bus/meshes) by extensions ['colcon_meta']
[0.432s] Level 1:colcon.colcon_core.package_identification:_identify(src/yolobot/models/bus/meshes) by extension 'colcon_meta'
[0.432s] Level 1:colcon.colcon_core.package_identification:_identify(src/yolobot/models/bus/meshes) by extensions ['ros']
[0.432s] Level 1:colcon.colcon_core.package_identification:_identify(src/yolobot/models/bus/meshes) by extension 'ros'
[0.432s] Level 1:colcon.colcon_core.package_identification:_identify(src/yolobot/models/bus/meshes) by extensions ['cmake', 'python']
[0.432s] Level 1:colcon.colcon_core.package_identification:_identify(src/yolobot/models/bus/meshes) by extension 'cmake'
[0.432s] Level 1:colcon.colcon_core.package_identification:_identify(src/yolobot/models/bus/meshes) by extension 'python'
[0.432s] Level 1:colcon.colcon_core.package_identification:_identify(src/yolobot/models/bus/meshes) by extensions ['python_setup_py']
[0.432s] Level 1:colcon.colcon_core.package_identification:_identify(src/yolobot/models/bus/meshes) by extension 'python_setup_py'
[0.432s] Level 1:colcon.colcon_core.package_identification:_identify(src/yolobot/models/person_standing) by extensions ['ignore', 'ignore_ament_install']
[0.432s] Level 1:colcon.colcon_core.package_identification:_identify(src/yolobot/models/person_standing) by extension 'ignore'
[0.432s] Level 1:colcon.colcon_core.package_identification:_identify(src/yolobot/models/person_standing) by extension 'ignore_ament_install'
[0.432s] Level 1:colcon.colcon_core.package_identification:_identify(src/yolobot/models/person_standing) by extensions ['colcon_pkg']
[0.432s] Level 1:colcon.colcon_core.package_identification:_identify(src/yolobot/models/person_standing) by extension 'colcon_pkg'
[0.432s] Level 1:colcon.colcon_core.package_identification:_identify(src/yolobot/models/person_standing) by extensions ['colcon_meta']
[0.432s] Level 1:colcon.colcon_core.package_identification:_identify(src/yolobot/models/person_standing) by extension 'colcon_meta'
[0.432s] Level 1:colcon.colcon_core.package_identification:_identify(src/yolobot/models/person_standing) by extensions ['ros']
[0.433s] Level 1:colcon.colcon_core.package_identification:_identify(src/yolobot/models/person_standing) by extension 'ros'
[0.433s] Level 1:colcon.colcon_core.package_identification:_identify(src/yolobot/models/person_standing) by extensions ['cmake', 'python']
[0.433s] Level 1:colcon.colcon_core.package_identification:_identify(src/yolobot/models/person_standing) by extension 'cmake'
[0.433s] Level 1:colcon.colcon_core.package_identification:_identify(src/yolobot/models/person_standing) by extension 'python'
[0.433s] Level 1:colcon.colcon_core.package_identification:_identify(src/yolobot/models/person_standing) by extensions ['python_setup_py']
[0.433s] Level 1:colcon.colcon_core.package_identification:_identify(src/yolobot/models/person_standing) by extension 'python_setup_py'
[0.433s] Level 1:colcon.colcon_core.package_identification:_identify(src/yolobot/models/person_standing/materials) by extensions ['ignore', 'ignore_ament_install']
[0.433s] Level 1:colcon.colcon_core.package_identification:_identify(src/yolobot/models/person_standing/materials) by extension 'ignore'
[0.433s] Level 1:colcon.colcon_core.package_identification:_identify(src/yolobot/models/person_standing/materials) by extension 'ignore_ament_install'
[0.433s] Level 1:colcon.colcon_core.package_identification:_identify(src/yolobot/models/person_standing/materials) by extensions ['colcon_pkg']
[0.433s] Level 1:colcon.colcon_core.package_identification:_identify(src/yolobot/models/person_standing/materials) by extension 'colcon_pkg'
[0.433s] Level 1:colcon.colcon_core.package_identification:_identify(src/yolobot/models/person_standing/materials) by extensions ['colcon_meta']
[0.433s] Level 1:colcon.colcon_core.package_identification:_identify(src/yolobot/models/person_standing/materials) by extension 'colcon_meta'
[0.433s] Level 1:colcon.colcon_core.package_identification:_identify(src/yolobot/models/person_standing/materials) by extensions ['ros']
[0.433s] Level 1:colcon.colcon_core.package_identification:_identify(src/yolobot/models/person_standing/materials) by extension 'ros'
[0.433s] Level 1:colcon.colcon_core.package_identification:_identify(src/yolobot/models/person_standing/materials) by extensions ['cmake', 'python']
[0.433s] Level 1:colcon.colcon_core.package_identification:_identify(src/yolobot/models/person_standing/materials) by extension 'cmake'
[0.434s] Level 1:colcon.colcon_core.package_identification:_identify(src/yolobot/models/person_standing/materials) by extension 'python'
[0.434s] Level 1:colcon.colcon_core.package_identification:_identify(src/yolobot/models/person_standing/materials) by extensions ['python_setup_py']
[0.434s] Level 1:colcon.colcon_core.package_identification:_identify(src/yolobot/models/person_standing/materials) by extension 'python_setup_py'
[0.434s] Level 1:colcon.colcon_core.package_identification:_identify(src/yolobot/models/person_standing/materials/textures) by extensions ['ignore', 'ignore_ament_install']
[0.434s] Level 1:colcon.colcon_core.package_identification:_identify(src/yolobot/models/person_standing/materials/textures) by extension 'ignore'
[0.434s] Level 1:colcon.colcon_core.package_identification:_identify(src/yolobot/models/person_standing/materials/textures) by extension 'ignore_ament_install'
[0.434s] Level 1:colcon.colcon_core.package_identification:_identify(src/yolobot/models/person_standing/materials/textures) by extensions ['colcon_pkg']
[0.434s] Level 1:colcon.colcon_core.package_identification:_identify(src/yolobot/models/person_standing/materials/textures) by extension 'colcon_pkg'
[0.434s] Level 1:colcon.colcon_core.package_identification:_identify(src/yolobot/models/person_standing/materials/textures) by extensions ['colcon_meta']
[0.434s] Level 1:colcon.colcon_core.package_identification:_identify(src/yolobot/models/person_standing/materials/textures) by extension 'colcon_meta'
[0.434s] Level 1:colcon.colcon_core.package_identification:_identify(src/yolobot/models/person_standing/materials/textures) by extensions ['ros']
[0.434s] Level 1:colcon.colcon_core.package_identification:_identify(src/yolobot/models/person_standing/materials/textures) by extension 'ros'
[0.434s] Level 1:colcon.colcon_core.package_identification:_identify(src/yolobot/models/person_standing/materials/textures) by extensions ['cmake', 'python']
[0.434s] Level 1:colcon.colcon_core.package_identification:_identify(src/yolobot/models/person_standing/materials/textures) by extension 'cmake'
[0.434s] Level 1:colcon.colcon_core.package_identification:_identify(src/yolobot/models/person_standing/materials/textures) by extension 'python'
[0.434s] Level 1:colcon.colcon_core.package_identification:_identify(src/yolobot/models/person_standing/materials/textures) by extensions ['python_setup_py']
[0.434s] Level 1:colcon.colcon_core.package_identification:_identify(src/yolobot/models/person_standing/materials/textures) by extension 'python_setup_py'
[0.435s] Level 1:colcon.colcon_core.package_identification:_identify(src/yolobot/models/person_standing/meshes) by extensions ['ignore', 'ignore_ament_install']
[0.435s] Level 1:colcon.colcon_core.package_identification:_identify(src/yolobot/models/person_standing/meshes) by extension 'ignore'
[0.435s] Level 1:colcon.colcon_core.package_identification:_identify(src/yolobot/models/person_standing/meshes) by extension 'ignore_ament_install'
[0.435s] Level 1:colcon.colcon_core.package_identification:_identify(src/yolobot/models/person_standing/meshes) by extensions ['colcon_pkg']
[0.435s] Level 1:colcon.colcon_core.package_identification:_identify(src/yolobot/models/person_standing/meshes) by extension 'colcon_pkg'
[0.435s] Level 1:colcon.colcon_core.package_identification:_identify(src/yolobot/models/person_standing/meshes) by extensions ['colcon_meta']
[0.435s] Level 1:colcon.colcon_core.package_identification:_identify(src/yolobot/models/person_standing/meshes) by extension 'colcon_meta'
[0.435s] Level 1:colcon.colcon_core.package_identification:_identify(src/yolobot/models/person_standing/meshes) by extensions ['ros']
[0.435s] Level 1:colcon.colcon_core.package_identification:_identify(src/yolobot/models/person_standing/meshes) by extension 'ros'
[0.435s] Level 1:colcon.colcon_core.package_identification:_identify(src/yolobot/models/person_standing/meshes) by extensions ['cmake', 'python']
[0.435s] Level 1:colcon.colcon_core.package_identification:_identify(src/yolobot/models/person_standing/meshes) by extension 'cmake'
[0.435s] Level 1:colcon.colcon_core.package_identification:_identify(src/yolobot/models/person_standing/meshes) by extension 'python'
[0.435s] Level 1:colcon.colcon_core.package_identification:_identify(src/yolobot/models/person_standing/meshes) by extensions ['python_setup_py']
[0.435s] Level 1:colcon.colcon_core.package_identification:_identify(src/yolobot/models/person_standing/meshes) by extension 'python_setup_py'
[0.435s] Level 1:colcon.colcon_core.package_identification:_identify(src/yolobot/models/postbox) by extensions ['ignore', 'ignore_ament_install']
[0.436s] Level 1:colcon.colcon_core.package_identification:_identify(src/yolobot/models/postbox) by extension 'ignore'
[0.436s] Level 1:colcon.colcon_core.package_identification:_identify(src/yolobot/models/postbox) by extension 'ignore_ament_install'
[0.436s] Level 1:colcon.colcon_core.package_identification:_identify(src/yolobot/models/postbox) by extensions ['colcon_pkg']
[0.436s] Level 1:colcon.colcon_core.package_identification:_identify(src/yolobot/models/postbox) by extension 'colcon_pkg'
[0.436s] Level 1:colcon.colcon_core.package_identification:_identify(src/yolobot/models/postbox) by extensions ['colcon_meta']
[0.436s] Level 1:colcon.colcon_core.package_identification:_identify(src/yolobot/models/postbox) by extension 'colcon_meta'
[0.436s] Level 1:colcon.colcon_core.package_identification:_identify(src/yolobot/models/postbox) by extensions ['ros']
[0.436s] Level 1:colcon.colcon_core.package_identification:_identify(src/yolobot/models/postbox) by extension 'ros'
[0.436s] Level 1:colcon.colcon_core.package_identification:_identify(src/yolobot/models/postbox) by extensions ['cmake', 'python']
[0.436s] Level 1:colcon.colcon_core.package_identification:_identify(src/yolobot/models/postbox) by extension 'cmake'
[0.436s] Level 1:colcon.colcon_core.package_identification:_identify(src/yolobot/models/postbox) by extension 'python'
[0.436s] Level 1:colcon.colcon_core.package_identification:_identify(src/yolobot/models/postbox) by extensions ['python_setup_py']
[0.436s] Level 1:colcon.colcon_core.package_identification:_identify(src/yolobot/models/postbox) by extension 'python_setup_py'
[0.436s] Level 1:colcon.colcon_core.package_identification:_identify(src/yolobot/models/postbox/materials) by extensions ['ignore', 'ignore_ament_install']
[0.436s] Level 1:colcon.colcon_core.package_identification:_identify(src/yolobot/models/postbox/materials) by extension 'ignore'
[0.436s] Level 1:colcon.colcon_core.package_identification:_identify(src/yolobot/models/postbox/materials) by extension 'ignore_ament_install'
[0.437s] Level 1:colcon.colcon_core.package_identification:_identify(src/yolobot/models/postbox/materials) by extensions ['colcon_pkg']
[0.437s] Level 1:colcon.colcon_core.package_identification:_identify(src/yolobot/models/postbox/materials) by extension 'colcon_pkg'
[0.437s] Level 1:colcon.colcon_core.package_identification:_identify(src/yolobot/models/postbox/materials) by extensions ['colcon_meta']
[0.437s] Level 1:colcon.colcon_core.package_identification:_identify(src/yolobot/models/postbox/materials) by extension 'colcon_meta'
[0.437s] Level 1:colcon.colcon_core.package_identification:_identify(src/yolobot/models/postbox/materials) by extensions ['ros']
[0.437s] Level 1:colcon.colcon_core.package_identification:_identify(src/yolobot/models/postbox/materials) by extension 'ros'
[0.437s] Level 1:colcon.colcon_core.package_identification:_identify(src/yolobot/models/postbox/materials) by extensions ['cmake', 'python']
[0.437s] Level 1:colcon.colcon_core.package_identification:_identify(src/yolobot/models/postbox/materials) by extension 'cmake'
[0.437s] Level 1:colcon.colcon_core.package_identification:_identify(src/yolobot/models/postbox/materials) by extension 'python'
[0.437s] Level 1:colcon.colcon_core.package_identification:_identify(src/yolobot/models/postbox/materials) by extensions ['python_setup_py']
[0.437s] Level 1:colcon.colcon_core.package_identification:_identify(src/yolobot/models/postbox/materials) by extension 'python_setup_py'
[0.437s] Level 1:colcon.colcon_core.package_identification:_identify(src/yolobot/models/postbox/materials/textures) by extensions ['ignore', 'ignore_ament_install']
[0.437s] Level 1:colcon.colcon_core.package_identification:_identify(src/yolobot/models/postbox/materials/textures) by extension 'ignore'
[0.437s] Level 1:colcon.colcon_core.package_identification:_identify(src/yolobot/models/postbox/materials/textures) by extension 'ignore_ament_install'
[0.437s] Level 1:colcon.colcon_core.package_identification:_identify(src/yolobot/models/postbox/materials/textures) by extensions ['colcon_pkg']
[0.437s] Level 1:colcon.colcon_core.package_identification:_identify(src/yolobot/models/postbox/materials/textures) by extension 'colcon_pkg'
[0.437s] Level 1:colcon.colcon_core.package_identification:_identify(src/yolobot/models/postbox/materials/textures) by extensions ['colcon_meta']
[0.438s] Level 1:colcon.colcon_core.package_identification:_identify(src/yolobot/models/postbox/materials/textures) by extension 'colcon_meta'
[0.438s] Level 1:colcon.colcon_core.package_identification:_identify(src/yolobot/models/postbox/materials/textures) by extensions ['ros']
[0.438s] Level 1:colcon.colcon_core.package_identification:_identify(src/yolobot/models/postbox/materials/textures) by extension 'ros'
[0.438s] Level 1:colcon.colcon_core.package_identification:_identify(src/yolobot/models/postbox/materials/textures) by extensions ['cmake', 'python']
[0.438s] Level 1:colcon.colcon_core.package_identification:_identify(src/yolobot/models/postbox/materials/textures) by extension 'cmake'
[0.438s] Level 1:colcon.colcon_core.package_identification:_identify(src/yolobot/models/postbox/materials/textures) by extension 'python'
[0.438s] Level 1:colcon.colcon_core.package_identification:_identify(src/yolobot/models/postbox/materials/textures) by extensions ['python_setup_py']
[0.438s] Level 1:colcon.colcon_core.package_identification:_identify(src/yolobot/models/postbox/materials/textures) by extension 'python_setup_py'
[0.438s] Level 1:colcon.colcon_core.package_identification:_identify(src/yolobot/models/postbox/meshes) by extensions ['ignore', 'ignore_ament_install']
[0.438s] Level 1:colcon.colcon_core.package_identification:_identify(src/yolobot/models/postbox/meshes) by extension 'ignore'
[0.438s] Level 1:colcon.colcon_core.package_identification:_identify(src/yolobot/models/postbox/meshes) by extension 'ignore_ament_install'
[0.438s] Level 1:colcon.colcon_core.package_identification:_identify(src/yolobot/models/postbox/meshes) by extensions ['colcon_pkg']
[0.438s] Level 1:colcon.colcon_core.package_identification:_identify(src/yolobot/models/postbox/meshes) by extension 'colcon_pkg'
[0.438s] Level 1:colcon.colcon_core.package_identification:_identify(src/yolobot/models/postbox/meshes) by extensions ['colcon_meta']
[0.438s] Level 1:colcon.colcon_core.package_identification:_identify(src/yolobot/models/postbox/meshes) by extension 'colcon_meta'
[0.438s] Level 1:colcon.colcon_core.package_identification:_identify(src/yolobot/models/postbox/meshes) by extensions ['ros']
[0.438s] Level 1:colcon.colcon_core.package_identification:_identify(src/yolobot/models/postbox/meshes) by extension 'ros'
[0.439s] Level 1:colcon.colcon_core.package_identification:_identify(src/yolobot/models/postbox/meshes) by extensions ['cmake', 'python']
[0.439s] Level 1:colcon.colcon_core.package_identification:_identify(src/yolobot/models/postbox/meshes) by extension 'cmake'
[0.439s] Level 1:colcon.colcon_core.package_identification:_identify(src/yolobot/models/postbox/meshes) by extension 'python'
[0.439s] Level 1:colcon.colcon_core.package_identification:_identify(src/yolobot/models/postbox/meshes) by extensions ['python_setup_py']
[0.439s] Level 1:colcon.colcon_core.package_identification:_identify(src/yolobot/models/postbox/meshes) by extension 'python_setup_py'
[0.439s] Level 1:colcon.colcon_core.package_identification:_identify(src/yolobot/models/prius_hybrid) by extensions ['ignore', 'ignore_ament_install']
[0.439s] Level 1:colcon.colcon_core.package_identification:_identify(src/yolobot/models/prius_hybrid) by extension 'ignore'
[0.439s] Level 1:colcon.colcon_core.package_identification:_identify(src/yolobot/models/prius_hybrid) by extension 'ignore_ament_install'
[0.439s] Level 1:colcon.colcon_core.package_identification:_identify(src/yolobot/models/prius_hybrid) by extensions ['colcon_pkg']
[0.439s] Level 1:colcon.colcon_core.package_identification:_identify(src/yolobot/models/prius_hybrid) by extension 'colcon_pkg'
[0.439s] Level 1:colcon.colcon_core.package_identification:_identify(src/yolobot/models/prius_hybrid) by extensions ['colcon_meta']
[0.439s] Level 1:colcon.colcon_core.package_identification:_identify(src/yolobot/models/prius_hybrid) by extension 'colcon_meta'
[0.439s] Level 1:colcon.colcon_core.package_identification:_identify(src/yolobot/models/prius_hybrid) by extensions ['ros']
[0.439s] Level 1:colcon.colcon_core.package_identification:_identify(src/yolobot/models/prius_hybrid) by extension 'ros'
[0.439s] Level 1:colcon.colcon_core.package_identification:_identify(src/yolobot/models/prius_hybrid) by extensions ['cmake', 'python']
[0.439s] Level 1:colcon.colcon_core.package_identification:_identify(src/yolobot/models/prius_hybrid) by extension 'cmake'
[0.440s] Level 1:colcon.colcon_core.package_identification:_identify(src/yolobot/models/prius_hybrid) by extension 'python'
[0.440s] Level 1:colcon.colcon_core.package_identification:_identify(src/yolobot/models/prius_hybrid) by extensions ['python_setup_py']
[0.440s] Level 1:colcon.colcon_core.package_identification:_identify(src/yolobot/models/prius_hybrid) by extension 'python_setup_py'
[0.440s] Level 1:colcon.colcon_core.package_identification:_identify(src/yolobot/models/prius_hybrid/materials) by extensions ['ignore', 'ignore_ament_install']
[0.440s] Level 1:colcon.colcon_core.package_identification:_identify(src/yolobot/models/prius_hybrid/materials) by extension 'ignore'
[0.440s] Level 1:colcon.colcon_core.package_identification:_identify(src/yolobot/models/prius_hybrid/materials) by extension 'ignore_ament_install'
[0.440s] Level 1:colcon.colcon_core.package_identification:_identify(src/yolobot/models/prius_hybrid/materials) by extensions ['colcon_pkg']
[0.440s] Level 1:colcon.colcon_core.package_identification:_identify(src/yolobot/models/prius_hybrid/materials) by extension 'colcon_pkg'
[0.440s] Level 1:colcon.colcon_core.package_identification:_identify(src/yolobot/models/prius_hybrid/materials) by extensions ['colcon_meta']
[0.440s] Level 1:colcon.colcon_core.package_identification:_identify(src/yolobot/models/prius_hybrid/materials) by extension 'colcon_meta'
[0.440s] Level 1:colcon.colcon_core.package_identification:_identify(src/yolobot/models/prius_hybrid/materials) by extensions ['ros']
[0.440s] Level 1:colcon.colcon_core.package_identification:_identify(src/yolobot/models/prius_hybrid/materials) by extension 'ros'
[0.440s] Level 1:colcon.colcon_core.package_identification:_identify(src/yolobot/models/prius_hybrid/materials) by extensions ['cmake', 'python']
[0.440s] Level 1:colcon.colcon_core.package_identification:_identify(src/yolobot/models/prius_hybrid/materials) by extension 'cmake'
[0.440s] Level 1:colcon.colcon_core.package_identification:_identify(src/yolobot/models/prius_hybrid/materials) by extension 'python'
[0.440s] Level 1:colcon.colcon_core.package_identification:_identify(src/yolobot/models/prius_hybrid/materials) by extensions ['python_setup_py']
[0.440s] Level 1:colcon.colcon_core.package_identification:_identify(src/yolobot/models/prius_hybrid/materials) by extension 'python_setup_py'
[0.441s] Level 1:colcon.colcon_core.package_identification:_identify(src/yolobot/models/prius_hybrid/materials/textures) by extensions ['ignore', 'ignore_ament_install']
[0.441s] Level 1:colcon.colcon_core.package_identification:_identify(src/yolobot/models/prius_hybrid/materials/textures) by extension 'ignore'
[0.441s] Level 1:colcon.colcon_core.package_identification:_identify(src/yolobot/models/prius_hybrid/materials/textures) by extension 'ignore_ament_install'
[0.441s] Level 1:colcon.colcon_core.package_identification:_identify(src/yolobot/models/prius_hybrid/materials/textures) by extensions ['colcon_pkg']
[0.441s] Level 1:colcon.colcon_core.package_identification:_identify(src/yolobot/models/prius_hybrid/materials/textures) by extension 'colcon_pkg'
[0.441s] Level 1:colcon.colcon_core.package_identification:_identify(src/yolobot/models/prius_hybrid/materials/textures) by extensions ['colcon_meta']
[0.441s] Level 1:colcon.colcon_core.package_identification:_identify(src/yolobot/models/prius_hybrid/materials/textures) by extension 'colcon_meta'
[0.441s] Level 1:colcon.colcon_core.package_identification:_identify(src/yolobot/models/prius_hybrid/materials/textures) by extensions ['ros']
[0.441s] Level 1:colcon.colcon_core.package_identification:_identify(src/yolobot/models/prius_hybrid/materials/textures) by extension 'ros'
[0.441s] Level 1:colcon.colcon_core.package_identification:_identify(src/yolobot/models/prius_hybrid/materials/textures) by extensions ['cmake', 'python']
[0.441s] Level 1:colcon.colcon_core.package_identification:_identify(src/yolobot/models/prius_hybrid/materials/textures) by extension 'cmake'
[0.441s] Level 1:colcon.colcon_core.package_identification:_identify(src/yolobot/models/prius_hybrid/materials/textures) by extension 'python'
[0.441s] Level 1:colcon.colcon_core.package_identification:_identify(src/yolobot/models/prius_hybrid/materials/textures) by extensions ['python_setup_py']
[0.441s] Level 1:colcon.colcon_core.package_identification:_identify(src/yolobot/models/prius_hybrid/materials/textures) by extension 'python_setup_py'
[0.441s] Level 1:colcon.colcon_core.package_identification:_identify(src/yolobot/models/prius_hybrid/meshes) by extensions ['ignore', 'ignore_ament_install']
[0.442s] Level 1:colcon.colcon_core.package_identification:_identify(src/yolobot/models/prius_hybrid/meshes) by extension 'ignore'
[0.442s] Level 1:colcon.colcon_core.package_identification:_identify(src/yolobot/models/prius_hybrid/meshes) by extension 'ignore_ament_install'
[0.442s] Level 1:colcon.colcon_core.package_identification:_identify(src/yolobot/models/prius_hybrid/meshes) by extensions ['colcon_pkg']
[0.442s] Level 1:colcon.colcon_core.package_identification:_identify(src/yolobot/models/prius_hybrid/meshes) by extension 'colcon_pkg'
[0.442s] Level 1:colcon.colcon_core.package_identification:_identify(src/yolobot/models/prius_hybrid/meshes) by extensions ['colcon_meta']
[0.442s] Level 1:colcon.colcon_core.package_identification:_identify(src/yolobot/models/prius_hybrid/meshes) by extension 'colcon_meta'
[0.442s] Level 1:colcon.colcon_core.package_identification:_identify(src/yolobot/models/prius_hybrid/meshes) by extensions ['ros']
[0.442s] Level 1:colcon.colcon_core.package_identification:_identify(src/yolobot/models/prius_hybrid/meshes) by extension 'ros'
[0.442s] Level 1:colcon.colcon_core.package_identification:_identify(src/yolobot/models/prius_hybrid/meshes) by extensions ['cmake', 'python']
[0.442s] Level 1:colcon.colcon_core.package_identification:_identify(src/yolobot/models/prius_hybrid/meshes) by extension 'cmake'
[0.442s] Level 1:colcon.colcon_core.package_identification:_identify(src/yolobot/models/prius_hybrid/meshes) by extension 'python'
[0.442s] Level 1:colcon.colcon_core.package_identification:_identify(src/yolobot/models/prius_hybrid/meshes) by extensions ['python_setup_py']
[0.442s] Level 1:colcon.colcon_core.package_identification:_identify(src/yolobot/models/prius_hybrid/meshes) by extension 'python_setup_py'
[0.442s] Level 1:colcon.colcon_core.package_identification:_identify(src/yolobot/models/stop_sign) by extensions ['ignore', 'ignore_ament_install']
[0.442s] Level 1:colcon.colcon_core.package_identification:_identify(src/yolobot/models/stop_sign) by extension 'ignore'
[0.442s] Level 1:colcon.colcon_core.package_identification:_identify(src/yolobot/models/stop_sign) by extension 'ignore_ament_install'
[0.443s] Level 1:colcon.colcon_core.package_identification:_identify(src/yolobot/models/stop_sign) by extensions ['colcon_pkg']
[0.443s] Level 1:colcon.colcon_core.package_identification:_identify(src/yolobot/models/stop_sign) by extension 'colcon_pkg'
[0.443s] Level 1:colcon.colcon_core.package_identification:_identify(src/yolobot/models/stop_sign) by extensions ['colcon_meta']
[0.443s] Level 1:colcon.colcon_core.package_identification:_identify(src/yolobot/models/stop_sign) by extension 'colcon_meta'
[0.443s] Level 1:colcon.colcon_core.package_identification:_identify(src/yolobot/models/stop_sign) by extensions ['ros']
[0.443s] Level 1:colcon.colcon_core.package_identification:_identify(src/yolobot/models/stop_sign) by extension 'ros'
[0.443s] Level 1:colcon.colcon_core.package_identification:_identify(src/yolobot/models/stop_sign) by extensions ['cmake', 'python']
[0.443s] Level 1:colcon.colcon_core.package_identification:_identify(src/yolobot/models/stop_sign) by extension 'cmake'
[0.443s] Level 1:colcon.colcon_core.package_identification:_identify(src/yolobot/models/stop_sign) by extension 'python'
[0.443s] Level 1:colcon.colcon_core.package_identification:_identify(src/yolobot/models/stop_sign) by extensions ['python_setup_py']
[0.443s] Level 1:colcon.colcon_core.package_identification:_identify(src/yolobot/models/stop_sign) by extension 'python_setup_py'
[0.443s] Level 1:colcon.colcon_core.package_identification:_identify(src/yolobot/models/stop_sign/materials) by extensions ['ignore', 'ignore_ament_install']
[0.443s] Level 1:colcon.colcon_core.package_identification:_identify(src/yolobot/models/stop_sign/materials) by extension 'ignore'
[0.443s] Level 1:colcon.colcon_core.package_identification:_identify(src/yolobot/models/stop_sign/materials) by extension 'ignore_ament_install'
[0.443s] Level 1:colcon.colcon_core.package_identification:_identify(src/yolobot/models/stop_sign/materials) by extensions ['colcon_pkg']
[0.443s] Level 1:colcon.colcon_core.package_identification:_identify(src/yolobot/models/stop_sign/materials) by extension 'colcon_pkg'
[0.444s] Level 1:colcon.colcon_core.package_identification:_identify(src/yolobot/models/stop_sign/materials) by extensions ['colcon_meta']
[0.444s] Level 1:colcon.colcon_core.package_identification:_identify(src/yolobot/models/stop_sign/materials) by extension 'colcon_meta'
[0.444s] Level 1:colcon.colcon_core.package_identification:_identify(src/yolobot/models/stop_sign/materials) by extensions ['ros']
[0.444s] Level 1:colcon.colcon_core.package_identification:_identify(src/yolobot/models/stop_sign/materials) by extension 'ros'
[0.444s] Level 1:colcon.colcon_core.package_identification:_identify(src/yolobot/models/stop_sign/materials) by extensions ['cmake', 'python']
[0.444s] Level 1:colcon.colcon_core.package_identification:_identify(src/yolobot/models/stop_sign/materials) by extension 'cmake'
[0.444s] Level 1:colcon.colcon_core.package_identification:_identify(src/yolobot/models/stop_sign/materials) by extension 'python'
[0.444s] Level 1:colcon.colcon_core.package_identification:_identify(src/yolobot/models/stop_sign/materials) by extensions ['python_setup_py']
[0.444s] Level 1:colcon.colcon_core.package_identification:_identify(src/yolobot/models/stop_sign/materials) by extension 'python_setup_py'
[0.444s] Level 1:colcon.colcon_core.package_identification:_identify(src/yolobot/models/stop_sign/materials/scripts) by extensions ['ignore', 'ignore_ament_install']
[0.444s] Level 1:colcon.colcon_core.package_identification:_identify(src/yolobot/models/stop_sign/materials/scripts) by extension 'ignore'
[0.444s] Level 1:colcon.colcon_core.package_identification:_identify(src/yolobot/models/stop_sign/materials/scripts) by extension 'ignore_ament_install'
[0.444s] Level 1:colcon.colcon_core.package_identification:_identify(src/yolobot/models/stop_sign/materials/scripts) by extensions ['colcon_pkg']
[0.444s] Level 1:colcon.colcon_core.package_identification:_identify(src/yolobot/models/stop_sign/materials/scripts) by extension 'colcon_pkg'
[0.444s] Level 1:colcon.colcon_core.package_identification:_identify(src/yolobot/models/stop_sign/materials/scripts) by extensions ['colcon_meta']
[0.444s] Level 1:colcon.colcon_core.package_identification:_identify(src/yolobot/models/stop_sign/materials/scripts) by extension 'colcon_meta'
[0.444s] Level 1:colcon.colcon_core.package_identification:_identify(src/yolobot/models/stop_sign/materials/scripts) by extensions ['ros']
[0.445s] Level 1:colcon.colcon_core.package_identification:_identify(src/yolobot/models/stop_sign/materials/scripts) by extension 'ros'
[0.445s] Level 1:colcon.colcon_core.package_identification:_identify(src/yolobot/models/stop_sign/materials/scripts) by extensions ['cmake', 'python']
[0.445s] Level 1:colcon.colcon_core.package_identification:_identify(src/yolobot/models/stop_sign/materials/scripts) by extension 'cmake'
[0.445s] Level 1:colcon.colcon_core.package_identification:_identify(src/yolobot/models/stop_sign/materials/scripts) by extension 'python'
[0.445s] Level 1:colcon.colcon_core.package_identification:_identify(src/yolobot/models/stop_sign/materials/scripts) by extensions ['python_setup_py']
[0.445s] Level 1:colcon.colcon_core.package_identification:_identify(src/yolobot/models/stop_sign/materials/scripts) by extension 'python_setup_py'
[0.445s] Level 1:colcon.colcon_core.package_identification:_identify(src/yolobot/models/stop_sign/materials/textures) by extensions ['ignore', 'ignore_ament_install']
[0.445s] Level 1:colcon.colcon_core.package_identification:_identify(src/yolobot/models/stop_sign/materials/textures) by extension 'ignore'
[0.445s] Level 1:colcon.colcon_core.package_identification:_identify(src/yolobot/models/stop_sign/materials/textures) by extension 'ignore_ament_install'
[0.445s] Level 1:colcon.colcon_core.package_identification:_identify(src/yolobot/models/stop_sign/materials/textures) by extensions ['colcon_pkg']
[0.445s] Level 1:colcon.colcon_core.package_identification:_identify(src/yolobot/models/stop_sign/materials/textures) by extension 'colcon_pkg'
[0.445s] Level 1:colcon.colcon_core.package_identification:_identify(src/yolobot/models/stop_sign/materials/textures) by extensions ['colcon_meta']
[0.445s] Level 1:colcon.colcon_core.package_identification:_identify(src/yolobot/models/stop_sign/materials/textures) by extension 'colcon_meta'
[0.445s] Level 1:colcon.colcon_core.package_identification:_identify(src/yolobot/models/stop_sign/materials/textures) by extensions ['ros']
[0.445s] Level 1:colcon.colcon_core.package_identification:_identify(src/yolobot/models/stop_sign/materials/textures) by extension 'ros'
[0.445s] Level 1:colcon.colcon_core.package_identification:_identify(src/yolobot/models/stop_sign/materials/textures) by extensions ['cmake', 'python']
[0.446s] Level 1:colcon.colcon_core.package_identification:_identify(src/yolobot/models/stop_sign/materials/textures) by extension 'cmake'
[0.446s] Level 1:colcon.colcon_core.package_identification:_identify(src/yolobot/models/stop_sign/materials/textures) by extension 'python'
[0.446s] Level 1:colcon.colcon_core.package_identification:_identify(src/yolobot/models/stop_sign/materials/textures) by extensions ['python_setup_py']
[0.446s] Level 1:colcon.colcon_core.package_identification:_identify(src/yolobot/models/stop_sign/materials/textures) by extension 'python_setup_py'
[0.446s] Level 1:colcon.colcon_core.package_identification:_identify(src/yolobot/models/stop_sign/meshes) by extensions ['ignore', 'ignore_ament_install']
[0.446s] Level 1:colcon.colcon_core.package_identification:_identify(src/yolobot/models/stop_sign/meshes) by extension 'ignore'
[0.446s] Level 1:colcon.colcon_core.package_identification:_identify(src/yolobot/models/stop_sign/meshes) by extension 'ignore_ament_install'
[0.446s] Level 1:colcon.colcon_core.package_identification:_identify(src/yolobot/models/stop_sign/meshes) by extensions ['colcon_pkg']
[0.446s] Level 1:colcon.colcon_core.package_identification:_identify(src/yolobot/models/stop_sign/meshes) by extension 'colcon_pkg'
[0.446s] Level 1:colcon.colcon_core.package_identification:_identify(src/yolobot/models/stop_sign/meshes) by extensions ['colcon_meta']
[0.446s] Level 1:colcon.colcon_core.package_identification:_identify(src/yolobot/models/stop_sign/meshes) by extension 'colcon_meta'
[0.446s] Level 1:colcon.colcon_core.package_identification:_identify(src/yolobot/models/stop_sign/meshes) by extensions ['ros']
[0.446s] Level 1:colcon.colcon_core.package_identification:_identify(src/yolobot/models/stop_sign/meshes) by extension 'ros'
[0.446s] Level 1:colcon.colcon_core.package_identification:_identify(src/yolobot/models/stop_sign/meshes) by extensions ['cmake', 'python']
[0.446s] Level 1:colcon.colcon_core.package_identification:_identify(src/yolobot/models/stop_sign/meshes) by extension 'cmake'
[0.446s] Level 1:colcon.colcon_core.package_identification:_identify(src/yolobot/models/stop_sign/meshes) by extension 'python'
[0.446s] Level 1:colcon.colcon_core.package_identification:_identify(src/yolobot/models/stop_sign/meshes) by extensions ['python_setup_py']
[0.447s] Level 1:colcon.colcon_core.package_identification:_identify(src/yolobot/models/stop_sign/meshes) by extension 'python_setup_py'
[0.447s] Level 1:colcon.colcon_core.package_identification:_identify(src/yolobot/models/suv) by extensions ['ignore', 'ignore_ament_install']
[0.447s] Level 1:colcon.colcon_core.package_identification:_identify(src/yolobot/models/suv) by extension 'ignore'
[0.447s] Level 1:colcon.colcon_core.package_identification:_identify(src/yolobot/models/suv) by extension 'ignore_ament_install'
[0.447s] Level 1:colcon.colcon_core.package_identification:_identify(src/yolobot/models/suv) by extensions ['colcon_pkg']
[0.447s] Level 1:colcon.colcon_core.package_identification:_identify(src/yolobot/models/suv) by extension 'colcon_pkg'
[0.447s] Level 1:colcon.colcon_core.package_identification:_identify(src/yolobot/models/suv) by extensions ['colcon_meta']
[0.447s] Level 1:colcon.colcon_core.package_identification:_identify(src/yolobot/models/suv) by extension 'colcon_meta'
[0.447s] Level 1:colcon.colcon_core.package_identification:_identify(src/yolobot/models/suv) by extensions ['ros']
[0.447s] Level 1:colcon.colcon_core.package_identification:_identify(src/yolobot/models/suv) by extension 'ros'
[0.447s] Level 1:colcon.colcon_core.package_identification:_identify(src/yolobot/models/suv) by extensions ['cmake', 'python']
[0.447s] Level 1:colcon.colcon_core.package_identification:_identify(src/yolobot/models/suv) by extension 'cmake'
[0.447s] Level 1:colcon.colcon_core.package_identification:_identify(src/yolobot/models/suv) by extension 'python'
[0.447s] Level 1:colcon.colcon_core.package_identification:_identify(src/yolobot/models/suv) by extensions ['python_setup_py']
[0.447s] Level 1:colcon.colcon_core.package_identification:_identify(src/yolobot/models/suv) by extension 'python_setup_py'
[0.448s] Level 1:colcon.colcon_core.package_identification:_identify(src/yolobot/models/suv/materials) by extensions ['ignore', 'ignore_ament_install']
[0.448s] Level 1:colcon.colcon_core.package_identification:_identify(src/yolobot/models/suv/materials) by extension 'ignore'
[0.448s] Level 1:colcon.colcon_core.package_identification:_identify(src/yolobot/models/suv/materials) by extension 'ignore_ament_install'
[0.448s] Level 1:colcon.colcon_core.package_identification:_identify(src/yolobot/models/suv/materials) by extensions ['colcon_pkg']
[0.448s] Level 1:colcon.colcon_core.package_identification:_identify(src/yolobot/models/suv/materials) by extension 'colcon_pkg'
[0.448s] Level 1:colcon.colcon_core.package_identification:_identify(src/yolobot/models/suv/materials) by extensions ['colcon_meta']
[0.448s] Level 1:colcon.colcon_core.package_identification:_identify(src/yolobot/models/suv/materials) by extension 'colcon_meta'
[0.448s] Level 1:colcon.colcon_core.package_identification:_identify(src/yolobot/models/suv/materials) by extensions ['ros']
[0.448s] Level 1:colcon.colcon_core.package_identification:_identify(src/yolobot/models/suv/materials) by extension 'ros'
[0.448s] Level 1:colcon.colcon_core.package_identification:_identify(src/yolobot/models/suv/materials) by extensions ['cmake', 'python']
[0.448s] Level 1:colcon.colcon_core.package_identification:_identify(src/yolobot/models/suv/materials) by extension 'cmake'
[0.448s] Level 1:colcon.colcon_core.package_identification:_identify(src/yolobot/models/suv/materials) by extension 'python'
[0.448s] Level 1:colcon.colcon_core.package_identification:_identify(src/yolobot/models/suv/materials) by extensions ['python_setup_py']
[0.448s] Level 1:colcon.colcon_core.package_identification:_identify(src/yolobot/models/suv/materials) by extension 'python_setup_py'
[0.448s] Level 1:colcon.colcon_core.package_identification:_identify(src/yolobot/models/suv/materials/textures) by extensions ['ignore', 'ignore_ament_install']
[0.449s] Level 1:colcon.colcon_core.package_identification:_identify(src/yolobot/models/suv/materials/textures) by extension 'ignore'
[0.449s] Level 1:colcon.colcon_core.package_identification:_identify(src/yolobot/models/suv/materials/textures) by extension 'ignore_ament_install'
[0.449s] Level 1:colcon.colcon_core.package_identification:_identify(src/yolobot/models/suv/materials/textures) by extensions ['colcon_pkg']
[0.449s] Level 1:colcon.colcon_core.package_identification:_identify(src/yolobot/models/suv/materials/textures) by extension 'colcon_pkg'
[0.449s] Level 1:colcon.colcon_core.package_identification:_identify(src/yolobot/models/suv/materials/textures) by extensions ['colcon_meta']
[0.449s] Level 1:colcon.colcon_core.package_identification:_identify(src/yolobot/models/suv/materials/textures) by extension 'colcon_meta'
[0.449s] Level 1:colcon.colcon_core.package_identification:_identify(src/yolobot/models/suv/materials/textures) by extensions ['ros']
[0.449s] Level 1:colcon.colcon_core.package_identification:_identify(src/yolobot/models/suv/materials/textures) by extension 'ros'
[0.449s] Level 1:colcon.colcon_core.package_identification:_identify(src/yolobot/models/suv/materials/textures) by extensions ['cmake', 'python']
[0.449s] Level 1:colcon.colcon_core.package_identification:_identify(src/yolobot/models/suv/materials/textures) by extension 'cmake'
[0.449s] Level 1:colcon.colcon_core.package_identification:_identify(src/yolobot/models/suv/materials/textures) by extension 'python'
[0.449s] Level 1:colcon.colcon_core.package_identification:_identify(src/yolobot/models/suv/materials/textures) by extensions ['python_setup_py']
[0.449s] Level 1:colcon.colcon_core.package_identification:_identify(src/yolobot/models/suv/materials/textures) by extension 'python_setup_py'
[0.449s] Level 1:colcon.colcon_core.package_identification:_identify(src/yolobot/models/suv/meshes) by extensions ['ignore', 'ignore_ament_install']
[0.449s] Level 1:colcon.colcon_core.package_identification:_identify(src/yolobot/models/suv/meshes) by extension 'ignore'
[0.450s] Level 1:colcon.colcon_core.package_identification:_identify(src/yolobot/models/suv/meshes) by extension 'ignore_ament_install'
[0.450s] Level 1:colcon.colcon_core.package_identification:_identify(src/yolobot/models/suv/meshes) by extensions ['colcon_pkg']
[0.450s] Level 1:colcon.colcon_core.package_identification:_identify(src/yolobot/models/suv/meshes) by extension 'colcon_pkg'
[0.450s] Level 1:colcon.colcon_core.package_identification:_identify(src/yolobot/models/suv/meshes) by extensions ['colcon_meta']
[0.450s] Level 1:colcon.colcon_core.package_identification:_identify(src/yolobot/models/suv/meshes) by extension 'colcon_meta'
[0.450s] Level 1:colcon.colcon_core.package_identification:_identify(src/yolobot/models/suv/meshes) by extensions ['ros']
[0.450s] Level 1:colcon.colcon_core.package_identification:_identify(src/yolobot/models/suv/meshes) by extension 'ros'
[0.450s] Level 1:colcon.colcon_core.package_identification:_identify(src/yolobot/models/suv/meshes) by extensions ['cmake', 'python']
[0.450s] Level 1:colcon.colcon_core.package_identification:_identify(src/yolobot/models/suv/meshes) by extension 'cmake'
[0.450s] Level 1:colcon.colcon_core.package_identification:_identify(src/yolobot/models/suv/meshes) by extension 'python'
[0.450s] Level 1:colcon.colcon_core.package_identification:_identify(src/yolobot/models/suv/meshes) by extensions ['python_setup_py']
[0.450s] Level 1:colcon.colcon_core.package_identification:_identify(src/yolobot/models/suv/meshes) by extension 'python_setup_py'
[0.450s] Level 1:colcon.colcon_core.package_identification:_identify(src/yolobot/src) by extensions ['ignore', 'ignore_ament_install']
[0.450s] Level 1:colcon.colcon_core.package_identification:_identify(src/yolobot/src) by extension 'ignore'
[0.450s] Level 1:colcon.colcon_core.package_identification:_identify(src/yolobot/src) by extension 'ignore_ament_install'
[0.451s] Level 1:colcon.colcon_core.package_identification:_identify(src/yolobot/src) by extensions ['colcon_pkg']
[0.451s] Level 1:colcon.colcon_core.package_identification:_identify(src/yolobot/src) by extension 'colcon_pkg'
[0.451s] Level 1:colcon.colcon_core.package_identification:_identify(src/yolobot/src) by extensions ['colcon_meta']
[0.451s] Level 1:colcon.colcon_core.package_identification:_identify(src/yolobot/src) by extension 'colcon_meta'
[0.451s] Level 1:colcon.colcon_core.package_identification:_identify(src/yolobot/src) by extensions ['ros']
[0.451s] Level 1:colcon.colcon_core.package_identification:_identify(src/yolobot/src) by extension 'ros'
[0.451s] Level 1:colcon.colcon_core.package_identification:_identify(src/yolobot/src) by extensions ['cmake', 'python']
[0.451s] Level 1:colcon.colcon_core.package_identification:_identify(src/yolobot/src) by extension 'cmake'
[0.451s] Level 1:colcon.colcon_core.package_identification:_identify(src/yolobot/src) by extension 'python'
[0.451s] Level 1:colcon.colcon_core.package_identification:_identify(src/yolobot/src) by extensions ['python_setup_py']
[0.451s] Level 1:colcon.colcon_core.package_identification:_identify(src/yolobot/src) by extension 'python_setup_py'
[0.451s] Level 1:colcon.colcon_core.package_identification:_identify(src/yolobot/src/yolobot_recognition) by extensions ['ignore', 'ignore_ament_install']
[0.451s] Level 1:colcon.colcon_core.package_identification:_identify(src/yolobot/src/yolobot_recognition) by extension 'ignore'
[0.451s] Level 1:colcon.colcon_core.package_identification:_identify(src/yolobot/src/yolobot_recognition) by extension 'ignore_ament_install'
[0.451s] Level 1:colcon.colcon_core.package_identification:_identify(src/yolobot/src/yolobot_recognition) by extensions ['colcon_pkg']
[0.451s] Level 1:colcon.colcon_core.package_identification:_identify(src/yolobot/src/yolobot_recognition) by extension 'colcon_pkg'
[0.452s] Level 1:colcon.colcon_core.package_identification:_identify(src/yolobot/src/yolobot_recognition) by extensions ['colcon_meta']
[0.452s] Level 1:colcon.colcon_core.package_identification:_identify(src/yolobot/src/yolobot_recognition) by extension 'colcon_meta'
[0.452s] Level 1:colcon.colcon_core.package_identification:_identify(src/yolobot/src/yolobot_recognition) by extensions ['ros']
[0.452s] Level 1:colcon.colcon_core.package_identification:_identify(src/yolobot/src/yolobot_recognition) by extension 'ros'
[0.452s] DEBUG:colcon.colcon_core.package_identification:Failed to parse potential ROS package manifest in'src/yolobot/src/yolobot_recognition': Error(s) in package 'src/yolobot/src/yolobot_recognition/package.xml':
The manifest contains invalid XML:
syntax error: line 1, column 0
[0.452s] Level 1:colcon.colcon_core.package_identification:_identify(src/yolobot/src/yolobot_recognition) by extensions ['cmake', 'python']
[0.452s] Level 1:colcon.colcon_core.package_identification:_identify(src/yolobot/src/yolobot_recognition) by extension 'cmake'
[0.455s] Level 1:colcon.colcon_core.package_identification:_identify(src/yolobot/src/yolobot_recognition) by extension 'python'
[0.455s] DEBUG:colcon.colcon_core.package_identification:Package 'src/yolobot/src/yolobot_recognition' with type 'cmake' and name 'yolobot_recognition'
[0.455s] Level 1:colcon.colcon_core.package_discovery:discover_packages(recursive) using defaults
[0.456s] Level 1:colcon.colcon_core.package_discovery:discover_packages(ignore) discover
[0.456s] Level 1:colcon.colcon_core.package_discovery:discover_packages(ignore) using defaults
[0.456s] Level 1:colcon.colcon_core.package_discovery:discover_packages(path) discover
[0.456s] Level 1:colcon.colcon_core.package_discovery:discover_packages(path) using defaults
[0.487s] Level 1:colcon.colcon_core.package_discovery:discover_packages(prefix_path) check parameters
[0.487s] Level 1:colcon.colcon_core.package_discovery:discover_packages(prefix_path) discover
[0.490s] DEBUG:colcon.colcon_installed_package_information.package_discovery:Found 3 installed packages in /home/tien/Documents/GitHub/BoutToHackNASA/source/godang_ws/install
[0.490s] DEBUG:colcon.colcon_installed_package_information.package_discovery:Found 3 installed packages in /home/tien/Documents/GitHub/ALL_CODE/red_ws/install
[0.491s] DEBUG:colcon.colcon_installed_package_information.package_discovery:Found 15 installed packages in /home/tien/turtlebot3_ws/install
[0.492s] DEBUG:colcon.colcon_installed_package_information.package_discovery:Found 3 installed packages in /home/tien/jinpao_naia_ws/install
[0.492s] DEBUG:colcon.colcon_installed_package_information.package_discovery:Found 1 installed packages in /home/tien/abu_ws/install
[0.493s] DEBUG:colcon.colcon_installed_package_information.package_discovery:Found 3 installed packages in /home/tien/three_wheel_ws/install
[0.493s] DEBUG:colcon.colcon_installed_package_information.package_discovery:Found 5 installed packages in /home/tien/jinpao_ws/install
[0.496s] DEBUG:colcon.colcon_installed_package_information.package_discovery:Found 410 installed packages in /opt/ros/humble
[0.501s] Level 1:colcon.colcon_core.package_discovery:discover_packages(prefix_path) using defaults
[0.560s] Level 5:colcon.colcon_core.verb:set package 'localization' build argument 'cmake_args' from command line to 'None'
[0.560s] Level 5:colcon.colcon_core.verb:set package 'localization' build argument 'cmake_target' from command line to 'None'
[0.560s] Level 5:colcon.colcon_core.verb:set package 'localization' build argument 'cmake_target_skip_unavailable' from command line to 'False'
[0.560s] Level 5:colcon.colcon_core.verb:set package 'localization' build argument 'cmake_clean_cache' from command line to 'False'
[0.560s] Level 5:colcon.colcon_core.verb:set package 'localization' build argument 'cmake_clean_first' from command line to 'False'
[0.560s] Level 5:colcon.colcon_core.verb:set package 'localization' build argument 'cmake_force_configure' from command line to 'False'
[0.560s] Level 5:colcon.colcon_core.verb:set package 'localization' build argument 'ament_cmake_args' from command line to 'None'
[0.560s] Level 5:colcon.colcon_core.verb:set package 'localization' build argument 'catkin_cmake_args' from command line to 'None'
[0.560s] Level 5:colcon.colcon_core.verb:set package 'localization' build argument 'catkin_skip_building_tests' from command line to 'False'
[0.560s] DEBUG:colcon.colcon_core.verb:Building package 'localization' with the following arguments: {'ament_cmake_args': None, 'build_base': '/home/tien/Documents/GitHub/BoutToHackNASA/source/godang_ws/build/localization', 'catkin_cmake_args': None, 'catkin_skip_building_tests': False, 'cmake_args': None, 'cmake_clean_cache': False, 'cmake_clean_first': False, 'cmake_force_configure': False, 'cmake_target': None, 'cmake_target_skip_unavailable': False, 'install_base': '/home/tien/Documents/GitHub/BoutToHackNASA/source/godang_ws/install/localization', 'merge_install': False, 'path': '/home/tien/Documents/GitHub/BoutToHackNASA/source/godang_ws/src/localization', 'symlink_install': False, 'test_result_base': None}
[0.561s] Level 5:colcon.colcon_core.verb:set package 'planing' build argument 'cmake_args' from command line to 'None'
[0.561s] Level 5:colcon.colcon_core.verb:set package 'planing' build argument 'cmake_target' from command line to 'None'
[0.561s] Level 5:colcon.colcon_core.verb:set package 'planing' build argument 'cmake_target_skip_unavailable' from command line to 'False'
[0.561s] Level 5:colcon.colcon_core.verb:set package 'planing' build argument 'cmake_clean_cache' from command line to 'False'
[0.561s] Level 5:colcon.colcon_core.verb:set package 'planing' build argument 'cmake_clean_first' from command line to 'False'
[0.561s] Level 5:colcon.colcon_core.verb:set package 'planing' build argument 'cmake_force_configure' from command line to 'False'
[0.561s] Level 5:colcon.colcon_core.verb:set package 'planing' build argument 'ament_cmake_args' from command line to 'None'
[0.561s] Level 5:colcon.colcon_core.verb:set package 'planing' build argument 'catkin_cmake_args' from command line to 'None'
[0.561s] Level 5:colcon.colcon_core.verb:set package 'planing' build argument 'catkin_skip_building_tests' from command line to 'False'
[0.561s] DEBUG:colcon.colcon_core.verb:Building package 'planing' with the following arguments: {'ament_cmake_args': None, 'build_base': '/home/tien/Documents/GitHub/BoutToHackNASA/source/godang_ws/build/planing', 'catkin_cmake_args': None, 'catkin_skip_building_tests': False, 'cmake_args': None, 'cmake_clean_cache': False, 'cmake_clean_first': False, 'cmake_force_configure': False, 'cmake_target': None, 'cmake_target_skip_unavailable': False, 'install_base': '/home/tien/Documents/GitHub/BoutToHackNASA/source/godang_ws/install/planing', 'merge_install': False, 'path': '/home/tien/Documents/GitHub/BoutToHackNASA/source/godang_ws/src/planing', 'symlink_install': False, 'test_result_base': None}
[0.561s] Level 5:colcon.colcon_core.verb:set package 'vision' build argument 'cmake_args' from command line to 'None'
[0.561s] Level 5:colcon.colcon_core.verb:set package 'vision' build argument 'cmake_target' from command line to 'None'
[0.561s] Level 5:colcon.colcon_core.verb:set package 'vision' build argument 'cmake_target_skip_unavailable' from command line to 'False'
[0.561s] Level 5:colcon.colcon_core.verb:set package 'vision' build argument 'cmake_clean_cache' from command line to 'False'
[0.561s] Level 5:colcon.colcon_core.verb:set package 'vision' build argument 'cmake_clean_first' from command line to 'False'
[0.561s] Level 5:colcon.colcon_core.verb:set package 'vision' build argument 'cmake_force_configure' from command line to 'False'
[0.561s] Level 5:colcon.colcon_core.verb:set package 'vision' build argument 'ament_cmake_args' from command line to 'None'
[0.561s] Level 5:colcon.colcon_core.verb:set package 'vision' build argument 'catkin_cmake_args' from command line to 'None'
[0.561s] Level 5:colcon.colcon_core.verb:set package 'vision' build argument 'catkin_skip_building_tests' from command line to 'False'
[0.562s] DEBUG:colcon.colcon_core.verb:Building package 'vision' with the following arguments: {'ament_cmake_args': None, 'build_base': '/home/tien/Documents/GitHub/BoutToHackNASA/source/godang_ws/build/vision', 'catkin_cmake_args': None, 'catkin_skip_building_tests': False, 'cmake_args': None, 'cmake_clean_cache': False, 'cmake_clean_first': False, 'cmake_force_configure': False, 'cmake_target': None, 'cmake_target_skip_unavailable': False, 'install_base': '/home/tien/Documents/GitHub/BoutToHackNASA/source/godang_ws/install/vision', 'merge_install': False, 'path': '/home/tien/Documents/GitHub/BoutToHackNASA/source/godang_ws/src/vision', 'symlink_install': False, 'test_result_base': None}
[0.562s] Level 5:colcon.colcon_core.verb:set package 'yolobot_recognition' build argument 'cmake_args' from command line to 'None'
[0.562s] Level 5:colcon.colcon_core.verb:set package 'yolobot_recognition' build argument 'cmake_target' from command line to 'None'
[0.562s] Level 5:colcon.colcon_core.verb:set package 'yolobot_recognition' build argument 'cmake_target_skip_unavailable' from command line to 'False'
[0.562s] Level 5:colcon.colcon_core.verb:set package 'yolobot_recognition' build argument 'cmake_clean_cache' from command line to 'False'
[0.562s] Level 5:colcon.colcon_core.verb:set package 'yolobot_recognition' build argument 'cmake_clean_first' from command line to 'False'
[0.562s] Level 5:colcon.colcon_core.verb:set package 'yolobot_recognition' build argument 'cmake_force_configure' from command line to 'False'
[0.562s] Level 5:colcon.colcon_core.verb:set package 'yolobot_recognition' build argument 'ament_cmake_args' from command line to 'None'
[0.562s] Level 5:colcon.colcon_core.verb:set package 'yolobot_recognition' build argument 'catkin_cmake_args' from command line to 'None'
[0.562s] Level 5:colcon.colcon_core.verb:set package 'yolobot_recognition' build argument 'catkin_skip_building_tests' from command line to 'False'
[0.562s] DEBUG:colcon.colcon_core.verb:Building package 'yolobot_recognition' with the following arguments: {'ament_cmake_args': None, 'build_base': '/home/tien/Documents/GitHub/BoutToHackNASA/source/godang_ws/build/yolobot_recognition', 'catkin_cmake_args': None, 'catkin_skip_building_tests': False, 'cmake_args': None, 'cmake_clean_cache': False, 'cmake_clean_first': False, 'cmake_force_configure': False, 'cmake_target': None, 'cmake_target_skip_unavailable': False, 'install_base': '/home/tien/Documents/GitHub/BoutToHackNASA/source/godang_ws/install/yolobot_recognition', 'merge_install': False, 'path': '/home/tien/Documents/GitHub/BoutToHackNASA/source/godang_ws/src/yolobot/src/yolobot_recognition', 'symlink_install': False, 'test_result_base': None}
[0.562s] INFO:colcon.colcon_core.executor:Executing jobs using 'parallel' executor
[0.564s] DEBUG:colcon.colcon_parallel_executor.executor.parallel:run_until_complete
[0.564s] INFO:colcon.colcon_ros.task.ament_python.build:Building ROS package in '/home/tien/Documents/GitHub/BoutToHackNASA/source/godang_ws/src/localization' with build type 'ament_python'
[0.564s] Level 1:colcon.colcon_core.shell:create_environment_hook('localization', 'ament_prefix_path')
[0.567s] INFO:colcon.colcon_core.plugin_system:Skipping extension 'colcon_core.shell.bat': Not used on non-Windows systems
[0.567s] INFO:colcon.colcon_core.shell:Creating environment hook '/home/tien/Documents/GitHub/BoutToHackNASA/source/godang_ws/install/localization/share/localization/hook/ament_prefix_path.ps1'
[0.568s] INFO:colcon.colcon_core.shell:Creating environment descriptor '/home/tien/Documents/GitHub/BoutToHackNASA/source/godang_ws/install/localization/share/localization/hook/ament_prefix_path.dsv'
[0.569s] INFO:colcon.colcon_core.shell:Creating environment hook '/home/tien/Documents/GitHub/BoutToHackNASA/source/godang_ws/install/localization/share/localization/hook/ament_prefix_path.sh'
[0.570s] INFO:colcon.colcon_core.shell:Skip shell extension 'powershell' for command environment: Not usable outside of PowerShell
[0.570s] DEBUG:colcon.colcon_core.shell:Skip shell extension 'dsv' for command environment
[0.578s] INFO:colcon.colcon_ros.task.ament_python.build:Building ROS package in '/home/tien/Documents/GitHub/BoutToHackNASA/source/godang_ws/src/planing' with build type 'ament_python'
[0.578s] Level 1:colcon.colcon_core.shell:create_environment_hook('planing', 'ament_prefix_path')
[0.578s] INFO:colcon.colcon_core.shell:Creating environment hook '/home/tien/Documents/GitHub/BoutToHackNASA/source/godang_ws/install/planing/share/planing/hook/ament_prefix_path.ps1'
[0.579s] INFO:colcon.colcon_core.shell:Creating environment descriptor '/home/tien/Documents/GitHub/BoutToHackNASA/source/godang_ws/install/planing/share/planing/hook/ament_prefix_path.dsv'
[0.579s] INFO:colcon.colcon_core.shell:Creating environment hook '/home/tien/Documents/GitHub/BoutToHackNASA/source/godang_ws/install/planing/share/planing/hook/ament_prefix_path.sh'
[0.580s] INFO:colcon.colcon_core.shell:Skip shell extension 'powershell' for command environment: Not usable outside of PowerShell
[0.580s] DEBUG:colcon.colcon_core.shell:Skip shell extension 'dsv' for command environment
[0.588s] INFO:colcon.colcon_ros.task.ament_python.build:Building ROS package in '/home/tien/Documents/GitHub/BoutToHackNASA/source/godang_ws/src/vision' with build type 'ament_python'
[0.588s] Level 1:colcon.colcon_core.shell:create_environment_hook('vision', 'ament_prefix_path')
[0.588s] INFO:colcon.colcon_core.shell:Creating environment hook '/home/tien/Documents/GitHub/BoutToHackNASA/source/godang_ws/install/vision/share/vision/hook/ament_prefix_path.ps1'
[0.590s] INFO:colcon.colcon_core.shell:Creating environment descriptor '/home/tien/Documents/GitHub/BoutToHackNASA/source/godang_ws/install/vision/share/vision/hook/ament_prefix_path.dsv'
[0.590s] INFO:colcon.colcon_core.shell:Creating environment hook '/home/tien/Documents/GitHub/BoutToHackNASA/source/godang_ws/install/vision/share/vision/hook/ament_prefix_path.sh'
[0.591s] INFO:colcon.colcon_core.shell:Skip shell extension 'powershell' for command environment: Not usable outside of PowerShell
[0.591s] DEBUG:colcon.colcon_core.shell:Skip shell extension 'dsv' for command environment
[0.600s] INFO:colcon.colcon_cmake.task.cmake.build:Building CMake package in '/home/tien/Documents/GitHub/BoutToHackNASA/source/godang_ws/src/yolobot/src/yolobot_recognition'
[0.600s] INFO:colcon.colcon_core.shell:Skip shell extension 'powershell' for command environment: Not usable outside of PowerShell
[0.601s] DEBUG:colcon.colcon_core.shell:Skip shell extension 'dsv' for command environment
[1.076s] INFO:colcon.colcon_core.task.python.build:Building Python package in '/home/tien/Documents/GitHub/BoutToHackNASA/source/godang_ws/src/localization'
[1.076s] INFO:colcon.colcon_core.shell:Skip shell extension 'powershell' for command environment: Not usable outside of PowerShell
[1.076s] DEBUG:colcon.colcon_core.shell:Skip shell extension 'dsv' for command environment
[1.614s] INFO:colcon.colcon_core.task.python.build:Building Python package in '/home/tien/Documents/GitHub/BoutToHackNASA/source/godang_ws/src/planing'
[1.614s] INFO:colcon.colcon_core.shell:Skip shell extension 'powershell' for command environment: Not usable outside of PowerShell
[1.614s] DEBUG:colcon.colcon_core.shell:Skip shell extension 'dsv' for command environment
[2.061s] INFO:colcon.colcon_core.task.python.build:Building Python package in '/home/tien/Documents/GitHub/BoutToHackNASA/source/godang_ws/src/vision'
[2.062s] INFO:colcon.colcon_core.shell:Skip shell extension 'powershell' for command environment: Not usable outside of PowerShell
[2.062s] DEBUG:colcon.colcon_core.shell:Skip shell extension 'dsv' for command environment
[2.086s] DEBUG:colcon.colcon_core.event_handler.log_command:Invoking command in '/home/tien/Documents/GitHub/BoutToHackNASA/source/godang_ws/build/yolobot_recognition': /usr/bin/cmake /home/tien/Documents/GitHub/BoutToHackNASA/source/godang_ws/src/yolobot/src/yolobot_recognition -DCMAKE_INSTALL_PREFIX=/home/tien/Documents/GitHub/BoutToHackNASA/source/godang_ws/install/yolobot_recognition
[2.120s] DEBUG:colcon.colcon_core.event_handler.log_command:Invoked command in '/home/tien/Documents/GitHub/BoutToHackNASA/source/godang_ws/build/yolobot_recognition' returned '1': /usr/bin/cmake /home/tien/Documents/GitHub/BoutToHackNASA/source/godang_ws/src/yolobot/src/yolobot_recognition -DCMAKE_INSTALL_PREFIX=/home/tien/Documents/GitHub/BoutToHackNASA/source/godang_ws/install/yolobot_recognition
[2.868s] DEBUG:colcon.colcon_parallel_executor.executor.parallel:closing loop
[2.869s] DEBUG:colcon.colcon_parallel_executor.executor.parallel:loop closed
[2.869s] DEBUG:colcon.colcon_parallel_executor.executor.parallel:run_until_complete finished with '1'
[2.870s] DEBUG:colcon.colcon_core.event_reactor:joining thread
[2.882s] INFO:colcon.colcon_core.plugin_system:Skipping extension 'colcon_notification.desktop_notification.terminal_notifier': Not used on non-Darwin systems
[2.882s] INFO:colcon.colcon_core.plugin_system:Skipping extension 'colcon_notification.desktop_notification.win32': Not used on non-Windows systems
[2.882s] INFO:colcon.colcon_notification.desktop_notification:Sending desktop notification using 'notify2'
[2.904s] DEBUG:colcon.colcon_core.event_reactor:joined thread
[2.905s] INFO:colcon.colcon_core.shell:Creating prefix script '/home/tien/Documents/GitHub/BoutToHackNASA/source/godang_ws/install/local_setup.ps1'
[2.906s] INFO:colcon.colcon_core.shell:Creating prefix util module '/home/tien/Documents/GitHub/BoutToHackNASA/source/godang_ws/install/_local_setup_util_ps1.py'
[2.908s] INFO:colcon.colcon_core.shell:Creating prefix chain script '/home/tien/Documents/GitHub/BoutToHackNASA/source/godang_ws/install/setup.ps1'
[2.912s] INFO:colcon.colcon_core.shell:Creating prefix script '/home/tien/Documents/GitHub/BoutToHackNASA/source/godang_ws/install/local_setup.sh'
[2.913s] INFO:colcon.colcon_core.shell:Creating prefix util module '/home/tien/Documents/GitHub/BoutToHackNASA/source/godang_ws/install/_local_setup_util_sh.py'
[2.914s] INFO:colcon.colcon_core.shell:Creating prefix chain script '/home/tien/Documents/GitHub/BoutToHackNASA/source/godang_ws/install/setup.sh'
[2.918s] INFO:colcon.colcon_core.shell:Creating prefix script '/home/tien/Documents/GitHub/BoutToHackNASA/source/godang_ws/install/local_setup.bash'
[2.919s] INFO:colcon.colcon_core.shell:Creating prefix chain script '/home/tien/Documents/GitHub/BoutToHackNASA/source/godang_ws/install/setup.bash'
[2.923s] INFO:colcon.colcon_core.shell:Creating prefix script '/home/tien/Documents/GitHub/BoutToHackNASA/source/godang_ws/install/local_setup.zsh'
[2.924s] INFO:colcon.colcon_core.shell:Creating prefix chain script '/home/tien/Documents/GitHub/BoutToHackNASA/source/godang_ws/install/setup.zsh'
