[1.467s] Invoking command in '/ros2_file/godang_ws/src/vision': PYTHONPATH=/ros2_file/godang_ws/build/vision/prefix_override:/ros2_file/godang_ws/install/vision/lib/python3.10/site-packages: /usr/bin/python3 -W ignore:setup.py install is deprecated setup.py egg_info --egg-base ../../build/vision build --build-base /ros2_file/godang_ws/build/vision/build install --record /ros2_file/godang_ws/build/vision/install.log --single-version-externally-managed install_data
[1.808s] running egg_info
[1.813s] writing ../../build/vision/vision.egg-info/PKG-INFO
[1.815s] writing dependency_links to ../../build/vision/vision.egg-info/dependency_links.txt
[1.815s] writing entry points to ../../build/vision/vision.egg-info/entry_points.txt
[1.817s] writing requirements to ../../build/vision/vision.egg-info/requires.txt
[1.818s] writing top-level names to ../../build/vision/vision.egg-info/top_level.txt
[1.822s] reading manifest file '../../build/vision/vision.egg-info/SOURCES.txt'
[1.824s] writing manifest file '../../build/vision/vision.egg-info/SOURCES.txt'
[1.826s] running build
[1.827s] running build_py
[1.828s] running install
[1.829s] running install_lib
[1.833s] running install_data
[1.834s] running install_egg_info
[1.839s] removing '/ros2_file/godang_ws/install/vision/lib/python3.10/site-packages/vision-0.0.0-py3.10.egg-info' (and everything under it)
[1.841s] Copying ../../build/vision/vision.egg-info to /ros2_file/godang_ws/install/vision/lib/python3.10/site-packages/vision-0.0.0-py3.10.egg-info
[1.852s] running install_scripts
[1.906s] writing list of installed files to '/ros2_file/godang_ws/build/vision/install.log'
[1.992s] Invoked command in '/ros2_file/godang_ws/src/vision' returned '0': PYTHONPATH=/ros2_file/godang_ws/build/vision/prefix_override:/ros2_file/godang_ws/install/vision/lib/python3.10/site-packages: /usr/bin/python3 -W ignore:setup.py install is deprecated setup.py egg_info --egg-base ../../build/vision build --build-base /ros2_file/godang_ws/build/vision/build install --record /ros2_file/godang_ws/build/vision/install.log --single-version-externally-managed install_data
