[0.849s] Invoking command in '/home/tien/Documents/GitHub/BoutToHackNASA/source/godang_ws/src/vision': PYTHONPATH=/home/tien/Documents/GitHub/BoutToHackNASA/source/godang_ws/build/vision/prefix_override:/home/tien/Documents/GitHub/BoutToHackNASA/source/godang_ws/install/vision/lib/python3.10/site-packages:${PYTHONPATH} /usr/bin/python3 -W ignore:setup.py install is deprecated setup.py egg_info --egg-base ../../build/vision build --build-base /home/tien/Documents/GitHub/BoutToHackNASA/source/godang_ws/build/vision/build install --record /home/tien/Documents/GitHub/BoutToHackNASA/source/godang_ws/build/vision/install.log --single-version-externally-managed install_data
[1.022s] running egg_info
[1.033s] writing ../../build/vision/vision.egg-info/PKG-INFO
[1.033s] writing dependency_links to ../../build/vision/vision.egg-info/dependency_links.txt
[1.033s] writing entry points to ../../build/vision/vision.egg-info/entry_points.txt
[1.033s] writing requirements to ../../build/vision/vision.egg-info/requires.txt
[1.033s] writing top-level names to ../../build/vision/vision.egg-info/top_level.txt
[1.057s] reading manifest file '../../build/vision/vision.egg-info/SOURCES.txt'
[1.059s] writing manifest file '../../build/vision/vision.egg-info/SOURCES.txt'
[1.059s] running build
[1.059s] running build_py
[1.059s] copying vision/Get_depth.py -> /home/tien/Documents/GitHub/BoutToHackNASA/source/godang_ws/build/vision/build/lib/vision
[1.059s] copying vision/vision_node.py -> /home/tien/Documents/GitHub/BoutToHackNASA/source/godang_ws/build/vision/build/lib/vision
[1.059s] copying vision/silo_detect.py -> /home/tien/Documents/GitHub/BoutToHackNASA/source/godang_ws/build/vision/build/lib/vision
[1.060s] copying vision/ballonthefloor.py -> /home/tien/Documents/GitHub/BoutToHackNASA/source/godang_ws/build/vision/build/lib/vision
[1.060s] copying vision/silo_decision.py -> /home/tien/Documents/GitHub/BoutToHackNASA/source/godang_ws/build/vision/build/lib/vision
[1.060s] copying vision/cam_midball.py -> /home/tien/Documents/GitHub/BoutToHackNASA/source/godang_ws/build/vision/build/lib/vision
[1.060s] copying vision/config.py -> /home/tien/Documents/GitHub/BoutToHackNASA/source/godang_ws/build/vision/build/lib/vision
[1.060s] copying vision/linetracking.py -> /home/tien/Documents/GitHub/BoutToHackNASA/source/godang_ws/build/vision/build/lib/vision
[1.060s] copying vision/depth_scale_ball.py -> /home/tien/Documents/GitHub/BoutToHackNASA/source/godang_ws/build/vision/build/lib/vision
[1.060s] copying vision/ML.py -> /home/tien/Documents/GitHub/BoutToHackNASA/source/godang_ws/build/vision/build/lib/vision
[1.060s] copying vision/__init__.py -> /home/tien/Documents/GitHub/BoutToHackNASA/source/godang_ws/build/vision/build/lib/vision
[1.060s] copying vision/yolov10/app.py -> /home/tien/Documents/GitHub/BoutToHackNASA/source/godang_ws/build/vision/build/lib/vision/yolov10
[1.060s] copying vision/yolov10/flops.py -> /home/tien/Documents/GitHub/BoutToHackNASA/source/godang_ws/build/vision/build/lib/vision/yolov10
[1.060s] copying vision/yolov10/__init__.py -> /home/tien/Documents/GitHub/BoutToHackNASA/source/godang_ws/build/vision/build/lib/vision/yolov10
[1.060s] copying vision/yolov10/ultralytics/__init__.py -> /home/tien/Documents/GitHub/BoutToHackNASA/source/godang_ws/build/vision/build/lib/vision/yolov10/ultralytics
[1.060s] copying vision/yolov10/ultralytics/cfg/__init__.py -> /home/tien/Documents/GitHub/BoutToHackNASA/source/godang_ws/build/vision/build/lib/vision/yolov10/ultralytics/cfg
[1.061s] copying vision/yolov10/ultralytics/data/dataset.py -> /home/tien/Documents/GitHub/BoutToHackNASA/source/godang_ws/build/vision/build/lib/vision/yolov10/ultralytics/data
[1.061s] copying vision/yolov10/ultralytics/data/split_dota.py -> /home/tien/Documents/GitHub/BoutToHackNASA/source/godang_ws/build/vision/build/lib/vision/yolov10/ultralytics/data
[1.061s] copying vision/yolov10/ultralytics/data/annotator.py -> /home/tien/Documents/GitHub/BoutToHackNASA/source/godang_ws/build/vision/build/lib/vision/yolov10/ultralytics/data
[1.061s] copying vision/yolov10/ultralytics/data/loaders.py -> /home/tien/Documents/GitHub/BoutToHackNASA/source/godang_ws/build/vision/build/lib/vision/yolov10/ultralytics/data
[1.061s] copying vision/yolov10/ultralytics/data/build.py -> /home/tien/Documents/GitHub/BoutToHackNASA/source/godang_ws/build/vision/build/lib/vision/yolov10/ultralytics/data
[1.061s] copying vision/yolov10/ultralytics/data/augment.py -> /home/tien/Documents/GitHub/BoutToHackNASA/source/godang_ws/build/vision/build/lib/vision/yolov10/ultralytics/data
[1.061s] copying vision/yolov10/ultralytics/data/utils.py -> /home/tien/Documents/GitHub/BoutToHackNASA/source/godang_ws/build/vision/build/lib/vision/yolov10/ultralytics/data
[1.061s] copying vision/yolov10/ultralytics/data/__init__.py -> /home/tien/Documents/GitHub/BoutToHackNASA/source/godang_ws/build/vision/build/lib/vision/yolov10/ultralytics/data
[1.061s] copying vision/yolov10/ultralytics/data/converter.py -> /home/tien/Documents/GitHub/BoutToHackNASA/source/godang_ws/build/vision/build/lib/vision/yolov10/ultralytics/data
[1.061s] copying vision/yolov10/ultralytics/data/base.py -> /home/tien/Documents/GitHub/BoutToHackNASA/source/godang_ws/build/vision/build/lib/vision/yolov10/ultralytics/data
[1.062s] copying vision/yolov10/ultralytics/models/__init__.py -> /home/tien/Documents/GitHub/BoutToHackNASA/source/godang_ws/build/vision/build/lib/vision/yolov10/ultralytics/models
[1.062s] copying vision/yolov10/ultralytics/nn/autobackend.py -> /home/tien/Documents/GitHub/BoutToHackNASA/source/godang_ws/build/vision/build/lib/vision/yolov10/ultralytics/nn
[1.062s] copying vision/yolov10/ultralytics/nn/__init__.py -> /home/tien/Documents/GitHub/BoutToHackNASA/source/godang_ws/build/vision/build/lib/vision/yolov10/ultralytics/nn
[1.062s] copying vision/yolov10/ultralytics/nn/tasks.py -> /home/tien/Documents/GitHub/BoutToHackNASA/source/godang_ws/build/vision/build/lib/vision/yolov10/ultralytics/nn
[1.062s] copying vision/yolov10/ultralytics/engine/exporter.py -> /home/tien/Documents/GitHub/BoutToHackNASA/source/godang_ws/build/vision/build/lib/vision/yolov10/ultralytics/engine
[1.062s] copying vision/yolov10/ultralytics/engine/trainer.py -> /home/tien/Documents/GitHub/BoutToHackNASA/source/godang_ws/build/vision/build/lib/vision/yolov10/ultralytics/engine
[1.062s] copying vision/yolov10/ultralytics/engine/model.py -> /home/tien/Documents/GitHub/BoutToHackNASA/source/godang_ws/build/vision/build/lib/vision/yolov10/ultralytics/engine
[1.062s] copying vision/yolov10/ultralytics/engine/predictor.py -> /home/tien/Documents/GitHub/BoutToHackNASA/source/godang_ws/build/vision/build/lib/vision/yolov10/ultralytics/engine
[1.063s] copying vision/yolov10/ultralytics/engine/results.py -> /home/tien/Documents/GitHub/BoutToHackNASA/source/godang_ws/build/vision/build/lib/vision/yolov10/ultralytics/engine
[1.063s] copying vision/yolov10/ultralytics/engine/tuner.py -> /home/tien/Documents/GitHub/BoutToHackNASA/source/godang_ws/build/vision/build/lib/vision/yolov10/ultralytics/engine
[1.063s] copying vision/yolov10/ultralytics/engine/__init__.py -> /home/tien/Documents/GitHub/BoutToHackNASA/source/godang_ws/build/vision/build/lib/vision/yolov10/ultralytics/engine
[1.063s] copying vision/yolov10/ultralytics/engine/validator.py -> /home/tien/Documents/GitHub/BoutToHackNASA/source/godang_ws/build/vision/build/lib/vision/yolov10/ultralytics/engine
[1.063s] copying vision/yolov10/ultralytics/solutions/distance_calculation.py -> /home/tien/Documents/GitHub/BoutToHackNASA/source/godang_ws/build/vision/build/lib/vision/yolov10/ultralytics/solutions
[1.063s] copying vision/yolov10/ultralytics/solutions/ai_gym.py -> /home/tien/Documents/GitHub/BoutToHackNASA/source/godang_ws/build/vision/build/lib/vision/yolov10/ultralytics/solutions
[1.063s] copying vision/yolov10/ultralytics/solutions/object_counter.py -> /home/tien/Documents/GitHub/BoutToHackNASA/source/godang_ws/build/vision/build/lib/vision/yolov10/ultralytics/solutions
[1.063s] copying vision/yolov10/ultralytics/solutions/__init__.py -> /home/tien/Documents/GitHub/BoutToHackNASA/source/godang_ws/build/vision/build/lib/vision/yolov10/ultralytics/solutions
[1.063s] copying vision/yolov10/ultralytics/solutions/heatmap.py -> /home/tien/Documents/GitHub/BoutToHackNASA/source/godang_ws/build/vision/build/lib/vision/yolov10/ultralytics/solutions
[1.063s] copying vision/yolov10/ultralytics/solutions/speed_estimation.py -> /home/tien/Documents/GitHub/BoutToHackNASA/source/godang_ws/build/vision/build/lib/vision/yolov10/ultralytics/solutions
[1.064s] copying vision/yolov10/ultralytics/utils/files.py -> /home/tien/Documents/GitHub/BoutToHackNASA/source/godang_ws/build/vision/build/lib/vision/yolov10/ultralytics/utils
[1.064s] copying vision/yolov10/ultralytics/utils/metrics.py -> /home/tien/Documents/GitHub/BoutToHackNASA/source/godang_ws/build/vision/build/lib/vision/yolov10/ultralytics/utils
[1.064s] copying vision/yolov10/ultralytics/utils/loss.py -> /home/tien/Documents/GitHub/BoutToHackNASA/source/godang_ws/build/vision/build/lib/vision/yolov10/ultralytics/utils
[1.064s] copying vision/yolov10/ultralytics/utils/errors.py -> /home/tien/Documents/GitHub/BoutToHackNASA/source/godang_ws/build/vision/build/lib/vision/yolov10/ultralytics/utils
[1.064s] copying vision/yolov10/ultralytics/utils/triton.py -> /home/tien/Documents/GitHub/BoutToHackNASA/source/godang_ws/build/vision/build/lib/vision/yolov10/ultralytics/utils
[1.064s] copying vision/yolov10/ultralytics/utils/dist.py -> /home/tien/Documents/GitHub/BoutToHackNASA/source/godang_ws/build/vision/build/lib/vision/yolov10/ultralytics/utils
[1.064s] copying vision/yolov10/ultralytics/utils/autobatch.py -> /home/tien/Documents/GitHub/BoutToHackNASA/source/godang_ws/build/vision/build/lib/vision/yolov10/ultralytics/utils
[1.064s] copying vision/yolov10/ultralytics/utils/tal.py -> /home/tien/Documents/GitHub/BoutToHackNASA/source/godang_ws/build/vision/build/lib/vision/yolov10/ultralytics/utils
[1.064s] copying vision/yolov10/ultralytics/utils/ops.py -> /home/tien/Documents/GitHub/BoutToHackNASA/source/godang_ws/build/vision/build/lib/vision/yolov10/ultralytics/utils
[1.065s] copying vision/yolov10/ultralytics/utils/instance.py -> /home/tien/Documents/GitHub/BoutToHackNASA/source/godang_ws/build/vision/build/lib/vision/yolov10/ultralytics/utils
[1.065s] copying vision/yolov10/ultralytics/utils/checks.py -> /home/tien/Documents/GitHub/BoutToHackNASA/source/godang_ws/build/vision/build/lib/vision/yolov10/ultralytics/utils
[1.065s] copying vision/yolov10/ultralytics/utils/patches.py -> /home/tien/Documents/GitHub/BoutToHackNASA/source/godang_ws/build/vision/build/lib/vision/yolov10/ultralytics/utils
[1.065s] copying vision/yolov10/ultralytics/utils/benchmarks.py -> /home/tien/Documents/GitHub/BoutToHackNASA/source/godang_ws/build/vision/build/lib/vision/yolov10/ultralytics/utils
[1.065s] copying vision/yolov10/ultralytics/utils/tuner.py -> /home/tien/Documents/GitHub/BoutToHackNASA/source/godang_ws/build/vision/build/lib/vision/yolov10/ultralytics/utils
[1.065s] copying vision/yolov10/ultralytics/utils/torch_utils.py -> /home/tien/Documents/GitHub/BoutToHackNASA/source/godang_ws/build/vision/build/lib/vision/yolov10/ultralytics/utils
[1.065s] copying vision/yolov10/ultralytics/utils/plotting.py -> /home/tien/Documents/GitHub/BoutToHackNASA/source/godang_ws/build/vision/build/lib/vision/yolov10/ultralytics/utils
[1.065s] copying vision/yolov10/ultralytics/utils/__init__.py -> /home/tien/Documents/GitHub/BoutToHackNASA/source/godang_ws/build/vision/build/lib/vision/yolov10/ultralytics/utils
[1.065s] copying vision/yolov10/ultralytics/utils/downloads.py -> /home/tien/Documents/GitHub/BoutToHackNASA/source/godang_ws/build/vision/build/lib/vision/yolov10/ultralytics/utils
[1.066s] copying vision/yolov10/ultralytics/trackers/bot_sort.py -> /home/tien/Documents/GitHub/BoutToHackNASA/source/godang_ws/build/vision/build/lib/vision/yolov10/ultralytics/trackers
[1.066s] copying vision/yolov10/ultralytics/trackers/byte_tracker.py -> /home/tien/Documents/GitHub/BoutToHackNASA/source/godang_ws/build/vision/build/lib/vision/yolov10/ultralytics/trackers
[1.066s] copying vision/yolov10/ultralytics/trackers/__init__.py -> /home/tien/Documents/GitHub/BoutToHackNASA/source/godang_ws/build/vision/build/lib/vision/yolov10/ultralytics/trackers
[1.066s] copying vision/yolov10/ultralytics/trackers/basetrack.py -> /home/tien/Documents/GitHub/BoutToHackNASA/source/godang_ws/build/vision/build/lib/vision/yolov10/ultralytics/trackers
[1.066s] copying vision/yolov10/ultralytics/trackers/track.py -> /home/tien/Documents/GitHub/BoutToHackNASA/source/godang_ws/build/vision/build/lib/vision/yolov10/ultralytics/trackers
[1.066s] copying vision/yolov10/ultralytics/hub/session.py -> /home/tien/Documents/GitHub/BoutToHackNASA/source/godang_ws/build/vision/build/lib/vision/yolov10/ultralytics/hub
[1.066s] copying vision/yolov10/ultralytics/hub/auth.py -> /home/tien/Documents/GitHub/BoutToHackNASA/source/godang_ws/build/vision/build/lib/vision/yolov10/ultralytics/hub
[1.066s] copying vision/yolov10/ultralytics/hub/utils.py -> /home/tien/Documents/GitHub/BoutToHackNASA/source/godang_ws/build/vision/build/lib/vision/yolov10/ultralytics/hub
[1.066s] copying vision/yolov10/ultralytics/hub/__init__.py -> /home/tien/Documents/GitHub/BoutToHackNASA/source/godang_ws/build/vision/build/lib/vision/yolov10/ultralytics/hub
[1.067s] copying vision/yolov10/ultralytics/data/explorer/explorer.py -> /home/tien/Documents/GitHub/BoutToHackNASA/source/godang_ws/build/vision/build/lib/vision/yolov10/ultralytics/data/explorer
[1.067s] copying vision/yolov10/ultralytics/data/explorer/utils.py -> /home/tien/Documents/GitHub/BoutToHackNASA/source/godang_ws/build/vision/build/lib/vision/yolov10/ultralytics/data/explorer
[1.067s] copying vision/yolov10/ultralytics/data/explorer/__init__.py -> /home/tien/Documents/GitHub/BoutToHackNASA/source/godang_ws/build/vision/build/lib/vision/yolov10/ultralytics/data/explorer
[1.067s] copying vision/yolov10/ultralytics/data/explorer/gui/dash.py -> /home/tien/Documents/GitHub/BoutToHackNASA/source/godang_ws/build/vision/build/lib/vision/yolov10/ultralytics/data/explorer/gui
[1.067s] copying vision/yolov10/ultralytics/data/explorer/gui/__init__.py -> /home/tien/Documents/GitHub/BoutToHackNASA/source/godang_ws/build/vision/build/lib/vision/yolov10/ultralytics/data/explorer/gui
[1.067s] copying vision/yolov10/ultralytics/models/yolo/model.py -> /home/tien/Documents/GitHub/BoutToHackNASA/source/godang_ws/build/vision/build/lib/vision/yolov10/ultralytics/models/yolo
[1.067s] copying vision/yolov10/ultralytics/models/yolo/__init__.py -> /home/tien/Documents/GitHub/BoutToHackNASA/source/godang_ws/build/vision/build/lib/vision/yolov10/ultralytics/models/yolo
[1.067s] copying vision/yolov10/ultralytics/models/fastsam/model.py -> /home/tien/Documents/GitHub/BoutToHackNASA/source/godang_ws/build/vision/build/lib/vision/yolov10/ultralytics/models/fastsam
[1.067s] copying vision/yolov10/ultralytics/models/fastsam/val.py -> /home/tien/Documents/GitHub/BoutToHackNASA/source/godang_ws/build/vision/build/lib/vision/yolov10/ultralytics/models/fastsam
[1.067s] copying vision/yolov10/ultralytics/models/fastsam/predict.py -> /home/tien/Documents/GitHub/BoutToHackNASA/source/godang_ws/build/vision/build/lib/vision/yolov10/ultralytics/models/fastsam
[1.068s] copying vision/yolov10/ultralytics/models/fastsam/prompt.py -> /home/tien/Documents/GitHub/BoutToHackNASA/source/godang_ws/build/vision/build/lib/vision/yolov10/ultralytics/models/fastsam
[1.068s] copying vision/yolov10/ultralytics/models/fastsam/utils.py -> /home/tien/Documents/GitHub/BoutToHackNASA/source/godang_ws/build/vision/build/lib/vision/yolov10/ultralytics/models/fastsam
[1.068s] copying vision/yolov10/ultralytics/models/fastsam/__init__.py -> /home/tien/Documents/GitHub/BoutToHackNASA/source/godang_ws/build/vision/build/lib/vision/yolov10/ultralytics/models/fastsam
[1.068s] copying vision/yolov10/ultralytics/models/nas/model.py -> /home/tien/Documents/GitHub/BoutToHackNASA/source/godang_ws/build/vision/build/lib/vision/yolov10/ultralytics/models/nas
[1.068s] copying vision/yolov10/ultralytics/models/nas/val.py -> /home/tien/Documents/GitHub/BoutToHackNASA/source/godang_ws/build/vision/build/lib/vision/yolov10/ultralytics/models/nas
[1.068s] copying vision/yolov10/ultralytics/models/nas/predict.py -> /home/tien/Documents/GitHub/BoutToHackNASA/source/godang_ws/build/vision/build/lib/vision/yolov10/ultralytics/models/nas
[1.068s] copying vision/yolov10/ultralytics/models/nas/__init__.py -> /home/tien/Documents/GitHub/BoutToHackNASA/source/godang_ws/build/vision/build/lib/vision/yolov10/ultralytics/models/nas
[1.068s] copying vision/yolov10/ultralytics/models/rtdetr/train.py -> /home/tien/Documents/GitHub/BoutToHackNASA/source/godang_ws/build/vision/build/lib/vision/yolov10/ultralytics/models/rtdetr
[1.068s] copying vision/yolov10/ultralytics/models/rtdetr/model.py -> /home/tien/Documents/GitHub/BoutToHackNASA/source/godang_ws/build/vision/build/lib/vision/yolov10/ultralytics/models/rtdetr
[1.068s] copying vision/yolov10/ultralytics/models/rtdetr/val.py -> /home/tien/Documents/GitHub/BoutToHackNASA/source/godang_ws/build/vision/build/lib/vision/yolov10/ultralytics/models/rtdetr
[1.069s] copying vision/yolov10/ultralytics/models/rtdetr/predict.py -> /home/tien/Documents/GitHub/BoutToHackNASA/source/godang_ws/build/vision/build/lib/vision/yolov10/ultralytics/models/rtdetr
[1.069s] copying vision/yolov10/ultralytics/models/rtdetr/__init__.py -> /home/tien/Documents/GitHub/BoutToHackNASA/source/godang_ws/build/vision/build/lib/vision/yolov10/ultralytics/models/rtdetr
[1.069s] copying vision/yolov10/ultralytics/models/utils/loss.py -> /home/tien/Documents/GitHub/BoutToHackNASA/source/godang_ws/build/vision/build/lib/vision/yolov10/ultralytics/models/utils
[1.069s] copying vision/yolov10/ultralytics/models/utils/ops.py -> /home/tien/Documents/GitHub/BoutToHackNASA/source/godang_ws/build/vision/build/lib/vision/yolov10/ultralytics/models/utils
[1.069s] copying vision/yolov10/ultralytics/models/utils/__init__.py -> /home/tien/Documents/GitHub/BoutToHackNASA/source/godang_ws/build/vision/build/lib/vision/yolov10/ultralytics/models/utils
[1.069s] copying vision/yolov10/ultralytics/models/yolov10/train.py -> /home/tien/Documents/GitHub/BoutToHackNASA/source/godang_ws/build/vision/build/lib/vision/yolov10/ultralytics/models/yolov10
[1.069s] copying vision/yolov10/ultralytics/models/yolov10/model.py -> /home/tien/Documents/GitHub/BoutToHackNASA/source/godang_ws/build/vision/build/lib/vision/yolov10/ultralytics/models/yolov10
[1.069s] copying vision/yolov10/ultralytics/models/yolov10/val.py -> /home/tien/Documents/GitHub/BoutToHackNASA/source/godang_ws/build/vision/build/lib/vision/yolov10/ultralytics/models/yolov10
[1.069s] copying vision/yolov10/ultralytics/models/yolov10/predict.py -> /home/tien/Documents/GitHub/BoutToHackNASA/source/godang_ws/build/vision/build/lib/vision/yolov10/ultralytics/models/yolov10
[1.069s] copying vision/yolov10/ultralytics/models/yolov10/__init__.py -> /home/tien/Documents/GitHub/BoutToHackNASA/source/godang_ws/build/vision/build/lib/vision/yolov10/ultralytics/models/yolov10
[1.070s] copying vision/yolov10/ultralytics/models/sam/amg.py -> /home/tien/Documents/GitHub/BoutToHackNASA/source/godang_ws/build/vision/build/lib/vision/yolov10/ultralytics/models/sam
[1.070s] copying vision/yolov10/ultralytics/models/sam/model.py -> /home/tien/Documents/GitHub/BoutToHackNASA/source/godang_ws/build/vision/build/lib/vision/yolov10/ultralytics/models/sam
[1.070s] copying vision/yolov10/ultralytics/models/sam/build.py -> /home/tien/Documents/GitHub/BoutToHackNASA/source/godang_ws/build/vision/build/lib/vision/yolov10/ultralytics/models/sam
[1.070s] copying vision/yolov10/ultralytics/models/sam/predict.py -> /home/tien/Documents/GitHub/BoutToHackNASA/source/godang_ws/build/vision/build/lib/vision/yolov10/ultralytics/models/sam
[1.070s] copying vision/yolov10/ultralytics/models/sam/__init__.py -> /home/tien/Documents/GitHub/BoutToHackNASA/source/godang_ws/build/vision/build/lib/vision/yolov10/ultralytics/models/sam
[1.070s] copying vision/yolov10/ultralytics/models/yolo/obb/train.py -> /home/tien/Documents/GitHub/BoutToHackNASA/source/godang_ws/build/vision/build/lib/vision/yolov10/ultralytics/models/yolo/obb
[1.070s] copying vision/yolov10/ultralytics/models/yolo/obb/val.py -> /home/tien/Documents/GitHub/BoutToHackNASA/source/godang_ws/build/vision/build/lib/vision/yolov10/ultralytics/models/yolo/obb
[1.070s] copying vision/yolov10/ultralytics/models/yolo/obb/predict.py -> /home/tien/Documents/GitHub/BoutToHackNASA/source/godang_ws/build/vision/build/lib/vision/yolov10/ultralytics/models/yolo/obb
[1.070s] copying vision/yolov10/ultralytics/models/yolo/obb/__init__.py -> /home/tien/Documents/GitHub/BoutToHackNASA/source/godang_ws/build/vision/build/lib/vision/yolov10/ultralytics/models/yolo/obb
[1.070s] copying vision/yolov10/ultralytics/models/yolo/pose/train.py -> /home/tien/Documents/GitHub/BoutToHackNASA/source/godang_ws/build/vision/build/lib/vision/yolov10/ultralytics/models/yolo/pose
[1.071s] copying vision/yolov10/ultralytics/models/yolo/pose/val.py -> /home/tien/Documents/GitHub/BoutToHackNASA/source/godang_ws/build/vision/build/lib/vision/yolov10/ultralytics/models/yolo/pose
[1.071s] copying vision/yolov10/ultralytics/models/yolo/pose/predict.py -> /home/tien/Documents/GitHub/BoutToHackNASA/source/godang_ws/build/vision/build/lib/vision/yolov10/ultralytics/models/yolo/pose
[1.071s] copying vision/yolov10/ultralytics/models/yolo/pose/__init__.py -> /home/tien/Documents/GitHub/BoutToHackNASA/source/godang_ws/build/vision/build/lib/vision/yolov10/ultralytics/models/yolo/pose
[1.071s] copying vision/yolov10/ultralytics/models/yolo/detect/train.py -> /home/tien/Documents/GitHub/BoutToHackNASA/source/godang_ws/build/vision/build/lib/vision/yolov10/ultralytics/models/yolo/detect
[1.071s] copying vision/yolov10/ultralytics/models/yolo/detect/val.py -> /home/tien/Documents/GitHub/BoutToHackNASA/source/godang_ws/build/vision/build/lib/vision/yolov10/ultralytics/models/yolo/detect
[1.071s] copying vision/yolov10/ultralytics/models/yolo/detect/predict.py -> /home/tien/Documents/GitHub/BoutToHackNASA/source/godang_ws/build/vision/build/lib/vision/yolov10/ultralytics/models/yolo/detect
[1.071s] copying vision/yolov10/ultralytics/models/yolo/detect/__init__.py -> /home/tien/Documents/GitHub/BoutToHackNASA/source/godang_ws/build/vision/build/lib/vision/yolov10/ultralytics/models/yolo/detect
[1.071s] copying vision/yolov10/ultralytics/models/yolo/segment/train.py -> /home/tien/Documents/GitHub/BoutToHackNASA/source/godang_ws/build/vision/build/lib/vision/yolov10/ultralytics/models/yolo/segment
[1.071s] copying vision/yolov10/ultralytics/models/yolo/segment/val.py -> /home/tien/Documents/GitHub/BoutToHackNASA/source/godang_ws/build/vision/build/lib/vision/yolov10/ultralytics/models/yolo/segment
[1.071s] copying vision/yolov10/ultralytics/models/yolo/segment/predict.py -> /home/tien/Documents/GitHub/BoutToHackNASA/source/godang_ws/build/vision/build/lib/vision/yolov10/ultralytics/models/yolo/segment
[1.071s] copying vision/yolov10/ultralytics/models/yolo/segment/__init__.py -> /home/tien/Documents/GitHub/BoutToHackNASA/source/godang_ws/build/vision/build/lib/vision/yolov10/ultralytics/models/yolo/segment
[1.072s] copying vision/yolov10/ultralytics/models/yolo/classify/train.py -> /home/tien/Documents/GitHub/BoutToHackNASA/source/godang_ws/build/vision/build/lib/vision/yolov10/ultralytics/models/yolo/classify
[1.072s] copying vision/yolov10/ultralytics/models/yolo/classify/val.py -> /home/tien/Documents/GitHub/BoutToHackNASA/source/godang_ws/build/vision/build/lib/vision/yolov10/ultralytics/models/yolo/classify
[1.072s] copying vision/yolov10/ultralytics/models/yolo/classify/predict.py -> /home/tien/Documents/GitHub/BoutToHackNASA/source/godang_ws/build/vision/build/lib/vision/yolov10/ultralytics/models/yolo/classify
[1.072s] copying vision/yolov10/ultralytics/models/yolo/classify/__init__.py -> /home/tien/Documents/GitHub/BoutToHackNASA/source/godang_ws/build/vision/build/lib/vision/yolov10/ultralytics/models/yolo/classify
[1.072s] copying vision/yolov10/ultralytics/models/sam/modules/transformer.py -> /home/tien/Documents/GitHub/BoutToHackNASA/source/godang_ws/build/vision/build/lib/vision/yolov10/ultralytics/models/sam/modules
[1.072s] copying vision/yolov10/ultralytics/models/sam/modules/decoders.py -> /home/tien/Documents/GitHub/BoutToHackNASA/source/godang_ws/build/vision/build/lib/vision/yolov10/ultralytics/models/sam/modules
[1.072s] copying vision/yolov10/ultralytics/models/sam/modules/encoders.py -> /home/tien/Documents/GitHub/BoutToHackNASA/source/godang_ws/build/vision/build/lib/vision/yolov10/ultralytics/models/sam/modules
[1.072s] copying vision/yolov10/ultralytics/models/sam/modules/tiny_encoder.py -> /home/tien/Documents/GitHub/BoutToHackNASA/source/godang_ws/build/vision/build/lib/vision/yolov10/ultralytics/models/sam/modules
[1.073s] copying vision/yolov10/ultralytics/models/sam/modules/sam.py -> /home/tien/Documents/GitHub/BoutToHackNASA/source/godang_ws/build/vision/build/lib/vision/yolov10/ultralytics/models/sam/modules
[1.073s] copying vision/yolov10/ultralytics/models/sam/modules/__init__.py -> /home/tien/Documents/GitHub/BoutToHackNASA/source/godang_ws/build/vision/build/lib/vision/yolov10/ultralytics/models/sam/modules
[1.073s] copying vision/yolov10/ultralytics/nn/modules/transformer.py -> /home/tien/Documents/GitHub/BoutToHackNASA/source/godang_ws/build/vision/build/lib/vision/yolov10/ultralytics/nn/modules
[1.073s] copying vision/yolov10/ultralytics/nn/modules/head.py -> /home/tien/Documents/GitHub/BoutToHackNASA/source/godang_ws/build/vision/build/lib/vision/yolov10/ultralytics/nn/modules
[1.073s] copying vision/yolov10/ultralytics/nn/modules/conv.py -> /home/tien/Documents/GitHub/BoutToHackNASA/source/godang_ws/build/vision/build/lib/vision/yolov10/ultralytics/nn/modules
[1.073s] copying vision/yolov10/ultralytics/nn/modules/block.py -> /home/tien/Documents/GitHub/BoutToHackNASA/source/godang_ws/build/vision/build/lib/vision/yolov10/ultralytics/nn/modules
[1.073s] copying vision/yolov10/ultralytics/nn/modules/utils.py -> /home/tien/Documents/GitHub/BoutToHackNASA/source/godang_ws/build/vision/build/lib/vision/yolov10/ultralytics/nn/modules
[1.073s] copying vision/yolov10/ultralytics/nn/modules/__init__.py -> /home/tien/Documents/GitHub/BoutToHackNASA/source/godang_ws/build/vision/build/lib/vision/yolov10/ultralytics/nn/modules
[1.073s] copying vision/yolov10/ultralytics/utils/callbacks/dvc.py -> /home/tien/Documents/GitHub/BoutToHackNASA/source/godang_ws/build/vision/build/lib/vision/yolov10/ultralytics/utils/callbacks
[1.073s] copying vision/yolov10/ultralytics/utils/callbacks/neptune.py -> /home/tien/Documents/GitHub/BoutToHackNASA/source/godang_ws/build/vision/build/lib/vision/yolov10/ultralytics/utils/callbacks
[1.073s] copying vision/yolov10/ultralytics/utils/callbacks/mlflow.py -> /home/tien/Documents/GitHub/BoutToHackNASA/source/godang_ws/build/vision/build/lib/vision/yolov10/ultralytics/utils/callbacks
[1.073s] copying vision/yolov10/ultralytics/utils/callbacks/tensorboard.py -> /home/tien/Documents/GitHub/BoutToHackNASA/source/godang_ws/build/vision/build/lib/vision/yolov10/ultralytics/utils/callbacks
[1.074s] copying vision/yolov10/ultralytics/utils/callbacks/clearml.py -> /home/tien/Documents/GitHub/BoutToHackNASA/source/godang_ws/build/vision/build/lib/vision/yolov10/ultralytics/utils/callbacks
[1.074s] copying vision/yolov10/ultralytics/utils/callbacks/wb.py -> /home/tien/Documents/GitHub/BoutToHackNASA/source/godang_ws/build/vision/build/lib/vision/yolov10/ultralytics/utils/callbacks
[1.074s] copying vision/yolov10/ultralytics/utils/callbacks/comet.py -> /home/tien/Documents/GitHub/BoutToHackNASA/source/godang_ws/build/vision/build/lib/vision/yolov10/ultralytics/utils/callbacks
[1.074s] copying vision/yolov10/ultralytics/utils/callbacks/hub.py -> /home/tien/Documents/GitHub/BoutToHackNASA/source/godang_ws/build/vision/build/lib/vision/yolov10/ultralytics/utils/callbacks
[1.074s] copying vision/yolov10/ultralytics/utils/callbacks/__init__.py -> /home/tien/Documents/GitHub/BoutToHackNASA/source/godang_ws/build/vision/build/lib/vision/yolov10/ultralytics/utils/callbacks
[1.074s] copying vision/yolov10/ultralytics/utils/callbacks/raytune.py -> /home/tien/Documents/GitHub/BoutToHackNASA/source/godang_ws/build/vision/build/lib/vision/yolov10/ultralytics/utils/callbacks
[1.074s] copying vision/yolov10/ultralytics/utils/callbacks/base.py -> /home/tien/Documents/GitHub/BoutToHackNASA/source/godang_ws/build/vision/build/lib/vision/yolov10/ultralytics/utils/callbacks
[1.074s] copying vision/yolov10/ultralytics/trackers/utils/gmc.py -> /home/tien/Documents/GitHub/BoutToHackNASA/source/godang_ws/build/vision/build/lib/vision/yolov10/ultralytics/trackers/utils
[1.074s] copying vision/yolov10/ultralytics/trackers/utils/kalman_filter.py -> /home/tien/Documents/GitHub/BoutToHackNASA/source/godang_ws/build/vision/build/lib/vision/yolov10/ultralytics/trackers/utils
[1.074s] copying vision/yolov10/ultralytics/trackers/utils/matching.py -> /home/tien/Documents/GitHub/BoutToHackNASA/source/godang_ws/build/vision/build/lib/vision/yolov10/ultralytics/trackers/utils
[1.074s] copying vision/yolov10/ultralytics/trackers/utils/__init__.py -> /home/tien/Documents/GitHub/BoutToHackNASA/source/godang_ws/build/vision/build/lib/vision/yolov10/ultralytics/trackers/utils
[1.077s] running install
[1.081s] running install_lib
[1.092s] copying /home/tien/Documents/GitHub/BoutToHackNASA/source/godang_ws/build/vision/build/lib/vision/vision_node.py -> /home/tien/Documents/GitHub/BoutToHackNASA/source/godang_ws/install/vision/lib/python3.10/site-packages/vision
[1.095s] copying /home/tien/Documents/GitHub/BoutToHackNASA/source/godang_ws/build/vision/build/lib/vision/yolov10/ultralytics/__init__.py -> /home/tien/Documents/GitHub/BoutToHackNASA/source/godang_ws/install/vision/lib/python3.10/site-packages/vision/yolov10/ultralytics
[1.096s] byte-compiling /home/tien/Documents/GitHub/BoutToHackNASA/source/godang_ws/install/vision/lib/python3.10/site-packages/vision/vision_node.py to vision_node.cpython-310.pyc
[1.099s] byte-compiling /home/tien/Documents/GitHub/BoutToHackNASA/source/godang_ws/install/vision/lib/python3.10/site-packages/vision/yolov10/ultralytics/__init__.py to __init__.cpython-310.pyc
[1.100s] running install_data
[1.100s] copying resource/vision -> /home/tien/Documents/GitHub/BoutToHackNASA/source/godang_ws/install/vision/share/ament_index/resource_index/packages
[1.100s] copying package.xml -> /home/tien/Documents/GitHub/BoutToHackNASA/source/godang_ws/install/vision/share/vision
[1.100s] running install_egg_info
[1.113s] removing '/home/tien/Documents/GitHub/BoutToHackNASA/source/godang_ws/install/vision/lib/python3.10/site-packages/vision-0.0.0-py3.10.egg-info' (and everything under it)
[1.113s] Copying ../../build/vision/vision.egg-info to /home/tien/Documents/GitHub/BoutToHackNASA/source/godang_ws/install/vision/lib/python3.10/site-packages/vision-0.0.0-py3.10.egg-info
[1.113s] running install_scripts
[1.212s] Installing vision script to /home/tien/Documents/GitHub/BoutToHackNASA/source/godang_ws/install/vision/lib/vision
[1.215s] writing list of installed files to '/home/tien/Documents/GitHub/BoutToHackNASA/source/godang_ws/build/vision/install.log'
[1.234s] Invoked command in '/home/tien/Documents/GitHub/BoutToHackNASA/source/godang_ws/src/vision' returned '0': PYTHONPATH=/home/tien/Documents/GitHub/BoutToHackNASA/source/godang_ws/build/vision/prefix_override:/home/tien/Documents/GitHub/BoutToHackNASA/source/godang_ws/install/vision/lib/python3.10/site-packages:${PYTHONPATH} /usr/bin/python3 -W ignore:setup.py install is deprecated setup.py egg_info --egg-base ../../build/vision build --build-base /home/tien/Documents/GitHub/BoutToHackNASA/source/godang_ws/build/vision/build install --record /home/tien/Documents/GitHub/BoutToHackNASA/source/godang_ws/build/vision/install.log --single-version-externally-managed install_data
