[1.914s] Invoking command in '/home/tien/Documents/GitHub/BoutToHackNASA/source/godang_ws/src/vision': PYTHONPATH=/home/tien/Documents/GitHub/BoutToHackNASA/source/godang_ws/build/vision/prefix_override:/home/tien/Documents/GitHub/BoutToHackNASA/source/godang_ws/install/vision/lib/python3.10/site-packages:${PYTHONPATH} /usr/bin/python3 -W ignore:setup.py install is deprecated setup.py egg_info --egg-base ../../build/vision build --build-base /home/tien/Documents/GitHub/BoutToHackNASA/source/godang_ws/build/vision/build install --record /home/tien/Documents/GitHub/BoutToHackNASA/source/godang_ws/build/vision/install.log --single-version-externally-managed install_data
[2.340s] running egg_info
[2.340s] writing ../../build/vision/vision.egg-info/PKG-INFO
[2.341s] writing dependency_links to ../../build/vision/vision.egg-info/dependency_links.txt
[2.341s] writing entry points to ../../build/vision/vision.egg-info/entry_points.txt
[2.341s] writing requirements to ../../build/vision/vision.egg-info/requires.txt
[2.341s] writing top-level names to ../../build/vision/vision.egg-info/top_level.txt
[2.344s] reading manifest file '../../build/vision/vision.egg-info/SOURCES.txt'
[2.346s] writing manifest file '../../build/vision/vision.egg-info/SOURCES.txt'
[2.346s] running build
[2.346s] running build_py
[2.346s] copying vision/vision_node.py -> /home/tien/Documents/GitHub/BoutToHackNASA/source/godang_ws/build/vision/build/lib/vision
[2.346s] copying vision/silo_detect.py -> /home/tien/Documents/GitHub/BoutToHackNASA/source/godang_ws/build/vision/build/lib/vision
[2.347s] copying vision/ballonthefloor.py -> /home/tien/Documents/GitHub/BoutToHackNASA/source/godang_ws/build/vision/build/lib/vision
[2.347s] copying vision/silo_decision.py -> /home/tien/Documents/GitHub/BoutToHackNASA/source/godang_ws/build/vision/build/lib/vision
[2.347s] copying vision/cam_midball.py -> /home/tien/Documents/GitHub/BoutToHackNASA/source/godang_ws/build/vision/build/lib/vision
[2.347s] copying vision/config.py -> /home/tien/Documents/GitHub/BoutToHackNASA/source/godang_ws/build/vision/build/lib/vision
[2.347s] copying vision/ML.py -> /home/tien/Documents/GitHub/BoutToHackNASA/source/godang_ws/build/vision/build/lib/vision
[2.347s] copying vision/__init__.py -> /home/tien/Documents/GitHub/BoutToHackNASA/source/godang_ws/build/vision/build/lib/vision
[2.347s] running install
[2.347s] running install_lib
[2.348s] copying /home/tien/Documents/GitHub/BoutToHackNASA/source/godang_ws/build/vision/build/lib/vision/vision_node.py -> /home/tien/Documents/GitHub/BoutToHackNASA/source/godang_ws/install/vision/lib/python3.10/site-packages/vision
[2.349s] copying /home/tien/Documents/GitHub/BoutToHackNASA/source/godang_ws/build/vision/build/lib/vision/silo_detect.py -> /home/tien/Documents/GitHub/BoutToHackNASA/source/godang_ws/install/vision/lib/python3.10/site-packages/vision
[2.349s] copying /home/tien/Documents/GitHub/BoutToHackNASA/source/godang_ws/build/vision/build/lib/vision/ballonthefloor.py -> /home/tien/Documents/GitHub/BoutToHackNASA/source/godang_ws/install/vision/lib/python3.10/site-packages/vision
[2.349s] copying /home/tien/Documents/GitHub/BoutToHackNASA/source/godang_ws/build/vision/build/lib/vision/silo_decision.py -> /home/tien/Documents/GitHub/BoutToHackNASA/source/godang_ws/install/vision/lib/python3.10/site-packages/vision
[2.350s] copying /home/tien/Documents/GitHub/BoutToHackNASA/source/godang_ws/build/vision/build/lib/vision/cam_midball.py -> /home/tien/Documents/GitHub/BoutToHackNASA/source/godang_ws/install/vision/lib/python3.10/site-packages/vision
[2.350s] copying /home/tien/Documents/GitHub/BoutToHackNASA/source/godang_ws/build/vision/build/lib/vision/config.py -> /home/tien/Documents/GitHub/BoutToHackNASA/source/godang_ws/install/vision/lib/python3.10/site-packages/vision
[2.350s] copying /home/tien/Documents/GitHub/BoutToHackNASA/source/godang_ws/build/vision/build/lib/vision/ML.py -> /home/tien/Documents/GitHub/BoutToHackNASA/source/godang_ws/install/vision/lib/python3.10/site-packages/vision
[2.351s] copying /home/tien/Documents/GitHub/BoutToHackNASA/source/godang_ws/build/vision/build/lib/vision/__init__.py -> /home/tien/Documents/GitHub/BoutToHackNASA/source/godang_ws/install/vision/lib/python3.10/site-packages/vision
[2.351s] byte-compiling /home/tien/Documents/GitHub/BoutToHackNASA/source/godang_ws/install/vision/lib/python3.10/site-packages/vision/vision_node.py to vision_node.cpython-310.pyc
[2.352s] byte-compiling /home/tien/Documents/GitHub/BoutToHackNASA/source/godang_ws/install/vision/lib/python3.10/site-packages/vision/silo_detect.py to silo_detect.cpython-310.pyc
[2.354s] byte-compiling /home/tien/Documents/GitHub/BoutToHackNASA/source/godang_ws/install/vision/lib/python3.10/site-packages/vision/ballonthefloor.py to ballonthefloor.cpython-310.pyc
[2.358s] byte-compiling /home/tien/Documents/GitHub/BoutToHackNASA/source/godang_ws/install/vision/lib/python3.10/site-packages/vision/silo_decision.py to silo_decision.cpython-310.pyc
[2.359s] byte-compiling /home/tien/Documents/GitHub/BoutToHackNASA/source/godang_ws/install/vision/lib/python3.10/site-packages/vision/cam_midball.py to cam_midball.cpython-310.pyc
[2.360s] byte-compiling /home/tien/Documents/GitHub/BoutToHackNASA/source/godang_ws/install/vision/lib/python3.10/site-packages/vision/config.py to config.cpython-310.pyc
[2.361s] byte-compiling /home/tien/Documents/GitHub/BoutToHackNASA/source/godang_ws/install/vision/lib/python3.10/site-packages/vision/ML.py to ML.cpython-310.pyc
[2.362s] byte-compiling /home/tien/Documents/GitHub/BoutToHackNASA/source/godang_ws/install/vision/lib/python3.10/site-packages/vision/__init__.py to __init__.cpython-310.pyc
[2.362s] running install_data
[2.363s] copying resource/vision -> /home/tien/Documents/GitHub/BoutToHackNASA/source/godang_ws/install/vision/share/ament_index/resource_index/packages
[2.363s] copying package.xml -> /home/tien/Documents/GitHub/BoutToHackNASA/source/godang_ws/install/vision/share/vision
[2.363s] running install_egg_info
[2.366s] removing '/home/tien/Documents/GitHub/BoutToHackNASA/source/godang_ws/install/vision/lib/python3.10/site-packages/vision-0.0.0-py3.10.egg-info' (and everything under it)
[2.366s] Copying ../../build/vision/vision.egg-info to /home/tien/Documents/GitHub/BoutToHackNASA/source/godang_ws/install/vision/lib/python3.10/site-packages/vision-0.0.0-py3.10.egg-info
[2.367s] running install_scripts
[2.400s] Installing vision script to /home/tien/Documents/GitHub/BoutToHackNASA/source/godang_ws/install/vision/lib/vision
[2.401s] writing list of installed files to '/home/tien/Documents/GitHub/BoutToHackNASA/source/godang_ws/build/vision/install.log'
[2.458s] Invoked command in '/home/tien/Documents/GitHub/BoutToHackNASA/source/godang_ws/src/vision' returned '0': PYTHONPATH=/home/tien/Documents/GitHub/BoutToHackNASA/source/godang_ws/build/vision/prefix_override:/home/tien/Documents/GitHub/BoutToHackNASA/source/godang_ws/install/vision/lib/python3.10/site-packages:${PYTHONPATH} /usr/bin/python3 -W ignore:setup.py install is deprecated setup.py egg_info --egg-base ../../build/vision build --build-base /home/tien/Documents/GitHub/BoutToHackNASA/source/godang_ws/build/vision/build install --record /home/tien/Documents/GitHub/BoutToHackNASA/source/godang_ws/build/vision/install.log --single-version-externally-managed install_data
