[2.061s] Invoking command in '/home/tien/Documents/GitHub/BoutToHackNASA/source/godang_ws/src/vision': PYTHONPATH=/home/tien/Documents/GitHub/BoutToHackNASA/source/godang_ws/build/vision/prefix_override:/home/tien/Documents/GitHub/BoutToHackNASA/source/godang_ws/install/vision/lib/python3.10/site-packages:${PYTHONPATH} /usr/bin/python3 -W ignore:setup.py install is deprecated setup.py egg_info --egg-base ../../build/vision build --build-base /home/tien/Documents/GitHub/BoutToHackNASA/source/godang_ws/build/vision/build install --record /home/tien/Documents/GitHub/BoutToHackNASA/source/godang_ws/build/vision/install.log --single-version-externally-managed install_data
[2.641s] running egg_info
[2.642s] writing ../../build/vision/vision.egg-info/PKG-INFO
[2.642s] writing dependency_links to ../../build/vision/vision.egg-info/dependency_links.txt
[2.643s] writing entry points to ../../build/vision/vision.egg-info/entry_points.txt
[2.643s] writing requirements to ../../build/vision/vision.egg-info/requires.txt
[2.643s] writing top-level names to ../../build/vision/vision.egg-info/top_level.txt
[2.646s] reading manifest file '../../build/vision/vision.egg-info/SOURCES.txt'
[2.648s] writing manifest file '../../build/vision/vision.egg-info/SOURCES.txt'
[2.648s] running build
[2.648s] running build_py
[2.649s] creating /home/tien/Documents/GitHub/BoutToHackNASA/source/godang_ws/build/vision/build/lib/vision/AI
[2.649s] copying vision/AI/__init__.py -> /home/tien/Documents/GitHub/BoutToHackNASA/source/godang_ws/build/vision/build/lib/vision/AI
[2.649s] running install
[2.650s] running install_lib
[2.651s] creating /home/tien/Documents/GitHub/BoutToHackNASA/source/godang_ws/install/vision/lib/python3.10/site-packages/vision/AI
[2.651s] copying /home/tien/Documents/GitHub/BoutToHackNASA/source/godang_ws/build/vision/build/lib/vision/AI/__init__.py -> /home/tien/Documents/GitHub/BoutToHackNASA/source/godang_ws/install/vision/lib/python3.10/site-packages/vision/AI
[2.653s] byte-compiling /home/tien/Documents/GitHub/BoutToHackNASA/source/godang_ws/install/vision/lib/python3.10/site-packages/vision/AI/__init__.py to __init__.cpython-310.pyc
[2.653s] running install_data
[2.653s] running install_egg_info
[2.657s] removing '/home/tien/Documents/GitHub/BoutToHackNASA/source/godang_ws/install/vision/lib/python3.10/site-packages/vision-0.0.0-py3.10.egg-info' (and everything under it)
[2.657s] Copying ../../build/vision/vision.egg-info to /home/tien/Documents/GitHub/BoutToHackNASA/source/godang_ws/install/vision/lib/python3.10/site-packages/vision-0.0.0-py3.10.egg-info
[2.659s] running install_scripts
[2.701s] Installing vision script to /home/tien/Documents/GitHub/BoutToHackNASA/source/godang_ws/install/vision/lib/vision
[2.701s] writing list of installed files to '/home/tien/Documents/GitHub/BoutToHackNASA/source/godang_ws/build/vision/install.log'
[2.753s] Invoked command in '/home/tien/Documents/GitHub/BoutToHackNASA/source/godang_ws/src/vision' returned '0': PYTHONPATH=/home/tien/Documents/GitHub/BoutToHackNASA/source/godang_ws/build/vision/prefix_override:/home/tien/Documents/GitHub/BoutToHackNASA/source/godang_ws/install/vision/lib/python3.10/site-packages:${PYTHONPATH} /usr/bin/python3 -W ignore:setup.py install is deprecated setup.py egg_info --egg-base ../../build/vision build --build-base /home/tien/Documents/GitHub/BoutToHackNASA/source/godang_ws/build/vision/build install --record /home/tien/Documents/GitHub/BoutToHackNASA/source/godang_ws/build/vision/install.log --single-version-externally-managed install_data
