[1.607s] Invoking command in '/ros2_file/godang_ws/src/planing': PYTHONPATH=/ros2_file/godang_ws/build/planing/prefix_override:/ros2_file/godang_ws/install/planing/lib/python3.10/site-packages:${PYTHONPATH} /usr/bin/python3 -W ignore:setup.py install is deprecated setup.py egg_info --egg-base ../../build/planing build --build-base /ros2_file/godang_ws/build/planing/build install --record /ros2_file/godang_ws/build/planing/install.log --single-version-externally-managed install_data
[2.000s] running egg_info
[2.001s] writing ../../build/planing/planing.egg-info/PKG-INFO
[2.003s] writing dependency_links to ../../build/planing/planing.egg-info/dependency_links.txt
[2.005s] writing entry points to ../../build/planing/planing.egg-info/entry_points.txt
[2.008s] writing requirements to ../../build/planing/planing.egg-info/requires.txt
[2.010s] writing top-level names to ../../build/planing/planing.egg-info/top_level.txt
[2.014s] reading manifest file '../../build/planing/planing.egg-info/SOURCES.txt'
[2.016s] writing manifest file '../../build/planing/planing.egg-info/SOURCES.txt'
[2.018s] running build
[2.019s] running build_py
[2.021s] copying planing/planing_node.py -> /ros2_file/godang_ws/build/planing/build/lib/planing
[2.021s] running install
[2.023s] running install_lib
[2.024s] copying /ros2_file/godang_ws/build/planing/build/lib/planing/planing_node.py -> /ros2_file/godang_ws/install/planing/lib/python3.10/site-packages/planing
[2.026s] byte-compiling /ros2_file/godang_ws/install/planing/lib/python3.10/site-packages/planing/planing_node.py to planing_node.cpython-310.pyc
[2.027s] running install_data
[2.028s] running install_egg_info
[2.032s] removing '/ros2_file/godang_ws/install/planing/lib/python3.10/site-packages/planing-0.0.0-py3.10.egg-info' (and everything under it)
[2.033s] Copying ../../build/planing/planing.egg-info to /ros2_file/godang_ws/install/planing/lib/python3.10/site-packages/planing-0.0.0-py3.10.egg-info
[2.043s] running install_scripts
[2.093s] writing list of installed files to '/ros2_file/godang_ws/build/planing/install.log'
[2.209s] Invoked command in '/ros2_file/godang_ws/src/planing' returned '0': PYTHONPATH=/ros2_file/godang_ws/build/planing/prefix_override:/ros2_file/godang_ws/install/planing/lib/python3.10/site-packages:${PYTHONPATH} /usr/bin/python3 -W ignore:setup.py install is deprecated setup.py egg_info --egg-base ../../build/planing build --build-base /ros2_file/godang_ws/build/planing/build install --record /ros2_file/godang_ws/build/planing/install.log --single-version-externally-managed install_data
