[2.211s] Invoking command in '/home/tien/Documents/GitHub/BoutToHackNASA/source/godang_ws/src/vision': PYTHONPATH=/home/tien/Documents/GitHub/BoutToHackNASA/source/godang_ws/build/vision/prefix_override:/home/tien/Documents/GitHub/BoutToHackNASA/source/godang_ws/install/vision/lib/python3.10/site-packages:${PYTHONPATH} /usr/bin/python3 -W ignore:setup.py install is deprecated setup.py egg_info --egg-base ../../build/vision build --build-base /home/tien/Documents/GitHub/BoutToHackNASA/source/godang_ws/build/vision/build install --record /home/tien/Documents/GitHub/BoutToHackNASA/source/godang_ws/build/vision/install.log --single-version-externally-managed install_data
[2.729s] running egg_info
[2.731s] writing ../../build/vision/vision.egg-info/PKG-INFO
[2.731s] writing dependency_links to ../../build/vision/vision.egg-info/dependency_links.txt
[2.732s] writing entry points to ../../build/vision/vision.egg-info/entry_points.txt
[2.732s] writing requirements to ../../build/vision/vision.egg-info/requires.txt
[2.732s] writing top-level names to ../../build/vision/vision.egg-info/top_level.txt
[2.736s] reading manifest file '../../build/vision/vision.egg-info/SOURCES.txt'
[2.738s] writing manifest file '../../build/vision/vision.egg-info/SOURCES.txt'
[2.738s] running build
[2.738s] running build_py
[2.738s] copying vision/vision_node.py -> /home/tien/Documents/GitHub/BoutToHackNASA/source/godang_ws/build/vision/build/lib/vision
[2.739s] copying vision/get_image.py -> /home/tien/Documents/GitHub/BoutToHackNASA/source/godang_ws/build/vision/build/lib/vision
[2.739s] copying vision/silo_detect.py -> /home/tien/Documents/GitHub/BoutToHackNASA/source/godang_ws/build/vision/build/lib/vision
[2.739s] copying vision/ballonthefloor.py -> /home/tien/Documents/GitHub/BoutToHackNASA/source/godang_ws/build/vision/build/lib/vision
[2.739s] copying vision/silo_decision.py -> /home/tien/Documents/GitHub/BoutToHackNASA/source/godang_ws/build/vision/build/lib/vision
[2.739s] copying vision/cam_midball.py -> /home/tien/Documents/GitHub/BoutToHackNASA/source/godang_ws/build/vision/build/lib/vision
[2.739s] copying vision/config.py -> /home/tien/Documents/GitHub/BoutToHackNASA/source/godang_ws/build/vision/build/lib/vision
[2.740s] copying vision/depth_scale_ball.py -> /home/tien/Documents/GitHub/BoutToHackNASA/source/godang_ws/build/vision/build/lib/vision
[2.740s] copying vision/ML.py -> /home/tien/Documents/GitHub/BoutToHackNASA/source/godang_ws/build/vision/build/lib/vision
[2.740s] copying vision/__init__.py -> /home/tien/Documents/GitHub/BoutToHackNASA/source/godang_ws/build/vision/build/lib/vision
[2.740s] running install
[2.741s] running install_lib
[2.742s] copying /home/tien/Documents/GitHub/BoutToHackNASA/source/godang_ws/build/vision/build/lib/vision/vision_node.py -> /home/tien/Documents/GitHub/BoutToHackNASA/source/godang_ws/install/vision/lib/python3.10/site-packages/vision
[2.743s] copying /home/tien/Documents/GitHub/BoutToHackNASA/source/godang_ws/build/vision/build/lib/vision/get_image.py -> /home/tien/Documents/GitHub/BoutToHackNASA/source/godang_ws/install/vision/lib/python3.10/site-packages/vision
[2.743s] copying /home/tien/Documents/GitHub/BoutToHackNASA/source/godang_ws/build/vision/build/lib/vision/silo_detect.py -> /home/tien/Documents/GitHub/BoutToHackNASA/source/godang_ws/install/vision/lib/python3.10/site-packages/vision
[2.743s] copying /home/tien/Documents/GitHub/BoutToHackNASA/source/godang_ws/build/vision/build/lib/vision/ballonthefloor.py -> /home/tien/Documents/GitHub/BoutToHackNASA/source/godang_ws/install/vision/lib/python3.10/site-packages/vision
[2.743s] copying /home/tien/Documents/GitHub/BoutToHackNASA/source/godang_ws/build/vision/build/lib/vision/silo_decision.py -> /home/tien/Documents/GitHub/BoutToHackNASA/source/godang_ws/install/vision/lib/python3.10/site-packages/vision
[2.744s] copying /home/tien/Documents/GitHub/BoutToHackNASA/source/godang_ws/build/vision/build/lib/vision/cam_midball.py -> /home/tien/Documents/GitHub/BoutToHackNASA/source/godang_ws/install/vision/lib/python3.10/site-packages/vision
[2.744s] copying /home/tien/Documents/GitHub/BoutToHackNASA/source/godang_ws/build/vision/build/lib/vision/config.py -> /home/tien/Documents/GitHub/BoutToHackNASA/source/godang_ws/install/vision/lib/python3.10/site-packages/vision
[2.744s] copying /home/tien/Documents/GitHub/BoutToHackNASA/source/godang_ws/build/vision/build/lib/vision/depth_scale_ball.py -> /home/tien/Documents/GitHub/BoutToHackNASA/source/godang_ws/install/vision/lib/python3.10/site-packages/vision
[2.745s] copying /home/tien/Documents/GitHub/BoutToHackNASA/source/godang_ws/build/vision/build/lib/vision/ML.py -> /home/tien/Documents/GitHub/BoutToHackNASA/source/godang_ws/install/vision/lib/python3.10/site-packages/vision
[2.745s] copying /home/tien/Documents/GitHub/BoutToHackNASA/source/godang_ws/build/vision/build/lib/vision/__init__.py -> /home/tien/Documents/GitHub/BoutToHackNASA/source/godang_ws/install/vision/lib/python3.10/site-packages/vision
[2.746s] byte-compiling /home/tien/Documents/GitHub/BoutToHackNASA/source/godang_ws/install/vision/lib/python3.10/site-packages/vision/vision_node.py to vision_node.cpython-310.pyc
[2.749s] byte-compiling /home/tien/Documents/GitHub/BoutToHackNASA/source/godang_ws/install/vision/lib/python3.10/site-packages/vision/get_image.py to get_image.cpython-310.pyc
[2.749s] byte-compiling /home/tien/Documents/GitHub/BoutToHackNASA/source/godang_ws/install/vision/lib/python3.10/site-packages/vision/silo_detect.py to silo_detect.cpython-310.pyc
[2.751s] byte-compiling /home/tien/Documents/GitHub/BoutToHackNASA/source/godang_ws/install/vision/lib/python3.10/site-packages/vision/ballonthefloor.py to ballonthefloor.cpython-310.pyc
[2.756s] byte-compiling /home/tien/Documents/GitHub/BoutToHackNASA/source/godang_ws/install/vision/lib/python3.10/site-packages/vision/silo_decision.py to silo_decision.cpython-310.pyc
[2.758s] byte-compiling /home/tien/Documents/GitHub/BoutToHackNASA/source/godang_ws/install/vision/lib/python3.10/site-packages/vision/cam_midball.py to cam_midball.cpython-310.pyc
[2.760s] byte-compiling /home/tien/Documents/GitHub/BoutToHackNASA/source/godang_ws/install/vision/lib/python3.10/site-packages/vision/config.py to config.cpython-310.pyc
[2.761s] byte-compiling /home/tien/Documents/GitHub/BoutToHackNASA/source/godang_ws/install/vision/lib/python3.10/site-packages/vision/depth_scale_ball.py to depth_scale_ball.cpython-310.pyc
[2.763s] byte-compiling /home/tien/Documents/GitHub/BoutToHackNASA/source/godang_ws/install/vision/lib/python3.10/site-packages/vision/ML.py to ML.cpython-310.pyc
[2.764s] byte-compiling /home/tien/Documents/GitHub/BoutToHackNASA/source/godang_ws/install/vision/lib/python3.10/site-packages/vision/__init__.py to __init__.cpython-310.pyc
[2.764s] running install_data
[2.764s] copying resource/vision -> /home/tien/Documents/GitHub/BoutToHackNASA/source/godang_ws/install/vision/share/ament_index/resource_index/packages
[2.765s] copying package.xml -> /home/tien/Documents/GitHub/BoutToHackNASA/source/godang_ws/install/vision/share/vision
[2.765s] running install_egg_info
[2.768s] removing '/home/tien/Documents/GitHub/BoutToHackNASA/source/godang_ws/install/vision/lib/python3.10/site-packages/vision-0.0.0-py3.10.egg-info' (and everything under it)
[2.769s] Copying ../../build/vision/vision.egg-info to /home/tien/Documents/GitHub/BoutToHackNASA/source/godang_ws/install/vision/lib/python3.10/site-packages/vision-0.0.0-py3.10.egg-info
[2.770s] running install_scripts
[2.817s] Installing vision script to /home/tien/Documents/GitHub/BoutToHackNASA/source/godang_ws/install/vision/lib/vision
[2.817s] writing list of installed files to '/home/tien/Documents/GitHub/BoutToHackNASA/source/godang_ws/build/vision/install.log'
[2.875s] Invoked command in '/home/tien/Documents/GitHub/BoutToHackNASA/source/godang_ws/src/vision' returned '0': PYTHONPATH=/home/tien/Documents/GitHub/BoutToHackNASA/source/godang_ws/build/vision/prefix_override:/home/tien/Documents/GitHub/BoutToHackNASA/source/godang_ws/install/vision/lib/python3.10/site-packages:${PYTHONPATH} /usr/bin/python3 -W ignore:setup.py install is deprecated setup.py egg_info --egg-base ../../build/vision build --build-base /home/tien/Documents/GitHub/BoutToHackNASA/source/godang_ws/build/vision/build install --record /home/tien/Documents/GitHub/BoutToHackNASA/source/godang_ws/build/vision/install.log --single-version-externally-managed install_data
