[0.146s] DEBUG:colcon:Command line arguments: ['/usr/bin/colcon', 'build']
[0.147s] DEBUG:colcon:Parsed command line arguments: Namespace(log_base=None, log_level=None, verb_name='build', build_base='build', install_base='install', merge_install=False, symlink_install=False, test_result_base=None, continue_on_error=False, executor='parallel', parallel_workers=20, event_handlers=None, ignore_user_meta=False, metas=['./colcon.meta'], base_paths=['.'], packages_ignore=None, packages_ignore_regex=None, paths=None, packages_up_to=None, packages_up_to_regex=None, packages_above=None, packages_above_and_dependencies=None, packages_above_depth=None, packages_select_by_dep=None, packages_skip_by_dep=None, packages_skip_up_to=None, packages_select_build_failed=False, packages_skip_build_finished=False, packages_select_test_failures=False, packages_skip_test_passed=False, packages_select=None, packages_skip=None, packages_select_regex=None, packages_skip_regex=None, packages_start=None, packages_end=None, allow_overriding=[], cmake_args=None, cmake_target=None, cmake_target_skip_unavailable=False, cmake_clean_cache=False, cmake_clean_first=False, cmake_force_configure=False, ament_cmake_args=None, catkin_cmake_args=None, catkin_skip_building_tests=False, mixin_files=None, mixin=None, verb_parser=<colcon_mixin.mixin.mixin_argument.MixinArgumentDecorator object at 0x728693906650>, verb_extension=<colcon_core.verb.build.BuildVerb object at 0x7286938c4100>, main=<bound method BuildVerb.main of <colcon_core.verb.build.BuildVerb object at 0x7286938c4100>>, mixin_verb=('build',))
[0.197s] Level 1:colcon.colcon_core.package_discovery:discover_packages(colcon_meta) check parameters
[0.198s] Level 1:colcon.colcon_core.package_discovery:discover_packages(recursive) check parameters
[0.198s] Level 1:colcon.colcon_core.package_discovery:discover_packages(ignore) check parameters
[0.198s] Level 1:colcon.colcon_core.package_discovery:discover_packages(path) check parameters
[0.198s] Level 1:colcon.colcon_core.package_discovery:discover_packages(colcon_meta) discover
[0.198s] Level 1:colcon.colcon_core.package_discovery:discover_packages(recursive) discover
[0.198s] INFO:colcon.colcon_core.package_discovery:Crawling recursively for packages in '/home/tien/Documents/GitHub/BoutToHackNASA/source/godang_ws'
[0.198s] Level 1:colcon.colcon_core.package_identification:_identify(.) by extensions ['ignore', 'ignore_ament_install']
[0.198s] Level 1:colcon.colcon_core.package_identification:_identify(.) by extension 'ignore'
[0.198s] Level 1:colcon.colcon_core.package_identification:_identify(.) by extension 'ignore_ament_install'
[0.198s] Level 1:colcon.colcon_core.package_identification:_identify(.) by extensions ['colcon_pkg']
[0.198s] Level 1:colcon.colcon_core.package_identification:_identify(.) by extension 'colcon_pkg'
[0.198s] Level 1:colcon.colcon_core.package_identification:_identify(.) by extensions ['colcon_meta']
[0.198s] Level 1:colcon.colcon_core.package_identification:_identify(.) by extension 'colcon_meta'
[0.198s] Level 1:colcon.colcon_core.package_identification:_identify(.) by extensions ['ros']
[0.198s] Level 1:colcon.colcon_core.package_identification:_identify(.) by extension 'ros'
[0.217s] Level 1:colcon.colcon_core.package_identification:_identify(.) by extensions ['cmake', 'python']
[0.217s] Level 1:colcon.colcon_core.package_identification:_identify(.) by extension 'cmake'
[0.217s] Level 1:colcon.colcon_core.package_identification:_identify(.) by extension 'python'
[0.217s] Level 1:colcon.colcon_core.package_identification:_identify(.) by extensions ['python_setup_py']
[0.217s] Level 1:colcon.colcon_core.package_identification:_identify(.) by extension 'python_setup_py'
[0.217s] Level 1:colcon.colcon_core.package_identification:_identify(-q) by extensions ['ignore', 'ignore_ament_install']
[0.217s] Level 1:colcon.colcon_core.package_identification:_identify(-q) by extension 'ignore'
[0.217s] Level 1:colcon.colcon_core.package_identification:_identify(-q) by extension 'ignore_ament_install'
[0.217s] Level 1:colcon.colcon_core.package_identification:_identify(-q) by extensions ['colcon_pkg']
[0.217s] Level 1:colcon.colcon_core.package_identification:_identify(-q) by extension 'colcon_pkg'
[0.217s] Level 1:colcon.colcon_core.package_identification:_identify(-q) by extensions ['colcon_meta']
[0.217s] Level 1:colcon.colcon_core.package_identification:_identify(-q) by extension 'colcon_meta'
[0.218s] Level 1:colcon.colcon_core.package_identification:_identify(-q) by extensions ['ros']
[0.218s] Level 1:colcon.colcon_core.package_identification:_identify(-q) by extension 'ros'
[0.218s] Level 1:colcon.colcon_core.package_identification:_identify(-q) by extensions ['cmake', 'python']
[0.218s] Level 1:colcon.colcon_core.package_identification:_identify(-q) by extension 'cmake'
[0.218s] Level 1:colcon.colcon_core.package_identification:_identify(-q) by extension 'python'
[0.218s] Level 1:colcon.colcon_core.package_identification:_identify(-q) by extensions ['python_setup_py']
[0.218s] Level 1:colcon.colcon_core.package_identification:_identify(-q) by extension 'python_setup_py'
[0.218s] Level 1:colcon.colcon_core.package_identification:_identify(build) by extensions ['ignore', 'ignore_ament_install']
[0.218s] Level 1:colcon.colcon_core.package_identification:_identify(build) by extension 'ignore'
[0.218s] Level 1:colcon.colcon_core.package_identification:_identify(build) ignored
[0.218s] Level 1:colcon.colcon_core.package_identification:_identify(install) by extensions ['ignore', 'ignore_ament_install']
[0.218s] Level 1:colcon.colcon_core.package_identification:_identify(install) by extension 'ignore'
[0.218s] Level 1:colcon.colcon_core.package_identification:_identify(install) ignored
[0.219s] Level 1:colcon.colcon_core.package_identification:_identify(log) by extensions ['ignore', 'ignore_ament_install']
[0.219s] Level 1:colcon.colcon_core.package_identification:_identify(log) by extension 'ignore'
[0.219s] Level 1:colcon.colcon_core.package_identification:_identify(log) ignored
[0.219s] Level 1:colcon.colcon_core.package_identification:_identify(src) by extensions ['ignore', 'ignore_ament_install']
[0.219s] Level 1:colcon.colcon_core.package_identification:_identify(src) by extension 'ignore'
[0.219s] Level 1:colcon.colcon_core.package_identification:_identify(src) by extension 'ignore_ament_install'
[0.219s] Level 1:colcon.colcon_core.package_identification:_identify(src) by extensions ['colcon_pkg']
[0.219s] Level 1:colcon.colcon_core.package_identification:_identify(src) by extension 'colcon_pkg'
[0.219s] Level 1:colcon.colcon_core.package_identification:_identify(src) by extensions ['colcon_meta']
[0.219s] Level 1:colcon.colcon_core.package_identification:_identify(src) by extension 'colcon_meta'
[0.219s] Level 1:colcon.colcon_core.package_identification:_identify(src) by extensions ['ros']
[0.219s] Level 1:colcon.colcon_core.package_identification:_identify(src) by extension 'ros'
[0.219s] Level 1:colcon.colcon_core.package_identification:_identify(src) by extensions ['cmake', 'python']
[0.219s] Level 1:colcon.colcon_core.package_identification:_identify(src) by extension 'cmake'
[0.219s] Level 1:colcon.colcon_core.package_identification:_identify(src) by extension 'python'
[0.219s] Level 1:colcon.colcon_core.package_identification:_identify(src) by extensions ['python_setup_py']
[0.220s] Level 1:colcon.colcon_core.package_identification:_identify(src) by extension 'python_setup_py'
[0.220s] Level 1:colcon.colcon_core.package_identification:_identify(src/localization) by extensions ['ignore', 'ignore_ament_install']
[0.220s] Level 1:colcon.colcon_core.package_identification:_identify(src/localization) by extension 'ignore'
[0.220s] Level 1:colcon.colcon_core.package_identification:_identify(src/localization) by extension 'ignore_ament_install'
[0.220s] Level 1:colcon.colcon_core.package_identification:_identify(src/localization) by extensions ['colcon_pkg']
[0.220s] Level 1:colcon.colcon_core.package_identification:_identify(src/localization) by extension 'colcon_pkg'
[0.220s] Level 1:colcon.colcon_core.package_identification:_identify(src/localization) by extensions ['colcon_meta']
[0.220s] Level 1:colcon.colcon_core.package_identification:_identify(src/localization) by extension 'colcon_meta'
[0.220s] Level 1:colcon.colcon_core.package_identification:_identify(src/localization) by extensions ['ros']
[0.220s] Level 1:colcon.colcon_core.package_identification:_identify(src/localization) by extension 'ros'
[0.223s] DEBUG:colcon.colcon_core.package_identification:Package 'src/localization' with type 'ros.ament_python' and name 'localization'
[0.223s] Level 1:colcon.colcon_core.package_identification:_identify(src/my_robot_bringup) by extensions ['ignore', 'ignore_ament_install']
[0.223s] Level 1:colcon.colcon_core.package_identification:_identify(src/my_robot_bringup) by extension 'ignore'
[0.223s] Level 1:colcon.colcon_core.package_identification:_identify(src/my_robot_bringup) by extension 'ignore_ament_install'
[0.223s] Level 1:colcon.colcon_core.package_identification:_identify(src/my_robot_bringup) by extensions ['colcon_pkg']
[0.223s] Level 1:colcon.colcon_core.package_identification:_identify(src/my_robot_bringup) by extension 'colcon_pkg'
[0.223s] Level 1:colcon.colcon_core.package_identification:_identify(src/my_robot_bringup) by extensions ['colcon_meta']
[0.223s] Level 1:colcon.colcon_core.package_identification:_identify(src/my_robot_bringup) by extension 'colcon_meta'
[0.223s] Level 1:colcon.colcon_core.package_identification:_identify(src/my_robot_bringup) by extensions ['ros']
[0.223s] Level 1:colcon.colcon_core.package_identification:_identify(src/my_robot_bringup) by extension 'ros'
[0.224s] DEBUG:colcon.colcon_core.package_identification:Package 'src/my_robot_bringup' with type 'ros.ament_cmake' and name 'my_robot_bringup'
[0.224s] Level 1:colcon.colcon_core.package_identification:_identify(src/planing) by extensions ['ignore', 'ignore_ament_install']
[0.224s] Level 1:colcon.colcon_core.package_identification:_identify(src/planing) by extension 'ignore'
[0.224s] Level 1:colcon.colcon_core.package_identification:_identify(src/planing) by extension 'ignore_ament_install'
[0.224s] Level 1:colcon.colcon_core.package_identification:_identify(src/planing) by extensions ['colcon_pkg']
[0.224s] Level 1:colcon.colcon_core.package_identification:_identify(src/planing) by extension 'colcon_pkg'
[0.224s] Level 1:colcon.colcon_core.package_identification:_identify(src/planing) by extensions ['colcon_meta']
[0.224s] Level 1:colcon.colcon_core.package_identification:_identify(src/planing) by extension 'colcon_meta'
[0.224s] Level 1:colcon.colcon_core.package_identification:_identify(src/planing) by extensions ['ros']
[0.224s] Level 1:colcon.colcon_core.package_identification:_identify(src/planing) by extension 'ros'
[0.225s] DEBUG:colcon.colcon_core.package_identification:Package 'src/planing' with type 'ros.ament_python' and name 'planing'
[0.225s] Level 1:colcon.colcon_core.package_identification:_identify(src/vision) by extensions ['ignore', 'ignore_ament_install']
[0.225s] Level 1:colcon.colcon_core.package_identification:_identify(src/vision) by extension 'ignore'
[0.225s] Level 1:colcon.colcon_core.package_identification:_identify(src/vision) by extension 'ignore_ament_install'
[0.225s] Level 1:colcon.colcon_core.package_identification:_identify(src/vision) by extensions ['colcon_pkg']
[0.225s] Level 1:colcon.colcon_core.package_identification:_identify(src/vision) by extension 'colcon_pkg'
[0.225s] Level 1:colcon.colcon_core.package_identification:_identify(src/vision) by extensions ['colcon_meta']
[0.226s] Level 1:colcon.colcon_core.package_identification:_identify(src/vision) by extension 'colcon_meta'
[0.226s] Level 1:colcon.colcon_core.package_identification:_identify(src/vision) by extensions ['ros']
[0.226s] Level 1:colcon.colcon_core.package_identification:_identify(src/vision) by extension 'ros'
[0.226s] DEBUG:colcon.colcon_core.package_identification:Package 'src/vision' with type 'ros.ament_python' and name 'vision'
[0.226s] Level 1:colcon.colcon_core.package_discovery:discover_packages(recursive) using defaults
[0.226s] Level 1:colcon.colcon_core.package_discovery:discover_packages(ignore) discover
[0.226s] Level 1:colcon.colcon_core.package_discovery:discover_packages(ignore) using defaults
[0.226s] Level 1:colcon.colcon_core.package_discovery:discover_packages(path) discover
[0.226s] Level 1:colcon.colcon_core.package_discovery:discover_packages(path) using defaults
[0.256s] Level 1:colcon.colcon_core.package_discovery:discover_packages(prefix_path) check parameters
[0.256s] Level 1:colcon.colcon_core.package_discovery:discover_packages(prefix_path) discover
[0.259s] DEBUG:colcon.colcon_installed_package_information.package_discovery:Found 3 installed packages in /home/tien/microros_ws/install
[0.260s] DEBUG:colcon.colcon_installed_package_information.package_discovery:Found 4 installed packages in /home/tien/Documents/GitHub/BoutToHackNASA/source/godang_ws/install
[0.261s] DEBUG:colcon.colcon_installed_package_information.package_discovery:Found 3 installed packages in /home/tien/Documents/GitHub/ALL_CODE/red_ws/install
[0.262s] DEBUG:colcon.colcon_installed_package_information.package_discovery:Found 15 installed packages in /home/tien/turtlebot3_ws/install
[0.262s] DEBUG:colcon.colcon_installed_package_information.package_discovery:Found 3 installed packages in /home/tien/jinpao_naia_ws/install
[0.262s] DEBUG:colcon.colcon_installed_package_information.package_discovery:Found 1 installed packages in /home/tien/abu_ws/install
[0.263s] DEBUG:colcon.colcon_installed_package_information.package_discovery:Found 3 installed packages in /home/tien/three_wheel_ws/install
[0.263s] DEBUG:colcon.colcon_installed_package_information.package_discovery:Found 5 installed packages in /home/tien/jinpao_ws/install
[0.265s] DEBUG:colcon.colcon_installed_package_information.package_discovery:Found 410 installed packages in /opt/ros/humble
[0.268s] Level 1:colcon.colcon_core.package_discovery:discover_packages(prefix_path) using defaults
[0.325s] Level 5:colcon.colcon_core.verb:set package 'localization' build argument 'cmake_args' from command line to 'None'
[0.325s] Level 5:colcon.colcon_core.verb:set package 'localization' build argument 'cmake_target' from command line to 'None'
[0.325s] Level 5:colcon.colcon_core.verb:set package 'localization' build argument 'cmake_target_skip_unavailable' from command line to 'False'
[0.325s] Level 5:colcon.colcon_core.verb:set package 'localization' build argument 'cmake_clean_cache' from command line to 'False'
[0.325s] Level 5:colcon.colcon_core.verb:set package 'localization' build argument 'cmake_clean_first' from command line to 'False'
[0.325s] Level 5:colcon.colcon_core.verb:set package 'localization' build argument 'cmake_force_configure' from command line to 'False'
[0.325s] Level 5:colcon.colcon_core.verb:set package 'localization' build argument 'ament_cmake_args' from command line to 'None'
[0.326s] Level 5:colcon.colcon_core.verb:set package 'localization' build argument 'catkin_cmake_args' from command line to 'None'
[0.326s] Level 5:colcon.colcon_core.verb:set package 'localization' build argument 'catkin_skip_building_tests' from command line to 'False'
[0.326s] DEBUG:colcon.colcon_core.verb:Building package 'localization' with the following arguments: {'ament_cmake_args': None, 'build_base': '/home/tien/Documents/GitHub/BoutToHackNASA/source/godang_ws/build/localization', 'catkin_cmake_args': None, 'catkin_skip_building_tests': False, 'cmake_args': None, 'cmake_clean_cache': False, 'cmake_clean_first': False, 'cmake_force_configure': False, 'cmake_target': None, 'cmake_target_skip_unavailable': False, 'install_base': '/home/tien/Documents/GitHub/BoutToHackNASA/source/godang_ws/install/localization', 'merge_install': False, 'path': '/home/tien/Documents/GitHub/BoutToHackNASA/source/godang_ws/src/localization', 'symlink_install': False, 'test_result_base': None}
[0.326s] Level 5:colcon.colcon_core.verb:set package 'planing' build argument 'cmake_args' from command line to 'None'
[0.326s] Level 5:colcon.colcon_core.verb:set package 'planing' build argument 'cmake_target' from command line to 'None'
[0.326s] Level 5:colcon.colcon_core.verb:set package 'planing' build argument 'cmake_target_skip_unavailable' from command line to 'False'
[0.326s] Level 5:colcon.colcon_core.verb:set package 'planing' build argument 'cmake_clean_cache' from command line to 'False'
[0.326s] Level 5:colcon.colcon_core.verb:set package 'planing' build argument 'cmake_clean_first' from command line to 'False'
[0.326s] Level 5:colcon.colcon_core.verb:set package 'planing' build argument 'cmake_force_configure' from command line to 'False'
[0.326s] Level 5:colcon.colcon_core.verb:set package 'planing' build argument 'ament_cmake_args' from command line to 'None'
[0.326s] Level 5:colcon.colcon_core.verb:set package 'planing' build argument 'catkin_cmake_args' from command line to 'None'
[0.326s] Level 5:colcon.colcon_core.verb:set package 'planing' build argument 'catkin_skip_building_tests' from command line to 'False'
[0.326s] DEBUG:colcon.colcon_core.verb:Building package 'planing' with the following arguments: {'ament_cmake_args': None, 'build_base': '/home/tien/Documents/GitHub/BoutToHackNASA/source/godang_ws/build/planing', 'catkin_cmake_args': None, 'catkin_skip_building_tests': False, 'cmake_args': None, 'cmake_clean_cache': False, 'cmake_clean_first': False, 'cmake_force_configure': False, 'cmake_target': None, 'cmake_target_skip_unavailable': False, 'install_base': '/home/tien/Documents/GitHub/BoutToHackNASA/source/godang_ws/install/planing', 'merge_install': False, 'path': '/home/tien/Documents/GitHub/BoutToHackNASA/source/godang_ws/src/planing', 'symlink_install': False, 'test_result_base': None}
[0.327s] Level 5:colcon.colcon_core.verb:set package 'vision' build argument 'cmake_args' from command line to 'None'
[0.327s] Level 5:colcon.colcon_core.verb:set package 'vision' build argument 'cmake_target' from command line to 'None'
[0.327s] Level 5:colcon.colcon_core.verb:set package 'vision' build argument 'cmake_target_skip_unavailable' from command line to 'False'
[0.327s] Level 5:colcon.colcon_core.verb:set package 'vision' build argument 'cmake_clean_cache' from command line to 'False'
[0.327s] Level 5:colcon.colcon_core.verb:set package 'vision' build argument 'cmake_clean_first' from command line to 'False'
[0.327s] Level 5:colcon.colcon_core.verb:set package 'vision' build argument 'cmake_force_configure' from command line to 'False'
[0.327s] Level 5:colcon.colcon_core.verb:set package 'vision' build argument 'ament_cmake_args' from command line to 'None'
[0.327s] Level 5:colcon.colcon_core.verb:set package 'vision' build argument 'catkin_cmake_args' from command line to 'None'
[0.327s] Level 5:colcon.colcon_core.verb:set package 'vision' build argument 'catkin_skip_building_tests' from command line to 'False'
[0.327s] DEBUG:colcon.colcon_core.verb:Building package 'vision' with the following arguments: {'ament_cmake_args': None, 'build_base': '/home/tien/Documents/GitHub/BoutToHackNASA/source/godang_ws/build/vision', 'catkin_cmake_args': None, 'catkin_skip_building_tests': False, 'cmake_args': None, 'cmake_clean_cache': False, 'cmake_clean_first': False, 'cmake_force_configure': False, 'cmake_target': None, 'cmake_target_skip_unavailable': False, 'install_base': '/home/tien/Documents/GitHub/BoutToHackNASA/source/godang_ws/install/vision', 'merge_install': False, 'path': '/home/tien/Documents/GitHub/BoutToHackNASA/source/godang_ws/src/vision', 'symlink_install': False, 'test_result_base': None}
[0.327s] Level 5:colcon.colcon_core.verb:set package 'my_robot_bringup' build argument 'cmake_args' from command line to 'None'
[0.327s] Level 5:colcon.colcon_core.verb:set package 'my_robot_bringup' build argument 'cmake_target' from command line to 'None'
[0.327s] Level 5:colcon.colcon_core.verb:set package 'my_robot_bringup' build argument 'cmake_target_skip_unavailable' from command line to 'False'
[0.327s] Level 5:colcon.colcon_core.verb:set package 'my_robot_bringup' build argument 'cmake_clean_cache' from command line to 'False'
[0.327s] Level 5:colcon.colcon_core.verb:set package 'my_robot_bringup' build argument 'cmake_clean_first' from command line to 'False'
[0.327s] Level 5:colcon.colcon_core.verb:set package 'my_robot_bringup' build argument 'cmake_force_configure' from command line to 'False'
[0.327s] Level 5:colcon.colcon_core.verb:set package 'my_robot_bringup' build argument 'ament_cmake_args' from command line to 'None'
[0.327s] Level 5:colcon.colcon_core.verb:set package 'my_robot_bringup' build argument 'catkin_cmake_args' from command line to 'None'
[0.327s] Level 5:colcon.colcon_core.verb:set package 'my_robot_bringup' build argument 'catkin_skip_building_tests' from command line to 'False'
[0.327s] DEBUG:colcon.colcon_core.verb:Building package 'my_robot_bringup' with the following arguments: {'ament_cmake_args': None, 'build_base': '/home/tien/Documents/GitHub/BoutToHackNASA/source/godang_ws/build/my_robot_bringup', 'catkin_cmake_args': None, 'catkin_skip_building_tests': False, 'cmake_args': None, 'cmake_clean_cache': False, 'cmake_clean_first': False, 'cmake_force_configure': False, 'cmake_target': None, 'cmake_target_skip_unavailable': False, 'install_base': '/home/tien/Documents/GitHub/BoutToHackNASA/source/godang_ws/install/my_robot_bringup', 'merge_install': False, 'path': '/home/tien/Documents/GitHub/BoutToHackNASA/source/godang_ws/src/my_robot_bringup', 'symlink_install': False, 'test_result_base': None}
[0.328s] INFO:colcon.colcon_core.executor:Executing jobs using 'parallel' executor
[0.329s] DEBUG:colcon.colcon_parallel_executor.executor.parallel:run_until_complete
[0.329s] INFO:colcon.colcon_ros.task.ament_python.build:Building ROS package in '/home/tien/Documents/GitHub/BoutToHackNASA/source/godang_ws/src/localization' with build type 'ament_python'
[0.329s] Level 1:colcon.colcon_core.shell:create_environment_hook('localization', 'ament_prefix_path')
[0.332s] INFO:colcon.colcon_core.plugin_system:Skipping extension 'colcon_core.shell.bat': Not used on non-Windows systems
[0.332s] INFO:colcon.colcon_core.shell:Creating environment hook '/home/tien/Documents/GitHub/BoutToHackNASA/source/godang_ws/install/localization/share/localization/hook/ament_prefix_path.ps1'
[0.333s] INFO:colcon.colcon_core.shell:Creating environment descriptor '/home/tien/Documents/GitHub/BoutToHackNASA/source/godang_ws/install/localization/share/localization/hook/ament_prefix_path.dsv'
[0.333s] INFO:colcon.colcon_core.shell:Creating environment hook '/home/tien/Documents/GitHub/BoutToHackNASA/source/godang_ws/install/localization/share/localization/hook/ament_prefix_path.sh'
[0.334s] INFO:colcon.colcon_core.shell:Skip shell extension 'powershell' for command environment: Not usable outside of PowerShell
[0.334s] DEBUG:colcon.colcon_core.shell:Skip shell extension 'dsv' for command environment
[0.344s] INFO:colcon.colcon_ros.task.ament_python.build:Building ROS package in '/home/tien/Documents/GitHub/BoutToHackNASA/source/godang_ws/src/planing' with build type 'ament_python'
[0.344s] Level 1:colcon.colcon_core.shell:create_environment_hook('planing', 'ament_prefix_path')
[0.344s] INFO:colcon.colcon_core.shell:Creating environment hook '/home/tien/Documents/GitHub/BoutToHackNASA/source/godang_ws/install/planing/share/planing/hook/ament_prefix_path.ps1'
[0.345s] INFO:colcon.colcon_core.shell:Creating environment descriptor '/home/tien/Documents/GitHub/BoutToHackNASA/source/godang_ws/install/planing/share/planing/hook/ament_prefix_path.dsv'
[0.345s] INFO:colcon.colcon_core.shell:Creating environment hook '/home/tien/Documents/GitHub/BoutToHackNASA/source/godang_ws/install/planing/share/planing/hook/ament_prefix_path.sh'
[0.346s] INFO:colcon.colcon_core.shell:Skip shell extension 'powershell' for command environment: Not usable outside of PowerShell
[0.346s] DEBUG:colcon.colcon_core.shell:Skip shell extension 'dsv' for command environment
[0.358s] INFO:colcon.colcon_ros.task.ament_python.build:Building ROS package in '/home/tien/Documents/GitHub/BoutToHackNASA/source/godang_ws/src/vision' with build type 'ament_python'
[0.358s] Level 1:colcon.colcon_core.shell:create_environment_hook('vision', 'ament_prefix_path')
[0.359s] INFO:colcon.colcon_core.shell:Creating environment hook '/home/tien/Documents/GitHub/BoutToHackNASA/source/godang_ws/install/vision/share/vision/hook/ament_prefix_path.ps1'
[0.360s] INFO:colcon.colcon_core.shell:Creating environment descriptor '/home/tien/Documents/GitHub/BoutToHackNASA/source/godang_ws/install/vision/share/vision/hook/ament_prefix_path.dsv'
[0.360s] INFO:colcon.colcon_core.shell:Creating environment hook '/home/tien/Documents/GitHub/BoutToHackNASA/source/godang_ws/install/vision/share/vision/hook/ament_prefix_path.sh'
[0.361s] INFO:colcon.colcon_core.shell:Skip shell extension 'powershell' for command environment: Not usable outside of PowerShell
[0.361s] DEBUG:colcon.colcon_core.shell:Skip shell extension 'dsv' for command environment
[0.846s] INFO:colcon.colcon_core.task.python.build:Building Python package in '/home/tien/Documents/GitHub/BoutToHackNASA/source/godang_ws/src/localization'
[0.846s] INFO:colcon.colcon_core.shell:Skip shell extension 'powershell' for command environment: Not usable outside of PowerShell
[0.847s] DEBUG:colcon.colcon_core.shell:Skip shell extension 'dsv' for command environment
[1.286s] INFO:colcon.colcon_core.task.python.build:Building Python package in '/home/tien/Documents/GitHub/BoutToHackNASA/source/godang_ws/src/planing'
[1.286s] INFO:colcon.colcon_core.shell:Skip shell extension 'powershell' for command environment: Not usable outside of PowerShell
[1.286s] DEBUG:colcon.colcon_core.shell:Skip shell extension 'dsv' for command environment
[1.631s] INFO:colcon.colcon_core.task.python.build:Building Python package in '/home/tien/Documents/GitHub/BoutToHackNASA/source/godang_ws/src/vision'
[1.631s] INFO:colcon.colcon_core.shell:Skip shell extension 'powershell' for command environment: Not usable outside of PowerShell
[1.631s] DEBUG:colcon.colcon_core.shell:Skip shell extension 'dsv' for command environment
[3.231s] DEBUG:colcon.colcon_core.event_handler.log_command:Invoking command in '/home/tien/Documents/GitHub/BoutToHackNASA/source/godang_ws/src/planing': PYTHONPATH=/home/tien/Documents/GitHub/BoutToHackNASA/source/godang_ws/build/planing/prefix_override:/home/tien/Documents/GitHub/BoutToHackNASA/source/godang_ws/install/planing/lib/python3.10/site-packages:${PYTHONPATH} /usr/bin/python3 -W ignore:setup.py install is deprecated setup.py egg_info --egg-base ../../build/planing build --build-base /home/tien/Documents/GitHub/BoutToHackNASA/source/godang_ws/build/planing/build install --record /home/tien/Documents/GitHub/BoutToHackNASA/source/godang_ws/build/planing/install.log --single-version-externally-managed install_data
[3.258s] DEBUG:colcon.colcon_core.event_handler.log_command:Invoking command in '/home/tien/Documents/GitHub/BoutToHackNASA/source/godang_ws/src/vision': PYTHONPATH=/home/tien/Documents/GitHub/BoutToHackNASA/source/godang_ws/build/vision/prefix_override:/home/tien/Documents/GitHub/BoutToHackNASA/source/godang_ws/install/vision/lib/python3.10/site-packages:${PYTHONPATH} /usr/bin/python3 -W ignore:setup.py install is deprecated setup.py egg_info --egg-base ../../build/vision build --build-base /home/tien/Documents/GitHub/BoutToHackNASA/source/godang_ws/build/vision/build install --record /home/tien/Documents/GitHub/BoutToHackNASA/source/godang_ws/build/vision/install.log --single-version-externally-managed install_data
[3.270s] DEBUG:colcon.colcon_core.event_handler.log_command:Invoking command in '/home/tien/Documents/GitHub/BoutToHackNASA/source/godang_ws/src/localization': PYTHONPATH=/home/tien/Documents/GitHub/BoutToHackNASA/source/godang_ws/build/localization/prefix_override:/home/tien/Documents/GitHub/BoutToHackNASA/source/godang_ws/install/localization/lib/python3.10/site-packages:${PYTHONPATH} /usr/bin/python3 -W ignore:setup.py install is deprecated setup.py egg_info --egg-base ../../build/localization build --build-base /home/tien/Documents/GitHub/BoutToHackNASA/source/godang_ws/build/localization/build install --record /home/tien/Documents/GitHub/BoutToHackNASA/source/godang_ws/build/localization/install.log --single-version-externally-managed install_data
[4.547s] DEBUG:colcon.colcon_core.event_handler.log_command:Invoked command in '/home/tien/Documents/GitHub/BoutToHackNASA/source/godang_ws/src/planing' returned '0': PYTHONPATH=/home/tien/Documents/GitHub/BoutToHackNASA/source/godang_ws/build/planing/prefix_override:/home/tien/Documents/GitHub/BoutToHackNASA/source/godang_ws/install/planing/lib/python3.10/site-packages:${PYTHONPATH} /usr/bin/python3 -W ignore:setup.py install is deprecated setup.py egg_info --egg-base ../../build/planing build --build-base /home/tien/Documents/GitHub/BoutToHackNASA/source/godang_ws/build/planing/build install --record /home/tien/Documents/GitHub/BoutToHackNASA/source/godang_ws/build/planing/install.log --single-version-externally-managed install_data
[4.553s] Level 1:colcon.colcon_core.environment:checking '/home/tien/Documents/GitHub/BoutToHackNASA/source/godang_ws/install/planing' for CMake module files
[4.554s] Level 1:colcon.colcon_core.environment:checking '/home/tien/Documents/GitHub/BoutToHackNASA/source/godang_ws/install/planing' for CMake config files
[4.555s] Level 1:colcon.colcon_core.environment:checking '/home/tien/Documents/GitHub/BoutToHackNASA/source/godang_ws/install/planing/lib'
[4.555s] Level 1:colcon.colcon_core.environment:checking '/home/tien/Documents/GitHub/BoutToHackNASA/source/godang_ws/install/planing/bin'
[4.556s] Level 1:colcon.colcon_core.environment:checking '/home/tien/Documents/GitHub/BoutToHackNASA/source/godang_ws/install/planing/lib/pkgconfig/planing.pc'
[4.556s] Level 1:colcon.colcon_core.environment:checking '/home/tien/Documents/GitHub/BoutToHackNASA/source/godang_ws/install/planing/lib/python3.10/site-packages'
[4.556s] Level 1:colcon.colcon_core.shell:create_environment_hook('planing', 'pythonpath')
[4.557s] INFO:colcon.colcon_core.shell:Creating environment hook '/home/tien/Documents/GitHub/BoutToHackNASA/source/godang_ws/install/planing/share/planing/hook/pythonpath.ps1'
[4.557s] INFO:colcon.colcon_core.shell:Creating environment descriptor '/home/tien/Documents/GitHub/BoutToHackNASA/source/godang_ws/install/planing/share/planing/hook/pythonpath.dsv'
[4.558s] INFO:colcon.colcon_core.shell:Creating environment hook '/home/tien/Documents/GitHub/BoutToHackNASA/source/godang_ws/install/planing/share/planing/hook/pythonpath.sh'
[4.559s] Level 1:colcon.colcon_core.environment:checking '/home/tien/Documents/GitHub/BoutToHackNASA/source/godang_ws/install/planing/bin'
[4.559s] Level 1:colcon.colcon_core.environment:create_environment_scripts_only(planing)
[4.560s] INFO:colcon.colcon_core.shell:Creating package script '/home/tien/Documents/GitHub/BoutToHackNASA/source/godang_ws/install/planing/share/planing/package.ps1'
[4.561s] INFO:colcon.colcon_core.shell:Creating package descriptor '/home/tien/Documents/GitHub/BoutToHackNASA/source/godang_ws/install/planing/share/planing/package.dsv'
[4.562s] INFO:colcon.colcon_core.shell:Creating package script '/home/tien/Documents/GitHub/BoutToHackNASA/source/godang_ws/install/planing/share/planing/package.sh'
[4.563s] INFO:colcon.colcon_core.shell:Creating package script '/home/tien/Documents/GitHub/BoutToHackNASA/source/godang_ws/install/planing/share/planing/package.bash'
[4.564s] INFO:colcon.colcon_core.shell:Creating package script '/home/tien/Documents/GitHub/BoutToHackNASA/source/godang_ws/install/planing/share/planing/package.zsh'
[4.566s] Level 1:colcon.colcon_core.environment:create_file_with_runtime_dependencies(/home/tien/Documents/GitHub/BoutToHackNASA/source/godang_ws/install/planing/share/colcon-core/packages/planing)
[4.568s] Level 1:colcon.colcon_core.environment:checking '/home/tien/Documents/GitHub/BoutToHackNASA/source/godang_ws/install/localization' for CMake module files
[4.570s] DEBUG:colcon.colcon_core.event_handler.log_command:Invoked command in '/home/tien/Documents/GitHub/BoutToHackNASA/source/godang_ws/src/localization' returned '0': PYTHONPATH=/home/tien/Documents/GitHub/BoutToHackNASA/source/godang_ws/build/localization/prefix_override:/home/tien/Documents/GitHub/BoutToHackNASA/source/godang_ws/install/localization/lib/python3.10/site-packages:${PYTHONPATH} /usr/bin/python3 -W ignore:setup.py install is deprecated setup.py egg_info --egg-base ../../build/localization build --build-base /home/tien/Documents/GitHub/BoutToHackNASA/source/godang_ws/build/localization/build install --record /home/tien/Documents/GitHub/BoutToHackNASA/source/godang_ws/build/localization/install.log --single-version-externally-managed install_data
[4.570s] Level 1:colcon.colcon_core.environment:checking '/home/tien/Documents/GitHub/BoutToHackNASA/source/godang_ws/install/localization' for CMake config files
[4.571s] Level 1:colcon.colcon_core.environment:checking '/home/tien/Documents/GitHub/BoutToHackNASA/source/godang_ws/install/localization/lib'
[4.571s] Level 1:colcon.colcon_core.environment:checking '/home/tien/Documents/GitHub/BoutToHackNASA/source/godang_ws/install/localization/bin'
[4.572s] Level 1:colcon.colcon_core.environment:checking '/home/tien/Documents/GitHub/BoutToHackNASA/source/godang_ws/install/localization/lib/pkgconfig/localization.pc'
[4.572s] Level 1:colcon.colcon_core.environment:checking '/home/tien/Documents/GitHub/BoutToHackNASA/source/godang_ws/install/localization/lib/python3.10/site-packages'
[4.572s] Level 1:colcon.colcon_core.shell:create_environment_hook('localization', 'pythonpath')
[4.572s] INFO:colcon.colcon_core.shell:Creating environment hook '/home/tien/Documents/GitHub/BoutToHackNASA/source/godang_ws/install/localization/share/localization/hook/pythonpath.ps1'
[4.573s] INFO:colcon.colcon_core.shell:Creating environment descriptor '/home/tien/Documents/GitHub/BoutToHackNASA/source/godang_ws/install/localization/share/localization/hook/pythonpath.dsv'
[4.574s] INFO:colcon.colcon_core.shell:Creating environment hook '/home/tien/Documents/GitHub/BoutToHackNASA/source/godang_ws/install/localization/share/localization/hook/pythonpath.sh'
[4.574s] Level 1:colcon.colcon_core.environment:checking '/home/tien/Documents/GitHub/BoutToHackNASA/source/godang_ws/install/localization/bin'
[4.575s] Level 1:colcon.colcon_core.environment:create_environment_scripts_only(localization)
[4.575s] INFO:colcon.colcon_core.shell:Creating package script '/home/tien/Documents/GitHub/BoutToHackNASA/source/godang_ws/install/localization/share/localization/package.ps1'
[4.576s] INFO:colcon.colcon_core.shell:Creating package descriptor '/home/tien/Documents/GitHub/BoutToHackNASA/source/godang_ws/install/localization/share/localization/package.dsv'
[4.577s] INFO:colcon.colcon_core.shell:Creating package script '/home/tien/Documents/GitHub/BoutToHackNASA/source/godang_ws/install/localization/share/localization/package.sh'
[4.577s] INFO:colcon.colcon_core.shell:Creating package script '/home/tien/Documents/GitHub/BoutToHackNASA/source/godang_ws/install/localization/share/localization/package.bash'
[4.578s] INFO:colcon.colcon_core.shell:Creating package script '/home/tien/Documents/GitHub/BoutToHackNASA/source/godang_ws/install/localization/share/localization/package.zsh'
[4.578s] Level 1:colcon.colcon_core.environment:create_file_with_runtime_dependencies(/home/tien/Documents/GitHub/BoutToHackNASA/source/godang_ws/install/localization/share/colcon-core/packages/localization)
[4.734s] Level 1:colcon.colcon_core.environment:checking '/home/tien/Documents/GitHub/BoutToHackNASA/source/godang_ws/install/vision' for CMake module files
[4.736s] DEBUG:colcon.colcon_core.event_handler.log_command:Invoked command in '/home/tien/Documents/GitHub/BoutToHackNASA/source/godang_ws/src/vision' returned '0': PYTHONPATH=/home/tien/Documents/GitHub/BoutToHackNASA/source/godang_ws/build/vision/prefix_override:/home/tien/Documents/GitHub/BoutToHackNASA/source/godang_ws/install/vision/lib/python3.10/site-packages:${PYTHONPATH} /usr/bin/python3 -W ignore:setup.py install is deprecated setup.py egg_info --egg-base ../../build/vision build --build-base /home/tien/Documents/GitHub/BoutToHackNASA/source/godang_ws/build/vision/build install --record /home/tien/Documents/GitHub/BoutToHackNASA/source/godang_ws/build/vision/install.log --single-version-externally-managed install_data
[4.737s] Level 1:colcon.colcon_core.environment:checking '/home/tien/Documents/GitHub/BoutToHackNASA/source/godang_ws/install/vision' for CMake config files
[4.743s] Level 1:colcon.colcon_core.environment:checking '/home/tien/Documents/GitHub/BoutToHackNASA/source/godang_ws/install/vision/lib'
[4.743s] Level 1:colcon.colcon_core.environment:checking '/home/tien/Documents/GitHub/BoutToHackNASA/source/godang_ws/install/vision/bin'
[4.743s] Level 1:colcon.colcon_core.environment:checking '/home/tien/Documents/GitHub/BoutToHackNASA/source/godang_ws/install/vision/lib/pkgconfig/vision.pc'
[4.743s] Level 1:colcon.colcon_core.environment:checking '/home/tien/Documents/GitHub/BoutToHackNASA/source/godang_ws/install/vision/lib/python3.10/site-packages'
[4.743s] Level 1:colcon.colcon_core.shell:create_environment_hook('vision', 'pythonpath')
[4.744s] INFO:colcon.colcon_core.shell:Creating environment hook '/home/tien/Documents/GitHub/BoutToHackNASA/source/godang_ws/install/vision/share/vision/hook/pythonpath.ps1'
[4.745s] INFO:colcon.colcon_core.shell:Creating environment descriptor '/home/tien/Documents/GitHub/BoutToHackNASA/source/godang_ws/install/vision/share/vision/hook/pythonpath.dsv'
[4.745s] INFO:colcon.colcon_core.shell:Creating environment hook '/home/tien/Documents/GitHub/BoutToHackNASA/source/godang_ws/install/vision/share/vision/hook/pythonpath.sh'
[4.746s] Level 1:colcon.colcon_core.environment:checking '/home/tien/Documents/GitHub/BoutToHackNASA/source/godang_ws/install/vision/bin'
[4.746s] Level 1:colcon.colcon_core.environment:create_environment_scripts_only(vision)
[4.746s] INFO:colcon.colcon_core.shell:Creating package script '/home/tien/Documents/GitHub/BoutToHackNASA/source/godang_ws/install/vision/share/vision/package.ps1'
[4.747s] INFO:colcon.colcon_core.shell:Creating package descriptor '/home/tien/Documents/GitHub/BoutToHackNASA/source/godang_ws/install/vision/share/vision/package.dsv'
[4.748s] INFO:colcon.colcon_core.shell:Creating package script '/home/tien/Documents/GitHub/BoutToHackNASA/source/godang_ws/install/vision/share/vision/package.sh'
[4.748s] INFO:colcon.colcon_core.shell:Creating package script '/home/tien/Documents/GitHub/BoutToHackNASA/source/godang_ws/install/vision/share/vision/package.bash'
[4.749s] INFO:colcon.colcon_core.shell:Creating package script '/home/tien/Documents/GitHub/BoutToHackNASA/source/godang_ws/install/vision/share/vision/package.zsh'
[4.749s] Level 1:colcon.colcon_core.environment:create_file_with_runtime_dependencies(/home/tien/Documents/GitHub/BoutToHackNASA/source/godang_ws/install/vision/share/colcon-core/packages/vision)
[4.750s] INFO:colcon.colcon_ros.task.ament_cmake.build:Building ROS package in '/home/tien/Documents/GitHub/BoutToHackNASA/source/godang_ws/src/my_robot_bringup' with build type 'ament_cmake'
[4.750s] INFO:colcon.colcon_cmake.task.cmake.build:Building CMake package in '/home/tien/Documents/GitHub/BoutToHackNASA/source/godang_ws/src/my_robot_bringup'
[4.750s] INFO:colcon.colcon_core.shell:Skip shell extension 'powershell' for command environment: Not usable outside of PowerShell
[4.750s] DEBUG:colcon.colcon_core.shell:Skip shell extension 'dsv' for command environment
[4.785s] DEBUG:colcon.colcon_core.event_handler.log_command:Invoking command in '/home/tien/Documents/GitHub/BoutToHackNASA/source/godang_ws/build/my_robot_bringup': AMENT_PREFIX_PATH=/home/tien/Documents/GitHub/BoutToHackNASA/source/godang_ws/install/vision:/home/tien/Documents/GitHub/BoutToHackNASA/source/godang_ws/install/planing:/home/tien/Documents/GitHub/BoutToHackNASA/source/godang_ws/install/localization:/home/tien/microros_ws/install/micro_ros_setup:/home/tien/microros_ws/install/micro_ros_agent:/home/tien/microros_ws/install/micro_ros_msgs:/home/tien/Documents/GitHub/BoutToHackNASA/source/godang_ws/install/my_robot_bringup:/home/tien/Documents/GitHub/ALL_CODE/red_ws/install/vision:/home/tien/Documents/GitHub/ALL_CODE/red_ws/install/state:/home/tien/Documents/GitHub/ALL_CODE/red_ws/install/mobile:/home/tien/turtlebot3_ws/install/turtlebot3:/home/tien/turtlebot3_ws/install/turtlebot3_teleop:/home/tien/turtlebot3_ws/install/turtlebot3_simulations:/home/tien/turtlebot3_ws/install/turtlebot3_bringup:/home/tien/turtlebot3_ws/install/turtlebot3_node:/home/tien/turtlebot3_ws/install/turtlebot3_navigation2:/home/tien/turtlebot3_ws/install/turtlebot3_fake_node:/home/tien/turtlebot3_ws/install/turtlebot3_example:/home/tien/turtlebot3_ws/install/turtlebot3_msgs:/home/tien/turtlebot3_ws/install/turtlebot3_gazebo:/home/tien/turtlebot3_ws/install/turtlebot3_description:/home/tien/turtlebot3_ws/install/turtlebot3_cartographer:/home/tien/turtlebot3_ws/install/dynamixel_sdk_examples:/home/tien/turtlebot3_ws/install/dynamixel_sdk_custom_interfaces:/home/tien/turtlebot3_ws/install/dynamixel_sdk:/home/tien/jinpao_ws/install/robot_localization:/home/tien/jinpao_ws/install/plant_message:/home/tien/jinpao_ws/install/jinpao_test:/home/tien/jinpao_ws/install/jinpao_description:/home/tien/jinpao_ws/install/jinpao_bringup:/home/tien/jinpao_naia_ws/install/state_pkg:/home/tien/jinpao_naia_ws/install/py_control_pkg:/home/tien/jinpao_naia_ws/install/cam_pkg:/home/tien/abu_ws/install/manual:/home/tien/three_wheel_ws/install/rplidar_ros:/home/tien/three_wheel_ws/install/robot_description:/home/tien/three_wheel_ws/install/robot_bringup:/opt/ros/humble CMAKE_PREFIX_PATH=/home/tien/microros_ws/install/micro_ros_setup:/home/tien/microros_ws/install/micro_ros_agent:/home/tien/microros_ws/install/micro_ros_msgs:/home/tien/Documents/GitHub/BoutToHackNASA/source/godang_ws/install/my_robot_bringup:/home/tien/turtlebot3_ws/install/turtlebot3:/home/tien/turtlebot3_ws/install/turtlebot3_simulations:/home/tien/turtlebot3_ws/install/turtlebot3_bringup:/home/tien/turtlebot3_ws/install/turtlebot3_node:/home/tien/turtlebot3_ws/install/turtlebot3_navigation2:/home/tien/turtlebot3_ws/install/turtlebot3_fake_node:/home/tien/turtlebot3_ws/install/turtlebot3_msgs:/home/tien/Documents/GitHub/BoutToHackNASA/source/godang_ws/install/vision:/home/tien/Documents/GitHub/BoutToHackNASA/source/godang_ws/install/planing:/home/tien/Documents/GitHub/BoutToHackNASA/source/godang_ws/install/localization:/home/tien/Documents/GitHub/ALL_CODE/red_ws/install/vision:/home/tien/Documents/GitHub/ALL_CODE/red_ws/install/state:/home/tien/Documents/GitHub/ALL_CODE/red_ws/install/mobile:/home/tien/turtlebot3_ws/install/turtlebot3_teleop:/home/tien/turtlebot3_ws/install/turtlebot3_example:/home/tien/jinpao_ws/install/jinpao_test:/home/tien/jinpao_naia_ws/install/state_pkg:/home/tien/jinpao_naia_ws/install/py_control_pkg:/home/tien/jinpao_naia_ws/install/cam_pkg:/home/tien/abu_ws/install/manual:/opt/ros/humble:/home/tien/turtlebot3_ws/install/turtlebot3_gazebo:/home/tien/turtlebot3_ws/install/turtlebot3_description:/home/tien/turtlebot3_ws/install/turtlebot3_cartographer:/home/tien/turtlebot3_ws/install/dynamixel_sdk_examples:/home/tien/turtlebot3_ws/install/dynamixel_sdk_custom_interfaces:/home/tien/turtlebot3_ws/install/dynamixel_sdk:/home/tien/jinpao_ws/install/robot_localization:/home/tien/jinpao_ws/install/plant_message:/home/tien/jinpao_ws/install/jinpao_description:/home/tien/jinpao_ws/install/jinpao_bringup:/home/tien/three_wheel_ws/install/rplidar_ros:/home/tien/three_wheel_ws/install/robot_description:/home/tien/three_wheel_ws/install/robot_bringup PYTHONPATH=/home/tien/Documents/GitHub/BoutToHackNASA/source/godang_ws/install/vision/lib/python3.10/site-packages:/home/tien/Documents/GitHub/BoutToHackNASA/source/godang_ws/install/planing/lib/python3.10/site-packages:/home/tien/Documents/GitHub/BoutToHackNASA/source/godang_ws/install/localization/lib/python3.10/site-packages:/home/tien/microros_ws/install/micro_ros_msgs/local/lib/python3.10/dist-packages:/home/tien/Documents/GitHub/ALL_CODE/red_ws/install/vision/lib/python3.10/site-packages:/home/tien/Documents/GitHub/ALL_CODE/red_ws/install/state/lib/python3.10/site-packages:/home/tien/Documents/GitHub/ALL_CODE/red_ws/install/mobile/lib/python3.10/site-packages:/home/tien/turtlebot3_ws/build/turtlebot3_teleop:/home/tien/turtlebot3_ws/install/turtlebot3_teleop/lib/python3.10/site-packages:/home/tien/turtlebot3_ws/build/turtlebot3_example:/home/tien/turtlebot3_ws/install/turtlebot3_example/lib/python3.10/site-packages:/home/tien/turtlebot3_ws/install/turtlebot3_msgs/local/lib/python3.10/dist-packages:/home/tien/turtlebot3_ws/install/dynamixel_sdk_custom_interfaces/local/lib/python3.10/dist-packages:/home/tien/jinpao_ws/install/robot_localization/local/lib/python3.10/dist-packages:/home/tien/jinpao_ws/install/plant_message/local/lib/python3.10/dist-packages:/home/tien/jinpao_ws/install/jinpao_test/lib/python3.10/site-packages:/home/tien/jinpao_ws/install/jinpao_description/local/lib/python3.10/dist-packages:/home/tien/jinpao_ws/install/jinpao_bringup/local/lib/python3.10/dist-packages:/home/tien/jinpao_naia_ws/install/state_pkg/lib/python3.10/site-packages:/home/tien/jinpao_naia_ws/install/py_control_pkg/lib/python3.10/site-packages:/home/tien/jinpao_naia_ws/install/cam_pkg/lib/python3.10/site-packages:/home/tien/abu_ws/install/manual/lib/python3.10/site-packages:/home/tien/three_wheel_ws/install/robot_bringup/local/lib/python3.10/dist-packages:/opt/ros/humble/lib/python3.10/site-packages:/opt/ros/humble/local/lib/python3.10/dist-packages /usr/bin/cmake --build /home/tien/Documents/GitHub/BoutToHackNASA/source/godang_ws/build/my_robot_bringup -- -j20 -l20
[4.858s] DEBUG:colcon.colcon_core.event_handler.log_command:Invoked command in '/home/tien/Documents/GitHub/BoutToHackNASA/source/godang_ws/build/my_robot_bringup' returned '0': AMENT_PREFIX_PATH=/home/tien/Documents/GitHub/BoutToHackNASA/source/godang_ws/install/vision:/home/tien/Documents/GitHub/BoutToHackNASA/source/godang_ws/install/planing:/home/tien/Documents/GitHub/BoutToHackNASA/source/godang_ws/install/localization:/home/tien/microros_ws/install/micro_ros_setup:/home/tien/microros_ws/install/micro_ros_agent:/home/tien/microros_ws/install/micro_ros_msgs:/home/tien/Documents/GitHub/BoutToHackNASA/source/godang_ws/install/my_robot_bringup:/home/tien/Documents/GitHub/ALL_CODE/red_ws/install/vision:/home/tien/Documents/GitHub/ALL_CODE/red_ws/install/state:/home/tien/Documents/GitHub/ALL_CODE/red_ws/install/mobile:/home/tien/turtlebot3_ws/install/turtlebot3:/home/tien/turtlebot3_ws/install/turtlebot3_teleop:/home/tien/turtlebot3_ws/install/turtlebot3_simulations:/home/tien/turtlebot3_ws/install/turtlebot3_bringup:/home/tien/turtlebot3_ws/install/turtlebot3_node:/home/tien/turtlebot3_ws/install/turtlebot3_navigation2:/home/tien/turtlebot3_ws/install/turtlebot3_fake_node:/home/tien/turtlebot3_ws/install/turtlebot3_example:/home/tien/turtlebot3_ws/install/turtlebot3_msgs:/home/tien/turtlebot3_ws/install/turtlebot3_gazebo:/home/tien/turtlebot3_ws/install/turtlebot3_description:/home/tien/turtlebot3_ws/install/turtlebot3_cartographer:/home/tien/turtlebot3_ws/install/dynamixel_sdk_examples:/home/tien/turtlebot3_ws/install/dynamixel_sdk_custom_interfaces:/home/tien/turtlebot3_ws/install/dynamixel_sdk:/home/tien/jinpao_ws/install/robot_localization:/home/tien/jinpao_ws/install/plant_message:/home/tien/jinpao_ws/install/jinpao_test:/home/tien/jinpao_ws/install/jinpao_description:/home/tien/jinpao_ws/install/jinpao_bringup:/home/tien/jinpao_naia_ws/install/state_pkg:/home/tien/jinpao_naia_ws/install/py_control_pkg:/home/tien/jinpao_naia_ws/install/cam_pkg:/home/tien/abu_ws/install/manual:/home/tien/three_wheel_ws/install/rplidar_ros:/home/tien/three_wheel_ws/install/robot_description:/home/tien/three_wheel_ws/install/robot_bringup:/opt/ros/humble CMAKE_PREFIX_PATH=/home/tien/microros_ws/install/micro_ros_setup:/home/tien/microros_ws/install/micro_ros_agent:/home/tien/microros_ws/install/micro_ros_msgs:/home/tien/Documents/GitHub/BoutToHackNASA/source/godang_ws/install/my_robot_bringup:/home/tien/turtlebot3_ws/install/turtlebot3:/home/tien/turtlebot3_ws/install/turtlebot3_simulations:/home/tien/turtlebot3_ws/install/turtlebot3_bringup:/home/tien/turtlebot3_ws/install/turtlebot3_node:/home/tien/turtlebot3_ws/install/turtlebot3_navigation2:/home/tien/turtlebot3_ws/install/turtlebot3_fake_node:/home/tien/turtlebot3_ws/install/turtlebot3_msgs:/home/tien/Documents/GitHub/BoutToHackNASA/source/godang_ws/install/vision:/home/tien/Documents/GitHub/BoutToHackNASA/source/godang_ws/install/planing:/home/tien/Documents/GitHub/BoutToHackNASA/source/godang_ws/install/localization:/home/tien/Documents/GitHub/ALL_CODE/red_ws/install/vision:/home/tien/Documents/GitHub/ALL_CODE/red_ws/install/state:/home/tien/Documents/GitHub/ALL_CODE/red_ws/install/mobile:/home/tien/turtlebot3_ws/install/turtlebot3_teleop:/home/tien/turtlebot3_ws/install/turtlebot3_example:/home/tien/jinpao_ws/install/jinpao_test:/home/tien/jinpao_naia_ws/install/state_pkg:/home/tien/jinpao_naia_ws/install/py_control_pkg:/home/tien/jinpao_naia_ws/install/cam_pkg:/home/tien/abu_ws/install/manual:/opt/ros/humble:/home/tien/turtlebot3_ws/install/turtlebot3_gazebo:/home/tien/turtlebot3_ws/install/turtlebot3_description:/home/tien/turtlebot3_ws/install/turtlebot3_cartographer:/home/tien/turtlebot3_ws/install/dynamixel_sdk_examples:/home/tien/turtlebot3_ws/install/dynamixel_sdk_custom_interfaces:/home/tien/turtlebot3_ws/install/dynamixel_sdk:/home/tien/jinpao_ws/install/robot_localization:/home/tien/jinpao_ws/install/plant_message:/home/tien/jinpao_ws/install/jinpao_description:/home/tien/jinpao_ws/install/jinpao_bringup:/home/tien/three_wheel_ws/install/rplidar_ros:/home/tien/three_wheel_ws/install/robot_description:/home/tien/three_wheel_ws/install/robot_bringup PYTHONPATH=/home/tien/Documents/GitHub/BoutToHackNASA/source/godang_ws/install/vision/lib/python3.10/site-packages:/home/tien/Documents/GitHub/BoutToHackNASA/source/godang_ws/install/planing/lib/python3.10/site-packages:/home/tien/Documents/GitHub/BoutToHackNASA/source/godang_ws/install/localization/lib/python3.10/site-packages:/home/tien/microros_ws/install/micro_ros_msgs/local/lib/python3.10/dist-packages:/home/tien/Documents/GitHub/ALL_CODE/red_ws/install/vision/lib/python3.10/site-packages:/home/tien/Documents/GitHub/ALL_CODE/red_ws/install/state/lib/python3.10/site-packages:/home/tien/Documents/GitHub/ALL_CODE/red_ws/install/mobile/lib/python3.10/site-packages:/home/tien/turtlebot3_ws/build/turtlebot3_teleop:/home/tien/turtlebot3_ws/install/turtlebot3_teleop/lib/python3.10/site-packages:/home/tien/turtlebot3_ws/build/turtlebot3_example:/home/tien/turtlebot3_ws/install/turtlebot3_example/lib/python3.10/site-packages:/home/tien/turtlebot3_ws/install/turtlebot3_msgs/local/lib/python3.10/dist-packages:/home/tien/turtlebot3_ws/install/dynamixel_sdk_custom_interfaces/local/lib/python3.10/dist-packages:/home/tien/jinpao_ws/install/robot_localization/local/lib/python3.10/dist-packages:/home/tien/jinpao_ws/install/plant_message/local/lib/python3.10/dist-packages:/home/tien/jinpao_ws/install/jinpao_test/lib/python3.10/site-packages:/home/tien/jinpao_ws/install/jinpao_description/local/lib/python3.10/dist-packages:/home/tien/jinpao_ws/install/jinpao_bringup/local/lib/python3.10/dist-packages:/home/tien/jinpao_naia_ws/install/state_pkg/lib/python3.10/site-packages:/home/tien/jinpao_naia_ws/install/py_control_pkg/lib/python3.10/site-packages:/home/tien/jinpao_naia_ws/install/cam_pkg/lib/python3.10/site-packages:/home/tien/abu_ws/install/manual/lib/python3.10/site-packages:/home/tien/three_wheel_ws/install/robot_bringup/local/lib/python3.10/dist-packages:/opt/ros/humble/lib/python3.10/site-packages:/opt/ros/humble/local/lib/python3.10/dist-packages /usr/bin/cmake --build /home/tien/Documents/GitHub/BoutToHackNASA/source/godang_ws/build/my_robot_bringup -- -j20 -l20
[4.921s] DEBUG:colcon.colcon_core.event_handler.log_command:Invoking command in '/home/tien/Documents/GitHub/BoutToHackNASA/source/godang_ws/build/my_robot_bringup': AMENT_PREFIX_PATH=/home/tien/Documents/GitHub/BoutToHackNASA/source/godang_ws/install/vision:/home/tien/Documents/GitHub/BoutToHackNASA/source/godang_ws/install/planing:/home/tien/Documents/GitHub/BoutToHackNASA/source/godang_ws/install/localization:/home/tien/microros_ws/install/micro_ros_setup:/home/tien/microros_ws/install/micro_ros_agent:/home/tien/microros_ws/install/micro_ros_msgs:/home/tien/Documents/GitHub/BoutToHackNASA/source/godang_ws/install/my_robot_bringup:/home/tien/Documents/GitHub/ALL_CODE/red_ws/install/vision:/home/tien/Documents/GitHub/ALL_CODE/red_ws/install/state:/home/tien/Documents/GitHub/ALL_CODE/red_ws/install/mobile:/home/tien/turtlebot3_ws/install/turtlebot3:/home/tien/turtlebot3_ws/install/turtlebot3_teleop:/home/tien/turtlebot3_ws/install/turtlebot3_simulations:/home/tien/turtlebot3_ws/install/turtlebot3_bringup:/home/tien/turtlebot3_ws/install/turtlebot3_node:/home/tien/turtlebot3_ws/install/turtlebot3_navigation2:/home/tien/turtlebot3_ws/install/turtlebot3_fake_node:/home/tien/turtlebot3_ws/install/turtlebot3_example:/home/tien/turtlebot3_ws/install/turtlebot3_msgs:/home/tien/turtlebot3_ws/install/turtlebot3_gazebo:/home/tien/turtlebot3_ws/install/turtlebot3_description:/home/tien/turtlebot3_ws/install/turtlebot3_cartographer:/home/tien/turtlebot3_ws/install/dynamixel_sdk_examples:/home/tien/turtlebot3_ws/install/dynamixel_sdk_custom_interfaces:/home/tien/turtlebot3_ws/install/dynamixel_sdk:/home/tien/jinpao_ws/install/robot_localization:/home/tien/jinpao_ws/install/plant_message:/home/tien/jinpao_ws/install/jinpao_test:/home/tien/jinpao_ws/install/jinpao_description:/home/tien/jinpao_ws/install/jinpao_bringup:/home/tien/jinpao_naia_ws/install/state_pkg:/home/tien/jinpao_naia_ws/install/py_control_pkg:/home/tien/jinpao_naia_ws/install/cam_pkg:/home/tien/abu_ws/install/manual:/home/tien/three_wheel_ws/install/rplidar_ros:/home/tien/three_wheel_ws/install/robot_description:/home/tien/three_wheel_ws/install/robot_bringup:/opt/ros/humble CMAKE_PREFIX_PATH=/home/tien/microros_ws/install/micro_ros_setup:/home/tien/microros_ws/install/micro_ros_agent:/home/tien/microros_ws/install/micro_ros_msgs:/home/tien/Documents/GitHub/BoutToHackNASA/source/godang_ws/install/my_robot_bringup:/home/tien/turtlebot3_ws/install/turtlebot3:/home/tien/turtlebot3_ws/install/turtlebot3_simulations:/home/tien/turtlebot3_ws/install/turtlebot3_bringup:/home/tien/turtlebot3_ws/install/turtlebot3_node:/home/tien/turtlebot3_ws/install/turtlebot3_navigation2:/home/tien/turtlebot3_ws/install/turtlebot3_fake_node:/home/tien/turtlebot3_ws/install/turtlebot3_msgs:/home/tien/Documents/GitHub/BoutToHackNASA/source/godang_ws/install/vision:/home/tien/Documents/GitHub/BoutToHackNASA/source/godang_ws/install/planing:/home/tien/Documents/GitHub/BoutToHackNASA/source/godang_ws/install/localization:/home/tien/Documents/GitHub/ALL_CODE/red_ws/install/vision:/home/tien/Documents/GitHub/ALL_CODE/red_ws/install/state:/home/tien/Documents/GitHub/ALL_CODE/red_ws/install/mobile:/home/tien/turtlebot3_ws/install/turtlebot3_teleop:/home/tien/turtlebot3_ws/install/turtlebot3_example:/home/tien/jinpao_ws/install/jinpao_test:/home/tien/jinpao_naia_ws/install/state_pkg:/home/tien/jinpao_naia_ws/install/py_control_pkg:/home/tien/jinpao_naia_ws/install/cam_pkg:/home/tien/abu_ws/install/manual:/opt/ros/humble:/home/tien/turtlebot3_ws/install/turtlebot3_gazebo:/home/tien/turtlebot3_ws/install/turtlebot3_description:/home/tien/turtlebot3_ws/install/turtlebot3_cartographer:/home/tien/turtlebot3_ws/install/dynamixel_sdk_examples:/home/tien/turtlebot3_ws/install/dynamixel_sdk_custom_interfaces:/home/tien/turtlebot3_ws/install/dynamixel_sdk:/home/tien/jinpao_ws/install/robot_localization:/home/tien/jinpao_ws/install/plant_message:/home/tien/jinpao_ws/install/jinpao_description:/home/tien/jinpao_ws/install/jinpao_bringup:/home/tien/three_wheel_ws/install/rplidar_ros:/home/tien/three_wheel_ws/install/robot_description:/home/tien/three_wheel_ws/install/robot_bringup PYTHONPATH=/home/tien/Documents/GitHub/BoutToHackNASA/source/godang_ws/install/vision/lib/python3.10/site-packages:/home/tien/Documents/GitHub/BoutToHackNASA/source/godang_ws/install/planing/lib/python3.10/site-packages:/home/tien/Documents/GitHub/BoutToHackNASA/source/godang_ws/install/localization/lib/python3.10/site-packages:/home/tien/microros_ws/install/micro_ros_msgs/local/lib/python3.10/dist-packages:/home/tien/Documents/GitHub/ALL_CODE/red_ws/install/vision/lib/python3.10/site-packages:/home/tien/Documents/GitHub/ALL_CODE/red_ws/install/state/lib/python3.10/site-packages:/home/tien/Documents/GitHub/ALL_CODE/red_ws/install/mobile/lib/python3.10/site-packages:/home/tien/turtlebot3_ws/build/turtlebot3_teleop:/home/tien/turtlebot3_ws/install/turtlebot3_teleop/lib/python3.10/site-packages:/home/tien/turtlebot3_ws/build/turtlebot3_example:/home/tien/turtlebot3_ws/install/turtlebot3_example/lib/python3.10/site-packages:/home/tien/turtlebot3_ws/install/turtlebot3_msgs/local/lib/python3.10/dist-packages:/home/tien/turtlebot3_ws/install/dynamixel_sdk_custom_interfaces/local/lib/python3.10/dist-packages:/home/tien/jinpao_ws/install/robot_localization/local/lib/python3.10/dist-packages:/home/tien/jinpao_ws/install/plant_message/local/lib/python3.10/dist-packages:/home/tien/jinpao_ws/install/jinpao_test/lib/python3.10/site-packages:/home/tien/jinpao_ws/install/jinpao_description/local/lib/python3.10/dist-packages:/home/tien/jinpao_ws/install/jinpao_bringup/local/lib/python3.10/dist-packages:/home/tien/jinpao_naia_ws/install/state_pkg/lib/python3.10/site-packages:/home/tien/jinpao_naia_ws/install/py_control_pkg/lib/python3.10/site-packages:/home/tien/jinpao_naia_ws/install/cam_pkg/lib/python3.10/site-packages:/home/tien/abu_ws/install/manual/lib/python3.10/site-packages:/home/tien/three_wheel_ws/install/robot_bringup/local/lib/python3.10/dist-packages:/opt/ros/humble/lib/python3.10/site-packages:/opt/ros/humble/local/lib/python3.10/dist-packages /usr/bin/cmake --install /home/tien/Documents/GitHub/BoutToHackNASA/source/godang_ws/build/my_robot_bringup
[4.938s] Level 1:colcon.colcon_core.environment:create_environment_scripts_only(my_robot_bringup)
[4.938s] Level 1:colcon.colcon_core.environment:checking '/home/tien/Documents/GitHub/BoutToHackNASA/source/godang_ws/install/my_robot_bringup' for CMake module files
[4.939s] DEBUG:colcon.colcon_core.event_handler.log_command:Invoked command in '/home/tien/Documents/GitHub/BoutToHackNASA/source/godang_ws/build/my_robot_bringup' returned '0': AMENT_PREFIX_PATH=/home/tien/Documents/GitHub/BoutToHackNASA/source/godang_ws/install/vision:/home/tien/Documents/GitHub/BoutToHackNASA/source/godang_ws/install/planing:/home/tien/Documents/GitHub/BoutToHackNASA/source/godang_ws/install/localization:/home/tien/microros_ws/install/micro_ros_setup:/home/tien/microros_ws/install/micro_ros_agent:/home/tien/microros_ws/install/micro_ros_msgs:/home/tien/Documents/GitHub/BoutToHackNASA/source/godang_ws/install/my_robot_bringup:/home/tien/Documents/GitHub/ALL_CODE/red_ws/install/vision:/home/tien/Documents/GitHub/ALL_CODE/red_ws/install/state:/home/tien/Documents/GitHub/ALL_CODE/red_ws/install/mobile:/home/tien/turtlebot3_ws/install/turtlebot3:/home/tien/turtlebot3_ws/install/turtlebot3_teleop:/home/tien/turtlebot3_ws/install/turtlebot3_simulations:/home/tien/turtlebot3_ws/install/turtlebot3_bringup:/home/tien/turtlebot3_ws/install/turtlebot3_node:/home/tien/turtlebot3_ws/install/turtlebot3_navigation2:/home/tien/turtlebot3_ws/install/turtlebot3_fake_node:/home/tien/turtlebot3_ws/install/turtlebot3_example:/home/tien/turtlebot3_ws/install/turtlebot3_msgs:/home/tien/turtlebot3_ws/install/turtlebot3_gazebo:/home/tien/turtlebot3_ws/install/turtlebot3_description:/home/tien/turtlebot3_ws/install/turtlebot3_cartographer:/home/tien/turtlebot3_ws/install/dynamixel_sdk_examples:/home/tien/turtlebot3_ws/install/dynamixel_sdk_custom_interfaces:/home/tien/turtlebot3_ws/install/dynamixel_sdk:/home/tien/jinpao_ws/install/robot_localization:/home/tien/jinpao_ws/install/plant_message:/home/tien/jinpao_ws/install/jinpao_test:/home/tien/jinpao_ws/install/jinpao_description:/home/tien/jinpao_ws/install/jinpao_bringup:/home/tien/jinpao_naia_ws/install/state_pkg:/home/tien/jinpao_naia_ws/install/py_control_pkg:/home/tien/jinpao_naia_ws/install/cam_pkg:/home/tien/abu_ws/install/manual:/home/tien/three_wheel_ws/install/rplidar_ros:/home/tien/three_wheel_ws/install/robot_description:/home/tien/three_wheel_ws/install/robot_bringup:/opt/ros/humble CMAKE_PREFIX_PATH=/home/tien/microros_ws/install/micro_ros_setup:/home/tien/microros_ws/install/micro_ros_agent:/home/tien/microros_ws/install/micro_ros_msgs:/home/tien/Documents/GitHub/BoutToHackNASA/source/godang_ws/install/my_robot_bringup:/home/tien/turtlebot3_ws/install/turtlebot3:/home/tien/turtlebot3_ws/install/turtlebot3_simulations:/home/tien/turtlebot3_ws/install/turtlebot3_bringup:/home/tien/turtlebot3_ws/install/turtlebot3_node:/home/tien/turtlebot3_ws/install/turtlebot3_navigation2:/home/tien/turtlebot3_ws/install/turtlebot3_fake_node:/home/tien/turtlebot3_ws/install/turtlebot3_msgs:/home/tien/Documents/GitHub/BoutToHackNASA/source/godang_ws/install/vision:/home/tien/Documents/GitHub/BoutToHackNASA/source/godang_ws/install/planing:/home/tien/Documents/GitHub/BoutToHackNASA/source/godang_ws/install/localization:/home/tien/Documents/GitHub/ALL_CODE/red_ws/install/vision:/home/tien/Documents/GitHub/ALL_CODE/red_ws/install/state:/home/tien/Documents/GitHub/ALL_CODE/red_ws/install/mobile:/home/tien/turtlebot3_ws/install/turtlebot3_teleop:/home/tien/turtlebot3_ws/install/turtlebot3_example:/home/tien/jinpao_ws/install/jinpao_test:/home/tien/jinpao_naia_ws/install/state_pkg:/home/tien/jinpao_naia_ws/install/py_control_pkg:/home/tien/jinpao_naia_ws/install/cam_pkg:/home/tien/abu_ws/install/manual:/opt/ros/humble:/home/tien/turtlebot3_ws/install/turtlebot3_gazebo:/home/tien/turtlebot3_ws/install/turtlebot3_description:/home/tien/turtlebot3_ws/install/turtlebot3_cartographer:/home/tien/turtlebot3_ws/install/dynamixel_sdk_examples:/home/tien/turtlebot3_ws/install/dynamixel_sdk_custom_interfaces:/home/tien/turtlebot3_ws/install/dynamixel_sdk:/home/tien/jinpao_ws/install/robot_localization:/home/tien/jinpao_ws/install/plant_message:/home/tien/jinpao_ws/install/jinpao_description:/home/tien/jinpao_ws/install/jinpao_bringup:/home/tien/three_wheel_ws/install/rplidar_ros:/home/tien/three_wheel_ws/install/robot_description:/home/tien/three_wheel_ws/install/robot_bringup PYTHONPATH=/home/tien/Documents/GitHub/BoutToHackNASA/source/godang_ws/install/vision/lib/python3.10/site-packages:/home/tien/Documents/GitHub/BoutToHackNASA/source/godang_ws/install/planing/lib/python3.10/site-packages:/home/tien/Documents/GitHub/BoutToHackNASA/source/godang_ws/install/localization/lib/python3.10/site-packages:/home/tien/microros_ws/install/micro_ros_msgs/local/lib/python3.10/dist-packages:/home/tien/Documents/GitHub/ALL_CODE/red_ws/install/vision/lib/python3.10/site-packages:/home/tien/Documents/GitHub/ALL_CODE/red_ws/install/state/lib/python3.10/site-packages:/home/tien/Documents/GitHub/ALL_CODE/red_ws/install/mobile/lib/python3.10/site-packages:/home/tien/turtlebot3_ws/build/turtlebot3_teleop:/home/tien/turtlebot3_ws/install/turtlebot3_teleop/lib/python3.10/site-packages:/home/tien/turtlebot3_ws/build/turtlebot3_example:/home/tien/turtlebot3_ws/install/turtlebot3_example/lib/python3.10/site-packages:/home/tien/turtlebot3_ws/install/turtlebot3_msgs/local/lib/python3.10/dist-packages:/home/tien/turtlebot3_ws/install/dynamixel_sdk_custom_interfaces/local/lib/python3.10/dist-packages:/home/tien/jinpao_ws/install/robot_localization/local/lib/python3.10/dist-packages:/home/tien/jinpao_ws/install/plant_message/local/lib/python3.10/dist-packages:/home/tien/jinpao_ws/install/jinpao_test/lib/python3.10/site-packages:/home/tien/jinpao_ws/install/jinpao_description/local/lib/python3.10/dist-packages:/home/tien/jinpao_ws/install/jinpao_bringup/local/lib/python3.10/dist-packages:/home/tien/jinpao_naia_ws/install/state_pkg/lib/python3.10/site-packages:/home/tien/jinpao_naia_ws/install/py_control_pkg/lib/python3.10/site-packages:/home/tien/jinpao_naia_ws/install/cam_pkg/lib/python3.10/site-packages:/home/tien/abu_ws/install/manual/lib/python3.10/site-packages:/home/tien/three_wheel_ws/install/robot_bringup/local/lib/python3.10/dist-packages:/opt/ros/humble/lib/python3.10/site-packages:/opt/ros/humble/local/lib/python3.10/dist-packages /usr/bin/cmake --install /home/tien/Documents/GitHub/BoutToHackNASA/source/godang_ws/build/my_robot_bringup
[4.940s] Level 1:colcon.colcon_core.environment:checking '/home/tien/Documents/GitHub/BoutToHackNASA/source/godang_ws/install/my_robot_bringup' for CMake config files
[4.940s] Level 1:colcon.colcon_core.shell:create_environment_hook('my_robot_bringup', 'cmake_prefix_path')
[4.941s] INFO:colcon.colcon_core.shell:Creating environment hook '/home/tien/Documents/GitHub/BoutToHackNASA/source/godang_ws/install/my_robot_bringup/share/my_robot_bringup/hook/cmake_prefix_path.ps1'
[4.942s] INFO:colcon.colcon_core.shell:Creating environment descriptor '/home/tien/Documents/GitHub/BoutToHackNASA/source/godang_ws/install/my_robot_bringup/share/my_robot_bringup/hook/cmake_prefix_path.dsv'
[4.942s] INFO:colcon.colcon_core.shell:Creating environment hook '/home/tien/Documents/GitHub/BoutToHackNASA/source/godang_ws/install/my_robot_bringup/share/my_robot_bringup/hook/cmake_prefix_path.sh'
[4.943s] Level 1:colcon.colcon_core.environment:checking '/home/tien/Documents/GitHub/BoutToHackNASA/source/godang_ws/install/my_robot_bringup/bin'
[4.943s] Level 1:colcon.colcon_core.environment:checking '/home/tien/Documents/GitHub/BoutToHackNASA/source/godang_ws/install/my_robot_bringup/lib/pkgconfig/my_robot_bringup.pc'
[4.944s] Level 1:colcon.colcon_core.environment:checking '/home/tien/Documents/GitHub/BoutToHackNASA/source/godang_ws/install/my_robot_bringup/lib/python3.10/site-packages'
[4.944s] Level 1:colcon.colcon_core.environment:checking '/home/tien/Documents/GitHub/BoutToHackNASA/source/godang_ws/install/my_robot_bringup/bin'
[4.944s] INFO:colcon.colcon_core.shell:Creating package script '/home/tien/Documents/GitHub/BoutToHackNASA/source/godang_ws/install/my_robot_bringup/share/my_robot_bringup/package.ps1'
[4.945s] INFO:colcon.colcon_core.shell:Creating package descriptor '/home/tien/Documents/GitHub/BoutToHackNASA/source/godang_ws/install/my_robot_bringup/share/my_robot_bringup/package.dsv'
[4.946s] INFO:colcon.colcon_core.shell:Creating package script '/home/tien/Documents/GitHub/BoutToHackNASA/source/godang_ws/install/my_robot_bringup/share/my_robot_bringup/package.sh'
[4.947s] INFO:colcon.colcon_core.shell:Creating package script '/home/tien/Documents/GitHub/BoutToHackNASA/source/godang_ws/install/my_robot_bringup/share/my_robot_bringup/package.bash'
[4.947s] INFO:colcon.colcon_core.shell:Creating package script '/home/tien/Documents/GitHub/BoutToHackNASA/source/godang_ws/install/my_robot_bringup/share/my_robot_bringup/package.zsh'
[4.948s] Level 1:colcon.colcon_core.environment:create_file_with_runtime_dependencies(/home/tien/Documents/GitHub/BoutToHackNASA/source/godang_ws/install/my_robot_bringup/share/colcon-core/packages/my_robot_bringup)
[4.993s] Level 1:colcon.colcon_core.environment:create_environment_scripts_only(my_robot_bringup)
[4.993s] Level 1:colcon.colcon_core.environment:checking '/home/tien/Documents/GitHub/BoutToHackNASA/source/godang_ws/install/my_robot_bringup' for CMake module files
[4.994s] Level 1:colcon.colcon_core.environment:checking '/home/tien/Documents/GitHub/BoutToHackNASA/source/godang_ws/install/my_robot_bringup' for CMake config files
[4.995s] Level 1:colcon.colcon_core.shell:create_environment_hook('my_robot_bringup', 'cmake_prefix_path')
[4.995s] INFO:colcon.colcon_core.shell:Creating environment hook '/home/tien/Documents/GitHub/BoutToHackNASA/source/godang_ws/install/my_robot_bringup/share/my_robot_bringup/hook/cmake_prefix_path.ps1'
[4.996s] INFO:colcon.colcon_core.shell:Creating environment descriptor '/home/tien/Documents/GitHub/BoutToHackNASA/source/godang_ws/install/my_robot_bringup/share/my_robot_bringup/hook/cmake_prefix_path.dsv'
[4.996s] INFO:colcon.colcon_core.shell:Creating environment hook '/home/tien/Documents/GitHub/BoutToHackNASA/source/godang_ws/install/my_robot_bringup/share/my_robot_bringup/hook/cmake_prefix_path.sh'
[4.997s] Level 1:colcon.colcon_core.environment:checking '/home/tien/Documents/GitHub/BoutToHackNASA/source/godang_ws/install/my_robot_bringup/bin'
[4.997s] Level 1:colcon.colcon_core.environment:checking '/home/tien/Documents/GitHub/BoutToHackNASA/source/godang_ws/install/my_robot_bringup/lib/pkgconfig/my_robot_bringup.pc'
[4.998s] Level 1:colcon.colcon_core.environment:checking '/home/tien/Documents/GitHub/BoutToHackNASA/source/godang_ws/install/my_robot_bringup/lib/python3.10/site-packages'
[4.998s] Level 1:colcon.colcon_core.environment:checking '/home/tien/Documents/GitHub/BoutToHackNASA/source/godang_ws/install/my_robot_bringup/bin'
[4.999s] INFO:colcon.colcon_core.shell:Creating package script '/home/tien/Documents/GitHub/BoutToHackNASA/source/godang_ws/install/my_robot_bringup/share/my_robot_bringup/package.ps1'
[4.999s] INFO:colcon.colcon_core.shell:Creating package descriptor '/home/tien/Documents/GitHub/BoutToHackNASA/source/godang_ws/install/my_robot_bringup/share/my_robot_bringup/package.dsv'
[5.000s] INFO:colcon.colcon_core.shell:Creating package script '/home/tien/Documents/GitHub/BoutToHackNASA/source/godang_ws/install/my_robot_bringup/share/my_robot_bringup/package.sh'
[5.001s] INFO:colcon.colcon_core.shell:Creating package script '/home/tien/Documents/GitHub/BoutToHackNASA/source/godang_ws/install/my_robot_bringup/share/my_robot_bringup/package.bash'
[5.001s] INFO:colcon.colcon_core.shell:Creating package script '/home/tien/Documents/GitHub/BoutToHackNASA/source/godang_ws/install/my_robot_bringup/share/my_robot_bringup/package.zsh'
[5.002s] Level 1:colcon.colcon_core.environment:create_file_with_runtime_dependencies(/home/tien/Documents/GitHub/BoutToHackNASA/source/godang_ws/install/my_robot_bringup/share/colcon-core/packages/my_robot_bringup)
[5.002s] DEBUG:colcon.colcon_parallel_executor.executor.parallel:closing loop
[5.003s] DEBUG:colcon.colcon_parallel_executor.executor.parallel:loop closed
[5.003s] DEBUG:colcon.colcon_parallel_executor.executor.parallel:run_until_complete finished with '0'
[5.003s] DEBUG:colcon.colcon_core.event_reactor:joining thread
[5.014s] INFO:colcon.colcon_core.plugin_system:Skipping extension 'colcon_notification.desktop_notification.terminal_notifier': Not used on non-Darwin systems
[5.014s] INFO:colcon.colcon_core.plugin_system:Skipping extension 'colcon_notification.desktop_notification.win32': Not used on non-Windows systems
[5.015s] INFO:colcon.colcon_notification.desktop_notification:Sending desktop notification using 'notify2'
[5.036s] DEBUG:colcon.colcon_core.event_reactor:joined thread
[5.037s] INFO:colcon.colcon_core.shell:Creating prefix script '/home/tien/Documents/GitHub/BoutToHackNASA/source/godang_ws/install/local_setup.ps1'
[5.039s] INFO:colcon.colcon_core.shell:Creating prefix util module '/home/tien/Documents/GitHub/BoutToHackNASA/source/godang_ws/install/_local_setup_util_ps1.py'
[5.042s] INFO:colcon.colcon_core.shell:Creating prefix chain script '/home/tien/Documents/GitHub/BoutToHackNASA/source/godang_ws/install/setup.ps1'
[5.048s] INFO:colcon.colcon_core.shell:Creating prefix script '/home/tien/Documents/GitHub/BoutToHackNASA/source/godang_ws/install/local_setup.sh'
[5.049s] INFO:colcon.colcon_core.shell:Creating prefix util module '/home/tien/Documents/GitHub/BoutToHackNASA/source/godang_ws/install/_local_setup_util_sh.py'
[5.050s] INFO:colcon.colcon_core.shell:Creating prefix chain script '/home/tien/Documents/GitHub/BoutToHackNASA/source/godang_ws/install/setup.sh'
[5.055s] INFO:colcon.colcon_core.shell:Creating prefix script '/home/tien/Documents/GitHub/BoutToHackNASA/source/godang_ws/install/local_setup.bash'
[5.056s] INFO:colcon.colcon_core.shell:Creating prefix chain script '/home/tien/Documents/GitHub/BoutToHackNASA/source/godang_ws/install/setup.bash'
[5.061s] INFO:colcon.colcon_core.shell:Creating prefix script '/home/tien/Documents/GitHub/BoutToHackNASA/source/godang_ws/install/local_setup.zsh'
[5.063s] INFO:colcon.colcon_core.shell:Creating prefix chain script '/home/tien/Documents/GitHub/BoutToHackNASA/source/godang_ws/install/setup.zsh'
