[4.987s] Invoking command in '/home/tien/Documents/GitHub/BoutToHackNASA/source/godang_ws/src/vision': PYTHONPATH=/home/tien/Documents/GitHub/BoutToHackNASA/source/godang_ws/build/vision/prefix_override:/home/tien/Documents/GitHub/BoutToHackNASA/source/godang_ws/install/vision/lib/python3.10/site-packages:${PYTHONPATH} /usr/bin/python3 -W ignore:setup.py install is deprecated setup.py egg_info --egg-base ../../build/vision build --build-base /home/tien/Documents/GitHub/BoutToHackNASA/source/godang_ws/build/vision/build install --record /home/tien/Documents/GitHub/BoutToHackNASA/source/godang_ws/build/vision/install.log --single-version-externally-managed install_data
[5.634s] running egg_info
[5.667s] writing ../../build/vision/vision.egg-info/PKG-INFO
[5.668s] writing dependency_links to ../../build/vision/vision.egg-info/dependency_links.txt
[5.669s] writing entry points to ../../build/vision/vision.egg-info/entry_points.txt
[5.669s] writing requirements to ../../build/vision/vision.egg-info/requires.txt
[5.670s] writing top-level names to ../../build/vision/vision.egg-info/top_level.txt
[5.747s] reading manifest file '../../build/vision/vision.egg-info/SOURCES.txt'
[5.754s] writing manifest file '../../build/vision/vision.egg-info/SOURCES.txt'
[5.754s] running build
[5.755s] running build_py
[5.755s] copying vision/Get_depth.py -> /home/tien/Documents/GitHub/BoutToHackNASA/source/godang_ws/build/vision/build/lib/vision
[5.755s] copying vision/silo_detect.py -> /home/tien/Documents/GitHub/BoutToHackNASA/source/godang_ws/build/vision/build/lib/vision
[5.755s] copying vision/ballonthefloor.py -> /home/tien/Documents/GitHub/BoutToHackNASA/source/godang_ws/build/vision/build/lib/vision
[5.756s] copying vision/vision_silo_node.py -> /home/tien/Documents/GitHub/BoutToHackNASA/source/godang_ws/build/vision/build/lib/vision
[5.756s] copying vision/silo_decision.py -> /home/tien/Documents/GitHub/BoutToHackNASA/source/godang_ws/build/vision/build/lib/vision
[5.756s] copying vision/cam_midball.py -> /home/tien/Documents/GitHub/BoutToHackNASA/source/godang_ws/build/vision/build/lib/vision
[5.757s] copying vision/config.py -> /home/tien/Documents/GitHub/BoutToHackNASA/source/godang_ws/build/vision/build/lib/vision
[5.757s] copying vision/linetracking.py -> /home/tien/Documents/GitHub/BoutToHackNASA/source/godang_ws/build/vision/build/lib/vision
[5.757s] copying vision/depth_scale_ball.py -> /home/tien/Documents/GitHub/BoutToHackNASA/source/godang_ws/build/vision/build/lib/vision
[5.758s] copying vision/vision_ball_node.py -> /home/tien/Documents/GitHub/BoutToHackNASA/source/godang_ws/build/vision/build/lib/vision
[5.758s] copying vision/ML.py -> /home/tien/Documents/GitHub/BoutToHackNASA/source/godang_ws/build/vision/build/lib/vision
[5.758s] copying vision/__init__.py -> /home/tien/Documents/GitHub/BoutToHackNASA/source/godang_ws/build/vision/build/lib/vision
[5.759s] copying vision/ultralytics/__init__.py -> /home/tien/Documents/GitHub/BoutToHackNASA/source/godang_ws/build/vision/build/lib/vision/ultralytics
[5.759s] copying vision/ultralytics/cfg/__init__.py -> /home/tien/Documents/GitHub/BoutToHackNASA/source/godang_ws/build/vision/build/lib/vision/ultralytics/cfg
[5.759s] copying vision/ultralytics/data/dataset.py -> /home/tien/Documents/GitHub/BoutToHackNASA/source/godang_ws/build/vision/build/lib/vision/ultralytics/data
[5.760s] copying vision/ultralytics/data/split_dota.py -> /home/tien/Documents/GitHub/BoutToHackNASA/source/godang_ws/build/vision/build/lib/vision/ultralytics/data
[5.760s] copying vision/ultralytics/data/annotator.py -> /home/tien/Documents/GitHub/BoutToHackNASA/source/godang_ws/build/vision/build/lib/vision/ultralytics/data
[5.760s] copying vision/ultralytics/data/loaders.py -> /home/tien/Documents/GitHub/BoutToHackNASA/source/godang_ws/build/vision/build/lib/vision/ultralytics/data
[5.761s] copying vision/ultralytics/data/build.py -> /home/tien/Documents/GitHub/BoutToHackNASA/source/godang_ws/build/vision/build/lib/vision/ultralytics/data
[5.761s] copying vision/ultralytics/data/augment.py -> /home/tien/Documents/GitHub/BoutToHackNASA/source/godang_ws/build/vision/build/lib/vision/ultralytics/data
[5.762s] copying vision/ultralytics/data/utils.py -> /home/tien/Documents/GitHub/BoutToHackNASA/source/godang_ws/build/vision/build/lib/vision/ultralytics/data
[5.762s] copying vision/ultralytics/data/__init__.py -> /home/tien/Documents/GitHub/BoutToHackNASA/source/godang_ws/build/vision/build/lib/vision/ultralytics/data
[5.762s] copying vision/ultralytics/data/converter.py -> /home/tien/Documents/GitHub/BoutToHackNASA/source/godang_ws/build/vision/build/lib/vision/ultralytics/data
[5.762s] copying vision/ultralytics/data/base.py -> /home/tien/Documents/GitHub/BoutToHackNASA/source/godang_ws/build/vision/build/lib/vision/ultralytics/data
[5.763s] copying vision/ultralytics/models/__init__.py -> /home/tien/Documents/GitHub/BoutToHackNASA/source/godang_ws/build/vision/build/lib/vision/ultralytics/models
[5.763s] copying vision/ultralytics/nn/autobackend.py -> /home/tien/Documents/GitHub/BoutToHackNASA/source/godang_ws/build/vision/build/lib/vision/ultralytics/nn
[5.764s] copying vision/ultralytics/nn/__init__.py -> /home/tien/Documents/GitHub/BoutToHackNASA/source/godang_ws/build/vision/build/lib/vision/ultralytics/nn
[5.764s] copying vision/ultralytics/nn/tasks.py -> /home/tien/Documents/GitHub/BoutToHackNASA/source/godang_ws/build/vision/build/lib/vision/ultralytics/nn
[5.764s] copying vision/ultralytics/engine/exporter.py -> /home/tien/Documents/GitHub/BoutToHackNASA/source/godang_ws/build/vision/build/lib/vision/ultralytics/engine
[5.765s] copying vision/ultralytics/engine/trainer.py -> /home/tien/Documents/GitHub/BoutToHackNASA/source/godang_ws/build/vision/build/lib/vision/ultralytics/engine
[5.765s] copying vision/ultralytics/engine/model.py -> /home/tien/Documents/GitHub/BoutToHackNASA/source/godang_ws/build/vision/build/lib/vision/ultralytics/engine
[5.766s] copying vision/ultralytics/engine/predictor.py -> /home/tien/Documents/GitHub/BoutToHackNASA/source/godang_ws/build/vision/build/lib/vision/ultralytics/engine
[5.766s] copying vision/ultralytics/engine/results.py -> /home/tien/Documents/GitHub/BoutToHackNASA/source/godang_ws/build/vision/build/lib/vision/ultralytics/engine
[5.767s] copying vision/ultralytics/engine/tuner.py -> /home/tien/Documents/GitHub/BoutToHackNASA/source/godang_ws/build/vision/build/lib/vision/ultralytics/engine
[5.767s] copying vision/ultralytics/engine/__init__.py -> /home/tien/Documents/GitHub/BoutToHackNASA/source/godang_ws/build/vision/build/lib/vision/ultralytics/engine
[5.767s] copying vision/ultralytics/engine/validator.py -> /home/tien/Documents/GitHub/BoutToHackNASA/source/godang_ws/build/vision/build/lib/vision/ultralytics/engine
[5.767s] copying vision/ultralytics/solutions/distance_calculation.py -> /home/tien/Documents/GitHub/BoutToHackNASA/source/godang_ws/build/vision/build/lib/vision/ultralytics/solutions
[5.768s] copying vision/ultralytics/solutions/ai_gym.py -> /home/tien/Documents/GitHub/BoutToHackNASA/source/godang_ws/build/vision/build/lib/vision/ultralytics/solutions
[5.768s] copying vision/ultralytics/solutions/object_counter.py -> /home/tien/Documents/GitHub/BoutToHackNASA/source/godang_ws/build/vision/build/lib/vision/ultralytics/solutions
[5.768s] copying vision/ultralytics/solutions/__init__.py -> /home/tien/Documents/GitHub/BoutToHackNASA/source/godang_ws/build/vision/build/lib/vision/ultralytics/solutions
[5.769s] copying vision/ultralytics/solutions/heatmap.py -> /home/tien/Documents/GitHub/BoutToHackNASA/source/godang_ws/build/vision/build/lib/vision/ultralytics/solutions
[5.769s] copying vision/ultralytics/solutions/speed_estimation.py -> /home/tien/Documents/GitHub/BoutToHackNASA/source/godang_ws/build/vision/build/lib/vision/ultralytics/solutions
[5.769s] copying vision/ultralytics/utils/files.py -> /home/tien/Documents/GitHub/BoutToHackNASA/source/godang_ws/build/vision/build/lib/vision/ultralytics/utils
[5.769s] copying vision/ultralytics/utils/metrics.py -> /home/tien/Documents/GitHub/BoutToHackNASA/source/godang_ws/build/vision/build/lib/vision/ultralytics/utils
[5.770s] copying vision/ultralytics/utils/loss.py -> /home/tien/Documents/GitHub/BoutToHackNASA/source/godang_ws/build/vision/build/lib/vision/ultralytics/utils
[5.770s] copying vision/ultralytics/utils/errors.py -> /home/tien/Documents/GitHub/BoutToHackNASA/source/godang_ws/build/vision/build/lib/vision/ultralytics/utils
[5.771s] copying vision/ultralytics/utils/triton.py -> /home/tien/Documents/GitHub/BoutToHackNASA/source/godang_ws/build/vision/build/lib/vision/ultralytics/utils
[5.771s] copying vision/ultralytics/utils/dist.py -> /home/tien/Documents/GitHub/BoutToHackNASA/source/godang_ws/build/vision/build/lib/vision/ultralytics/utils
[5.771s] copying vision/ultralytics/utils/autobatch.py -> /home/tien/Documents/GitHub/BoutToHackNASA/source/godang_ws/build/vision/build/lib/vision/ultralytics/utils
[5.772s] copying vision/ultralytics/utils/tal.py -> /home/tien/Documents/GitHub/BoutToHackNASA/source/godang_ws/build/vision/build/lib/vision/ultralytics/utils
[5.772s] copying vision/ultralytics/utils/ops.py -> /home/tien/Documents/GitHub/BoutToHackNASA/source/godang_ws/build/vision/build/lib/vision/ultralytics/utils
[5.772s] copying vision/ultralytics/utils/instance.py -> /home/tien/Documents/GitHub/BoutToHackNASA/source/godang_ws/build/vision/build/lib/vision/ultralytics/utils
[5.772s] copying vision/ultralytics/utils/checks.py -> /home/tien/Documents/GitHub/BoutToHackNASA/source/godang_ws/build/vision/build/lib/vision/ultralytics/utils
[5.773s] copying vision/ultralytics/utils/patches.py -> /home/tien/Documents/GitHub/BoutToHackNASA/source/godang_ws/build/vision/build/lib/vision/ultralytics/utils
[5.773s] copying vision/ultralytics/utils/benchmarks.py -> /home/tien/Documents/GitHub/BoutToHackNASA/source/godang_ws/build/vision/build/lib/vision/ultralytics/utils
[5.773s] copying vision/ultralytics/utils/tuner.py -> /home/tien/Documents/GitHub/BoutToHackNASA/source/godang_ws/build/vision/build/lib/vision/ultralytics/utils
[5.773s] copying vision/ultralytics/utils/torch_utils.py -> /home/tien/Documents/GitHub/BoutToHackNASA/source/godang_ws/build/vision/build/lib/vision/ultralytics/utils
[5.774s] copying vision/ultralytics/utils/plotting.py -> /home/tien/Documents/GitHub/BoutToHackNASA/source/godang_ws/build/vision/build/lib/vision/ultralytics/utils
[5.774s] copying vision/ultralytics/utils/__init__.py -> /home/tien/Documents/GitHub/BoutToHackNASA/source/godang_ws/build/vision/build/lib/vision/ultralytics/utils
[5.774s] copying vision/ultralytics/utils/downloads.py -> /home/tien/Documents/GitHub/BoutToHackNASA/source/godang_ws/build/vision/build/lib/vision/ultralytics/utils
[5.775s] copying vision/ultralytics/trackers/bot_sort.py -> /home/tien/Documents/GitHub/BoutToHackNASA/source/godang_ws/build/vision/build/lib/vision/ultralytics/trackers
[5.775s] copying vision/ultralytics/trackers/byte_tracker.py -> /home/tien/Documents/GitHub/BoutToHackNASA/source/godang_ws/build/vision/build/lib/vision/ultralytics/trackers
[5.775s] copying vision/ultralytics/trackers/__init__.py -> /home/tien/Documents/GitHub/BoutToHackNASA/source/godang_ws/build/vision/build/lib/vision/ultralytics/trackers
[5.776s] copying vision/ultralytics/trackers/basetrack.py -> /home/tien/Documents/GitHub/BoutToHackNASA/source/godang_ws/build/vision/build/lib/vision/ultralytics/trackers
[5.776s] copying vision/ultralytics/trackers/track.py -> /home/tien/Documents/GitHub/BoutToHackNASA/source/godang_ws/build/vision/build/lib/vision/ultralytics/trackers
[5.776s] copying vision/ultralytics/hub/session.py -> /home/tien/Documents/GitHub/BoutToHackNASA/source/godang_ws/build/vision/build/lib/vision/ultralytics/hub
[5.777s] copying vision/ultralytics/hub/auth.py -> /home/tien/Documents/GitHub/BoutToHackNASA/source/godang_ws/build/vision/build/lib/vision/ultralytics/hub
[5.777s] copying vision/ultralytics/hub/utils.py -> /home/tien/Documents/GitHub/BoutToHackNASA/source/godang_ws/build/vision/build/lib/vision/ultralytics/hub
[5.777s] copying vision/ultralytics/hub/__init__.py -> /home/tien/Documents/GitHub/BoutToHackNASA/source/godang_ws/build/vision/build/lib/vision/ultralytics/hub
[5.777s] copying vision/ultralytics/data/explorer/explorer.py -> /home/tien/Documents/GitHub/BoutToHackNASA/source/godang_ws/build/vision/build/lib/vision/ultralytics/data/explorer
[5.778s] copying vision/ultralytics/data/explorer/utils.py -> /home/tien/Documents/GitHub/BoutToHackNASA/source/godang_ws/build/vision/build/lib/vision/ultralytics/data/explorer
[5.778s] copying vision/ultralytics/data/explorer/__init__.py -> /home/tien/Documents/GitHub/BoutToHackNASA/source/godang_ws/build/vision/build/lib/vision/ultralytics/data/explorer
[5.779s] copying vision/ultralytics/data/explorer/gui/dash.py -> /home/tien/Documents/GitHub/BoutToHackNASA/source/godang_ws/build/vision/build/lib/vision/ultralytics/data/explorer/gui
[5.779s] copying vision/ultralytics/data/explorer/gui/__init__.py -> /home/tien/Documents/GitHub/BoutToHackNASA/source/godang_ws/build/vision/build/lib/vision/ultralytics/data/explorer/gui
[5.779s] copying vision/ultralytics/models/yolo/model.py -> /home/tien/Documents/GitHub/BoutToHackNASA/source/godang_ws/build/vision/build/lib/vision/ultralytics/models/yolo
[5.780s] copying vision/ultralytics/models/yolo/__init__.py -> /home/tien/Documents/GitHub/BoutToHackNASA/source/godang_ws/build/vision/build/lib/vision/ultralytics/models/yolo
[5.780s] copying vision/ultralytics/models/fastsam/model.py -> /home/tien/Documents/GitHub/BoutToHackNASA/source/godang_ws/build/vision/build/lib/vision/ultralytics/models/fastsam
[5.781s] copying vision/ultralytics/models/fastsam/val.py -> /home/tien/Documents/GitHub/BoutToHackNASA/source/godang_ws/build/vision/build/lib/vision/ultralytics/models/fastsam
[5.781s] copying vision/ultralytics/models/fastsam/predict.py -> /home/tien/Documents/GitHub/BoutToHackNASA/source/godang_ws/build/vision/build/lib/vision/ultralytics/models/fastsam
[5.781s] copying vision/ultralytics/models/fastsam/prompt.py -> /home/tien/Documents/GitHub/BoutToHackNASA/source/godang_ws/build/vision/build/lib/vision/ultralytics/models/fastsam
[5.782s] copying vision/ultralytics/models/fastsam/utils.py -> /home/tien/Documents/GitHub/BoutToHackNASA/source/godang_ws/build/vision/build/lib/vision/ultralytics/models/fastsam
[5.782s] copying vision/ultralytics/models/fastsam/__init__.py -> /home/tien/Documents/GitHub/BoutToHackNASA/source/godang_ws/build/vision/build/lib/vision/ultralytics/models/fastsam
[5.782s] copying vision/ultralytics/models/nas/model.py -> /home/tien/Documents/GitHub/BoutToHackNASA/source/godang_ws/build/vision/build/lib/vision/ultralytics/models/nas
[5.783s] copying vision/ultralytics/models/nas/val.py -> /home/tien/Documents/GitHub/BoutToHackNASA/source/godang_ws/build/vision/build/lib/vision/ultralytics/models/nas
[5.783s] copying vision/ultralytics/models/nas/predict.py -> /home/tien/Documents/GitHub/BoutToHackNASA/source/godang_ws/build/vision/build/lib/vision/ultralytics/models/nas
[5.784s] copying vision/ultralytics/models/nas/__init__.py -> /home/tien/Documents/GitHub/BoutToHackNASA/source/godang_ws/build/vision/build/lib/vision/ultralytics/models/nas
[5.785s] copying vision/ultralytics/models/rtdetr/train.py -> /home/tien/Documents/GitHub/BoutToHackNASA/source/godang_ws/build/vision/build/lib/vision/ultralytics/models/rtdetr
[5.785s] copying vision/ultralytics/models/rtdetr/model.py -> /home/tien/Documents/GitHub/BoutToHackNASA/source/godang_ws/build/vision/build/lib/vision/ultralytics/models/rtdetr
[5.785s] copying vision/ultralytics/models/rtdetr/val.py -> /home/tien/Documents/GitHub/BoutToHackNASA/source/godang_ws/build/vision/build/lib/vision/ultralytics/models/rtdetr
[5.786s] copying vision/ultralytics/models/rtdetr/predict.py -> /home/tien/Documents/GitHub/BoutToHackNASA/source/godang_ws/build/vision/build/lib/vision/ultralytics/models/rtdetr
[5.786s] copying vision/ultralytics/models/rtdetr/__init__.py -> /home/tien/Documents/GitHub/BoutToHackNASA/source/godang_ws/build/vision/build/lib/vision/ultralytics/models/rtdetr
[5.786s] copying vision/ultralytics/models/utils/loss.py -> /home/tien/Documents/GitHub/BoutToHackNASA/source/godang_ws/build/vision/build/lib/vision/ultralytics/models/utils
[5.786s] copying vision/ultralytics/models/utils/ops.py -> /home/tien/Documents/GitHub/BoutToHackNASA/source/godang_ws/build/vision/build/lib/vision/ultralytics/models/utils
[5.787s] copying vision/ultralytics/models/utils/__init__.py -> /home/tien/Documents/GitHub/BoutToHackNASA/source/godang_ws/build/vision/build/lib/vision/ultralytics/models/utils
[5.787s] copying vision/ultralytics/models/yolov10/train.py -> /home/tien/Documents/GitHub/BoutToHackNASA/source/godang_ws/build/vision/build/lib/vision/ultralytics/models/yolov10
[5.787s] copying vision/ultralytics/models/yolov10/model.py -> /home/tien/Documents/GitHub/BoutToHackNASA/source/godang_ws/build/vision/build/lib/vision/ultralytics/models/yolov10
[5.787s] copying vision/ultralytics/models/yolov10/val.py -> /home/tien/Documents/GitHub/BoutToHackNASA/source/godang_ws/build/vision/build/lib/vision/ultralytics/models/yolov10
[5.787s] copying vision/ultralytics/models/yolov10/predict.py -> /home/tien/Documents/GitHub/BoutToHackNASA/source/godang_ws/build/vision/build/lib/vision/ultralytics/models/yolov10
[5.788s] copying vision/ultralytics/models/yolov10/__init__.py -> /home/tien/Documents/GitHub/BoutToHackNASA/source/godang_ws/build/vision/build/lib/vision/ultralytics/models/yolov10
[5.788s] copying vision/ultralytics/models/sam/amg.py -> /home/tien/Documents/GitHub/BoutToHackNASA/source/godang_ws/build/vision/build/lib/vision/ultralytics/models/sam
[5.788s] copying vision/ultralytics/models/sam/model.py -> /home/tien/Documents/GitHub/BoutToHackNASA/source/godang_ws/build/vision/build/lib/vision/ultralytics/models/sam
[5.789s] copying vision/ultralytics/models/sam/build.py -> /home/tien/Documents/GitHub/BoutToHackNASA/source/godang_ws/build/vision/build/lib/vision/ultralytics/models/sam
[5.789s] copying vision/ultralytics/models/sam/predict.py -> /home/tien/Documents/GitHub/BoutToHackNASA/source/godang_ws/build/vision/build/lib/vision/ultralytics/models/sam
[5.789s] copying vision/ultralytics/models/sam/__init__.py -> /home/tien/Documents/GitHub/BoutToHackNASA/source/godang_ws/build/vision/build/lib/vision/ultralytics/models/sam
[5.790s] copying vision/ultralytics/models/yolo/obb/train.py -> /home/tien/Documents/GitHub/BoutToHackNASA/source/godang_ws/build/vision/build/lib/vision/ultralytics/models/yolo/obb
[5.790s] copying vision/ultralytics/models/yolo/obb/val.py -> /home/tien/Documents/GitHub/BoutToHackNASA/source/godang_ws/build/vision/build/lib/vision/ultralytics/models/yolo/obb
[5.790s] copying vision/ultralytics/models/yolo/obb/predict.py -> /home/tien/Documents/GitHub/BoutToHackNASA/source/godang_ws/build/vision/build/lib/vision/ultralytics/models/yolo/obb
[5.790s] copying vision/ultralytics/models/yolo/obb/__init__.py -> /home/tien/Documents/GitHub/BoutToHackNASA/source/godang_ws/build/vision/build/lib/vision/ultralytics/models/yolo/obb
[5.791s] copying vision/ultralytics/models/yolo/pose/train.py -> /home/tien/Documents/GitHub/BoutToHackNASA/source/godang_ws/build/vision/build/lib/vision/ultralytics/models/yolo/pose
[5.791s] copying vision/ultralytics/models/yolo/pose/val.py -> /home/tien/Documents/GitHub/BoutToHackNASA/source/godang_ws/build/vision/build/lib/vision/ultralytics/models/yolo/pose
[5.791s] copying vision/ultralytics/models/yolo/pose/predict.py -> /home/tien/Documents/GitHub/BoutToHackNASA/source/godang_ws/build/vision/build/lib/vision/ultralytics/models/yolo/pose
[5.792s] copying vision/ultralytics/models/yolo/pose/__init__.py -> /home/tien/Documents/GitHub/BoutToHackNASA/source/godang_ws/build/vision/build/lib/vision/ultralytics/models/yolo/pose
[5.792s] copying vision/ultralytics/models/yolo/detect/train.py -> /home/tien/Documents/GitHub/BoutToHackNASA/source/godang_ws/build/vision/build/lib/vision/ultralytics/models/yolo/detect
[5.793s] copying vision/ultralytics/models/yolo/detect/val.py -> /home/tien/Documents/GitHub/BoutToHackNASA/source/godang_ws/build/vision/build/lib/vision/ultralytics/models/yolo/detect
[5.793s] copying vision/ultralytics/models/yolo/detect/predict.py -> /home/tien/Documents/GitHub/BoutToHackNASA/source/godang_ws/build/vision/build/lib/vision/ultralytics/models/yolo/detect
[5.793s] copying vision/ultralytics/models/yolo/detect/__init__.py -> /home/tien/Documents/GitHub/BoutToHackNASA/source/godang_ws/build/vision/build/lib/vision/ultralytics/models/yolo/detect
[5.794s] copying vision/ultralytics/models/yolo/segment/train.py -> /home/tien/Documents/GitHub/BoutToHackNASA/source/godang_ws/build/vision/build/lib/vision/ultralytics/models/yolo/segment
[5.794s] copying vision/ultralytics/models/yolo/segment/val.py -> /home/tien/Documents/GitHub/BoutToHackNASA/source/godang_ws/build/vision/build/lib/vision/ultralytics/models/yolo/segment
[5.794s] copying vision/ultralytics/models/yolo/segment/predict.py -> /home/tien/Documents/GitHub/BoutToHackNASA/source/godang_ws/build/vision/build/lib/vision/ultralytics/models/yolo/segment
[5.795s] copying vision/ultralytics/models/yolo/segment/__init__.py -> /home/tien/Documents/GitHub/BoutToHackNASA/source/godang_ws/build/vision/build/lib/vision/ultralytics/models/yolo/segment
[5.796s] copying vision/ultralytics/models/yolo/classify/train.py -> /home/tien/Documents/GitHub/BoutToHackNASA/source/godang_ws/build/vision/build/lib/vision/ultralytics/models/yolo/classify
[5.797s] copying vision/ultralytics/models/yolo/classify/val.py -> /home/tien/Documents/GitHub/BoutToHackNASA/source/godang_ws/build/vision/build/lib/vision/ultralytics/models/yolo/classify
[5.797s] copying vision/ultralytics/models/yolo/classify/predict.py -> /home/tien/Documents/GitHub/BoutToHackNASA/source/godang_ws/build/vision/build/lib/vision/ultralytics/models/yolo/classify
[5.798s] copying vision/ultralytics/models/yolo/classify/__init__.py -> /home/tien/Documents/GitHub/BoutToHackNASA/source/godang_ws/build/vision/build/lib/vision/ultralytics/models/yolo/classify
[5.798s] copying vision/ultralytics/models/sam/modules/transformer.py -> /home/tien/Documents/GitHub/BoutToHackNASA/source/godang_ws/build/vision/build/lib/vision/ultralytics/models/sam/modules
[5.798s] copying vision/ultralytics/models/sam/modules/decoders.py -> /home/tien/Documents/GitHub/BoutToHackNASA/source/godang_ws/build/vision/build/lib/vision/ultralytics/models/sam/modules
[5.798s] copying vision/ultralytics/models/sam/modules/encoders.py -> /home/tien/Documents/GitHub/BoutToHackNASA/source/godang_ws/build/vision/build/lib/vision/ultralytics/models/sam/modules
[5.799s] copying vision/ultralytics/models/sam/modules/tiny_encoder.py -> /home/tien/Documents/GitHub/BoutToHackNASA/source/godang_ws/build/vision/build/lib/vision/ultralytics/models/sam/modules
[5.799s] copying vision/ultralytics/models/sam/modules/sam.py -> /home/tien/Documents/GitHub/BoutToHackNASA/source/godang_ws/build/vision/build/lib/vision/ultralytics/models/sam/modules
[5.799s] copying vision/ultralytics/models/sam/modules/__init__.py -> /home/tien/Documents/GitHub/BoutToHackNASA/source/godang_ws/build/vision/build/lib/vision/ultralytics/models/sam/modules
[5.799s] copying vision/ultralytics/nn/modules/transformer.py -> /home/tien/Documents/GitHub/BoutToHackNASA/source/godang_ws/build/vision/build/lib/vision/ultralytics/nn/modules
[5.800s] copying vision/ultralytics/nn/modules/head.py -> /home/tien/Documents/GitHub/BoutToHackNASA/source/godang_ws/build/vision/build/lib/vision/ultralytics/nn/modules
[5.800s] copying vision/ultralytics/nn/modules/conv.py -> /home/tien/Documents/GitHub/BoutToHackNASA/source/godang_ws/build/vision/build/lib/vision/ultralytics/nn/modules
[5.800s] copying vision/ultralytics/nn/modules/block.py -> /home/tien/Documents/GitHub/BoutToHackNASA/source/godang_ws/build/vision/build/lib/vision/ultralytics/nn/modules
[5.800s] copying vision/ultralytics/nn/modules/utils.py -> /home/tien/Documents/GitHub/BoutToHackNASA/source/godang_ws/build/vision/build/lib/vision/ultralytics/nn/modules
[5.801s] copying vision/ultralytics/nn/modules/__init__.py -> /home/tien/Documents/GitHub/BoutToHackNASA/source/godang_ws/build/vision/build/lib/vision/ultralytics/nn/modules
[5.801s] copying vision/ultralytics/utils/callbacks/dvc.py -> /home/tien/Documents/GitHub/BoutToHackNASA/source/godang_ws/build/vision/build/lib/vision/ultralytics/utils/callbacks
[5.801s] copying vision/ultralytics/utils/callbacks/neptune.py -> /home/tien/Documents/GitHub/BoutToHackNASA/source/godang_ws/build/vision/build/lib/vision/ultralytics/utils/callbacks
[5.801s] copying vision/ultralytics/utils/callbacks/mlflow.py -> /home/tien/Documents/GitHub/BoutToHackNASA/source/godang_ws/build/vision/build/lib/vision/ultralytics/utils/callbacks
[5.802s] copying vision/ultralytics/utils/callbacks/tensorboard.py -> /home/tien/Documents/GitHub/BoutToHackNASA/source/godang_ws/build/vision/build/lib/vision/ultralytics/utils/callbacks
[5.803s] copying vision/ultralytics/utils/callbacks/clearml.py -> /home/tien/Documents/GitHub/BoutToHackNASA/source/godang_ws/build/vision/build/lib/vision/ultralytics/utils/callbacks
[5.803s] copying vision/ultralytics/utils/callbacks/wb.py -> /home/tien/Documents/GitHub/BoutToHackNASA/source/godang_ws/build/vision/build/lib/vision/ultralytics/utils/callbacks
[5.804s] copying vision/ultralytics/utils/callbacks/comet.py -> /home/tien/Documents/GitHub/BoutToHackNASA/source/godang_ws/build/vision/build/lib/vision/ultralytics/utils/callbacks
[5.804s] copying vision/ultralytics/utils/callbacks/hub.py -> /home/tien/Documents/GitHub/BoutToHackNASA/source/godang_ws/build/vision/build/lib/vision/ultralytics/utils/callbacks
[5.804s] copying vision/ultralytics/utils/callbacks/__init__.py -> /home/tien/Documents/GitHub/BoutToHackNASA/source/godang_ws/build/vision/build/lib/vision/ultralytics/utils/callbacks
[5.804s] copying vision/ultralytics/utils/callbacks/raytune.py -> /home/tien/Documents/GitHub/BoutToHackNASA/source/godang_ws/build/vision/build/lib/vision/ultralytics/utils/callbacks
[5.804s] copying vision/ultralytics/utils/callbacks/base.py -> /home/tien/Documents/GitHub/BoutToHackNASA/source/godang_ws/build/vision/build/lib/vision/ultralytics/utils/callbacks
[5.805s] copying vision/ultralytics/trackers/utils/gmc.py -> /home/tien/Documents/GitHub/BoutToHackNASA/source/godang_ws/build/vision/build/lib/vision/ultralytics/trackers/utils
[5.805s] copying vision/ultralytics/trackers/utils/kalman_filter.py -> /home/tien/Documents/GitHub/BoutToHackNASA/source/godang_ws/build/vision/build/lib/vision/ultralytics/trackers/utils
[5.805s] copying vision/ultralytics/trackers/utils/matching.py -> /home/tien/Documents/GitHub/BoutToHackNASA/source/godang_ws/build/vision/build/lib/vision/ultralytics/trackers/utils
[5.805s] copying vision/ultralytics/trackers/utils/__init__.py -> /home/tien/Documents/GitHub/BoutToHackNASA/source/godang_ws/build/vision/build/lib/vision/ultralytics/trackers/utils
[5.813s] running install
[5.828s] running install_lib
[5.904s] running install_data
[5.904s] copying resource/vision -> /home/tien/Documents/GitHub/BoutToHackNASA/source/godang_ws/install/vision/share/ament_index/resource_index/packages
[5.905s] copying package.xml -> /home/tien/Documents/GitHub/BoutToHackNASA/source/godang_ws/install/vision/share/vision
[5.905s] running install_egg_info
[5.943s] removing '/home/tien/Documents/GitHub/BoutToHackNASA/source/godang_ws/install/vision/lib/python3.10/site-packages/vision-0.0.0-py3.10.egg-info' (and everything under it)
[5.943s] Copying ../../build/vision/vision.egg-info to /home/tien/Documents/GitHub/BoutToHackNASA/source/godang_ws/install/vision/lib/python3.10/site-packages/vision-0.0.0-py3.10.egg-info
[5.945s] running install_scripts
[6.393s] Installing vision_ball script to /home/tien/Documents/GitHub/BoutToHackNASA/source/godang_ws/install/vision/lib/vision
[6.394s] Installing vision_silo script to /home/tien/Documents/GitHub/BoutToHackNASA/source/godang_ws/install/vision/lib/vision
[6.403s] writing list of installed files to '/home/tien/Documents/GitHub/BoutToHackNASA/source/godang_ws/build/vision/install.log'
[6.482s] Invoked command in '/home/tien/Documents/GitHub/BoutToHackNASA/source/godang_ws/src/vision' returned '0': PYTHONPATH=/home/tien/Documents/GitHub/BoutToHackNASA/source/godang_ws/build/vision/prefix_override:/home/tien/Documents/GitHub/BoutToHackNASA/source/godang_ws/install/vision/lib/python3.10/site-packages:${PYTHONPATH} /usr/bin/python3 -W ignore:setup.py install is deprecated setup.py egg_info --egg-base ../../build/vision build --build-base /home/tien/Documents/GitHub/BoutToHackNASA/source/godang_ws/build/vision/build install --record /home/tien/Documents/GitHub/BoutToHackNASA/source/godang_ws/build/vision/install.log --single-version-externally-managed install_data
