[2.701s] Invoking command in '/home/tien/Documents/GitHub/BoutToHackNASA/source/godang_ws/src/localization': PYTHONPATH=/home/tien/Documents/GitHub/BoutToHackNASA/source/godang_ws/build/localization/prefix_override:/home/tien/Documents/GitHub/BoutToHackNASA/source/godang_ws/install/localization/lib/python3.10/site-packages:${PYTHONPATH} /usr/bin/python3 -W ignore:setup.py install is deprecated setup.py egg_info --egg-base ../../build/localization build --build-base /home/tien/Documents/GitHub/BoutToHackNASA/source/godang_ws/build/localization/build install --record /home/tien/Documents/GitHub/BoutToHackNASA/source/godang_ws/build/localization/install.log --single-version-externally-managed install_data
[3.310s] running egg_info
[3.340s] writing ../../build/localization/localization.egg-info/PKG-INFO
[3.341s] writing dependency_links to ../../build/localization/localization.egg-info/dependency_links.txt
[3.342s] writing entry points to ../../build/localization/localization.egg-info/entry_points.txt
[3.342s] writing requirements to ../../build/localization/localization.egg-info/requires.txt
[3.342s] writing top-level names to ../../build/localization/localization.egg-info/top_level.txt
[3.409s] reading manifest file '../../build/localization/localization.egg-info/SOURCES.txt'
[3.412s] writing manifest file '../../build/localization/localization.egg-info/SOURCES.txt'
[3.412s] running build
[3.412s] running build_py
[3.413s] copying localization/mobile_node.py -> /home/tien/Documents/GitHub/BoutToHackNASA/source/godang_ws/build/localization/build/lib/localization
[3.413s] copying localization/Function.py -> /home/tien/Documents/GitHub/BoutToHackNASA/source/godang_ws/build/localization/build/lib/localization
[3.413s] copying localization/__init__.py -> /home/tien/Documents/GitHub/BoutToHackNASA/source/godang_ws/build/localization/build/lib/localization
[3.414s] copying localization/PID.py -> /home/tien/Documents/GitHub/BoutToHackNASA/source/godang_ws/build/localization/build/lib/localization
[3.414s] running install
[3.425s] running install_lib
[3.461s] running install_data
[3.461s] copying resource/localization -> /home/tien/Documents/GitHub/BoutToHackNASA/source/godang_ws/install/localization/share/ament_index/resource_index/packages
[3.462s] copying package.xml -> /home/tien/Documents/GitHub/BoutToHackNASA/source/godang_ws/install/localization/share/localization
[3.462s] running install_egg_info
[3.498s] removing '/home/tien/Documents/GitHub/BoutToHackNASA/source/godang_ws/install/localization/lib/python3.10/site-packages/localization-0.0.0-py3.10.egg-info' (and everything under it)
[3.499s] Copying ../../build/localization/localization.egg-info to /home/tien/Documents/GitHub/BoutToHackNASA/source/godang_ws/install/localization/lib/python3.10/site-packages/localization-0.0.0-py3.10.egg-info
[3.500s] running install_scripts
[3.819s] Installing mobile_node script to /home/tien/Documents/GitHub/BoutToHackNASA/source/godang_ws/install/localization/lib/localization
[3.820s] writing list of installed files to '/home/tien/Documents/GitHub/BoutToHackNASA/source/godang_ws/build/localization/install.log'
[3.878s] Invoked command in '/home/tien/Documents/GitHub/BoutToHackNASA/source/godang_ws/src/localization' returned '0': PYTHONPATH=/home/tien/Documents/GitHub/BoutToHackNASA/source/godang_ws/build/localization/prefix_override:/home/tien/Documents/GitHub/BoutToHackNASA/source/godang_ws/install/localization/lib/python3.10/site-packages:${PYTHONPATH} /usr/bin/python3 -W ignore:setup.py install is deprecated setup.py egg_info --egg-base ../../build/localization build --build-base /home/tien/Documents/GitHub/BoutToHackNASA/source/godang_ws/build/localization/build install --record /home/tien/Documents/GitHub/BoutToHackNASA/source/godang_ws/build/localization/install.log --single-version-externally-managed install_data
