[0.189s] DEBUG:colcon:Command line arguments: ['/usr/bin/colcon', 'build']
[0.190s] DEBUG:colcon:Parsed command line arguments: Namespace(log_base=None, log_level=None, verb_name='build', build_base='build', install_base='install', merge_install=False, symlink_install=False, test_result_base=None, continue_on_error=False, executor='parallel', parallel_workers=20, event_handlers=None, ignore_user_meta=False, metas=['./colcon.meta'], base_paths=['.'], packages_ignore=None, packages_ignore_regex=None, paths=None, packages_up_to=None, packages_up_to_regex=None, packages_above=None, packages_above_and_dependencies=None, packages_above_depth=None, packages_select_by_dep=None, packages_skip_by_dep=None, packages_skip_up_to=None, packages_select_build_failed=False, packages_skip_build_finished=False, packages_select_test_failures=False, packages_skip_test_passed=False, packages_select=None, packages_skip=None, packages_select_regex=None, packages_skip_regex=None, packages_start=None, packages_end=None, allow_overriding=[], cmake_args=None, cmake_target=None, cmake_target_skip_unavailable=False, cmake_clean_cache=False, cmake_clean_first=False, cmake_force_configure=False, ament_cmake_args=None, catkin_cmake_args=None, catkin_skip_building_tests=False, mixin_files=None, mixin=None, verb_parser=<colcon_mixin.mixin.mixin_argument.MixinArgumentDecorator object at 0x7021c527a290>, verb_extension=<colcon_core.verb.build.BuildVerb object at 0x7021c53f2020>, main=<bound method BuildVerb.main of <colcon_core.verb.build.BuildVerb object at 0x7021c53f2020>>, mixin_verb=('build',))
[0.248s] Level 1:colcon.colcon_core.package_discovery:discover_packages(colcon_meta) check parameters
[0.248s] Level 1:colcon.colcon_core.package_discovery:discover_packages(recursive) check parameters
[0.248s] Level 1:colcon.colcon_core.package_discovery:discover_packages(ignore) check parameters
[0.248s] Level 1:colcon.colcon_core.package_discovery:discover_packages(path) check parameters
[0.248s] Level 1:colcon.colcon_core.package_discovery:discover_packages(colcon_meta) discover
[0.249s] Level 1:colcon.colcon_core.package_discovery:discover_packages(recursive) discover
[0.249s] INFO:colcon.colcon_core.package_discovery:Crawling recursively for packages in '/home/tien/Documents/GitHub/BoutToHackNASA/source/godang_ws'
[0.249s] Level 1:colcon.colcon_core.package_identification:_identify(.) by extensions ['ignore', 'ignore_ament_install']
[0.249s] Level 1:colcon.colcon_core.package_identification:_identify(.) by extension 'ignore'
[0.249s] Level 1:colcon.colcon_core.package_identification:_identify(.) by extension 'ignore_ament_install'
[0.249s] Level 1:colcon.colcon_core.package_identification:_identify(.) by extensions ['colcon_pkg']
[0.249s] Level 1:colcon.colcon_core.package_identification:_identify(.) by extension 'colcon_pkg'
[0.249s] Level 1:colcon.colcon_core.package_identification:_identify(.) by extensions ['colcon_meta']
[0.249s] Level 1:colcon.colcon_core.package_identification:_identify(.) by extension 'colcon_meta'
[0.249s] Level 1:colcon.colcon_core.package_identification:_identify(.) by extensions ['ros']
[0.249s] Level 1:colcon.colcon_core.package_identification:_identify(.) by extension 'ros'
[0.275s] Level 1:colcon.colcon_core.package_identification:_identify(.) by extensions ['cmake', 'python']
[0.275s] Level 1:colcon.colcon_core.package_identification:_identify(.) by extension 'cmake'
[0.275s] Level 1:colcon.colcon_core.package_identification:_identify(.) by extension 'python'
[0.275s] Level 1:colcon.colcon_core.package_identification:_identify(.) by extensions ['python_setup_py']
[0.275s] Level 1:colcon.colcon_core.package_identification:_identify(.) by extension 'python_setup_py'
[0.275s] Level 1:colcon.colcon_core.package_identification:_identify(-q) by extensions ['ignore', 'ignore_ament_install']
[0.276s] Level 1:colcon.colcon_core.package_identification:_identify(-q) by extension 'ignore'
[0.276s] Level 1:colcon.colcon_core.package_identification:_identify(-q) by extension 'ignore_ament_install'
[0.276s] Level 1:colcon.colcon_core.package_identification:_identify(-q) by extensions ['colcon_pkg']
[0.276s] Level 1:colcon.colcon_core.package_identification:_identify(-q) by extension 'colcon_pkg'
[0.276s] Level 1:colcon.colcon_core.package_identification:_identify(-q) by extensions ['colcon_meta']
[0.276s] Level 1:colcon.colcon_core.package_identification:_identify(-q) by extension 'colcon_meta'
[0.276s] Level 1:colcon.colcon_core.package_identification:_identify(-q) by extensions ['ros']
[0.276s] Level 1:colcon.colcon_core.package_identification:_identify(-q) by extension 'ros'
[0.276s] Level 1:colcon.colcon_core.package_identification:_identify(-q) by extensions ['cmake', 'python']
[0.276s] Level 1:colcon.colcon_core.package_identification:_identify(-q) by extension 'cmake'
[0.276s] Level 1:colcon.colcon_core.package_identification:_identify(-q) by extension 'python'
[0.276s] Level 1:colcon.colcon_core.package_identification:_identify(-q) by extensions ['python_setup_py']
[0.276s] Level 1:colcon.colcon_core.package_identification:_identify(-q) by extension 'python_setup_py'
[0.276s] Level 1:colcon.colcon_core.package_identification:_identify(build) by extensions ['ignore', 'ignore_ament_install']
[0.276s] Level 1:colcon.colcon_core.package_identification:_identify(build) by extension 'ignore'
[0.277s] Level 1:colcon.colcon_core.package_identification:_identify(build) ignored
[0.277s] Level 1:colcon.colcon_core.package_identification:_identify(install) by extensions ['ignore', 'ignore_ament_install']
[0.277s] Level 1:colcon.colcon_core.package_identification:_identify(install) by extension 'ignore'
[0.277s] Level 1:colcon.colcon_core.package_identification:_identify(install) ignored
[0.277s] Level 1:colcon.colcon_core.package_identification:_identify(log) by extensions ['ignore', 'ignore_ament_install']
[0.277s] Level 1:colcon.colcon_core.package_identification:_identify(log) by extension 'ignore'
[0.278s] Level 1:colcon.colcon_core.package_identification:_identify(log) ignored
[0.278s] Level 1:colcon.colcon_core.package_identification:_identify(src) by extensions ['ignore', 'ignore_ament_install']
[0.278s] Level 1:colcon.colcon_core.package_identification:_identify(src) by extension 'ignore'
[0.278s] Level 1:colcon.colcon_core.package_identification:_identify(src) by extension 'ignore_ament_install'
[0.278s] Level 1:colcon.colcon_core.package_identification:_identify(src) by extensions ['colcon_pkg']
[0.278s] Level 1:colcon.colcon_core.package_identification:_identify(src) by extension 'colcon_pkg'
[0.278s] Level 1:colcon.colcon_core.package_identification:_identify(src) by extensions ['colcon_meta']
[0.278s] Level 1:colcon.colcon_core.package_identification:_identify(src) by extension 'colcon_meta'
[0.278s] Level 1:colcon.colcon_core.package_identification:_identify(src) by extensions ['ros']
[0.278s] Level 1:colcon.colcon_core.package_identification:_identify(src) by extension 'ros'
[0.278s] Level 1:colcon.colcon_core.package_identification:_identify(src) by extensions ['cmake', 'python']
[0.278s] Level 1:colcon.colcon_core.package_identification:_identify(src) by extension 'cmake'
[0.278s] Level 1:colcon.colcon_core.package_identification:_identify(src) by extension 'python'
[0.278s] Level 1:colcon.colcon_core.package_identification:_identify(src) by extensions ['python_setup_py']
[0.278s] Level 1:colcon.colcon_core.package_identification:_identify(src) by extension 'python_setup_py'
[0.279s] Level 1:colcon.colcon_core.package_identification:_identify(src/localization) by extensions ['ignore', 'ignore_ament_install']
[0.279s] Level 1:colcon.colcon_core.package_identification:_identify(src/localization) by extension 'ignore'
[0.279s] Level 1:colcon.colcon_core.package_identification:_identify(src/localization) by extension 'ignore_ament_install'
[0.279s] Level 1:colcon.colcon_core.package_identification:_identify(src/localization) by extensions ['colcon_pkg']
[0.279s] Level 1:colcon.colcon_core.package_identification:_identify(src/localization) by extension 'colcon_pkg'
[0.279s] Level 1:colcon.colcon_core.package_identification:_identify(src/localization) by extensions ['colcon_meta']
[0.279s] Level 1:colcon.colcon_core.package_identification:_identify(src/localization) by extension 'colcon_meta'
[0.279s] Level 1:colcon.colcon_core.package_identification:_identify(src/localization) by extensions ['ros']
[0.279s] Level 1:colcon.colcon_core.package_identification:_identify(src/localization) by extension 'ros'
[0.283s] DEBUG:colcon.colcon_core.package_identification:Package 'src/localization' with type 'ros.ament_python' and name 'localization'
[0.283s] Level 1:colcon.colcon_core.package_identification:_identify(src/planing) by extensions ['ignore', 'ignore_ament_install']
[0.283s] Level 1:colcon.colcon_core.package_identification:_identify(src/planing) by extension 'ignore'
[0.283s] Level 1:colcon.colcon_core.package_identification:_identify(src/planing) by extension 'ignore_ament_install'
[0.283s] Level 1:colcon.colcon_core.package_identification:_identify(src/planing) by extensions ['colcon_pkg']
[0.283s] Level 1:colcon.colcon_core.package_identification:_identify(src/planing) by extension 'colcon_pkg'
[0.283s] Level 1:colcon.colcon_core.package_identification:_identify(src/planing) by extensions ['colcon_meta']
[0.283s] Level 1:colcon.colcon_core.package_identification:_identify(src/planing) by extension 'colcon_meta'
[0.284s] Level 1:colcon.colcon_core.package_identification:_identify(src/planing) by extensions ['ros']
[0.284s] Level 1:colcon.colcon_core.package_identification:_identify(src/planing) by extension 'ros'
[0.284s] DEBUG:colcon.colcon_core.package_identification:Package 'src/planing' with type 'ros.ament_python' and name 'planing'
[0.284s] Level 1:colcon.colcon_core.package_identification:_identify(src/vision) by extensions ['ignore', 'ignore_ament_install']
[0.285s] Level 1:colcon.colcon_core.package_identification:_identify(src/vision) by extension 'ignore'
[0.285s] Level 1:colcon.colcon_core.package_identification:_identify(src/vision) by extension 'ignore_ament_install'
[0.285s] Level 1:colcon.colcon_core.package_identification:_identify(src/vision) by extensions ['colcon_pkg']
[0.285s] Level 1:colcon.colcon_core.package_identification:_identify(src/vision) by extension 'colcon_pkg'
[0.285s] Level 1:colcon.colcon_core.package_identification:_identify(src/vision) by extensions ['colcon_meta']
[0.285s] Level 1:colcon.colcon_core.package_identification:_identify(src/vision) by extension 'colcon_meta'
[0.285s] Level 1:colcon.colcon_core.package_identification:_identify(src/vision) by extensions ['ros']
[0.285s] Level 1:colcon.colcon_core.package_identification:_identify(src/vision) by extension 'ros'
[0.286s] DEBUG:colcon.colcon_core.package_identification:Package 'src/vision' with type 'ros.ament_python' and name 'vision'
[0.286s] Level 1:colcon.colcon_core.package_discovery:discover_packages(recursive) using defaults
[0.286s] Level 1:colcon.colcon_core.package_discovery:discover_packages(ignore) discover
[0.286s] Level 1:colcon.colcon_core.package_discovery:discover_packages(ignore) using defaults
[0.286s] Level 1:colcon.colcon_core.package_discovery:discover_packages(path) discover
[0.286s] Level 1:colcon.colcon_core.package_discovery:discover_packages(path) using defaults
[0.325s] Level 1:colcon.colcon_core.package_discovery:discover_packages(prefix_path) check parameters
[0.325s] Level 1:colcon.colcon_core.package_discovery:discover_packages(prefix_path) discover
[0.331s] DEBUG:colcon.colcon_installed_package_information.package_discovery:Found 39 installed packages in /home/tien/microros_ws/install
[0.332s] DEBUG:colcon.colcon_installed_package_information.package_discovery:Found 3 installed packages in /home/tien/Documents/GitHub/BoutToHackNASA/source/godang_ws/install
[0.333s] DEBUG:colcon.colcon_installed_package_information.package_discovery:Found 3 installed packages in /home/tien/Documents/GitHub/ALL_CODE/red_ws/install
[0.334s] DEBUG:colcon.colcon_installed_package_information.package_discovery:Found 15 installed packages in /home/tien/turtlebot3_ws/install
[0.335s] DEBUG:colcon.colcon_installed_package_information.package_discovery:Found 3 installed packages in /home/tien/jinpao_naia_ws/install
[0.335s] DEBUG:colcon.colcon_installed_package_information.package_discovery:Found 1 installed packages in /home/tien/abu_ws/install
[0.336s] DEBUG:colcon.colcon_installed_package_information.package_discovery:Found 3 installed packages in /home/tien/three_wheel_ws/install
[0.336s] DEBUG:colcon.colcon_installed_package_information.package_discovery:Found 5 installed packages in /home/tien/jinpao_ws/install
[0.339s] DEBUG:colcon.colcon_installed_package_information.package_discovery:Found 410 installed packages in /opt/ros/humble
[0.343s] Level 1:colcon.colcon_core.package_discovery:discover_packages(prefix_path) using defaults
[0.409s] Level 5:colcon.colcon_core.verb:set package 'localization' build argument 'cmake_args' from command line to 'None'
[0.409s] Level 5:colcon.colcon_core.verb:set package 'localization' build argument 'cmake_target' from command line to 'None'
[0.410s] Level 5:colcon.colcon_core.verb:set package 'localization' build argument 'cmake_target_skip_unavailable' from command line to 'False'
[0.410s] Level 5:colcon.colcon_core.verb:set package 'localization' build argument 'cmake_clean_cache' from command line to 'False'
[0.410s] Level 5:colcon.colcon_core.verb:set package 'localization' build argument 'cmake_clean_first' from command line to 'False'
[0.410s] Level 5:colcon.colcon_core.verb:set package 'localization' build argument 'cmake_force_configure' from command line to 'False'
[0.410s] Level 5:colcon.colcon_core.verb:set package 'localization' build argument 'ament_cmake_args' from command line to 'None'
[0.410s] Level 5:colcon.colcon_core.verb:set package 'localization' build argument 'catkin_cmake_args' from command line to 'None'
[0.410s] Level 5:colcon.colcon_core.verb:set package 'localization' build argument 'catkin_skip_building_tests' from command line to 'False'
[0.410s] DEBUG:colcon.colcon_core.verb:Building package 'localization' with the following arguments: {'ament_cmake_args': None, 'build_base': '/home/tien/Documents/GitHub/BoutToHackNASA/source/godang_ws/build/localization', 'catkin_cmake_args': None, 'catkin_skip_building_tests': False, 'cmake_args': None, 'cmake_clean_cache': False, 'cmake_clean_first': False, 'cmake_force_configure': False, 'cmake_target': None, 'cmake_target_skip_unavailable': False, 'install_base': '/home/tien/Documents/GitHub/BoutToHackNASA/source/godang_ws/install/localization', 'merge_install': False, 'path': '/home/tien/Documents/GitHub/BoutToHackNASA/source/godang_ws/src/localization', 'symlink_install': False, 'test_result_base': None}
[0.410s] Level 5:colcon.colcon_core.verb:set package 'planing' build argument 'cmake_args' from command line to 'None'
[0.410s] Level 5:colcon.colcon_core.verb:set package 'planing' build argument 'cmake_target' from command line to 'None'
[0.410s] Level 5:colcon.colcon_core.verb:set package 'planing' build argument 'cmake_target_skip_unavailable' from command line to 'False'
[0.410s] Level 5:colcon.colcon_core.verb:set package 'planing' build argument 'cmake_clean_cache' from command line to 'False'
[0.410s] Level 5:colcon.colcon_core.verb:set package 'planing' build argument 'cmake_clean_first' from command line to 'False'
[0.410s] Level 5:colcon.colcon_core.verb:set package 'planing' build argument 'cmake_force_configure' from command line to 'False'
[0.410s] Level 5:colcon.colcon_core.verb:set package 'planing' build argument 'ament_cmake_args' from command line to 'None'
[0.410s] Level 5:colcon.colcon_core.verb:set package 'planing' build argument 'catkin_cmake_args' from command line to 'None'
[0.410s] Level 5:colcon.colcon_core.verb:set package 'planing' build argument 'catkin_skip_building_tests' from command line to 'False'
[0.410s] DEBUG:colcon.colcon_core.verb:Building package 'planing' with the following arguments: {'ament_cmake_args': None, 'build_base': '/home/tien/Documents/GitHub/BoutToHackNASA/source/godang_ws/build/planing', 'catkin_cmake_args': None, 'catkin_skip_building_tests': False, 'cmake_args': None, 'cmake_clean_cache': False, 'cmake_clean_first': False, 'cmake_force_configure': False, 'cmake_target': None, 'cmake_target_skip_unavailable': False, 'install_base': '/home/tien/Documents/GitHub/BoutToHackNASA/source/godang_ws/install/planing', 'merge_install': False, 'path': '/home/tien/Documents/GitHub/BoutToHackNASA/source/godang_ws/src/planing', 'symlink_install': False, 'test_result_base': None}
[0.411s] Level 5:colcon.colcon_core.verb:set package 'vision' build argument 'cmake_args' from command line to 'None'
[0.411s] Level 5:colcon.colcon_core.verb:set package 'vision' build argument 'cmake_target' from command line to 'None'
[0.411s] Level 5:colcon.colcon_core.verb:set package 'vision' build argument 'cmake_target_skip_unavailable' from command line to 'False'
[0.411s] Level 5:colcon.colcon_core.verb:set package 'vision' build argument 'cmake_clean_cache' from command line to 'False'
[0.411s] Level 5:colcon.colcon_core.verb:set package 'vision' build argument 'cmake_clean_first' from command line to 'False'
[0.411s] Level 5:colcon.colcon_core.verb:set package 'vision' build argument 'cmake_force_configure' from command line to 'False'
[0.411s] Level 5:colcon.colcon_core.verb:set package 'vision' build argument 'ament_cmake_args' from command line to 'None'
[0.411s] Level 5:colcon.colcon_core.verb:set package 'vision' build argument 'catkin_cmake_args' from command line to 'None'
[0.411s] Level 5:colcon.colcon_core.verb:set package 'vision' build argument 'catkin_skip_building_tests' from command line to 'False'
[0.411s] DEBUG:colcon.colcon_core.verb:Building package 'vision' with the following arguments: {'ament_cmake_args': None, 'build_base': '/home/tien/Documents/GitHub/BoutToHackNASA/source/godang_ws/build/vision', 'catkin_cmake_args': None, 'catkin_skip_building_tests': False, 'cmake_args': None, 'cmake_clean_cache': False, 'cmake_clean_first': False, 'cmake_force_configure': False, 'cmake_target': None, 'cmake_target_skip_unavailable': False, 'install_base': '/home/tien/Documents/GitHub/BoutToHackNASA/source/godang_ws/install/vision', 'merge_install': False, 'path': '/home/tien/Documents/GitHub/BoutToHackNASA/source/godang_ws/src/vision', 'symlink_install': False, 'test_result_base': None}
[0.411s] INFO:colcon.colcon_core.executor:Executing jobs using 'parallel' executor
[0.413s] DEBUG:colcon.colcon_parallel_executor.executor.parallel:run_until_complete
[0.413s] INFO:colcon.colcon_ros.task.ament_python.build:Building ROS package in '/home/tien/Documents/GitHub/BoutToHackNASA/source/godang_ws/src/localization' with build type 'ament_python'
[0.414s] Level 1:colcon.colcon_core.shell:create_environment_hook('localization', 'ament_prefix_path')
[0.417s] INFO:colcon.colcon_core.plugin_system:Skipping extension 'colcon_core.shell.bat': Not used on non-Windows systems
[0.418s] INFO:colcon.colcon_core.shell:Creating environment hook '/home/tien/Documents/GitHub/BoutToHackNASA/source/godang_ws/install/localization/share/localization/hook/ament_prefix_path.ps1'
[0.419s] INFO:colcon.colcon_core.shell:Creating environment descriptor '/home/tien/Documents/GitHub/BoutToHackNASA/source/godang_ws/install/localization/share/localization/hook/ament_prefix_path.dsv'
[0.431s] INFO:colcon.colcon_core.shell:Creating environment hook '/home/tien/Documents/GitHub/BoutToHackNASA/source/godang_ws/install/localization/share/localization/hook/ament_prefix_path.sh'
[0.432s] INFO:colcon.colcon_core.shell:Skip shell extension 'powershell' for command environment: Not usable outside of PowerShell
[0.433s] DEBUG:colcon.colcon_core.shell:Skip shell extension 'dsv' for command environment
[0.447s] INFO:colcon.colcon_ros.task.ament_python.build:Building ROS package in '/home/tien/Documents/GitHub/BoutToHackNASA/source/godang_ws/src/planing' with build type 'ament_python'
[0.447s] Level 1:colcon.colcon_core.shell:create_environment_hook('planing', 'ament_prefix_path')
[0.447s] INFO:colcon.colcon_core.shell:Creating environment hook '/home/tien/Documents/GitHub/BoutToHackNASA/source/godang_ws/install/planing/share/planing/hook/ament_prefix_path.ps1'
[0.448s] INFO:colcon.colcon_core.shell:Creating environment descriptor '/home/tien/Documents/GitHub/BoutToHackNASA/source/godang_ws/install/planing/share/planing/hook/ament_prefix_path.dsv'
[0.448s] INFO:colcon.colcon_core.shell:Creating environment hook '/home/tien/Documents/GitHub/BoutToHackNASA/source/godang_ws/install/planing/share/planing/hook/ament_prefix_path.sh'
[0.449s] INFO:colcon.colcon_core.shell:Skip shell extension 'powershell' for command environment: Not usable outside of PowerShell
[0.449s] DEBUG:colcon.colcon_core.shell:Skip shell extension 'dsv' for command environment
[0.465s] INFO:colcon.colcon_ros.task.ament_python.build:Building ROS package in '/home/tien/Documents/GitHub/BoutToHackNASA/source/godang_ws/src/vision' with build type 'ament_python'
[0.465s] Level 1:colcon.colcon_core.shell:create_environment_hook('vision', 'ament_prefix_path')
[0.465s] INFO:colcon.colcon_core.shell:Creating environment hook '/home/tien/Documents/GitHub/BoutToHackNASA/source/godang_ws/install/vision/share/vision/hook/ament_prefix_path.ps1'
[0.466s] INFO:colcon.colcon_core.shell:Creating environment descriptor '/home/tien/Documents/GitHub/BoutToHackNASA/source/godang_ws/install/vision/share/vision/hook/ament_prefix_path.dsv'
[0.466s] INFO:colcon.colcon_core.shell:Creating environment hook '/home/tien/Documents/GitHub/BoutToHackNASA/source/godang_ws/install/vision/share/vision/hook/ament_prefix_path.sh'
[0.467s] INFO:colcon.colcon_core.shell:Skip shell extension 'powershell' for command environment: Not usable outside of PowerShell
[0.467s] DEBUG:colcon.colcon_core.shell:Skip shell extension 'dsv' for command environment
[0.904s] INFO:colcon.colcon_core.task.python.build:Building Python package in '/home/tien/Documents/GitHub/BoutToHackNASA/source/godang_ws/src/localization'
[0.904s] INFO:colcon.colcon_core.shell:Skip shell extension 'powershell' for command environment: Not usable outside of PowerShell
[0.905s] DEBUG:colcon.colcon_core.shell:Skip shell extension 'dsv' for command environment
[1.302s] INFO:colcon.colcon_core.task.python.build:Building Python package in '/home/tien/Documents/GitHub/BoutToHackNASA/source/godang_ws/src/planing'
[1.302s] INFO:colcon.colcon_core.shell:Skip shell extension 'powershell' for command environment: Not usable outside of PowerShell
[1.302s] DEBUG:colcon.colcon_core.shell:Skip shell extension 'dsv' for command environment
[1.814s] INFO:colcon.colcon_core.task.python.build:Building Python package in '/home/tien/Documents/GitHub/BoutToHackNASA/source/godang_ws/src/vision'
[1.814s] INFO:colcon.colcon_core.shell:Skip shell extension 'powershell' for command environment: Not usable outside of PowerShell
[1.814s] DEBUG:colcon.colcon_core.shell:Skip shell extension 'dsv' for command environment
[3.042s] DEBUG:colcon.colcon_core.event_handler.log_command:Invoking command in '/home/tien/Documents/GitHub/BoutToHackNASA/source/godang_ws/src/planing': PYTHONPATH=/home/tien/Documents/GitHub/BoutToHackNASA/source/godang_ws/build/planing/prefix_override:/home/tien/Documents/GitHub/BoutToHackNASA/source/godang_ws/install/planing/lib/python3.10/site-packages:${PYTHONPATH} /usr/bin/python3 -W ignore:setup.py install is deprecated setup.py egg_info --egg-base ../../build/planing build --build-base /home/tien/Documents/GitHub/BoutToHackNASA/source/godang_ws/build/planing/build install --record /home/tien/Documents/GitHub/BoutToHackNASA/source/godang_ws/build/planing/install.log --single-version-externally-managed install_data
[3.065s] DEBUG:colcon.colcon_core.event_handler.log_command:Invoking command in '/home/tien/Documents/GitHub/BoutToHackNASA/source/godang_ws/src/vision': PYTHONPATH=/home/tien/Documents/GitHub/BoutToHackNASA/source/godang_ws/build/vision/prefix_override:/home/tien/Documents/GitHub/BoutToHackNASA/source/godang_ws/install/vision/lib/python3.10/site-packages:${PYTHONPATH} /usr/bin/python3 -W ignore:setup.py install is deprecated setup.py egg_info --egg-base ../../build/vision build --build-base /home/tien/Documents/GitHub/BoutToHackNASA/source/godang_ws/build/vision/build install --record /home/tien/Documents/GitHub/BoutToHackNASA/source/godang_ws/build/vision/install.log --single-version-externally-managed install_data
[3.083s] DEBUG:colcon.colcon_core.event_handler.log_command:Invoking command in '/home/tien/Documents/GitHub/BoutToHackNASA/source/godang_ws/src/localization': PYTHONPATH=/home/tien/Documents/GitHub/BoutToHackNASA/source/godang_ws/build/localization/prefix_override:/home/tien/Documents/GitHub/BoutToHackNASA/source/godang_ws/install/localization/lib/python3.10/site-packages:${PYTHONPATH} /usr/bin/python3 -W ignore:setup.py install is deprecated setup.py egg_info --egg-base ../../build/localization build --build-base /home/tien/Documents/GitHub/BoutToHackNASA/source/godang_ws/build/localization/build install --record /home/tien/Documents/GitHub/BoutToHackNASA/source/godang_ws/build/localization/install.log --single-version-externally-managed install_data
[4.253s] DEBUG:colcon.colcon_core.event_handler.log_command:Invoked command in '/home/tien/Documents/GitHub/BoutToHackNASA/source/godang_ws/src/planing' returned '0': PYTHONPATH=/home/tien/Documents/GitHub/BoutToHackNASA/source/godang_ws/build/planing/prefix_override:/home/tien/Documents/GitHub/BoutToHackNASA/source/godang_ws/install/planing/lib/python3.10/site-packages:${PYTHONPATH} /usr/bin/python3 -W ignore:setup.py install is deprecated setup.py egg_info --egg-base ../../build/planing build --build-base /home/tien/Documents/GitHub/BoutToHackNASA/source/godang_ws/build/planing/build install --record /home/tien/Documents/GitHub/BoutToHackNASA/source/godang_ws/build/planing/install.log --single-version-externally-managed install_data
[4.262s] Level 1:colcon.colcon_core.environment:checking '/home/tien/Documents/GitHub/BoutToHackNASA/source/godang_ws/install/planing' for CMake module files
[4.263s] Level 1:colcon.colcon_core.environment:checking '/home/tien/Documents/GitHub/BoutToHackNASA/source/godang_ws/install/planing' for CMake config files
[4.264s] Level 1:colcon.colcon_core.environment:checking '/home/tien/Documents/GitHub/BoutToHackNASA/source/godang_ws/install/planing/lib'
[4.265s] Level 1:colcon.colcon_core.environment:checking '/home/tien/Documents/GitHub/BoutToHackNASA/source/godang_ws/install/planing/bin'
[4.265s] Level 1:colcon.colcon_core.environment:checking '/home/tien/Documents/GitHub/BoutToHackNASA/source/godang_ws/install/planing/lib/pkgconfig/planing.pc'
[4.265s] Level 1:colcon.colcon_core.environment:checking '/home/tien/Documents/GitHub/BoutToHackNASA/source/godang_ws/install/planing/lib/python3.10/site-packages'
[4.265s] Level 1:colcon.colcon_core.shell:create_environment_hook('planing', 'pythonpath')
[4.266s] INFO:colcon.colcon_core.shell:Creating environment hook '/home/tien/Documents/GitHub/BoutToHackNASA/source/godang_ws/install/planing/share/planing/hook/pythonpath.ps1'
[4.267s] INFO:colcon.colcon_core.shell:Creating environment descriptor '/home/tien/Documents/GitHub/BoutToHackNASA/source/godang_ws/install/planing/share/planing/hook/pythonpath.dsv'
[4.267s] INFO:colcon.colcon_core.shell:Creating environment hook '/home/tien/Documents/GitHub/BoutToHackNASA/source/godang_ws/install/planing/share/planing/hook/pythonpath.sh'
[4.268s] Level 1:colcon.colcon_core.environment:checking '/home/tien/Documents/GitHub/BoutToHackNASA/source/godang_ws/install/planing/bin'
[4.268s] Level 1:colcon.colcon_core.environment:create_environment_scripts_only(planing)
[4.269s] INFO:colcon.colcon_core.shell:Creating package script '/home/tien/Documents/GitHub/BoutToHackNASA/source/godang_ws/install/planing/share/planing/package.ps1'
[4.270s] INFO:colcon.colcon_core.shell:Creating package descriptor '/home/tien/Documents/GitHub/BoutToHackNASA/source/godang_ws/install/planing/share/planing/package.dsv'
[4.271s] INFO:colcon.colcon_core.shell:Creating package script '/home/tien/Documents/GitHub/BoutToHackNASA/source/godang_ws/install/planing/share/planing/package.sh'
[4.273s] INFO:colcon.colcon_core.shell:Creating package script '/home/tien/Documents/GitHub/BoutToHackNASA/source/godang_ws/install/planing/share/planing/package.bash'
[4.275s] INFO:colcon.colcon_core.shell:Creating package script '/home/tien/Documents/GitHub/BoutToHackNASA/source/godang_ws/install/planing/share/planing/package.zsh'
[4.276s] Level 1:colcon.colcon_core.environment:create_file_with_runtime_dependencies(/home/tien/Documents/GitHub/BoutToHackNASA/source/godang_ws/install/planing/share/colcon-core/packages/planing)
[4.279s] Level 1:colcon.colcon_core.environment:checking '/home/tien/Documents/GitHub/BoutToHackNASA/source/godang_ws/install/localization' for CMake module files
[4.280s] DEBUG:colcon.colcon_core.event_handler.log_command:Invoked command in '/home/tien/Documents/GitHub/BoutToHackNASA/source/godang_ws/src/localization' returned '0': PYTHONPATH=/home/tien/Documents/GitHub/BoutToHackNASA/source/godang_ws/build/localization/prefix_override:/home/tien/Documents/GitHub/BoutToHackNASA/source/godang_ws/install/localization/lib/python3.10/site-packages:${PYTHONPATH} /usr/bin/python3 -W ignore:setup.py install is deprecated setup.py egg_info --egg-base ../../build/localization build --build-base /home/tien/Documents/GitHub/BoutToHackNASA/source/godang_ws/build/localization/build install --record /home/tien/Documents/GitHub/BoutToHackNASA/source/godang_ws/build/localization/install.log --single-version-externally-managed install_data
[4.281s] Level 1:colcon.colcon_core.environment:checking '/home/tien/Documents/GitHub/BoutToHackNASA/source/godang_ws/install/localization' for CMake config files
[4.283s] Level 1:colcon.colcon_core.environment:checking '/home/tien/Documents/GitHub/BoutToHackNASA/source/godang_ws/install/localization/lib'
[4.283s] Level 1:colcon.colcon_core.environment:checking '/home/tien/Documents/GitHub/BoutToHackNASA/source/godang_ws/install/localization/bin'
[4.283s] Level 1:colcon.colcon_core.environment:checking '/home/tien/Documents/GitHub/BoutToHackNASA/source/godang_ws/install/localization/lib/pkgconfig/localization.pc'
[4.284s] Level 1:colcon.colcon_core.environment:checking '/home/tien/Documents/GitHub/BoutToHackNASA/source/godang_ws/install/localization/lib/python3.10/site-packages'
[4.284s] Level 1:colcon.colcon_core.shell:create_environment_hook('localization', 'pythonpath')
[4.285s] INFO:colcon.colcon_core.shell:Creating environment hook '/home/tien/Documents/GitHub/BoutToHackNASA/source/godang_ws/install/localization/share/localization/hook/pythonpath.ps1'
[4.286s] INFO:colcon.colcon_core.shell:Creating environment descriptor '/home/tien/Documents/GitHub/BoutToHackNASA/source/godang_ws/install/localization/share/localization/hook/pythonpath.dsv'
[4.287s] INFO:colcon.colcon_core.shell:Creating environment hook '/home/tien/Documents/GitHub/BoutToHackNASA/source/godang_ws/install/localization/share/localization/hook/pythonpath.sh'
[4.288s] Level 1:colcon.colcon_core.environment:checking '/home/tien/Documents/GitHub/BoutToHackNASA/source/godang_ws/install/localization/bin'
[4.288s] Level 1:colcon.colcon_core.environment:create_environment_scripts_only(localization)
[4.289s] INFO:colcon.colcon_core.shell:Creating package script '/home/tien/Documents/GitHub/BoutToHackNASA/source/godang_ws/install/localization/share/localization/package.ps1'
[4.290s] INFO:colcon.colcon_core.shell:Creating package descriptor '/home/tien/Documents/GitHub/BoutToHackNASA/source/godang_ws/install/localization/share/localization/package.dsv'
[4.291s] INFO:colcon.colcon_core.shell:Creating package script '/home/tien/Documents/GitHub/BoutToHackNASA/source/godang_ws/install/localization/share/localization/package.sh'
[4.292s] INFO:colcon.colcon_core.shell:Creating package script '/home/tien/Documents/GitHub/BoutToHackNASA/source/godang_ws/install/localization/share/localization/package.bash'
[4.292s] INFO:colcon.colcon_core.shell:Creating package script '/home/tien/Documents/GitHub/BoutToHackNASA/source/godang_ws/install/localization/share/localization/package.zsh'
[4.293s] Level 1:colcon.colcon_core.environment:create_file_with_runtime_dependencies(/home/tien/Documents/GitHub/BoutToHackNASA/source/godang_ws/install/localization/share/colcon-core/packages/localization)
[4.378s] Level 1:colcon.colcon_core.environment:checking '/home/tien/Documents/GitHub/BoutToHackNASA/source/godang_ws/install/vision' for CMake module files
[4.379s] DEBUG:colcon.colcon_core.event_handler.log_command:Invoked command in '/home/tien/Documents/GitHub/BoutToHackNASA/source/godang_ws/src/vision' returned '0': PYTHONPATH=/home/tien/Documents/GitHub/BoutToHackNASA/source/godang_ws/build/vision/prefix_override:/home/tien/Documents/GitHub/BoutToHackNASA/source/godang_ws/install/vision/lib/python3.10/site-packages:${PYTHONPATH} /usr/bin/python3 -W ignore:setup.py install is deprecated setup.py egg_info --egg-base ../../build/vision build --build-base /home/tien/Documents/GitHub/BoutToHackNASA/source/godang_ws/build/vision/build install --record /home/tien/Documents/GitHub/BoutToHackNASA/source/godang_ws/build/vision/install.log --single-version-externally-managed install_data
[4.380s] Level 1:colcon.colcon_core.environment:checking '/home/tien/Documents/GitHub/BoutToHackNASA/source/godang_ws/install/vision' for CMake config files
[4.387s] Level 1:colcon.colcon_core.environment:checking '/home/tien/Documents/GitHub/BoutToHackNASA/source/godang_ws/install/vision/lib'
[4.387s] Level 1:colcon.colcon_core.environment:checking '/home/tien/Documents/GitHub/BoutToHackNASA/source/godang_ws/install/vision/bin'
[4.387s] Level 1:colcon.colcon_core.environment:checking '/home/tien/Documents/GitHub/BoutToHackNASA/source/godang_ws/install/vision/lib/pkgconfig/vision.pc'
[4.388s] Level 1:colcon.colcon_core.environment:checking '/home/tien/Documents/GitHub/BoutToHackNASA/source/godang_ws/install/vision/lib/python3.10/site-packages'
[4.388s] Level 1:colcon.colcon_core.shell:create_environment_hook('vision', 'pythonpath')
[4.388s] INFO:colcon.colcon_core.shell:Creating environment hook '/home/tien/Documents/GitHub/BoutToHackNASA/source/godang_ws/install/vision/share/vision/hook/pythonpath.ps1'
[4.389s] INFO:colcon.colcon_core.shell:Creating environment descriptor '/home/tien/Documents/GitHub/BoutToHackNASA/source/godang_ws/install/vision/share/vision/hook/pythonpath.dsv'
[4.390s] INFO:colcon.colcon_core.shell:Creating environment hook '/home/tien/Documents/GitHub/BoutToHackNASA/source/godang_ws/install/vision/share/vision/hook/pythonpath.sh'
[4.391s] Level 1:colcon.colcon_core.environment:checking '/home/tien/Documents/GitHub/BoutToHackNASA/source/godang_ws/install/vision/bin'
[4.391s] Level 1:colcon.colcon_core.environment:create_environment_scripts_only(vision)
[4.391s] INFO:colcon.colcon_core.shell:Creating package script '/home/tien/Documents/GitHub/BoutToHackNASA/source/godang_ws/install/vision/share/vision/package.ps1'
[4.393s] INFO:colcon.colcon_core.shell:Creating package descriptor '/home/tien/Documents/GitHub/BoutToHackNASA/source/godang_ws/install/vision/share/vision/package.dsv'
[4.393s] INFO:colcon.colcon_core.shell:Creating package script '/home/tien/Documents/GitHub/BoutToHackNASA/source/godang_ws/install/vision/share/vision/package.sh'
[4.394s] INFO:colcon.colcon_core.shell:Creating package script '/home/tien/Documents/GitHub/BoutToHackNASA/source/godang_ws/install/vision/share/vision/package.bash'
[4.395s] INFO:colcon.colcon_core.shell:Creating package script '/home/tien/Documents/GitHub/BoutToHackNASA/source/godang_ws/install/vision/share/vision/package.zsh'
[4.396s] Level 1:colcon.colcon_core.environment:create_file_with_runtime_dependencies(/home/tien/Documents/GitHub/BoutToHackNASA/source/godang_ws/install/vision/share/colcon-core/packages/vision)
[4.396s] DEBUG:colcon.colcon_parallel_executor.executor.parallel:closing loop
[4.398s] DEBUG:colcon.colcon_parallel_executor.executor.parallel:loop closed
[4.398s] DEBUG:colcon.colcon_parallel_executor.executor.parallel:run_until_complete finished with '0'
[4.398s] DEBUG:colcon.colcon_core.event_reactor:joining thread
[4.411s] INFO:colcon.colcon_core.plugin_system:Skipping extension 'colcon_notification.desktop_notification.terminal_notifier': Not used on non-Darwin systems
[4.411s] INFO:colcon.colcon_core.plugin_system:Skipping extension 'colcon_notification.desktop_notification.win32': Not used on non-Windows systems
[4.411s] INFO:colcon.colcon_notification.desktop_notification:Sending desktop notification using 'notify2'
[4.432s] DEBUG:colcon.colcon_core.event_reactor:joined thread
[4.432s] INFO:colcon.colcon_core.shell:Creating prefix script '/home/tien/Documents/GitHub/BoutToHackNASA/source/godang_ws/install/local_setup.ps1'
[4.434s] INFO:colcon.colcon_core.shell:Creating prefix util module '/home/tien/Documents/GitHub/BoutToHackNASA/source/godang_ws/install/_local_setup_util_ps1.py'
[4.436s] INFO:colcon.colcon_core.shell:Creating prefix chain script '/home/tien/Documents/GitHub/BoutToHackNASA/source/godang_ws/install/setup.ps1'
[4.442s] INFO:colcon.colcon_core.shell:Creating prefix script '/home/tien/Documents/GitHub/BoutToHackNASA/source/godang_ws/install/local_setup.sh'
[4.443s] INFO:colcon.colcon_core.shell:Creating prefix util module '/home/tien/Documents/GitHub/BoutToHackNASA/source/godang_ws/install/_local_setup_util_sh.py'
[4.444s] INFO:colcon.colcon_core.shell:Creating prefix chain script '/home/tien/Documents/GitHub/BoutToHackNASA/source/godang_ws/install/setup.sh'
[4.450s] INFO:colcon.colcon_core.shell:Creating prefix script '/home/tien/Documents/GitHub/BoutToHackNASA/source/godang_ws/install/local_setup.bash'
[4.451s] INFO:colcon.colcon_core.shell:Creating prefix chain script '/home/tien/Documents/GitHub/BoutToHackNASA/source/godang_ws/install/setup.bash'
[4.456s] INFO:colcon.colcon_core.shell:Creating prefix script '/home/tien/Documents/GitHub/BoutToHackNASA/source/godang_ws/install/local_setup.zsh'
[4.457s] INFO:colcon.colcon_core.shell:Creating prefix chain script '/home/tien/Documents/GitHub/BoutToHackNASA/source/godang_ws/install/setup.zsh'
