[3.151s] Invoking command in '/home/tien/Documents/GitHub/BoutToHackNASA/source/godang_ws/src/localization': PYTHONPATH=/home/tien/Documents/GitHub/BoutToHackNASA/source/godang_ws/build/localization/prefix_override:/home/tien/Documents/GitHub/BoutToHackNASA/source/godang_ws/install/localization/lib/python3.10/site-packages:${PYTHONPATH} /usr/bin/python3 -W ignore:setup.py install is deprecated setup.py egg_info --egg-base ../../build/localization build --build-base /home/tien/Documents/GitHub/BoutToHackNASA/source/godang_ws/build/localization/build install --record /home/tien/Documents/GitHub/BoutToHackNASA/source/godang_ws/build/localization/install.log --single-version-externally-managed install_data
[3.973s] running egg_info
[4.005s] writing ../../build/localization/localization.egg-info/PKG-INFO
[4.006s] writing dependency_links to ../../build/localization/localization.egg-info/dependency_links.txt
[4.006s] writing entry points to ../../build/localization/localization.egg-info/entry_points.txt
[4.006s] writing requirements to ../../build/localization/localization.egg-info/requires.txt
[4.007s] writing top-level names to ../../build/localization/localization.egg-info/top_level.txt
[4.075s] reading manifest file '../../build/localization/localization.egg-info/SOURCES.txt'
[4.077s] writing manifest file '../../build/localization/localization.egg-info/SOURCES.txt'
[4.077s] running build
[4.078s] running build_py
[4.078s] copying localization/mobile_node.py -> /home/tien/Documents/GitHub/BoutToHackNASA/source/godang_ws/build/localization/build/lib/localization
[4.078s] copying localization/Function.py -> /home/tien/Documents/GitHub/BoutToHackNASA/source/godang_ws/build/localization/build/lib/localization
[4.080s] copying localization/__init__.py -> /home/tien/Documents/GitHub/BoutToHackNASA/source/godang_ws/build/localization/build/lib/localization
[4.080s] copying localization/PID.py -> /home/tien/Documents/GitHub/BoutToHackNASA/source/godang_ws/build/localization/build/lib/localization
[4.080s] running install
[4.091s] running install_lib
[4.128s] copying /home/tien/Documents/GitHub/BoutToHackNASA/source/godang_ws/build/localization/build/lib/localization/Function.py -> /home/tien/Documents/GitHub/BoutToHackNASA/source/godang_ws/install/localization/lib/python3.10/site-packages/localization
[4.132s] byte-compiling /home/tien/Documents/GitHub/BoutToHackNASA/source/godang_ws/install/localization/lib/python3.10/site-packages/localization/Function.py to Function.cpython-310.pyc
[4.136s] running install_data
[4.136s] copying resource/localization -> /home/tien/Documents/GitHub/BoutToHackNASA/source/godang_ws/install/localization/share/ament_index/resource_index/packages
[4.136s] copying package.xml -> /home/tien/Documents/GitHub/BoutToHackNASA/source/godang_ws/install/localization/share/localization
[4.137s] running install_egg_info
[4.173s] removing '/home/tien/Documents/GitHub/BoutToHackNASA/source/godang_ws/install/localization/lib/python3.10/site-packages/localization-0.0.0-py3.10.egg-info' (and everything under it)
[4.174s] Copying ../../build/localization/localization.egg-info to /home/tien/Documents/GitHub/BoutToHackNASA/source/godang_ws/install/localization/lib/python3.10/site-packages/localization-0.0.0-py3.10.egg-info
[4.175s] running install_scripts
[4.510s] Installing mobile_node script to /home/tien/Documents/GitHub/BoutToHackNASA/source/godang_ws/install/localization/lib/localization
[4.511s] writing list of installed files to '/home/tien/Documents/GitHub/BoutToHackNASA/source/godang_ws/build/localization/install.log'
[4.592s] Invoked command in '/home/tien/Documents/GitHub/BoutToHackNASA/source/godang_ws/src/localization' returned '0': PYTHONPATH=/home/tien/Documents/GitHub/BoutToHackNASA/source/godang_ws/build/localization/prefix_override:/home/tien/Documents/GitHub/BoutToHackNASA/source/godang_ws/install/localization/lib/python3.10/site-packages:${PYTHONPATH} /usr/bin/python3 -W ignore:setup.py install is deprecated setup.py egg_info --egg-base ../../build/localization build --build-base /home/tien/Documents/GitHub/BoutToHackNASA/source/godang_ws/build/localization/build install --record /home/tien/Documents/GitHub/BoutToHackNASA/source/godang_ws/build/localization/install.log --single-version-externally-managed install_data
