[0.173s] DEBUG:colcon:Command line arguments: ['/usr/bin/colcon', 'build']
[0.173s] DEBUG:colcon:Parsed command line arguments: Namespace(log_base=None, log_level=None, verb_name='build', build_base='build', install_base='install', merge_install=False, symlink_install=False, test_result_base=None, continue_on_error=False, executor='parallel', parallel_workers=20, event_handlers=None, ignore_user_meta=False, metas=['./colcon.meta'], base_paths=['.'], packages_ignore=None, packages_ignore_regex=None, paths=None, packages_up_to=None, packages_up_to_regex=None, packages_above=None, packages_above_and_dependencies=None, packages_above_depth=None, packages_select_by_dep=None, packages_skip_by_dep=None, packages_skip_up_to=None, packages_select_build_failed=False, packages_skip_build_finished=False, packages_select_test_failures=False, packages_skip_test_passed=False, packages_select=None, packages_skip=None, packages_select_regex=None, packages_skip_regex=None, packages_start=None, packages_end=None, allow_overriding=[], cmake_args=None, cmake_target=None, cmake_target_skip_unavailable=False, cmake_clean_cache=False, cmake_clean_first=False, cmake_force_configure=False, ament_cmake_args=None, catkin_cmake_args=None, catkin_skip_building_tests=False, mixin_files=None, mixin=None, verb_parser=<colcon_mixin.mixin.mixin_argument.MixinArgumentDecorator object at 0x7dfbb6c4a2c0>, verb_extension=<colcon_core.verb.build.BuildVerb object at 0x7dfbb6bc6050>, main=<bound method BuildVerb.main of <colcon_core.verb.build.BuildVerb object at 0x7dfbb6bc6050>>, mixin_verb=('build',))
[0.228s] Level 1:colcon.colcon_core.package_discovery:discover_packages(colcon_meta) check parameters
[0.229s] Level 1:colcon.colcon_core.package_discovery:discover_packages(recursive) check parameters
[0.229s] Level 1:colcon.colcon_core.package_discovery:discover_packages(ignore) check parameters
[0.229s] Level 1:colcon.colcon_core.package_discovery:discover_packages(path) check parameters
[0.229s] Level 1:colcon.colcon_core.package_discovery:discover_packages(colcon_meta) discover
[0.229s] Level 1:colcon.colcon_core.package_discovery:discover_packages(recursive) discover
[0.229s] INFO:colcon.colcon_core.package_discovery:Crawling recursively for packages in '/home/tien/Documents/GitHub/BoutToHackNASA/source/godang_ws'
[0.229s] Level 1:colcon.colcon_core.package_identification:_identify(.) by extensions ['ignore', 'ignore_ament_install']
[0.229s] Level 1:colcon.colcon_core.package_identification:_identify(.) by extension 'ignore'
[0.229s] Level 1:colcon.colcon_core.package_identification:_identify(.) by extension 'ignore_ament_install'
[0.229s] Level 1:colcon.colcon_core.package_identification:_identify(.) by extensions ['colcon_pkg']
[0.229s] Level 1:colcon.colcon_core.package_identification:_identify(.) by extension 'colcon_pkg'
[0.229s] Level 1:colcon.colcon_core.package_identification:_identify(.) by extensions ['colcon_meta']
[0.230s] Level 1:colcon.colcon_core.package_identification:_identify(.) by extension 'colcon_meta'
[0.230s] Level 1:colcon.colcon_core.package_identification:_identify(.) by extensions ['ros']
[0.230s] Level 1:colcon.colcon_core.package_identification:_identify(.) by extension 'ros'
[0.253s] Level 1:colcon.colcon_core.package_identification:_identify(.) by extensions ['cmake', 'python']
[0.253s] Level 1:colcon.colcon_core.package_identification:_identify(.) by extension 'cmake'
[0.253s] Level 1:colcon.colcon_core.package_identification:_identify(.) by extension 'python'
[0.253s] Level 1:colcon.colcon_core.package_identification:_identify(.) by extensions ['python_setup_py']
[0.253s] Level 1:colcon.colcon_core.package_identification:_identify(.) by extension 'python_setup_py'
[0.254s] Level 1:colcon.colcon_core.package_identification:_identify(-q) by extensions ['ignore', 'ignore_ament_install']
[0.254s] Level 1:colcon.colcon_core.package_identification:_identify(-q) by extension 'ignore'
[0.254s] Level 1:colcon.colcon_core.package_identification:_identify(-q) by extension 'ignore_ament_install'
[0.254s] Level 1:colcon.colcon_core.package_identification:_identify(-q) by extensions ['colcon_pkg']
[0.254s] Level 1:colcon.colcon_core.package_identification:_identify(-q) by extension 'colcon_pkg'
[0.254s] Level 1:colcon.colcon_core.package_identification:_identify(-q) by extensions ['colcon_meta']
[0.254s] Level 1:colcon.colcon_core.package_identification:_identify(-q) by extension 'colcon_meta'
[0.254s] Level 1:colcon.colcon_core.package_identification:_identify(-q) by extensions ['ros']
[0.254s] Level 1:colcon.colcon_core.package_identification:_identify(-q) by extension 'ros'
[0.254s] Level 1:colcon.colcon_core.package_identification:_identify(-q) by extensions ['cmake', 'python']
[0.254s] Level 1:colcon.colcon_core.package_identification:_identify(-q) by extension 'cmake'
[0.254s] Level 1:colcon.colcon_core.package_identification:_identify(-q) by extension 'python'
[0.254s] Level 1:colcon.colcon_core.package_identification:_identify(-q) by extensions ['python_setup_py']
[0.254s] Level 1:colcon.colcon_core.package_identification:_identify(-q) by extension 'python_setup_py'
[0.255s] Level 1:colcon.colcon_core.package_identification:_identify(build) by extensions ['ignore', 'ignore_ament_install']
[0.255s] Level 1:colcon.colcon_core.package_identification:_identify(build) by extension 'ignore'
[0.255s] Level 1:colcon.colcon_core.package_identification:_identify(build) ignored
[0.255s] Level 1:colcon.colcon_core.package_identification:_identify(install) by extensions ['ignore', 'ignore_ament_install']
[0.255s] Level 1:colcon.colcon_core.package_identification:_identify(install) by extension 'ignore'
[0.255s] Level 1:colcon.colcon_core.package_identification:_identify(install) ignored
[0.256s] Level 1:colcon.colcon_core.package_identification:_identify(log) by extensions ['ignore', 'ignore_ament_install']
[0.256s] Level 1:colcon.colcon_core.package_identification:_identify(log) by extension 'ignore'
[0.256s] Level 1:colcon.colcon_core.package_identification:_identify(log) ignored
[0.256s] Level 1:colcon.colcon_core.package_identification:_identify(src) by extensions ['ignore', 'ignore_ament_install']
[0.256s] Level 1:colcon.colcon_core.package_identification:_identify(src) by extension 'ignore'
[0.256s] Level 1:colcon.colcon_core.package_identification:_identify(src) by extension 'ignore_ament_install'
[0.256s] Level 1:colcon.colcon_core.package_identification:_identify(src) by extensions ['colcon_pkg']
[0.256s] Level 1:colcon.colcon_core.package_identification:_identify(src) by extension 'colcon_pkg'
[0.256s] Level 1:colcon.colcon_core.package_identification:_identify(src) by extensions ['colcon_meta']
[0.257s] Level 1:colcon.colcon_core.package_identification:_identify(src) by extension 'colcon_meta'
[0.257s] Level 1:colcon.colcon_core.package_identification:_identify(src) by extensions ['ros']
[0.257s] Level 1:colcon.colcon_core.package_identification:_identify(src) by extension 'ros'
[0.257s] Level 1:colcon.colcon_core.package_identification:_identify(src) by extensions ['cmake', 'python']
[0.257s] Level 1:colcon.colcon_core.package_identification:_identify(src) by extension 'cmake'
[0.257s] Level 1:colcon.colcon_core.package_identification:_identify(src) by extension 'python'
[0.257s] Level 1:colcon.colcon_core.package_identification:_identify(src) by extensions ['python_setup_py']
[0.257s] Level 1:colcon.colcon_core.package_identification:_identify(src) by extension 'python_setup_py'
[0.257s] Level 1:colcon.colcon_core.package_identification:_identify(src/localization) by extensions ['ignore', 'ignore_ament_install']
[0.257s] Level 1:colcon.colcon_core.package_identification:_identify(src/localization) by extension 'ignore'
[0.257s] Level 1:colcon.colcon_core.package_identification:_identify(src/localization) by extension 'ignore_ament_install'
[0.257s] Level 1:colcon.colcon_core.package_identification:_identify(src/localization) by extensions ['colcon_pkg']
[0.257s] Level 1:colcon.colcon_core.package_identification:_identify(src/localization) by extension 'colcon_pkg'
[0.258s] Level 1:colcon.colcon_core.package_identification:_identify(src/localization) by extensions ['colcon_meta']
[0.258s] Level 1:colcon.colcon_core.package_identification:_identify(src/localization) by extension 'colcon_meta'
[0.258s] Level 1:colcon.colcon_core.package_identification:_identify(src/localization) by extensions ['ros']
[0.258s] Level 1:colcon.colcon_core.package_identification:_identify(src/localization) by extension 'ros'
[0.262s] DEBUG:colcon.colcon_core.package_identification:Package 'src/localization' with type 'ros.ament_python' and name 'localization'
[0.262s] Level 1:colcon.colcon_core.package_identification:_identify(src/my_robot_bringup) by extensions ['ignore', 'ignore_ament_install']
[0.262s] Level 1:colcon.colcon_core.package_identification:_identify(src/my_robot_bringup) by extension 'ignore'
[0.262s] Level 1:colcon.colcon_core.package_identification:_identify(src/my_robot_bringup) by extension 'ignore_ament_install'
[0.262s] Level 1:colcon.colcon_core.package_identification:_identify(src/my_robot_bringup) by extensions ['colcon_pkg']
[0.262s] Level 1:colcon.colcon_core.package_identification:_identify(src/my_robot_bringup) by extension 'colcon_pkg'
[0.263s] Level 1:colcon.colcon_core.package_identification:_identify(src/my_robot_bringup) by extensions ['colcon_meta']
[0.263s] Level 1:colcon.colcon_core.package_identification:_identify(src/my_robot_bringup) by extension 'colcon_meta'
[0.263s] Level 1:colcon.colcon_core.package_identification:_identify(src/my_robot_bringup) by extensions ['ros']
[0.263s] Level 1:colcon.colcon_core.package_identification:_identify(src/my_robot_bringup) by extension 'ros'
[0.264s] DEBUG:colcon.colcon_core.package_identification:Package 'src/my_robot_bringup' with type 'ros.ament_cmake' and name 'my_robot_bringup'
[0.264s] Level 1:colcon.colcon_core.package_identification:_identify(src/planing) by extensions ['ignore', 'ignore_ament_install']
[0.264s] Level 1:colcon.colcon_core.package_identification:_identify(src/planing) by extension 'ignore'
[0.264s] Level 1:colcon.colcon_core.package_identification:_identify(src/planing) by extension 'ignore_ament_install'
[0.264s] Level 1:colcon.colcon_core.package_identification:_identify(src/planing) by extensions ['colcon_pkg']
[0.264s] Level 1:colcon.colcon_core.package_identification:_identify(src/planing) by extension 'colcon_pkg'
[0.264s] Level 1:colcon.colcon_core.package_identification:_identify(src/planing) by extensions ['colcon_meta']
[0.264s] Level 1:colcon.colcon_core.package_identification:_identify(src/planing) by extension 'colcon_meta'
[0.264s] Level 1:colcon.colcon_core.package_identification:_identify(src/planing) by extensions ['ros']
[0.264s] Level 1:colcon.colcon_core.package_identification:_identify(src/planing) by extension 'ros'
[0.265s] DEBUG:colcon.colcon_core.package_identification:Package 'src/planing' with type 'ros.ament_python' and name 'planing'
[0.265s] Level 1:colcon.colcon_core.package_identification:_identify(src/vision) by extensions ['ignore', 'ignore_ament_install']
[0.266s] Level 1:colcon.colcon_core.package_identification:_identify(src/vision) by extension 'ignore'
[0.266s] Level 1:colcon.colcon_core.package_identification:_identify(src/vision) by extension 'ignore_ament_install'
[0.266s] Level 1:colcon.colcon_core.package_identification:_identify(src/vision) by extensions ['colcon_pkg']
[0.266s] Level 1:colcon.colcon_core.package_identification:_identify(src/vision) by extension 'colcon_pkg'
[0.266s] Level 1:colcon.colcon_core.package_identification:_identify(src/vision) by extensions ['colcon_meta']
[0.266s] Level 1:colcon.colcon_core.package_identification:_identify(src/vision) by extension 'colcon_meta'
[0.266s] Level 1:colcon.colcon_core.package_identification:_identify(src/vision) by extensions ['ros']
[0.266s] Level 1:colcon.colcon_core.package_identification:_identify(src/vision) by extension 'ros'
[0.267s] DEBUG:colcon.colcon_core.package_identification:Package 'src/vision' with type 'ros.ament_python' and name 'vision'
[0.267s] Level 1:colcon.colcon_core.package_discovery:discover_packages(recursive) using defaults
[0.267s] Level 1:colcon.colcon_core.package_discovery:discover_packages(ignore) discover
[0.267s] Level 1:colcon.colcon_core.package_discovery:discover_packages(ignore) using defaults
[0.267s] Level 1:colcon.colcon_core.package_discovery:discover_packages(path) discover
[0.267s] Level 1:colcon.colcon_core.package_discovery:discover_packages(path) using defaults
[0.307s] Level 1:colcon.colcon_core.package_discovery:discover_packages(prefix_path) check parameters
[0.307s] Level 1:colcon.colcon_core.package_discovery:discover_packages(prefix_path) discover
[0.314s] DEBUG:colcon.colcon_installed_package_information.package_discovery:Found 39 installed packages in /home/tien/microros_ws/install
[0.315s] DEBUG:colcon.colcon_installed_package_information.package_discovery:Found 4 installed packages in /home/tien/Documents/GitHub/BoutToHackNASA/source/godang_ws/install
[0.315s] DEBUG:colcon.colcon_installed_package_information.package_discovery:Found 3 installed packages in /home/tien/Documents/GitHub/ALL_CODE/red_ws/install
[0.316s] DEBUG:colcon.colcon_installed_package_information.package_discovery:Found 15 installed packages in /home/tien/turtlebot3_ws/install
[0.317s] DEBUG:colcon.colcon_installed_package_information.package_discovery:Found 3 installed packages in /home/tien/jinpao_naia_ws/install
[0.318s] DEBUG:colcon.colcon_installed_package_information.package_discovery:Found 1 installed packages in /home/tien/abu_ws/install
[0.318s] DEBUG:colcon.colcon_installed_package_information.package_discovery:Found 3 installed packages in /home/tien/three_wheel_ws/install
[0.319s] DEBUG:colcon.colcon_installed_package_information.package_discovery:Found 5 installed packages in /home/tien/jinpao_ws/install
[0.321s] DEBUG:colcon.colcon_installed_package_information.package_discovery:Found 410 installed packages in /opt/ros/humble
[0.325s] Level 1:colcon.colcon_core.package_discovery:discover_packages(prefix_path) using defaults
[0.417s] Level 5:colcon.colcon_core.verb:set package 'localization' build argument 'cmake_args' from command line to 'None'
[0.417s] Level 5:colcon.colcon_core.verb:set package 'localization' build argument 'cmake_target' from command line to 'None'
[0.417s] Level 5:colcon.colcon_core.verb:set package 'localization' build argument 'cmake_target_skip_unavailable' from command line to 'False'
[0.417s] Level 5:colcon.colcon_core.verb:set package 'localization' build argument 'cmake_clean_cache' from command line to 'False'
[0.417s] Level 5:colcon.colcon_core.verb:set package 'localization' build argument 'cmake_clean_first' from command line to 'False'
[0.418s] Level 5:colcon.colcon_core.verb:set package 'localization' build argument 'cmake_force_configure' from command line to 'False'
[0.418s] Level 5:colcon.colcon_core.verb:set package 'localization' build argument 'ament_cmake_args' from command line to 'None'
[0.418s] Level 5:colcon.colcon_core.verb:set package 'localization' build argument 'catkin_cmake_args' from command line to 'None'
[0.418s] Level 5:colcon.colcon_core.verb:set package 'localization' build argument 'catkin_skip_building_tests' from command line to 'False'
[0.418s] DEBUG:colcon.colcon_core.verb:Building package 'localization' with the following arguments: {'ament_cmake_args': None, 'build_base': '/home/tien/Documents/GitHub/BoutToHackNASA/source/godang_ws/build/localization', 'catkin_cmake_args': None, 'catkin_skip_building_tests': False, 'cmake_args': None, 'cmake_clean_cache': False, 'cmake_clean_first': False, 'cmake_force_configure': False, 'cmake_target': None, 'cmake_target_skip_unavailable': False, 'install_base': '/home/tien/Documents/GitHub/BoutToHackNASA/source/godang_ws/install/localization', 'merge_install': False, 'path': '/home/tien/Documents/GitHub/BoutToHackNASA/source/godang_ws/src/localization', 'symlink_install': False, 'test_result_base': None}
[0.418s] Level 5:colcon.colcon_core.verb:set package 'planing' build argument 'cmake_args' from command line to 'None'
[0.418s] Level 5:colcon.colcon_core.verb:set package 'planing' build argument 'cmake_target' from command line to 'None'
[0.418s] Level 5:colcon.colcon_core.verb:set package 'planing' build argument 'cmake_target_skip_unavailable' from command line to 'False'
[0.418s] Level 5:colcon.colcon_core.verb:set package 'planing' build argument 'cmake_clean_cache' from command line to 'False'
[0.418s] Level 5:colcon.colcon_core.verb:set package 'planing' build argument 'cmake_clean_first' from command line to 'False'
[0.418s] Level 5:colcon.colcon_core.verb:set package 'planing' build argument 'cmake_force_configure' from command line to 'False'
[0.418s] Level 5:colcon.colcon_core.verb:set package 'planing' build argument 'ament_cmake_args' from command line to 'None'
[0.419s] Level 5:colcon.colcon_core.verb:set package 'planing' build argument 'catkin_cmake_args' from command line to 'None'
[0.419s] Level 5:colcon.colcon_core.verb:set package 'planing' build argument 'catkin_skip_building_tests' from command line to 'False'
[0.419s] DEBUG:colcon.colcon_core.verb:Building package 'planing' with the following arguments: {'ament_cmake_args': None, 'build_base': '/home/tien/Documents/GitHub/BoutToHackNASA/source/godang_ws/build/planing', 'catkin_cmake_args': None, 'catkin_skip_building_tests': False, 'cmake_args': None, 'cmake_clean_cache': False, 'cmake_clean_first': False, 'cmake_force_configure': False, 'cmake_target': None, 'cmake_target_skip_unavailable': False, 'install_base': '/home/tien/Documents/GitHub/BoutToHackNASA/source/godang_ws/install/planing', 'merge_install': False, 'path': '/home/tien/Documents/GitHub/BoutToHackNASA/source/godang_ws/src/planing', 'symlink_install': False, 'test_result_base': None}
[0.419s] Level 5:colcon.colcon_core.verb:set package 'vision' build argument 'cmake_args' from command line to 'None'
[0.419s] Level 5:colcon.colcon_core.verb:set package 'vision' build argument 'cmake_target' from command line to 'None'
[0.419s] Level 5:colcon.colcon_core.verb:set package 'vision' build argument 'cmake_target_skip_unavailable' from command line to 'False'
[0.419s] Level 5:colcon.colcon_core.verb:set package 'vision' build argument 'cmake_clean_cache' from command line to 'False'
[0.419s] Level 5:colcon.colcon_core.verb:set package 'vision' build argument 'cmake_clean_first' from command line to 'False'
[0.419s] Level 5:colcon.colcon_core.verb:set package 'vision' build argument 'cmake_force_configure' from command line to 'False'
[0.419s] Level 5:colcon.colcon_core.verb:set package 'vision' build argument 'ament_cmake_args' from command line to 'None'
[0.419s] Level 5:colcon.colcon_core.verb:set package 'vision' build argument 'catkin_cmake_args' from command line to 'None'
[0.419s] Level 5:colcon.colcon_core.verb:set package 'vision' build argument 'catkin_skip_building_tests' from command line to 'False'
[0.419s] DEBUG:colcon.colcon_core.verb:Building package 'vision' with the following arguments: {'ament_cmake_args': None, 'build_base': '/home/tien/Documents/GitHub/BoutToHackNASA/source/godang_ws/build/vision', 'catkin_cmake_args': None, 'catkin_skip_building_tests': False, 'cmake_args': None, 'cmake_clean_cache': False, 'cmake_clean_first': False, 'cmake_force_configure': False, 'cmake_target': None, 'cmake_target_skip_unavailable': False, 'install_base': '/home/tien/Documents/GitHub/BoutToHackNASA/source/godang_ws/install/vision', 'merge_install': False, 'path': '/home/tien/Documents/GitHub/BoutToHackNASA/source/godang_ws/src/vision', 'symlink_install': False, 'test_result_base': None}
[0.420s] Level 5:colcon.colcon_core.verb:set package 'my_robot_bringup' build argument 'cmake_args' from command line to 'None'
[0.420s] Level 5:colcon.colcon_core.verb:set package 'my_robot_bringup' build argument 'cmake_target' from command line to 'None'
[0.420s] Level 5:colcon.colcon_core.verb:set package 'my_robot_bringup' build argument 'cmake_target_skip_unavailable' from command line to 'False'
[0.420s] Level 5:colcon.colcon_core.verb:set package 'my_robot_bringup' build argument 'cmake_clean_cache' from command line to 'False'
[0.420s] Level 5:colcon.colcon_core.verb:set package 'my_robot_bringup' build argument 'cmake_clean_first' from command line to 'False'
[0.420s] Level 5:colcon.colcon_core.verb:set package 'my_robot_bringup' build argument 'cmake_force_configure' from command line to 'False'
[0.420s] Level 5:colcon.colcon_core.verb:set package 'my_robot_bringup' build argument 'ament_cmake_args' from command line to 'None'
[0.420s] Level 5:colcon.colcon_core.verb:set package 'my_robot_bringup' build argument 'catkin_cmake_args' from command line to 'None'
[0.420s] Level 5:colcon.colcon_core.verb:set package 'my_robot_bringup' build argument 'catkin_skip_building_tests' from command line to 'False'
[0.420s] DEBUG:colcon.colcon_core.verb:Building package 'my_robot_bringup' with the following arguments: {'ament_cmake_args': None, 'build_base': '/home/tien/Documents/GitHub/BoutToHackNASA/source/godang_ws/build/my_robot_bringup', 'catkin_cmake_args': None, 'catkin_skip_building_tests': False, 'cmake_args': None, 'cmake_clean_cache': False, 'cmake_clean_first': False, 'cmake_force_configure': False, 'cmake_target': None, 'cmake_target_skip_unavailable': False, 'install_base': '/home/tien/Documents/GitHub/BoutToHackNASA/source/godang_ws/install/my_robot_bringup', 'merge_install': False, 'path': '/home/tien/Documents/GitHub/BoutToHackNASA/source/godang_ws/src/my_robot_bringup', 'symlink_install': False, 'test_result_base': None}
[0.420s] INFO:colcon.colcon_core.executor:Executing jobs using 'parallel' executor
[0.422s] DEBUG:colcon.colcon_parallel_executor.executor.parallel:run_until_complete
[0.422s] INFO:colcon.colcon_ros.task.ament_python.build:Building ROS package in '/home/tien/Documents/GitHub/BoutToHackNASA/source/godang_ws/src/localization' with build type 'ament_python'
[0.423s] Level 1:colcon.colcon_core.shell:create_environment_hook('localization', 'ament_prefix_path')
[0.428s] INFO:colcon.colcon_core.plugin_system:Skipping extension 'colcon_core.shell.bat': Not used on non-Windows systems
[0.428s] INFO:colcon.colcon_core.shell:Creating environment hook '/home/tien/Documents/GitHub/BoutToHackNASA/source/godang_ws/install/localization/share/localization/hook/ament_prefix_path.ps1'
[0.445s] INFO:colcon.colcon_core.shell:Creating environment descriptor '/home/tien/Documents/GitHub/BoutToHackNASA/source/godang_ws/install/localization/share/localization/hook/ament_prefix_path.dsv'
[0.446s] INFO:colcon.colcon_core.shell:Creating environment hook '/home/tien/Documents/GitHub/BoutToHackNASA/source/godang_ws/install/localization/share/localization/hook/ament_prefix_path.sh'
[0.448s] INFO:colcon.colcon_core.shell:Skip shell extension 'powershell' for command environment: Not usable outside of PowerShell
[0.448s] DEBUG:colcon.colcon_core.shell:Skip shell extension 'dsv' for command environment
[0.474s] INFO:colcon.colcon_ros.task.ament_python.build:Building ROS package in '/home/tien/Documents/GitHub/BoutToHackNASA/source/godang_ws/src/planing' with build type 'ament_python'
[0.475s] Level 1:colcon.colcon_core.shell:create_environment_hook('planing', 'ament_prefix_path')
[0.475s] INFO:colcon.colcon_core.shell:Creating environment hook '/home/tien/Documents/GitHub/BoutToHackNASA/source/godang_ws/install/planing/share/planing/hook/ament_prefix_path.ps1'
[0.476s] INFO:colcon.colcon_core.shell:Creating environment descriptor '/home/tien/Documents/GitHub/BoutToHackNASA/source/godang_ws/install/planing/share/planing/hook/ament_prefix_path.dsv'
[0.477s] INFO:colcon.colcon_core.shell:Creating environment hook '/home/tien/Documents/GitHub/BoutToHackNASA/source/godang_ws/install/planing/share/planing/hook/ament_prefix_path.sh'
[0.478s] INFO:colcon.colcon_core.shell:Skip shell extension 'powershell' for command environment: Not usable outside of PowerShell
[0.478s] DEBUG:colcon.colcon_core.shell:Skip shell extension 'dsv' for command environment
[0.503s] INFO:colcon.colcon_ros.task.ament_python.build:Building ROS package in '/home/tien/Documents/GitHub/BoutToHackNASA/source/godang_ws/src/vision' with build type 'ament_python'
[0.504s] Level 1:colcon.colcon_core.shell:create_environment_hook('vision', 'ament_prefix_path')
[0.504s] INFO:colcon.colcon_core.shell:Creating environment hook '/home/tien/Documents/GitHub/BoutToHackNASA/source/godang_ws/install/vision/share/vision/hook/ament_prefix_path.ps1'
[0.505s] INFO:colcon.colcon_core.shell:Creating environment descriptor '/home/tien/Documents/GitHub/BoutToHackNASA/source/godang_ws/install/vision/share/vision/hook/ament_prefix_path.dsv'
[0.505s] INFO:colcon.colcon_core.shell:Creating environment hook '/home/tien/Documents/GitHub/BoutToHackNASA/source/godang_ws/install/vision/share/vision/hook/ament_prefix_path.sh'
[0.507s] INFO:colcon.colcon_core.shell:Skip shell extension 'powershell' for command environment: Not usable outside of PowerShell
[0.507s] DEBUG:colcon.colcon_core.shell:Skip shell extension 'dsv' for command environment
[1.084s] INFO:colcon.colcon_core.task.python.build:Building Python package in '/home/tien/Documents/GitHub/BoutToHackNASA/source/godang_ws/src/localization'
[1.085s] INFO:colcon.colcon_core.shell:Skip shell extension 'powershell' for command environment: Not usable outside of PowerShell
[1.085s] DEBUG:colcon.colcon_core.shell:Skip shell extension 'dsv' for command environment
[1.719s] INFO:colcon.colcon_core.task.python.build:Building Python package in '/home/tien/Documents/GitHub/BoutToHackNASA/source/godang_ws/src/planing'
[1.720s] INFO:colcon.colcon_core.shell:Skip shell extension 'powershell' for command environment: Not usable outside of PowerShell
[1.720s] DEBUG:colcon.colcon_core.shell:Skip shell extension 'dsv' for command environment
[2.485s] INFO:colcon.colcon_core.task.python.build:Building Python package in '/home/tien/Documents/GitHub/BoutToHackNASA/source/godang_ws/src/vision'
[2.486s] INFO:colcon.colcon_core.shell:Skip shell extension 'powershell' for command environment: Not usable outside of PowerShell
[2.486s] DEBUG:colcon.colcon_core.shell:Skip shell extension 'dsv' for command environment
[3.864s] DEBUG:colcon.colcon_core.event_handler.log_command:Invoking command in '/home/tien/Documents/GitHub/BoutToHackNASA/source/godang_ws/src/localization': PYTHONPATH=/home/tien/Documents/GitHub/BoutToHackNASA/source/godang_ws/build/localization/prefix_override:/home/tien/Documents/GitHub/BoutToHackNASA/source/godang_ws/install/localization/lib/python3.10/site-packages:${PYTHONPATH} /usr/bin/python3 -W ignore:setup.py install is deprecated setup.py egg_info --egg-base ../../build/localization build --build-base /home/tien/Documents/GitHub/BoutToHackNASA/source/godang_ws/build/localization/build install --record /home/tien/Documents/GitHub/BoutToHackNASA/source/godang_ws/build/localization/install.log --single-version-externally-managed install_data
[3.881s] DEBUG:colcon.colcon_core.event_handler.log_command:Invoking command in '/home/tien/Documents/GitHub/BoutToHackNASA/source/godang_ws/src/vision': PYTHONPATH=/home/tien/Documents/GitHub/BoutToHackNASA/source/godang_ws/build/vision/prefix_override:/home/tien/Documents/GitHub/BoutToHackNASA/source/godang_ws/install/vision/lib/python3.10/site-packages:${PYTHONPATH} /usr/bin/python3 -W ignore:setup.py install is deprecated setup.py egg_info --egg-base ../../build/vision build --build-base /home/tien/Documents/GitHub/BoutToHackNASA/source/godang_ws/build/vision/build install --record /home/tien/Documents/GitHub/BoutToHackNASA/source/godang_ws/build/vision/install.log --single-version-externally-managed install_data
[3.889s] DEBUG:colcon.colcon_core.event_handler.log_command:Invoking command in '/home/tien/Documents/GitHub/BoutToHackNASA/source/godang_ws/src/planing': PYTHONPATH=/home/tien/Documents/GitHub/BoutToHackNASA/source/godang_ws/build/planing/prefix_override:/home/tien/Documents/GitHub/BoutToHackNASA/source/godang_ws/install/planing/lib/python3.10/site-packages:${PYTHONPATH} /usr/bin/python3 -W ignore:setup.py install is deprecated setup.py egg_info --egg-base ../../build/planing build --build-base /home/tien/Documents/GitHub/BoutToHackNASA/source/godang_ws/build/planing/build install --record /home/tien/Documents/GitHub/BoutToHackNASA/source/godang_ws/build/planing/install.log --single-version-externally-managed install_data
[5.022s] DEBUG:colcon.colcon_core.event_handler.log_command:Invoked command in '/home/tien/Documents/GitHub/BoutToHackNASA/source/godang_ws/src/localization' returned '0': PYTHONPATH=/home/tien/Documents/GitHub/BoutToHackNASA/source/godang_ws/build/localization/prefix_override:/home/tien/Documents/GitHub/BoutToHackNASA/source/godang_ws/install/localization/lib/python3.10/site-packages:${PYTHONPATH} /usr/bin/python3 -W ignore:setup.py install is deprecated setup.py egg_info --egg-base ../../build/localization build --build-base /home/tien/Documents/GitHub/BoutToHackNASA/source/godang_ws/build/localization/build install --record /home/tien/Documents/GitHub/BoutToHackNASA/source/godang_ws/build/localization/install.log --single-version-externally-managed install_data
[5.027s] Level 1:colcon.colcon_core.environment:checking '/home/tien/Documents/GitHub/BoutToHackNASA/source/godang_ws/install/localization' for CMake module files
[5.028s] Level 1:colcon.colcon_core.environment:checking '/home/tien/Documents/GitHub/BoutToHackNASA/source/godang_ws/install/localization' for CMake config files
[5.029s] Level 1:colcon.colcon_core.environment:checking '/home/tien/Documents/GitHub/BoutToHackNASA/source/godang_ws/install/localization/lib'
[5.030s] Level 1:colcon.colcon_core.environment:checking '/home/tien/Documents/GitHub/BoutToHackNASA/source/godang_ws/install/localization/bin'
[5.030s] Level 1:colcon.colcon_core.environment:checking '/home/tien/Documents/GitHub/BoutToHackNASA/source/godang_ws/install/localization/lib/pkgconfig/localization.pc'
[5.030s] Level 1:colcon.colcon_core.environment:checking '/home/tien/Documents/GitHub/BoutToHackNASA/source/godang_ws/install/localization/lib/python3.10/site-packages'
[5.030s] Level 1:colcon.colcon_core.shell:create_environment_hook('localization', 'pythonpath')
[5.031s] INFO:colcon.colcon_core.shell:Creating environment hook '/home/tien/Documents/GitHub/BoutToHackNASA/source/godang_ws/install/localization/share/localization/hook/pythonpath.ps1'
[5.032s] INFO:colcon.colcon_core.shell:Creating environment descriptor '/home/tien/Documents/GitHub/BoutToHackNASA/source/godang_ws/install/localization/share/localization/hook/pythonpath.dsv'
[5.032s] INFO:colcon.colcon_core.shell:Creating environment hook '/home/tien/Documents/GitHub/BoutToHackNASA/source/godang_ws/install/localization/share/localization/hook/pythonpath.sh'
[5.033s] Level 1:colcon.colcon_core.environment:checking '/home/tien/Documents/GitHub/BoutToHackNASA/source/godang_ws/install/localization/bin'
[5.033s] Level 1:colcon.colcon_core.environment:create_environment_scripts_only(localization)
[5.034s] INFO:colcon.colcon_core.shell:Creating package script '/home/tien/Documents/GitHub/BoutToHackNASA/source/godang_ws/install/localization/share/localization/package.ps1'
[5.035s] INFO:colcon.colcon_core.shell:Creating package descriptor '/home/tien/Documents/GitHub/BoutToHackNASA/source/godang_ws/install/localization/share/localization/package.dsv'
[5.036s] INFO:colcon.colcon_core.shell:Creating package script '/home/tien/Documents/GitHub/BoutToHackNASA/source/godang_ws/install/localization/share/localization/package.sh'
[5.037s] INFO:colcon.colcon_core.shell:Creating package script '/home/tien/Documents/GitHub/BoutToHackNASA/source/godang_ws/install/localization/share/localization/package.bash'
[5.038s] INFO:colcon.colcon_core.shell:Creating package script '/home/tien/Documents/GitHub/BoutToHackNASA/source/godang_ws/install/localization/share/localization/package.zsh'
[5.039s] Level 1:colcon.colcon_core.environment:create_file_with_runtime_dependencies(/home/tien/Documents/GitHub/BoutToHackNASA/source/godang_ws/install/localization/share/colcon-core/packages/localization)
[5.052s] Level 1:colcon.colcon_core.environment:checking '/home/tien/Documents/GitHub/BoutToHackNASA/source/godang_ws/install/planing' for CMake module files
[5.053s] DEBUG:colcon.colcon_core.event_handler.log_command:Invoked command in '/home/tien/Documents/GitHub/BoutToHackNASA/source/godang_ws/src/planing' returned '0': PYTHONPATH=/home/tien/Documents/GitHub/BoutToHackNASA/source/godang_ws/build/planing/prefix_override:/home/tien/Documents/GitHub/BoutToHackNASA/source/godang_ws/install/planing/lib/python3.10/site-packages:${PYTHONPATH} /usr/bin/python3 -W ignore:setup.py install is deprecated setup.py egg_info --egg-base ../../build/planing build --build-base /home/tien/Documents/GitHub/BoutToHackNASA/source/godang_ws/build/planing/build install --record /home/tien/Documents/GitHub/BoutToHackNASA/source/godang_ws/build/planing/install.log --single-version-externally-managed install_data
[5.054s] Level 1:colcon.colcon_core.environment:checking '/home/tien/Documents/GitHub/BoutToHackNASA/source/godang_ws/install/planing' for CMake config files
[5.055s] Level 1:colcon.colcon_core.environment:checking '/home/tien/Documents/GitHub/BoutToHackNASA/source/godang_ws/install/planing/lib'
[5.055s] Level 1:colcon.colcon_core.environment:checking '/home/tien/Documents/GitHub/BoutToHackNASA/source/godang_ws/install/planing/bin'
[5.055s] Level 1:colcon.colcon_core.environment:checking '/home/tien/Documents/GitHub/BoutToHackNASA/source/godang_ws/install/planing/lib/pkgconfig/planing.pc'
[5.055s] Level 1:colcon.colcon_core.environment:checking '/home/tien/Documents/GitHub/BoutToHackNASA/source/godang_ws/install/planing/lib/python3.10/site-packages'
[5.056s] Level 1:colcon.colcon_core.shell:create_environment_hook('planing', 'pythonpath')
[5.056s] INFO:colcon.colcon_core.shell:Creating environment hook '/home/tien/Documents/GitHub/BoutToHackNASA/source/godang_ws/install/planing/share/planing/hook/pythonpath.ps1'
[5.057s] INFO:colcon.colcon_core.shell:Creating environment descriptor '/home/tien/Documents/GitHub/BoutToHackNASA/source/godang_ws/install/planing/share/planing/hook/pythonpath.dsv'
[5.057s] INFO:colcon.colcon_core.shell:Creating environment hook '/home/tien/Documents/GitHub/BoutToHackNASA/source/godang_ws/install/planing/share/planing/hook/pythonpath.sh'
[5.058s] Level 1:colcon.colcon_core.environment:checking '/home/tien/Documents/GitHub/BoutToHackNASA/source/godang_ws/install/planing/bin'
[5.058s] Level 1:colcon.colcon_core.environment:create_environment_scripts_only(planing)
[5.059s] INFO:colcon.colcon_core.shell:Creating package script '/home/tien/Documents/GitHub/BoutToHackNASA/source/godang_ws/install/planing/share/planing/package.ps1'
[5.060s] INFO:colcon.colcon_core.shell:Creating package descriptor '/home/tien/Documents/GitHub/BoutToHackNASA/source/godang_ws/install/planing/share/planing/package.dsv'
[5.060s] INFO:colcon.colcon_core.shell:Creating package script '/home/tien/Documents/GitHub/BoutToHackNASA/source/godang_ws/install/planing/share/planing/package.sh'
[5.061s] INFO:colcon.colcon_core.shell:Creating package script '/home/tien/Documents/GitHub/BoutToHackNASA/source/godang_ws/install/planing/share/planing/package.bash'
[5.061s] INFO:colcon.colcon_core.shell:Creating package script '/home/tien/Documents/GitHub/BoutToHackNASA/source/godang_ws/install/planing/share/planing/package.zsh'
[5.062s] Level 1:colcon.colcon_core.environment:create_file_with_runtime_dependencies(/home/tien/Documents/GitHub/BoutToHackNASA/source/godang_ws/install/planing/share/colcon-core/packages/planing)
[5.141s] Level 1:colcon.colcon_core.environment:checking '/home/tien/Documents/GitHub/BoutToHackNASA/source/godang_ws/install/vision' for CMake module files
[5.142s] DEBUG:colcon.colcon_core.event_handler.log_command:Invoked command in '/home/tien/Documents/GitHub/BoutToHackNASA/source/godang_ws/src/vision' returned '0': PYTHONPATH=/home/tien/Documents/GitHub/BoutToHackNASA/source/godang_ws/build/vision/prefix_override:/home/tien/Documents/GitHub/BoutToHackNASA/source/godang_ws/install/vision/lib/python3.10/site-packages:${PYTHONPATH} /usr/bin/python3 -W ignore:setup.py install is deprecated setup.py egg_info --egg-base ../../build/vision build --build-base /home/tien/Documents/GitHub/BoutToHackNASA/source/godang_ws/build/vision/build install --record /home/tien/Documents/GitHub/BoutToHackNASA/source/godang_ws/build/vision/install.log --single-version-externally-managed install_data
[5.142s] Level 1:colcon.colcon_core.environment:checking '/home/tien/Documents/GitHub/BoutToHackNASA/source/godang_ws/install/vision' for CMake config files
[5.147s] Level 1:colcon.colcon_core.environment:checking '/home/tien/Documents/GitHub/BoutToHackNASA/source/godang_ws/install/vision/lib'
[5.147s] Level 1:colcon.colcon_core.environment:checking '/home/tien/Documents/GitHub/BoutToHackNASA/source/godang_ws/install/vision/bin'
[5.147s] Level 1:colcon.colcon_core.environment:checking '/home/tien/Documents/GitHub/BoutToHackNASA/source/godang_ws/install/vision/lib/pkgconfig/vision.pc'
[5.147s] Level 1:colcon.colcon_core.environment:checking '/home/tien/Documents/GitHub/BoutToHackNASA/source/godang_ws/install/vision/lib/python3.10/site-packages'
[5.147s] Level 1:colcon.colcon_core.shell:create_environment_hook('vision', 'pythonpath')
[5.148s] INFO:colcon.colcon_core.shell:Creating environment hook '/home/tien/Documents/GitHub/BoutToHackNASA/source/godang_ws/install/vision/share/vision/hook/pythonpath.ps1'
[5.148s] INFO:colcon.colcon_core.shell:Creating environment descriptor '/home/tien/Documents/GitHub/BoutToHackNASA/source/godang_ws/install/vision/share/vision/hook/pythonpath.dsv'
[5.149s] INFO:colcon.colcon_core.shell:Creating environment hook '/home/tien/Documents/GitHub/BoutToHackNASA/source/godang_ws/install/vision/share/vision/hook/pythonpath.sh'
[5.150s] Level 1:colcon.colcon_core.environment:checking '/home/tien/Documents/GitHub/BoutToHackNASA/source/godang_ws/install/vision/bin'
[5.150s] Level 1:colcon.colcon_core.environment:create_environment_scripts_only(vision)
[5.150s] INFO:colcon.colcon_core.shell:Creating package script '/home/tien/Documents/GitHub/BoutToHackNASA/source/godang_ws/install/vision/share/vision/package.ps1'
[5.151s] INFO:colcon.colcon_core.shell:Creating package descriptor '/home/tien/Documents/GitHub/BoutToHackNASA/source/godang_ws/install/vision/share/vision/package.dsv'
[5.151s] INFO:colcon.colcon_core.shell:Creating package script '/home/tien/Documents/GitHub/BoutToHackNASA/source/godang_ws/install/vision/share/vision/package.sh'
[5.152s] INFO:colcon.colcon_core.shell:Creating package script '/home/tien/Documents/GitHub/BoutToHackNASA/source/godang_ws/install/vision/share/vision/package.bash'
[5.152s] INFO:colcon.colcon_core.shell:Creating package script '/home/tien/Documents/GitHub/BoutToHackNASA/source/godang_ws/install/vision/share/vision/package.zsh'
[5.153s] Level 1:colcon.colcon_core.environment:create_file_with_runtime_dependencies(/home/tien/Documents/GitHub/BoutToHackNASA/source/godang_ws/install/vision/share/colcon-core/packages/vision)
[5.153s] INFO:colcon.colcon_ros.task.ament_cmake.build:Building ROS package in '/home/tien/Documents/GitHub/BoutToHackNASA/source/godang_ws/src/my_robot_bringup' with build type 'ament_cmake'
[5.153s] INFO:colcon.colcon_cmake.task.cmake.build:Building CMake package in '/home/tien/Documents/GitHub/BoutToHackNASA/source/godang_ws/src/my_robot_bringup'
[5.153s] INFO:colcon.colcon_core.shell:Skip shell extension 'powershell' for command environment: Not usable outside of PowerShell
[5.154s] DEBUG:colcon.colcon_core.shell:Skip shell extension 'dsv' for command environment
[5.195s] DEBUG:colcon.colcon_core.event_handler.log_command:Invoking command in '/home/tien/Documents/GitHub/BoutToHackNASA/source/godang_ws/build/my_robot_bringup': AMENT_PREFIX_PATH=/home/tien/Documents/GitHub/BoutToHackNASA/source/godang_ws/install/vision:/home/tien/Documents/GitHub/BoutToHackNASA/source/godang_ws/install/planing:/home/tien/Documents/GitHub/BoutToHackNASA/source/godang_ws/install/localization:/home/tien/microros_ws/install/micro_ros_demos_rclc:/home/tien/microros_ws/install/common_interfaces:/home/tien/microros_ws/install/visualization_msgs:/home/tien/microros_ws/install/test_msgs:/home/tien/microros_ws/install/example_interfaces:/home/tien/microros_ws/install/action_msgs:/home/tien/microros_ws/install/unique_identifier_msgs:/home/tien/microros_ws/install/trajectory_msgs:/home/tien/microros_ws/install/stereo_msgs:/home/tien/microros_ws/install/std_srvs:/home/tien/microros_ws/install/shape_msgs:/home/tien/microros_ws/install/sensor_msgs_py:/home/tien/microros_ws/install/sensor_msgs:/home/tien/microros_ws/install/nav_msgs:/home/tien/microros_ws/install/diagnostic_msgs:/home/tien/microros_ws/install/geometry_msgs:/home/tien/microros_ws/install/actionlib_msgs:/home/tien/microros_ws/install/std_msgs:/home/tien/microros_ws/install/statistics_msgs:/home/tien/microros_ws/install/rosidl_typesupport_microxrcedds_test_msg:/home/tien/microros_ws/install/rosidl_typesupport_microxrcedds_cpp_tests:/home/tien/microros_ws/install/rmw_microxrcedds:/home/tien/microros_ws/install/rosidl_typesupport_microxrcedds_cpp:/home/tien/microros_ws/install/rosidl_typesupport_microxrcedds_c_tests:/home/tien/microros_ws/install/rosidl_typesupport_microxrcedds_c:/home/tien/microros_ws/install/rosgraph_msgs:/home/tien/microros_ws/install/rclc_parameter:/home/tien/microros_ws/install/rclc:/home/tien/microros_ws/install/composition_interfaces:/home/tien/microros_ws/install/rcl_interfaces:/home/tien/microros_ws/install/micro_ros_utilities:/home/tien/microros_ws/install/micro_ros_setup:/home/tien/microros_ws/install/micro_ros_agent:/home/tien/microros_ws/install/micro_ros_msgs:/home/tien/microros_ws/install/lifecycle_msgs:/home/tien/microros_ws/install/complex_msgs:/home/tien/microros_ws/install/builtin_interfaces:/home/tien/Documents/GitHub/BoutToHackNASA/source/godang_ws/install/my_robot_bringup:/home/tien/Documents/GitHub/ALL_CODE/red_ws/install/vision:/home/tien/Documents/GitHub/ALL_CODE/red_ws/install/state:/home/tien/Documents/GitHub/ALL_CODE/red_ws/install/mobile:/home/tien/turtlebot3_ws/install/turtlebot3:/home/tien/turtlebot3_ws/install/turtlebot3_teleop:/home/tien/turtlebot3_ws/install/turtlebot3_simulations:/home/tien/turtlebot3_ws/install/turtlebot3_bringup:/home/tien/turtlebot3_ws/install/turtlebot3_node:/home/tien/turtlebot3_ws/install/turtlebot3_navigation2:/home/tien/turtlebot3_ws/install/turtlebot3_fake_node:/home/tien/turtlebot3_ws/install/turtlebot3_example:/home/tien/turtlebot3_ws/install/turtlebot3_msgs:/home/tien/turtlebot3_ws/install/turtlebot3_gazebo:/home/tien/turtlebot3_ws/install/turtlebot3_description:/home/tien/turtlebot3_ws/install/turtlebot3_cartographer:/home/tien/turtlebot3_ws/install/dynamixel_sdk_examples:/home/tien/turtlebot3_ws/install/dynamixel_sdk_custom_interfaces:/home/tien/turtlebot3_ws/install/dynamixel_sdk:/home/tien/jinpao_ws/install/robot_localization:/home/tien/jinpao_ws/install/plant_message:/home/tien/jinpao_ws/install/jinpao_test:/home/tien/jinpao_ws/install/jinpao_description:/home/tien/jinpao_ws/install/jinpao_bringup:/home/tien/jinpao_naia_ws/install/state_pkg:/home/tien/jinpao_naia_ws/install/py_control_pkg:/home/tien/jinpao_naia_ws/install/cam_pkg:/home/tien/abu_ws/install/manual:/home/tien/three_wheel_ws/install/rplidar_ros:/home/tien/three_wheel_ws/install/robot_description:/home/tien/three_wheel_ws/install/robot_bringup:/opt/ros/humble CMAKE_PREFIX_PATH=/home/tien/microros_ws/install/micro_ros_demos_rclc:/home/tien/microros_ws/install/common_interfaces:/home/tien/microros_ws/install/visualization_msgs:/home/tien/microros_ws/install/test_msgs:/home/tien/microros_ws/install/example_interfaces:/home/tien/microros_ws/install/action_msgs:/home/tien/microros_ws/install/unique_identifier_msgs:/home/tien/microros_ws/install/trajectory_msgs:/home/tien/microros_ws/install/stereo_msgs:/home/tien/microros_ws/install/std_srvs:/home/tien/microros_ws/install/shape_msgs:/home/tien/microros_ws/install/sensor_msgs:/home/tien/microros_ws/install/nav_msgs:/home/tien/microros_ws/install/diagnostic_msgs:/home/tien/microros_ws/install/geometry_msgs:/home/tien/microros_ws/install/actionlib_msgs:/home/tien/microros_ws/install/std_msgs:/home/tien/microros_ws/install/statistics_msgs:/home/tien/microros_ws/install/rosidl_typesupport_microxrcedds_test_msg:/home/tien/microros_ws/install/rosidl_typesupport_microxrcedds_cpp_tests:/home/tien/microros_ws/install/rmw_microxrcedds:/home/tien/microros_ws/install/rosidl_typesupport_microxrcedds_cpp:/home/tien/microros_ws/install/rosidl_typesupport_microxrcedds_c_tests:/home/tien/microros_ws/install/rosidl_typesupport_microxrcedds_c:/home/tien/microros_ws/install/rosgraph_msgs:/home/tien/microros_ws/install/rclc_parameter:/home/tien/microros_ws/install/rclc:/home/tien/microros_ws/install/composition_interfaces:/home/tien/microros_ws/install/rcl_interfaces:/home/tien/microros_ws/install/microxrcedds_client:/home/tien/microros_ws/install/microcdr:/home/tien/microros_ws/install/micro_ros_utilities:/home/tien/microros_ws/install/micro_ros_setup:/home/tien/microros_ws/install/micro_ros_agent:/home/tien/microros_ws/install/micro_ros_msgs:/home/tien/microros_ws/install/lifecycle_msgs:/home/tien/microros_ws/install/complex_msgs:/home/tien/microros_ws/install/builtin_interfaces:/home/tien/Documents/GitHub/BoutToHackNASA/source/godang_ws/install/my_robot_bringup:/home/tien/turtlebot3_ws/install/turtlebot3:/home/tien/turtlebot3_ws/install/turtlebot3_simulations:/home/tien/turtlebot3_ws/install/turtlebot3_bringup:/home/tien/turtlebot3_ws/install/turtlebot3_node:/home/tien/turtlebot3_ws/install/turtlebot3_navigation2:/home/tien/turtlebot3_ws/install/turtlebot3_fake_node:/home/tien/turtlebot3_ws/install/turtlebot3_msgs:/home/tien/microros_ws/install/sensor_msgs_py:/home/tien/Documents/GitHub/BoutToHackNASA/source/godang_ws/install/vision:/home/tien/Documents/GitHub/BoutToHackNASA/source/godang_ws/install/planing:/home/tien/Documents/GitHub/BoutToHackNASA/source/godang_ws/install/localization:/home/tien/Documents/GitHub/ALL_CODE/red_ws/install/vision:/home/tien/Documents/GitHub/ALL_CODE/red_ws/install/state:/home/tien/Documents/GitHub/ALL_CODE/red_ws/install/mobile:/home/tien/turtlebot3_ws/install/turtlebot3_teleop:/home/tien/turtlebot3_ws/install/turtlebot3_example:/home/tien/jinpao_ws/install/jinpao_test:/home/tien/jinpao_naia_ws/install/state_pkg:/home/tien/jinpao_naia_ws/install/py_control_pkg:/home/tien/jinpao_naia_ws/install/cam_pkg:/home/tien/abu_ws/install/manual:/opt/ros/humble:/home/tien/turtlebot3_ws/install/turtlebot3_gazebo:/home/tien/turtlebot3_ws/install/turtlebot3_description:/home/tien/turtlebot3_ws/install/turtlebot3_cartographer:/home/tien/turtlebot3_ws/install/dynamixel_sdk_examples:/home/tien/turtlebot3_ws/install/dynamixel_sdk_custom_interfaces:/home/tien/turtlebot3_ws/install/dynamixel_sdk:/home/tien/jinpao_ws/install/robot_localization:/home/tien/jinpao_ws/install/plant_message:/home/tien/jinpao_ws/install/jinpao_description:/home/tien/jinpao_ws/install/jinpao_bringup:/home/tien/three_wheel_ws/install/rplidar_ros:/home/tien/three_wheel_ws/install/robot_description:/home/tien/three_wheel_ws/install/robot_bringup PYTHONPATH=/home/tien/Documents/GitHub/BoutToHackNASA/source/godang_ws/install/vision/lib/python3.10/site-packages:/home/tien/Documents/GitHub/BoutToHackNASA/source/godang_ws/install/planing/lib/python3.10/site-packages:/home/tien/Documents/GitHub/BoutToHackNASA/source/godang_ws/install/localization/lib/python3.10/site-packages:/home/tien/microros_ws/install/visualization_msgs/local/lib/python3.10/dist-packages:/home/tien/microros_ws/install/test_msgs/local/lib/python3.10/dist-packages:/home/tien/microros_ws/install/example_interfaces/local/lib/python3.10/dist-packages:/home/tien/microros_ws/install/action_msgs/local/lib/python3.10/dist-packages:/home/tien/microros_ws/install/unique_identifier_msgs/local/lib/python3.10/dist-packages:/home/tien/microros_ws/install/trajectory_msgs/local/lib/python3.10/dist-packages:/home/tien/microros_ws/install/stereo_msgs/local/lib/python3.10/dist-packages:/home/tien/microros_ws/install/std_srvs/local/lib/python3.10/dist-packages:/home/tien/microros_ws/install/shape_msgs/local/lib/python3.10/dist-packages:/home/tien/microros_ws/install/sensor_msgs_py/lib/python3.10/site-packages:/home/tien/microros_ws/install/sensor_msgs/local/lib/python3.10/dist-packages:/home/tien/microros_ws/install/nav_msgs/local/lib/python3.10/dist-packages:/home/tien/microros_ws/install/diagnostic_msgs/local/lib/python3.10/dist-packages:/home/tien/microros_ws/install/geometry_msgs/local/lib/python3.10/dist-packages:/home/tien/microros_ws/install/actionlib_msgs/local/lib/python3.10/dist-packages:/home/tien/microros_ws/install/std_msgs/local/lib/python3.10/dist-packages:/home/tien/microros_ws/install/statistics_msgs/local/lib/python3.10/dist-packages:/home/tien/microros_ws/install/rosidl_typesupport_microxrcedds_cpp/local/lib/python3.10/dist-packages:/home/tien/microros_ws/install/rosidl_typesupport_microxrcedds_c/local/lib/python3.10/dist-packages:/home/tien/microros_ws/install/rosgraph_msgs/local/lib/python3.10/dist-packages:/home/tien/microros_ws/install/composition_interfaces/local/lib/python3.10/dist-packages:/home/tien/microros_ws/install/rcl_interfaces/local/lib/python3.10/dist-packages:/home/tien/microros_ws/install/micro_ros_msgs/local/lib/python3.10/dist-packages:/home/tien/microros_ws/install/lifecycle_msgs/local/lib/python3.10/dist-packages:/home/tien/microros_ws/install/complex_msgs/local/lib/python3.10/dist-packages:/home/tien/microros_ws/install/builtin_interfaces/local/lib/python3.10/dist-packages:/home/tien/Documents/GitHub/ALL_CODE/red_ws/install/vision/lib/python3.10/site-packages:/home/tien/Documents/GitHub/ALL_CODE/red_ws/install/state/lib/python3.10/site-packages:/home/tien/Documents/GitHub/ALL_CODE/red_ws/install/mobile/lib/python3.10/site-packages:/home/tien/turtlebot3_ws/build/turtlebot3_teleop:/home/tien/turtlebot3_ws/install/turtlebot3_teleop/lib/python3.10/site-packages:/home/tien/turtlebot3_ws/build/turtlebot3_example:/home/tien/turtlebot3_ws/install/turtlebot3_example/lib/python3.10/site-packages:/home/tien/turtlebot3_ws/install/turtlebot3_msgs/local/lib/python3.10/dist-packages:/home/tien/turtlebot3_ws/install/dynamixel_sdk_custom_interfaces/local/lib/python3.10/dist-packages:/home/tien/jinpao_ws/install/robot_localization/local/lib/python3.10/dist-packages:/home/tien/jinpao_ws/install/plant_message/local/lib/python3.10/dist-packages:/home/tien/jinpao_ws/install/jinpao_test/lib/python3.10/site-packages:/home/tien/jinpao_ws/install/jinpao_description/local/lib/python3.10/dist-packages:/home/tien/jinpao_ws/install/jinpao_bringup/local/lib/python3.10/dist-packages:/home/tien/jinpao_naia_ws/install/state_pkg/lib/python3.10/site-packages:/home/tien/jinpao_naia_ws/install/py_control_pkg/lib/python3.10/site-packages:/home/tien/jinpao_naia_ws/install/cam_pkg/lib/python3.10/site-packages:/home/tien/abu_ws/install/manual/lib/python3.10/site-packages:/home/tien/three_wheel_ws/install/robot_bringup/local/lib/python3.10/dist-packages:/opt/ros/humble/lib/python3.10/site-packages:/opt/ros/humble/local/lib/python3.10/dist-packages /usr/bin/cmake --build /home/tien/Documents/GitHub/BoutToHackNASA/source/godang_ws/build/my_robot_bringup -- -j20 -l20
[5.275s] DEBUG:colcon.colcon_core.event_handler.log_command:Invoked command in '/home/tien/Documents/GitHub/BoutToHackNASA/source/godang_ws/build/my_robot_bringup' returned '0': AMENT_PREFIX_PATH=/home/tien/Documents/GitHub/BoutToHackNASA/source/godang_ws/install/vision:/home/tien/Documents/GitHub/BoutToHackNASA/source/godang_ws/install/planing:/home/tien/Documents/GitHub/BoutToHackNASA/source/godang_ws/install/localization:/home/tien/microros_ws/install/micro_ros_demos_rclc:/home/tien/microros_ws/install/common_interfaces:/home/tien/microros_ws/install/visualization_msgs:/home/tien/microros_ws/install/test_msgs:/home/tien/microros_ws/install/example_interfaces:/home/tien/microros_ws/install/action_msgs:/home/tien/microros_ws/install/unique_identifier_msgs:/home/tien/microros_ws/install/trajectory_msgs:/home/tien/microros_ws/install/stereo_msgs:/home/tien/microros_ws/install/std_srvs:/home/tien/microros_ws/install/shape_msgs:/home/tien/microros_ws/install/sensor_msgs_py:/home/tien/microros_ws/install/sensor_msgs:/home/tien/microros_ws/install/nav_msgs:/home/tien/microros_ws/install/diagnostic_msgs:/home/tien/microros_ws/install/geometry_msgs:/home/tien/microros_ws/install/actionlib_msgs:/home/tien/microros_ws/install/std_msgs:/home/tien/microros_ws/install/statistics_msgs:/home/tien/microros_ws/install/rosidl_typesupport_microxrcedds_test_msg:/home/tien/microros_ws/install/rosidl_typesupport_microxrcedds_cpp_tests:/home/tien/microros_ws/install/rmw_microxrcedds:/home/tien/microros_ws/install/rosidl_typesupport_microxrcedds_cpp:/home/tien/microros_ws/install/rosidl_typesupport_microxrcedds_c_tests:/home/tien/microros_ws/install/rosidl_typesupport_microxrcedds_c:/home/tien/microros_ws/install/rosgraph_msgs:/home/tien/microros_ws/install/rclc_parameter:/home/tien/microros_ws/install/rclc:/home/tien/microros_ws/install/composition_interfaces:/home/tien/microros_ws/install/rcl_interfaces:/home/tien/microros_ws/install/micro_ros_utilities:/home/tien/microros_ws/install/micro_ros_setup:/home/tien/microros_ws/install/micro_ros_agent:/home/tien/microros_ws/install/micro_ros_msgs:/home/tien/microros_ws/install/lifecycle_msgs:/home/tien/microros_ws/install/complex_msgs:/home/tien/microros_ws/install/builtin_interfaces:/home/tien/Documents/GitHub/BoutToHackNASA/source/godang_ws/install/my_robot_bringup:/home/tien/Documents/GitHub/ALL_CODE/red_ws/install/vision:/home/tien/Documents/GitHub/ALL_CODE/red_ws/install/state:/home/tien/Documents/GitHub/ALL_CODE/red_ws/install/mobile:/home/tien/turtlebot3_ws/install/turtlebot3:/home/tien/turtlebot3_ws/install/turtlebot3_teleop:/home/tien/turtlebot3_ws/install/turtlebot3_simulations:/home/tien/turtlebot3_ws/install/turtlebot3_bringup:/home/tien/turtlebot3_ws/install/turtlebot3_node:/home/tien/turtlebot3_ws/install/turtlebot3_navigation2:/home/tien/turtlebot3_ws/install/turtlebot3_fake_node:/home/tien/turtlebot3_ws/install/turtlebot3_example:/home/tien/turtlebot3_ws/install/turtlebot3_msgs:/home/tien/turtlebot3_ws/install/turtlebot3_gazebo:/home/tien/turtlebot3_ws/install/turtlebot3_description:/home/tien/turtlebot3_ws/install/turtlebot3_cartographer:/home/tien/turtlebot3_ws/install/dynamixel_sdk_examples:/home/tien/turtlebot3_ws/install/dynamixel_sdk_custom_interfaces:/home/tien/turtlebot3_ws/install/dynamixel_sdk:/home/tien/jinpao_ws/install/robot_localization:/home/tien/jinpao_ws/install/plant_message:/home/tien/jinpao_ws/install/jinpao_test:/home/tien/jinpao_ws/install/jinpao_description:/home/tien/jinpao_ws/install/jinpao_bringup:/home/tien/jinpao_naia_ws/install/state_pkg:/home/tien/jinpao_naia_ws/install/py_control_pkg:/home/tien/jinpao_naia_ws/install/cam_pkg:/home/tien/abu_ws/install/manual:/home/tien/three_wheel_ws/install/rplidar_ros:/home/tien/three_wheel_ws/install/robot_description:/home/tien/three_wheel_ws/install/robot_bringup:/opt/ros/humble CMAKE_PREFIX_PATH=/home/tien/microros_ws/install/micro_ros_demos_rclc:/home/tien/microros_ws/install/common_interfaces:/home/tien/microros_ws/install/visualization_msgs:/home/tien/microros_ws/install/test_msgs:/home/tien/microros_ws/install/example_interfaces:/home/tien/microros_ws/install/action_msgs:/home/tien/microros_ws/install/unique_identifier_msgs:/home/tien/microros_ws/install/trajectory_msgs:/home/tien/microros_ws/install/stereo_msgs:/home/tien/microros_ws/install/std_srvs:/home/tien/microros_ws/install/shape_msgs:/home/tien/microros_ws/install/sensor_msgs:/home/tien/microros_ws/install/nav_msgs:/home/tien/microros_ws/install/diagnostic_msgs:/home/tien/microros_ws/install/geometry_msgs:/home/tien/microros_ws/install/actionlib_msgs:/home/tien/microros_ws/install/std_msgs:/home/tien/microros_ws/install/statistics_msgs:/home/tien/microros_ws/install/rosidl_typesupport_microxrcedds_test_msg:/home/tien/microros_ws/install/rosidl_typesupport_microxrcedds_cpp_tests:/home/tien/microros_ws/install/rmw_microxrcedds:/home/tien/microros_ws/install/rosidl_typesupport_microxrcedds_cpp:/home/tien/microros_ws/install/rosidl_typesupport_microxrcedds_c_tests:/home/tien/microros_ws/install/rosidl_typesupport_microxrcedds_c:/home/tien/microros_ws/install/rosgraph_msgs:/home/tien/microros_ws/install/rclc_parameter:/home/tien/microros_ws/install/rclc:/home/tien/microros_ws/install/composition_interfaces:/home/tien/microros_ws/install/rcl_interfaces:/home/tien/microros_ws/install/microxrcedds_client:/home/tien/microros_ws/install/microcdr:/home/tien/microros_ws/install/micro_ros_utilities:/home/tien/microros_ws/install/micro_ros_setup:/home/tien/microros_ws/install/micro_ros_agent:/home/tien/microros_ws/install/micro_ros_msgs:/home/tien/microros_ws/install/lifecycle_msgs:/home/tien/microros_ws/install/complex_msgs:/home/tien/microros_ws/install/builtin_interfaces:/home/tien/Documents/GitHub/BoutToHackNASA/source/godang_ws/install/my_robot_bringup:/home/tien/turtlebot3_ws/install/turtlebot3:/home/tien/turtlebot3_ws/install/turtlebot3_simulations:/home/tien/turtlebot3_ws/install/turtlebot3_bringup:/home/tien/turtlebot3_ws/install/turtlebot3_node:/home/tien/turtlebot3_ws/install/turtlebot3_navigation2:/home/tien/turtlebot3_ws/install/turtlebot3_fake_node:/home/tien/turtlebot3_ws/install/turtlebot3_msgs:/home/tien/microros_ws/install/sensor_msgs_py:/home/tien/Documents/GitHub/BoutToHackNASA/source/godang_ws/install/vision:/home/tien/Documents/GitHub/BoutToHackNASA/source/godang_ws/install/planing:/home/tien/Documents/GitHub/BoutToHackNASA/source/godang_ws/install/localization:/home/tien/Documents/GitHub/ALL_CODE/red_ws/install/vision:/home/tien/Documents/GitHub/ALL_CODE/red_ws/install/state:/home/tien/Documents/GitHub/ALL_CODE/red_ws/install/mobile:/home/tien/turtlebot3_ws/install/turtlebot3_teleop:/home/tien/turtlebot3_ws/install/turtlebot3_example:/home/tien/jinpao_ws/install/jinpao_test:/home/tien/jinpao_naia_ws/install/state_pkg:/home/tien/jinpao_naia_ws/install/py_control_pkg:/home/tien/jinpao_naia_ws/install/cam_pkg:/home/tien/abu_ws/install/manual:/opt/ros/humble:/home/tien/turtlebot3_ws/install/turtlebot3_gazebo:/home/tien/turtlebot3_ws/install/turtlebot3_description:/home/tien/turtlebot3_ws/install/turtlebot3_cartographer:/home/tien/turtlebot3_ws/install/dynamixel_sdk_examples:/home/tien/turtlebot3_ws/install/dynamixel_sdk_custom_interfaces:/home/tien/turtlebot3_ws/install/dynamixel_sdk:/home/tien/jinpao_ws/install/robot_localization:/home/tien/jinpao_ws/install/plant_message:/home/tien/jinpao_ws/install/jinpao_description:/home/tien/jinpao_ws/install/jinpao_bringup:/home/tien/three_wheel_ws/install/rplidar_ros:/home/tien/three_wheel_ws/install/robot_description:/home/tien/three_wheel_ws/install/robot_bringup PYTHONPATH=/home/tien/Documents/GitHub/BoutToHackNASA/source/godang_ws/install/vision/lib/python3.10/site-packages:/home/tien/Documents/GitHub/BoutToHackNASA/source/godang_ws/install/planing/lib/python3.10/site-packages:/home/tien/Documents/GitHub/BoutToHackNASA/source/godang_ws/install/localization/lib/python3.10/site-packages:/home/tien/microros_ws/install/visualization_msgs/local/lib/python3.10/dist-packages:/home/tien/microros_ws/install/test_msgs/local/lib/python3.10/dist-packages:/home/tien/microros_ws/install/example_interfaces/local/lib/python3.10/dist-packages:/home/tien/microros_ws/install/action_msgs/local/lib/python3.10/dist-packages:/home/tien/microros_ws/install/unique_identifier_msgs/local/lib/python3.10/dist-packages:/home/tien/microros_ws/install/trajectory_msgs/local/lib/python3.10/dist-packages:/home/tien/microros_ws/install/stereo_msgs/local/lib/python3.10/dist-packages:/home/tien/microros_ws/install/std_srvs/local/lib/python3.10/dist-packages:/home/tien/microros_ws/install/shape_msgs/local/lib/python3.10/dist-packages:/home/tien/microros_ws/install/sensor_msgs_py/lib/python3.10/site-packages:/home/tien/microros_ws/install/sensor_msgs/local/lib/python3.10/dist-packages:/home/tien/microros_ws/install/nav_msgs/local/lib/python3.10/dist-packages:/home/tien/microros_ws/install/diagnostic_msgs/local/lib/python3.10/dist-packages:/home/tien/microros_ws/install/geometry_msgs/local/lib/python3.10/dist-packages:/home/tien/microros_ws/install/actionlib_msgs/local/lib/python3.10/dist-packages:/home/tien/microros_ws/install/std_msgs/local/lib/python3.10/dist-packages:/home/tien/microros_ws/install/statistics_msgs/local/lib/python3.10/dist-packages:/home/tien/microros_ws/install/rosidl_typesupport_microxrcedds_cpp/local/lib/python3.10/dist-packages:/home/tien/microros_ws/install/rosidl_typesupport_microxrcedds_c/local/lib/python3.10/dist-packages:/home/tien/microros_ws/install/rosgraph_msgs/local/lib/python3.10/dist-packages:/home/tien/microros_ws/install/composition_interfaces/local/lib/python3.10/dist-packages:/home/tien/microros_ws/install/rcl_interfaces/local/lib/python3.10/dist-packages:/home/tien/microros_ws/install/micro_ros_msgs/local/lib/python3.10/dist-packages:/home/tien/microros_ws/install/lifecycle_msgs/local/lib/python3.10/dist-packages:/home/tien/microros_ws/install/complex_msgs/local/lib/python3.10/dist-packages:/home/tien/microros_ws/install/builtin_interfaces/local/lib/python3.10/dist-packages:/home/tien/Documents/GitHub/ALL_CODE/red_ws/install/vision/lib/python3.10/site-packages:/home/tien/Documents/GitHub/ALL_CODE/red_ws/install/state/lib/python3.10/site-packages:/home/tien/Documents/GitHub/ALL_CODE/red_ws/install/mobile/lib/python3.10/site-packages:/home/tien/turtlebot3_ws/build/turtlebot3_teleop:/home/tien/turtlebot3_ws/install/turtlebot3_teleop/lib/python3.10/site-packages:/home/tien/turtlebot3_ws/build/turtlebot3_example:/home/tien/turtlebot3_ws/install/turtlebot3_example/lib/python3.10/site-packages:/home/tien/turtlebot3_ws/install/turtlebot3_msgs/local/lib/python3.10/dist-packages:/home/tien/turtlebot3_ws/install/dynamixel_sdk_custom_interfaces/local/lib/python3.10/dist-packages:/home/tien/jinpao_ws/install/robot_localization/local/lib/python3.10/dist-packages:/home/tien/jinpao_ws/install/plant_message/local/lib/python3.10/dist-packages:/home/tien/jinpao_ws/install/jinpao_test/lib/python3.10/site-packages:/home/tien/jinpao_ws/install/jinpao_description/local/lib/python3.10/dist-packages:/home/tien/jinpao_ws/install/jinpao_bringup/local/lib/python3.10/dist-packages:/home/tien/jinpao_naia_ws/install/state_pkg/lib/python3.10/site-packages:/home/tien/jinpao_naia_ws/install/py_control_pkg/lib/python3.10/site-packages:/home/tien/jinpao_naia_ws/install/cam_pkg/lib/python3.10/site-packages:/home/tien/abu_ws/install/manual/lib/python3.10/site-packages:/home/tien/three_wheel_ws/install/robot_bringup/local/lib/python3.10/dist-packages:/opt/ros/humble/lib/python3.10/site-packages:/opt/ros/humble/local/lib/python3.10/dist-packages /usr/bin/cmake --build /home/tien/Documents/GitHub/BoutToHackNASA/source/godang_ws/build/my_robot_bringup -- -j20 -l20
[5.364s] DEBUG:colcon.colcon_core.event_handler.log_command:Invoking command in '/home/tien/Documents/GitHub/BoutToHackNASA/source/godang_ws/build/my_robot_bringup': AMENT_PREFIX_PATH=/home/tien/Documents/GitHub/BoutToHackNASA/source/godang_ws/install/vision:/home/tien/Documents/GitHub/BoutToHackNASA/source/godang_ws/install/planing:/home/tien/Documents/GitHub/BoutToHackNASA/source/godang_ws/install/localization:/home/tien/microros_ws/install/micro_ros_demos_rclc:/home/tien/microros_ws/install/common_interfaces:/home/tien/microros_ws/install/visualization_msgs:/home/tien/microros_ws/install/test_msgs:/home/tien/microros_ws/install/example_interfaces:/home/tien/microros_ws/install/action_msgs:/home/tien/microros_ws/install/unique_identifier_msgs:/home/tien/microros_ws/install/trajectory_msgs:/home/tien/microros_ws/install/stereo_msgs:/home/tien/microros_ws/install/std_srvs:/home/tien/microros_ws/install/shape_msgs:/home/tien/microros_ws/install/sensor_msgs_py:/home/tien/microros_ws/install/sensor_msgs:/home/tien/microros_ws/install/nav_msgs:/home/tien/microros_ws/install/diagnostic_msgs:/home/tien/microros_ws/install/geometry_msgs:/home/tien/microros_ws/install/actionlib_msgs:/home/tien/microros_ws/install/std_msgs:/home/tien/microros_ws/install/statistics_msgs:/home/tien/microros_ws/install/rosidl_typesupport_microxrcedds_test_msg:/home/tien/microros_ws/install/rosidl_typesupport_microxrcedds_cpp_tests:/home/tien/microros_ws/install/rmw_microxrcedds:/home/tien/microros_ws/install/rosidl_typesupport_microxrcedds_cpp:/home/tien/microros_ws/install/rosidl_typesupport_microxrcedds_c_tests:/home/tien/microros_ws/install/rosidl_typesupport_microxrcedds_c:/home/tien/microros_ws/install/rosgraph_msgs:/home/tien/microros_ws/install/rclc_parameter:/home/tien/microros_ws/install/rclc:/home/tien/microros_ws/install/composition_interfaces:/home/tien/microros_ws/install/rcl_interfaces:/home/tien/microros_ws/install/micro_ros_utilities:/home/tien/microros_ws/install/micro_ros_setup:/home/tien/microros_ws/install/micro_ros_agent:/home/tien/microros_ws/install/micro_ros_msgs:/home/tien/microros_ws/install/lifecycle_msgs:/home/tien/microros_ws/install/complex_msgs:/home/tien/microros_ws/install/builtin_interfaces:/home/tien/Documents/GitHub/BoutToHackNASA/source/godang_ws/install/my_robot_bringup:/home/tien/Documents/GitHub/ALL_CODE/red_ws/install/vision:/home/tien/Documents/GitHub/ALL_CODE/red_ws/install/state:/home/tien/Documents/GitHub/ALL_CODE/red_ws/install/mobile:/home/tien/turtlebot3_ws/install/turtlebot3:/home/tien/turtlebot3_ws/install/turtlebot3_teleop:/home/tien/turtlebot3_ws/install/turtlebot3_simulations:/home/tien/turtlebot3_ws/install/turtlebot3_bringup:/home/tien/turtlebot3_ws/install/turtlebot3_node:/home/tien/turtlebot3_ws/install/turtlebot3_navigation2:/home/tien/turtlebot3_ws/install/turtlebot3_fake_node:/home/tien/turtlebot3_ws/install/turtlebot3_example:/home/tien/turtlebot3_ws/install/turtlebot3_msgs:/home/tien/turtlebot3_ws/install/turtlebot3_gazebo:/home/tien/turtlebot3_ws/install/turtlebot3_description:/home/tien/turtlebot3_ws/install/turtlebot3_cartographer:/home/tien/turtlebot3_ws/install/dynamixel_sdk_examples:/home/tien/turtlebot3_ws/install/dynamixel_sdk_custom_interfaces:/home/tien/turtlebot3_ws/install/dynamixel_sdk:/home/tien/jinpao_ws/install/robot_localization:/home/tien/jinpao_ws/install/plant_message:/home/tien/jinpao_ws/install/jinpao_test:/home/tien/jinpao_ws/install/jinpao_description:/home/tien/jinpao_ws/install/jinpao_bringup:/home/tien/jinpao_naia_ws/install/state_pkg:/home/tien/jinpao_naia_ws/install/py_control_pkg:/home/tien/jinpao_naia_ws/install/cam_pkg:/home/tien/abu_ws/install/manual:/home/tien/three_wheel_ws/install/rplidar_ros:/home/tien/three_wheel_ws/install/robot_description:/home/tien/three_wheel_ws/install/robot_bringup:/opt/ros/humble CMAKE_PREFIX_PATH=/home/tien/microros_ws/install/micro_ros_demos_rclc:/home/tien/microros_ws/install/common_interfaces:/home/tien/microros_ws/install/visualization_msgs:/home/tien/microros_ws/install/test_msgs:/home/tien/microros_ws/install/example_interfaces:/home/tien/microros_ws/install/action_msgs:/home/tien/microros_ws/install/unique_identifier_msgs:/home/tien/microros_ws/install/trajectory_msgs:/home/tien/microros_ws/install/stereo_msgs:/home/tien/microros_ws/install/std_srvs:/home/tien/microros_ws/install/shape_msgs:/home/tien/microros_ws/install/sensor_msgs:/home/tien/microros_ws/install/nav_msgs:/home/tien/microros_ws/install/diagnostic_msgs:/home/tien/microros_ws/install/geometry_msgs:/home/tien/microros_ws/install/actionlib_msgs:/home/tien/microros_ws/install/std_msgs:/home/tien/microros_ws/install/statistics_msgs:/home/tien/microros_ws/install/rosidl_typesupport_microxrcedds_test_msg:/home/tien/microros_ws/install/rosidl_typesupport_microxrcedds_cpp_tests:/home/tien/microros_ws/install/rmw_microxrcedds:/home/tien/microros_ws/install/rosidl_typesupport_microxrcedds_cpp:/home/tien/microros_ws/install/rosidl_typesupport_microxrcedds_c_tests:/home/tien/microros_ws/install/rosidl_typesupport_microxrcedds_c:/home/tien/microros_ws/install/rosgraph_msgs:/home/tien/microros_ws/install/rclc_parameter:/home/tien/microros_ws/install/rclc:/home/tien/microros_ws/install/composition_interfaces:/home/tien/microros_ws/install/rcl_interfaces:/home/tien/microros_ws/install/microxrcedds_client:/home/tien/microros_ws/install/microcdr:/home/tien/microros_ws/install/micro_ros_utilities:/home/tien/microros_ws/install/micro_ros_setup:/home/tien/microros_ws/install/micro_ros_agent:/home/tien/microros_ws/install/micro_ros_msgs:/home/tien/microros_ws/install/lifecycle_msgs:/home/tien/microros_ws/install/complex_msgs:/home/tien/microros_ws/install/builtin_interfaces:/home/tien/Documents/GitHub/BoutToHackNASA/source/godang_ws/install/my_robot_bringup:/home/tien/turtlebot3_ws/install/turtlebot3:/home/tien/turtlebot3_ws/install/turtlebot3_simulations:/home/tien/turtlebot3_ws/install/turtlebot3_bringup:/home/tien/turtlebot3_ws/install/turtlebot3_node:/home/tien/turtlebot3_ws/install/turtlebot3_navigation2:/home/tien/turtlebot3_ws/install/turtlebot3_fake_node:/home/tien/turtlebot3_ws/install/turtlebot3_msgs:/home/tien/microros_ws/install/sensor_msgs_py:/home/tien/Documents/GitHub/BoutToHackNASA/source/godang_ws/install/vision:/home/tien/Documents/GitHub/BoutToHackNASA/source/godang_ws/install/planing:/home/tien/Documents/GitHub/BoutToHackNASA/source/godang_ws/install/localization:/home/tien/Documents/GitHub/ALL_CODE/red_ws/install/vision:/home/tien/Documents/GitHub/ALL_CODE/red_ws/install/state:/home/tien/Documents/GitHub/ALL_CODE/red_ws/install/mobile:/home/tien/turtlebot3_ws/install/turtlebot3_teleop:/home/tien/turtlebot3_ws/install/turtlebot3_example:/home/tien/jinpao_ws/install/jinpao_test:/home/tien/jinpao_naia_ws/install/state_pkg:/home/tien/jinpao_naia_ws/install/py_control_pkg:/home/tien/jinpao_naia_ws/install/cam_pkg:/home/tien/abu_ws/install/manual:/opt/ros/humble:/home/tien/turtlebot3_ws/install/turtlebot3_gazebo:/home/tien/turtlebot3_ws/install/turtlebot3_description:/home/tien/turtlebot3_ws/install/turtlebot3_cartographer:/home/tien/turtlebot3_ws/install/dynamixel_sdk_examples:/home/tien/turtlebot3_ws/install/dynamixel_sdk_custom_interfaces:/home/tien/turtlebot3_ws/install/dynamixel_sdk:/home/tien/jinpao_ws/install/robot_localization:/home/tien/jinpao_ws/install/plant_message:/home/tien/jinpao_ws/install/jinpao_description:/home/tien/jinpao_ws/install/jinpao_bringup:/home/tien/three_wheel_ws/install/rplidar_ros:/home/tien/three_wheel_ws/install/robot_description:/home/tien/three_wheel_ws/install/robot_bringup PYTHONPATH=/home/tien/Documents/GitHub/BoutToHackNASA/source/godang_ws/install/vision/lib/python3.10/site-packages:/home/tien/Documents/GitHub/BoutToHackNASA/source/godang_ws/install/planing/lib/python3.10/site-packages:/home/tien/Documents/GitHub/BoutToHackNASA/source/godang_ws/install/localization/lib/python3.10/site-packages:/home/tien/microros_ws/install/visualization_msgs/local/lib/python3.10/dist-packages:/home/tien/microros_ws/install/test_msgs/local/lib/python3.10/dist-packages:/home/tien/microros_ws/install/example_interfaces/local/lib/python3.10/dist-packages:/home/tien/microros_ws/install/action_msgs/local/lib/python3.10/dist-packages:/home/tien/microros_ws/install/unique_identifier_msgs/local/lib/python3.10/dist-packages:/home/tien/microros_ws/install/trajectory_msgs/local/lib/python3.10/dist-packages:/home/tien/microros_ws/install/stereo_msgs/local/lib/python3.10/dist-packages:/home/tien/microros_ws/install/std_srvs/local/lib/python3.10/dist-packages:/home/tien/microros_ws/install/shape_msgs/local/lib/python3.10/dist-packages:/home/tien/microros_ws/install/sensor_msgs_py/lib/python3.10/site-packages:/home/tien/microros_ws/install/sensor_msgs/local/lib/python3.10/dist-packages:/home/tien/microros_ws/install/nav_msgs/local/lib/python3.10/dist-packages:/home/tien/microros_ws/install/diagnostic_msgs/local/lib/python3.10/dist-packages:/home/tien/microros_ws/install/geometry_msgs/local/lib/python3.10/dist-packages:/home/tien/microros_ws/install/actionlib_msgs/local/lib/python3.10/dist-packages:/home/tien/microros_ws/install/std_msgs/local/lib/python3.10/dist-packages:/home/tien/microros_ws/install/statistics_msgs/local/lib/python3.10/dist-packages:/home/tien/microros_ws/install/rosidl_typesupport_microxrcedds_cpp/local/lib/python3.10/dist-packages:/home/tien/microros_ws/install/rosidl_typesupport_microxrcedds_c/local/lib/python3.10/dist-packages:/home/tien/microros_ws/install/rosgraph_msgs/local/lib/python3.10/dist-packages:/home/tien/microros_ws/install/composition_interfaces/local/lib/python3.10/dist-packages:/home/tien/microros_ws/install/rcl_interfaces/local/lib/python3.10/dist-packages:/home/tien/microros_ws/install/micro_ros_msgs/local/lib/python3.10/dist-packages:/home/tien/microros_ws/install/lifecycle_msgs/local/lib/python3.10/dist-packages:/home/tien/microros_ws/install/complex_msgs/local/lib/python3.10/dist-packages:/home/tien/microros_ws/install/builtin_interfaces/local/lib/python3.10/dist-packages:/home/tien/Documents/GitHub/ALL_CODE/red_ws/install/vision/lib/python3.10/site-packages:/home/tien/Documents/GitHub/ALL_CODE/red_ws/install/state/lib/python3.10/site-packages:/home/tien/Documents/GitHub/ALL_CODE/red_ws/install/mobile/lib/python3.10/site-packages:/home/tien/turtlebot3_ws/build/turtlebot3_teleop:/home/tien/turtlebot3_ws/install/turtlebot3_teleop/lib/python3.10/site-packages:/home/tien/turtlebot3_ws/build/turtlebot3_example:/home/tien/turtlebot3_ws/install/turtlebot3_example/lib/python3.10/site-packages:/home/tien/turtlebot3_ws/install/turtlebot3_msgs/local/lib/python3.10/dist-packages:/home/tien/turtlebot3_ws/install/dynamixel_sdk_custom_interfaces/local/lib/python3.10/dist-packages:/home/tien/jinpao_ws/install/robot_localization/local/lib/python3.10/dist-packages:/home/tien/jinpao_ws/install/plant_message/local/lib/python3.10/dist-packages:/home/tien/jinpao_ws/install/jinpao_test/lib/python3.10/site-packages:/home/tien/jinpao_ws/install/jinpao_description/local/lib/python3.10/dist-packages:/home/tien/jinpao_ws/install/jinpao_bringup/local/lib/python3.10/dist-packages:/home/tien/jinpao_naia_ws/install/state_pkg/lib/python3.10/site-packages:/home/tien/jinpao_naia_ws/install/py_control_pkg/lib/python3.10/site-packages:/home/tien/jinpao_naia_ws/install/cam_pkg/lib/python3.10/site-packages:/home/tien/abu_ws/install/manual/lib/python3.10/site-packages:/home/tien/three_wheel_ws/install/robot_bringup/local/lib/python3.10/dist-packages:/opt/ros/humble/lib/python3.10/site-packages:/opt/ros/humble/local/lib/python3.10/dist-packages /usr/bin/cmake --install /home/tien/Documents/GitHub/BoutToHackNASA/source/godang_ws/build/my_robot_bringup
[5.388s] Level 1:colcon.colcon_core.environment:create_environment_scripts_only(my_robot_bringup)
[5.389s] Level 1:colcon.colcon_core.environment:checking '/home/tien/Documents/GitHub/BoutToHackNASA/source/godang_ws/install/my_robot_bringup' for CMake module files
[5.390s] DEBUG:colcon.colcon_core.event_handler.log_command:Invoked command in '/home/tien/Documents/GitHub/BoutToHackNASA/source/godang_ws/build/my_robot_bringup' returned '0': AMENT_PREFIX_PATH=/home/tien/Documents/GitHub/BoutToHackNASA/source/godang_ws/install/vision:/home/tien/Documents/GitHub/BoutToHackNASA/source/godang_ws/install/planing:/home/tien/Documents/GitHub/BoutToHackNASA/source/godang_ws/install/localization:/home/tien/microros_ws/install/micro_ros_demos_rclc:/home/tien/microros_ws/install/common_interfaces:/home/tien/microros_ws/install/visualization_msgs:/home/tien/microros_ws/install/test_msgs:/home/tien/microros_ws/install/example_interfaces:/home/tien/microros_ws/install/action_msgs:/home/tien/microros_ws/install/unique_identifier_msgs:/home/tien/microros_ws/install/trajectory_msgs:/home/tien/microros_ws/install/stereo_msgs:/home/tien/microros_ws/install/std_srvs:/home/tien/microros_ws/install/shape_msgs:/home/tien/microros_ws/install/sensor_msgs_py:/home/tien/microros_ws/install/sensor_msgs:/home/tien/microros_ws/install/nav_msgs:/home/tien/microros_ws/install/diagnostic_msgs:/home/tien/microros_ws/install/geometry_msgs:/home/tien/microros_ws/install/actionlib_msgs:/home/tien/microros_ws/install/std_msgs:/home/tien/microros_ws/install/statistics_msgs:/home/tien/microros_ws/install/rosidl_typesupport_microxrcedds_test_msg:/home/tien/microros_ws/install/rosidl_typesupport_microxrcedds_cpp_tests:/home/tien/microros_ws/install/rmw_microxrcedds:/home/tien/microros_ws/install/rosidl_typesupport_microxrcedds_cpp:/home/tien/microros_ws/install/rosidl_typesupport_microxrcedds_c_tests:/home/tien/microros_ws/install/rosidl_typesupport_microxrcedds_c:/home/tien/microros_ws/install/rosgraph_msgs:/home/tien/microros_ws/install/rclc_parameter:/home/tien/microros_ws/install/rclc:/home/tien/microros_ws/install/composition_interfaces:/home/tien/microros_ws/install/rcl_interfaces:/home/tien/microros_ws/install/micro_ros_utilities:/home/tien/microros_ws/install/micro_ros_setup:/home/tien/microros_ws/install/micro_ros_agent:/home/tien/microros_ws/install/micro_ros_msgs:/home/tien/microros_ws/install/lifecycle_msgs:/home/tien/microros_ws/install/complex_msgs:/home/tien/microros_ws/install/builtin_interfaces:/home/tien/Documents/GitHub/BoutToHackNASA/source/godang_ws/install/my_robot_bringup:/home/tien/Documents/GitHub/ALL_CODE/red_ws/install/vision:/home/tien/Documents/GitHub/ALL_CODE/red_ws/install/state:/home/tien/Documents/GitHub/ALL_CODE/red_ws/install/mobile:/home/tien/turtlebot3_ws/install/turtlebot3:/home/tien/turtlebot3_ws/install/turtlebot3_teleop:/home/tien/turtlebot3_ws/install/turtlebot3_simulations:/home/tien/turtlebot3_ws/install/turtlebot3_bringup:/home/tien/turtlebot3_ws/install/turtlebot3_node:/home/tien/turtlebot3_ws/install/turtlebot3_navigation2:/home/tien/turtlebot3_ws/install/turtlebot3_fake_node:/home/tien/turtlebot3_ws/install/turtlebot3_example:/home/tien/turtlebot3_ws/install/turtlebot3_msgs:/home/tien/turtlebot3_ws/install/turtlebot3_gazebo:/home/tien/turtlebot3_ws/install/turtlebot3_description:/home/tien/turtlebot3_ws/install/turtlebot3_cartographer:/home/tien/turtlebot3_ws/install/dynamixel_sdk_examples:/home/tien/turtlebot3_ws/install/dynamixel_sdk_custom_interfaces:/home/tien/turtlebot3_ws/install/dynamixel_sdk:/home/tien/jinpao_ws/install/robot_localization:/home/tien/jinpao_ws/install/plant_message:/home/tien/jinpao_ws/install/jinpao_test:/home/tien/jinpao_ws/install/jinpao_description:/home/tien/jinpao_ws/install/jinpao_bringup:/home/tien/jinpao_naia_ws/install/state_pkg:/home/tien/jinpao_naia_ws/install/py_control_pkg:/home/tien/jinpao_naia_ws/install/cam_pkg:/home/tien/abu_ws/install/manual:/home/tien/three_wheel_ws/install/rplidar_ros:/home/tien/three_wheel_ws/install/robot_description:/home/tien/three_wheel_ws/install/robot_bringup:/opt/ros/humble CMAKE_PREFIX_PATH=/home/tien/microros_ws/install/micro_ros_demos_rclc:/home/tien/microros_ws/install/common_interfaces:/home/tien/microros_ws/install/visualization_msgs:/home/tien/microros_ws/install/test_msgs:/home/tien/microros_ws/install/example_interfaces:/home/tien/microros_ws/install/action_msgs:/home/tien/microros_ws/install/unique_identifier_msgs:/home/tien/microros_ws/install/trajectory_msgs:/home/tien/microros_ws/install/stereo_msgs:/home/tien/microros_ws/install/std_srvs:/home/tien/microros_ws/install/shape_msgs:/home/tien/microros_ws/install/sensor_msgs:/home/tien/microros_ws/install/nav_msgs:/home/tien/microros_ws/install/diagnostic_msgs:/home/tien/microros_ws/install/geometry_msgs:/home/tien/microros_ws/install/actionlib_msgs:/home/tien/microros_ws/install/std_msgs:/home/tien/microros_ws/install/statistics_msgs:/home/tien/microros_ws/install/rosidl_typesupport_microxrcedds_test_msg:/home/tien/microros_ws/install/rosidl_typesupport_microxrcedds_cpp_tests:/home/tien/microros_ws/install/rmw_microxrcedds:/home/tien/microros_ws/install/rosidl_typesupport_microxrcedds_cpp:/home/tien/microros_ws/install/rosidl_typesupport_microxrcedds_c_tests:/home/tien/microros_ws/install/rosidl_typesupport_microxrcedds_c:/home/tien/microros_ws/install/rosgraph_msgs:/home/tien/microros_ws/install/rclc_parameter:/home/tien/microros_ws/install/rclc:/home/tien/microros_ws/install/composition_interfaces:/home/tien/microros_ws/install/rcl_interfaces:/home/tien/microros_ws/install/microxrcedds_client:/home/tien/microros_ws/install/microcdr:/home/tien/microros_ws/install/micro_ros_utilities:/home/tien/microros_ws/install/micro_ros_setup:/home/tien/microros_ws/install/micro_ros_agent:/home/tien/microros_ws/install/micro_ros_msgs:/home/tien/microros_ws/install/lifecycle_msgs:/home/tien/microros_ws/install/complex_msgs:/home/tien/microros_ws/install/builtin_interfaces:/home/tien/Documents/GitHub/BoutToHackNASA/source/godang_ws/install/my_robot_bringup:/home/tien/turtlebot3_ws/install/turtlebot3:/home/tien/turtlebot3_ws/install/turtlebot3_simulations:/home/tien/turtlebot3_ws/install/turtlebot3_bringup:/home/tien/turtlebot3_ws/install/turtlebot3_node:/home/tien/turtlebot3_ws/install/turtlebot3_navigation2:/home/tien/turtlebot3_ws/install/turtlebot3_fake_node:/home/tien/turtlebot3_ws/install/turtlebot3_msgs:/home/tien/microros_ws/install/sensor_msgs_py:/home/tien/Documents/GitHub/BoutToHackNASA/source/godang_ws/install/vision:/home/tien/Documents/GitHub/BoutToHackNASA/source/godang_ws/install/planing:/home/tien/Documents/GitHub/BoutToHackNASA/source/godang_ws/install/localization:/home/tien/Documents/GitHub/ALL_CODE/red_ws/install/vision:/home/tien/Documents/GitHub/ALL_CODE/red_ws/install/state:/home/tien/Documents/GitHub/ALL_CODE/red_ws/install/mobile:/home/tien/turtlebot3_ws/install/turtlebot3_teleop:/home/tien/turtlebot3_ws/install/turtlebot3_example:/home/tien/jinpao_ws/install/jinpao_test:/home/tien/jinpao_naia_ws/install/state_pkg:/home/tien/jinpao_naia_ws/install/py_control_pkg:/home/tien/jinpao_naia_ws/install/cam_pkg:/home/tien/abu_ws/install/manual:/opt/ros/humble:/home/tien/turtlebot3_ws/install/turtlebot3_gazebo:/home/tien/turtlebot3_ws/install/turtlebot3_description:/home/tien/turtlebot3_ws/install/turtlebot3_cartographer:/home/tien/turtlebot3_ws/install/dynamixel_sdk_examples:/home/tien/turtlebot3_ws/install/dynamixel_sdk_custom_interfaces:/home/tien/turtlebot3_ws/install/dynamixel_sdk:/home/tien/jinpao_ws/install/robot_localization:/home/tien/jinpao_ws/install/plant_message:/home/tien/jinpao_ws/install/jinpao_description:/home/tien/jinpao_ws/install/jinpao_bringup:/home/tien/three_wheel_ws/install/rplidar_ros:/home/tien/three_wheel_ws/install/robot_description:/home/tien/three_wheel_ws/install/robot_bringup PYTHONPATH=/home/tien/Documents/GitHub/BoutToHackNASA/source/godang_ws/install/vision/lib/python3.10/site-packages:/home/tien/Documents/GitHub/BoutToHackNASA/source/godang_ws/install/planing/lib/python3.10/site-packages:/home/tien/Documents/GitHub/BoutToHackNASA/source/godang_ws/install/localization/lib/python3.10/site-packages:/home/tien/microros_ws/install/visualization_msgs/local/lib/python3.10/dist-packages:/home/tien/microros_ws/install/test_msgs/local/lib/python3.10/dist-packages:/home/tien/microros_ws/install/example_interfaces/local/lib/python3.10/dist-packages:/home/tien/microros_ws/install/action_msgs/local/lib/python3.10/dist-packages:/home/tien/microros_ws/install/unique_identifier_msgs/local/lib/python3.10/dist-packages:/home/tien/microros_ws/install/trajectory_msgs/local/lib/python3.10/dist-packages:/home/tien/microros_ws/install/stereo_msgs/local/lib/python3.10/dist-packages:/home/tien/microros_ws/install/std_srvs/local/lib/python3.10/dist-packages:/home/tien/microros_ws/install/shape_msgs/local/lib/python3.10/dist-packages:/home/tien/microros_ws/install/sensor_msgs_py/lib/python3.10/site-packages:/home/tien/microros_ws/install/sensor_msgs/local/lib/python3.10/dist-packages:/home/tien/microros_ws/install/nav_msgs/local/lib/python3.10/dist-packages:/home/tien/microros_ws/install/diagnostic_msgs/local/lib/python3.10/dist-packages:/home/tien/microros_ws/install/geometry_msgs/local/lib/python3.10/dist-packages:/home/tien/microros_ws/install/actionlib_msgs/local/lib/python3.10/dist-packages:/home/tien/microros_ws/install/std_msgs/local/lib/python3.10/dist-packages:/home/tien/microros_ws/install/statistics_msgs/local/lib/python3.10/dist-packages:/home/tien/microros_ws/install/rosidl_typesupport_microxrcedds_cpp/local/lib/python3.10/dist-packages:/home/tien/microros_ws/install/rosidl_typesupport_microxrcedds_c/local/lib/python3.10/dist-packages:/home/tien/microros_ws/install/rosgraph_msgs/local/lib/python3.10/dist-packages:/home/tien/microros_ws/install/composition_interfaces/local/lib/python3.10/dist-packages:/home/tien/microros_ws/install/rcl_interfaces/local/lib/python3.10/dist-packages:/home/tien/microros_ws/install/micro_ros_msgs/local/lib/python3.10/dist-packages:/home/tien/microros_ws/install/lifecycle_msgs/local/lib/python3.10/dist-packages:/home/tien/microros_ws/install/complex_msgs/local/lib/python3.10/dist-packages:/home/tien/microros_ws/install/builtin_interfaces/local/lib/python3.10/dist-packages:/home/tien/Documents/GitHub/ALL_CODE/red_ws/install/vision/lib/python3.10/site-packages:/home/tien/Documents/GitHub/ALL_CODE/red_ws/install/state/lib/python3.10/site-packages:/home/tien/Documents/GitHub/ALL_CODE/red_ws/install/mobile/lib/python3.10/site-packages:/home/tien/turtlebot3_ws/build/turtlebot3_teleop:/home/tien/turtlebot3_ws/install/turtlebot3_teleop/lib/python3.10/site-packages:/home/tien/turtlebot3_ws/build/turtlebot3_example:/home/tien/turtlebot3_ws/install/turtlebot3_example/lib/python3.10/site-packages:/home/tien/turtlebot3_ws/install/turtlebot3_msgs/local/lib/python3.10/dist-packages:/home/tien/turtlebot3_ws/install/dynamixel_sdk_custom_interfaces/local/lib/python3.10/dist-packages:/home/tien/jinpao_ws/install/robot_localization/local/lib/python3.10/dist-packages:/home/tien/jinpao_ws/install/plant_message/local/lib/python3.10/dist-packages:/home/tien/jinpao_ws/install/jinpao_test/lib/python3.10/site-packages:/home/tien/jinpao_ws/install/jinpao_description/local/lib/python3.10/dist-packages:/home/tien/jinpao_ws/install/jinpao_bringup/local/lib/python3.10/dist-packages:/home/tien/jinpao_naia_ws/install/state_pkg/lib/python3.10/site-packages:/home/tien/jinpao_naia_ws/install/py_control_pkg/lib/python3.10/site-packages:/home/tien/jinpao_naia_ws/install/cam_pkg/lib/python3.10/site-packages:/home/tien/abu_ws/install/manual/lib/python3.10/site-packages:/home/tien/three_wheel_ws/install/robot_bringup/local/lib/python3.10/dist-packages:/opt/ros/humble/lib/python3.10/site-packages:/opt/ros/humble/local/lib/python3.10/dist-packages /usr/bin/cmake --install /home/tien/Documents/GitHub/BoutToHackNASA/source/godang_ws/build/my_robot_bringup
[5.391s] Level 1:colcon.colcon_core.environment:checking '/home/tien/Documents/GitHub/BoutToHackNASA/source/godang_ws/install/my_robot_bringup' for CMake config files
[5.392s] Level 1:colcon.colcon_core.shell:create_environment_hook('my_robot_bringup', 'cmake_prefix_path')
[5.392s] INFO:colcon.colcon_core.shell:Creating environment hook '/home/tien/Documents/GitHub/BoutToHackNASA/source/godang_ws/install/my_robot_bringup/share/my_robot_bringup/hook/cmake_prefix_path.ps1'
[5.393s] INFO:colcon.colcon_core.shell:Creating environment descriptor '/home/tien/Documents/GitHub/BoutToHackNASA/source/godang_ws/install/my_robot_bringup/share/my_robot_bringup/hook/cmake_prefix_path.dsv'
[5.393s] INFO:colcon.colcon_core.shell:Creating environment hook '/home/tien/Documents/GitHub/BoutToHackNASA/source/godang_ws/install/my_robot_bringup/share/my_robot_bringup/hook/cmake_prefix_path.sh'
[5.394s] Level 1:colcon.colcon_core.environment:checking '/home/tien/Documents/GitHub/BoutToHackNASA/source/godang_ws/install/my_robot_bringup/bin'
[5.394s] Level 1:colcon.colcon_core.environment:checking '/home/tien/Documents/GitHub/BoutToHackNASA/source/godang_ws/install/my_robot_bringup/lib/pkgconfig/my_robot_bringup.pc'
[5.395s] Level 1:colcon.colcon_core.environment:checking '/home/tien/Documents/GitHub/BoutToHackNASA/source/godang_ws/install/my_robot_bringup/lib/python3.10/site-packages'
[5.395s] Level 1:colcon.colcon_core.environment:checking '/home/tien/Documents/GitHub/BoutToHackNASA/source/godang_ws/install/my_robot_bringup/bin'
[5.396s] INFO:colcon.colcon_core.shell:Creating package script '/home/tien/Documents/GitHub/BoutToHackNASA/source/godang_ws/install/my_robot_bringup/share/my_robot_bringup/package.ps1'
[5.397s] INFO:colcon.colcon_core.shell:Creating package descriptor '/home/tien/Documents/GitHub/BoutToHackNASA/source/godang_ws/install/my_robot_bringup/share/my_robot_bringup/package.dsv'
[5.397s] INFO:colcon.colcon_core.shell:Creating package script '/home/tien/Documents/GitHub/BoutToHackNASA/source/godang_ws/install/my_robot_bringup/share/my_robot_bringup/package.sh'
[5.398s] INFO:colcon.colcon_core.shell:Creating package script '/home/tien/Documents/GitHub/BoutToHackNASA/source/godang_ws/install/my_robot_bringup/share/my_robot_bringup/package.bash'
[5.398s] INFO:colcon.colcon_core.shell:Creating package script '/home/tien/Documents/GitHub/BoutToHackNASA/source/godang_ws/install/my_robot_bringup/share/my_robot_bringup/package.zsh'
[5.399s] Level 1:colcon.colcon_core.environment:create_file_with_runtime_dependencies(/home/tien/Documents/GitHub/BoutToHackNASA/source/godang_ws/install/my_robot_bringup/share/colcon-core/packages/my_robot_bringup)
[5.464s] Level 1:colcon.colcon_core.environment:create_environment_scripts_only(my_robot_bringup)
[5.465s] Level 1:colcon.colcon_core.environment:checking '/home/tien/Documents/GitHub/BoutToHackNASA/source/godang_ws/install/my_robot_bringup' for CMake module files
[5.466s] Level 1:colcon.colcon_core.environment:checking '/home/tien/Documents/GitHub/BoutToHackNASA/source/godang_ws/install/my_robot_bringup' for CMake config files
[5.466s] Level 1:colcon.colcon_core.shell:create_environment_hook('my_robot_bringup', 'cmake_prefix_path')
[5.466s] INFO:colcon.colcon_core.shell:Creating environment hook '/home/tien/Documents/GitHub/BoutToHackNASA/source/godang_ws/install/my_robot_bringup/share/my_robot_bringup/hook/cmake_prefix_path.ps1'
[5.467s] INFO:colcon.colcon_core.shell:Creating environment descriptor '/home/tien/Documents/GitHub/BoutToHackNASA/source/godang_ws/install/my_robot_bringup/share/my_robot_bringup/hook/cmake_prefix_path.dsv'
[5.468s] INFO:colcon.colcon_core.shell:Creating environment hook '/home/tien/Documents/GitHub/BoutToHackNASA/source/godang_ws/install/my_robot_bringup/share/my_robot_bringup/hook/cmake_prefix_path.sh'
[5.468s] Level 1:colcon.colcon_core.environment:checking '/home/tien/Documents/GitHub/BoutToHackNASA/source/godang_ws/install/my_robot_bringup/bin'
[5.469s] Level 1:colcon.colcon_core.environment:checking '/home/tien/Documents/GitHub/BoutToHackNASA/source/godang_ws/install/my_robot_bringup/lib/pkgconfig/my_robot_bringup.pc'
[5.469s] Level 1:colcon.colcon_core.environment:checking '/home/tien/Documents/GitHub/BoutToHackNASA/source/godang_ws/install/my_robot_bringup/lib/python3.10/site-packages'
[5.469s] Level 1:colcon.colcon_core.environment:checking '/home/tien/Documents/GitHub/BoutToHackNASA/source/godang_ws/install/my_robot_bringup/bin'
[5.470s] INFO:colcon.colcon_core.shell:Creating package script '/home/tien/Documents/GitHub/BoutToHackNASA/source/godang_ws/install/my_robot_bringup/share/my_robot_bringup/package.ps1'
[5.471s] INFO:colcon.colcon_core.shell:Creating package descriptor '/home/tien/Documents/GitHub/BoutToHackNASA/source/godang_ws/install/my_robot_bringup/share/my_robot_bringup/package.dsv'
[5.472s] INFO:colcon.colcon_core.shell:Creating package script '/home/tien/Documents/GitHub/BoutToHackNASA/source/godang_ws/install/my_robot_bringup/share/my_robot_bringup/package.sh'
[5.472s] INFO:colcon.colcon_core.shell:Creating package script '/home/tien/Documents/GitHub/BoutToHackNASA/source/godang_ws/install/my_robot_bringup/share/my_robot_bringup/package.bash'
[5.473s] INFO:colcon.colcon_core.shell:Creating package script '/home/tien/Documents/GitHub/BoutToHackNASA/source/godang_ws/install/my_robot_bringup/share/my_robot_bringup/package.zsh'
[5.473s] Level 1:colcon.colcon_core.environment:create_file_with_runtime_dependencies(/home/tien/Documents/GitHub/BoutToHackNASA/source/godang_ws/install/my_robot_bringup/share/colcon-core/packages/my_robot_bringup)
[5.474s] DEBUG:colcon.colcon_parallel_executor.executor.parallel:closing loop
[5.475s] DEBUG:colcon.colcon_parallel_executor.executor.parallel:loop closed
[5.475s] DEBUG:colcon.colcon_parallel_executor.executor.parallel:run_until_complete finished with '0'
[5.475s] DEBUG:colcon.colcon_core.event_reactor:joining thread
[5.487s] INFO:colcon.colcon_core.plugin_system:Skipping extension 'colcon_notification.desktop_notification.terminal_notifier': Not used on non-Darwin systems
[5.487s] INFO:colcon.colcon_core.plugin_system:Skipping extension 'colcon_notification.desktop_notification.win32': Not used on non-Windows systems
[5.487s] INFO:colcon.colcon_notification.desktop_notification:Sending desktop notification using 'notify2'
[5.508s] DEBUG:colcon.colcon_core.event_reactor:joined thread
[5.509s] INFO:colcon.colcon_core.shell:Creating prefix script '/home/tien/Documents/GitHub/BoutToHackNASA/source/godang_ws/install/local_setup.ps1'
[5.511s] INFO:colcon.colcon_core.shell:Creating prefix util module '/home/tien/Documents/GitHub/BoutToHackNASA/source/godang_ws/install/_local_setup_util_ps1.py'
[5.513s] INFO:colcon.colcon_core.shell:Creating prefix chain script '/home/tien/Documents/GitHub/BoutToHackNASA/source/godang_ws/install/setup.ps1'
[5.520s] INFO:colcon.colcon_core.shell:Creating prefix script '/home/tien/Documents/GitHub/BoutToHackNASA/source/godang_ws/install/local_setup.sh'
[5.521s] INFO:colcon.colcon_core.shell:Creating prefix util module '/home/tien/Documents/GitHub/BoutToHackNASA/source/godang_ws/install/_local_setup_util_sh.py'
[5.522s] INFO:colcon.colcon_core.shell:Creating prefix chain script '/home/tien/Documents/GitHub/BoutToHackNASA/source/godang_ws/install/setup.sh'
[5.530s] INFO:colcon.colcon_core.shell:Creating prefix script '/home/tien/Documents/GitHub/BoutToHackNASA/source/godang_ws/install/local_setup.bash'
[5.531s] INFO:colcon.colcon_core.shell:Creating prefix chain script '/home/tien/Documents/GitHub/BoutToHackNASA/source/godang_ws/install/setup.bash'
[5.538s] INFO:colcon.colcon_core.shell:Creating prefix script '/home/tien/Documents/GitHub/BoutToHackNASA/source/godang_ws/install/local_setup.zsh'
[5.539s] INFO:colcon.colcon_core.shell:Creating prefix chain script '/home/tien/Documents/GitHub/BoutToHackNASA/source/godang_ws/install/setup.zsh'
