[1.608s] Invoking command in '/ros2_file/godang_ws/src/localization': PYTHONPATH=/ros2_file/godang_ws/build/localization/prefix_override:/ros2_file/godang_ws/install/localization/lib/python3.10/site-packages:${PYTHONPATH} /usr/bin/python3 -W ignore:setup.py install is deprecated setup.py egg_info --egg-base ../../build/localization build --build-base /ros2_file/godang_ws/build/localization/build install --record /ros2_file/godang_ws/build/localization/install.log --single-version-externally-managed install_data
[2.014s] running egg_info
[2.017s] writing ../../build/localization/localization.egg-info/PKG-INFO
[2.018s] writing dependency_links to ../../build/localization/localization.egg-info/dependency_links.txt
[2.019s] writing entry points to ../../build/localization/localization.egg-info/entry_points.txt
[2.020s] writing requirements to ../../build/localization/localization.egg-info/requires.txt
[2.021s] writing top-level names to ../../build/localization/localization.egg-info/top_level.txt
[2.022s] reading manifest file '../../build/localization/localization.egg-info/SOURCES.txt'
[2.028s] writing manifest file '../../build/localization/localization.egg-info/SOURCES.txt'
[2.029s] running build
[2.029s] running build_py
[2.031s] running install
[2.032s] running install_lib
[2.032s] running install_data
[2.033s] running install_egg_info
[2.037s] removing '/ros2_file/godang_ws/install/localization/lib/python3.10/site-packages/localization-0.0.0-py3.10.egg-info' (and everything under it)
[2.038s] Copying ../../build/localization/localization.egg-info to /ros2_file/godang_ws/install/localization/lib/python3.10/site-packages/localization-0.0.0-py3.10.egg-info
[2.049s] running install_scripts
[2.096s] writing list of installed files to '/ros2_file/godang_ws/build/localization/install.log'
[2.196s] Invoked command in '/ros2_file/godang_ws/src/localization' returned '0': PYTHONPATH=/ros2_file/godang_ws/build/localization/prefix_override:/ros2_file/godang_ws/install/localization/lib/python3.10/site-packages:${PYTHONPATH} /usr/bin/python3 -W ignore:setup.py install is deprecated setup.py egg_info --egg-base ../../build/localization build --build-base /ros2_file/godang_ws/build/localization/build install --record /ros2_file/godang_ws/build/localization/install.log --single-version-externally-managed install_data
