[3.365s] Invoking command in '/home/tien/Documents/GitHub/BoutToHackNASA/source/godang_ws/src/localization': PYTHONPATH=/home/tien/Documents/GitHub/BoutToHackNASA/source/godang_ws/build/localization/prefix_override:/home/tien/Documents/GitHub/BoutToHackNASA/source/godang_ws/install/localization/lib/python3.10/site-packages:${PYTHONPATH} /usr/bin/python3 -W ignore:setup.py install is deprecated setup.py egg_info --egg-base ../../build/localization build --build-base /home/tien/Documents/GitHub/BoutToHackNASA/source/godang_ws/build/localization/build install --record /home/tien/Documents/GitHub/BoutToHackNASA/source/godang_ws/build/localization/install.log --single-version-externally-managed install_data
[4.142s] running egg_info
[4.177s] writing ../../build/localization/localization.egg-info/PKG-INFO
[4.178s] writing dependency_links to ../../build/localization/localization.egg-info/dependency_links.txt
[4.180s] writing entry points to ../../build/localization/localization.egg-info/entry_points.txt
[4.180s] writing requirements to ../../build/localization/localization.egg-info/requires.txt
[4.181s] writing top-level names to ../../build/localization/localization.egg-info/top_level.txt
[4.246s] reading manifest file '../../build/localization/localization.egg-info/SOURCES.txt'
[4.249s] writing manifest file '../../build/localization/localization.egg-info/SOURCES.txt'
[4.250s] running build
[4.250s] running build_py
[4.250s] copying localization/mobile_node.py -> /home/tien/Documents/GitHub/BoutToHackNASA/source/godang_ws/build/localization/build/lib/localization
[4.251s] copying localization/Function.py -> /home/tien/Documents/GitHub/BoutToHackNASA/source/godang_ws/build/localization/build/lib/localization
[4.253s] copying localization/__init__.py -> /home/tien/Documents/GitHub/BoutToHackNASA/source/godang_ws/build/localization/build/lib/localization
[4.253s] copying localization/PID.py -> /home/tien/Documents/GitHub/BoutToHackNASA/source/godang_ws/build/localization/build/lib/localization
[4.254s] running install
[4.270s] running install_lib
[4.314s] copying /home/tien/Documents/GitHub/BoutToHackNASA/source/godang_ws/build/localization/build/lib/localization/mobile_node.py -> /home/tien/Documents/GitHub/BoutToHackNASA/source/godang_ws/install/localization/lib/python3.10/site-packages/localization
[4.318s] byte-compiling /home/tien/Documents/GitHub/BoutToHackNASA/source/godang_ws/install/localization/lib/python3.10/site-packages/localization/mobile_node.py to mobile_node.cpython-310.pyc
[4.331s] running install_data
[4.331s] copying resource/localization -> /home/tien/Documents/GitHub/BoutToHackNASA/source/godang_ws/install/localization/share/ament_index/resource_index/packages
[4.331s] copying package.xml -> /home/tien/Documents/GitHub/BoutToHackNASA/source/godang_ws/install/localization/share/localization
[4.332s] running install_egg_info
[4.405s] removing '/home/tien/Documents/GitHub/BoutToHackNASA/source/godang_ws/install/localization/lib/python3.10/site-packages/localization-0.0.0-py3.10.egg-info' (and everything under it)
[4.406s] Copying ../../build/localization/localization.egg-info to /home/tien/Documents/GitHub/BoutToHackNASA/source/godang_ws/install/localization/lib/python3.10/site-packages/localization-0.0.0-py3.10.egg-info
[4.408s] running install_scripts
[4.975s] Installing mobile_node script to /home/tien/Documents/GitHub/BoutToHackNASA/source/godang_ws/install/localization/lib/localization
[4.979s] writing list of installed files to '/home/tien/Documents/GitHub/BoutToHackNASA/source/godang_ws/build/localization/install.log'
[5.048s] Invoked command in '/home/tien/Documents/GitHub/BoutToHackNASA/source/godang_ws/src/localization' returned '0': PYTHONPATH=/home/tien/Documents/GitHub/BoutToHackNASA/source/godang_ws/build/localization/prefix_override:/home/tien/Documents/GitHub/BoutToHackNASA/source/godang_ws/install/localization/lib/python3.10/site-packages:${PYTHONPATH} /usr/bin/python3 -W ignore:setup.py install is deprecated setup.py egg_info --egg-base ../../build/localization build --build-base /home/tien/Documents/GitHub/BoutToHackNASA/source/godang_ws/build/localization/build install --record /home/tien/Documents/GitHub/BoutToHackNASA/source/godang_ws/build/localization/install.log --single-version-externally-managed install_data
