[4.088s] Invoking command in '/home/tien/Documents/GitHub/BoutToHackNASA/source/godang_ws/src/vision': PYTHONPATH=/home/tien/Documents/GitHub/BoutToHackNASA/source/godang_ws/build/vision/prefix_override:/home/tien/Documents/GitHub/BoutToHackNASA/source/godang_ws/install/vision/lib/python3.10/site-packages:${PYTHONPATH} /usr/bin/python3 -W ignore:setup.py install is deprecated setup.py egg_info --egg-base ../../build/vision build --build-base /home/tien/Documents/GitHub/BoutToHackNASA/source/godang_ws/build/vision/build install --record /home/tien/Documents/GitHub/BoutToHackNASA/source/godang_ws/build/vision/install.log --single-version-externally-managed install_data
[4.866s] running egg_info
[4.942s] writing ../../build/vision/vision.egg-info/PKG-INFO
[4.943s] writing dependency_links to ../../build/vision/vision.egg-info/dependency_links.txt
[4.944s] writing entry points to ../../build/vision/vision.egg-info/entry_points.txt
[4.945s] writing requirements to ../../build/vision/vision.egg-info/requires.txt
[4.946s] writing top-level names to ../../build/vision/vision.egg-info/top_level.txt
[5.121s] reading manifest file '../../build/vision/vision.egg-info/SOURCES.txt'
[5.132s] writing manifest file '../../build/vision/vision.egg-info/SOURCES.txt'
[5.132s] running build
[5.133s] running build_py
[5.133s] copying vision/Get_depth.py -> /home/tien/Documents/GitHub/BoutToHackNASA/source/godang_ws/build/vision/build/lib/vision
[5.134s] copying vision/silo_detect.py -> /home/tien/Documents/GitHub/BoutToHackNASA/source/godang_ws/build/vision/build/lib/vision
[5.134s] copying vision/ballonthefloor.py -> /home/tien/Documents/GitHub/BoutToHackNASA/source/godang_ws/build/vision/build/lib/vision
[5.135s] copying vision/vision_silo_node.py -> /home/tien/Documents/GitHub/BoutToHackNASA/source/godang_ws/build/vision/build/lib/vision
[5.136s] copying vision/silo_decision.py -> /home/tien/Documents/GitHub/BoutToHackNASA/source/godang_ws/build/vision/build/lib/vision
[5.136s] copying vision/cam_midball.py -> /home/tien/Documents/GitHub/BoutToHackNASA/source/godang_ws/build/vision/build/lib/vision
[5.137s] copying vision/config.py -> /home/tien/Documents/GitHub/BoutToHackNASA/source/godang_ws/build/vision/build/lib/vision
[5.137s] copying vision/linetracking.py -> /home/tien/Documents/GitHub/BoutToHackNASA/source/godang_ws/build/vision/build/lib/vision
[5.138s] copying vision/depth_scale_ball.py -> /home/tien/Documents/GitHub/BoutToHackNASA/source/godang_ws/build/vision/build/lib/vision
[5.138s] copying vision/vision_ball_node.py -> /home/tien/Documents/GitHub/BoutToHackNASA/source/godang_ws/build/vision/build/lib/vision
[5.139s] copying vision/ML.py -> /home/tien/Documents/GitHub/BoutToHackNASA/source/godang_ws/build/vision/build/lib/vision
[5.139s] copying vision/__init__.py -> /home/tien/Documents/GitHub/BoutToHackNASA/source/godang_ws/build/vision/build/lib/vision
[5.140s] copying vision/ultralytics/__init__.py -> /home/tien/Documents/GitHub/BoutToHackNASA/source/godang_ws/build/vision/build/lib/vision/ultralytics
[5.141s] copying vision/ultralytics/cfg/__init__.py -> /home/tien/Documents/GitHub/BoutToHackNASA/source/godang_ws/build/vision/build/lib/vision/ultralytics/cfg
[5.142s] copying vision/ultralytics/data/dataset.py -> /home/tien/Documents/GitHub/BoutToHackNASA/source/godang_ws/build/vision/build/lib/vision/ultralytics/data
[5.143s] copying vision/ultralytics/data/split_dota.py -> /home/tien/Documents/GitHub/BoutToHackNASA/source/godang_ws/build/vision/build/lib/vision/ultralytics/data
[5.143s] copying vision/ultralytics/data/annotator.py -> /home/tien/Documents/GitHub/BoutToHackNASA/source/godang_ws/build/vision/build/lib/vision/ultralytics/data
[5.144s] copying vision/ultralytics/data/loaders.py -> /home/tien/Documents/GitHub/BoutToHackNASA/source/godang_ws/build/vision/build/lib/vision/ultralytics/data
[5.144s] copying vision/ultralytics/data/build.py -> /home/tien/Documents/GitHub/BoutToHackNASA/source/godang_ws/build/vision/build/lib/vision/ultralytics/data
[5.145s] copying vision/ultralytics/data/augment.py -> /home/tien/Documents/GitHub/BoutToHackNASA/source/godang_ws/build/vision/build/lib/vision/ultralytics/data
[5.146s] copying vision/ultralytics/data/utils.py -> /home/tien/Documents/GitHub/BoutToHackNASA/source/godang_ws/build/vision/build/lib/vision/ultralytics/data
[5.146s] copying vision/ultralytics/data/__init__.py -> /home/tien/Documents/GitHub/BoutToHackNASA/source/godang_ws/build/vision/build/lib/vision/ultralytics/data
[5.146s] copying vision/ultralytics/data/converter.py -> /home/tien/Documents/GitHub/BoutToHackNASA/source/godang_ws/build/vision/build/lib/vision/ultralytics/data
[5.147s] copying vision/ultralytics/data/base.py -> /home/tien/Documents/GitHub/BoutToHackNASA/source/godang_ws/build/vision/build/lib/vision/ultralytics/data
[5.147s] copying vision/ultralytics/models/__init__.py -> /home/tien/Documents/GitHub/BoutToHackNASA/source/godang_ws/build/vision/build/lib/vision/ultralytics/models
[5.148s] copying vision/ultralytics/nn/autobackend.py -> /home/tien/Documents/GitHub/BoutToHackNASA/source/godang_ws/build/vision/build/lib/vision/ultralytics/nn
[5.148s] copying vision/ultralytics/nn/__init__.py -> /home/tien/Documents/GitHub/BoutToHackNASA/source/godang_ws/build/vision/build/lib/vision/ultralytics/nn
[5.149s] copying vision/ultralytics/nn/tasks.py -> /home/tien/Documents/GitHub/BoutToHackNASA/source/godang_ws/build/vision/build/lib/vision/ultralytics/nn
[5.149s] copying vision/ultralytics/engine/exporter.py -> /home/tien/Documents/GitHub/BoutToHackNASA/source/godang_ws/build/vision/build/lib/vision/ultralytics/engine
[5.150s] copying vision/ultralytics/engine/trainer.py -> /home/tien/Documents/GitHub/BoutToHackNASA/source/godang_ws/build/vision/build/lib/vision/ultralytics/engine
[5.150s] copying vision/ultralytics/engine/model.py -> /home/tien/Documents/GitHub/BoutToHackNASA/source/godang_ws/build/vision/build/lib/vision/ultralytics/engine
[5.151s] copying vision/ultralytics/engine/predictor.py -> /home/tien/Documents/GitHub/BoutToHackNASA/source/godang_ws/build/vision/build/lib/vision/ultralytics/engine
[5.151s] copying vision/ultralytics/engine/results.py -> /home/tien/Documents/GitHub/BoutToHackNASA/source/godang_ws/build/vision/build/lib/vision/ultralytics/engine
[5.151s] copying vision/ultralytics/engine/tuner.py -> /home/tien/Documents/GitHub/BoutToHackNASA/source/godang_ws/build/vision/build/lib/vision/ultralytics/engine
[5.151s] copying vision/ultralytics/engine/__init__.py -> /home/tien/Documents/GitHub/BoutToHackNASA/source/godang_ws/build/vision/build/lib/vision/ultralytics/engine
[5.152s] copying vision/ultralytics/engine/validator.py -> /home/tien/Documents/GitHub/BoutToHackNASA/source/godang_ws/build/vision/build/lib/vision/ultralytics/engine
[5.153s] copying vision/ultralytics/solutions/distance_calculation.py -> /home/tien/Documents/GitHub/BoutToHackNASA/source/godang_ws/build/vision/build/lib/vision/ultralytics/solutions
[5.153s] copying vision/ultralytics/solutions/ai_gym.py -> /home/tien/Documents/GitHub/BoutToHackNASA/source/godang_ws/build/vision/build/lib/vision/ultralytics/solutions
[5.154s] copying vision/ultralytics/solutions/object_counter.py -> /home/tien/Documents/GitHub/BoutToHackNASA/source/godang_ws/build/vision/build/lib/vision/ultralytics/solutions
[5.154s] copying vision/ultralytics/solutions/__init__.py -> /home/tien/Documents/GitHub/BoutToHackNASA/source/godang_ws/build/vision/build/lib/vision/ultralytics/solutions
[5.155s] copying vision/ultralytics/solutions/heatmap.py -> /home/tien/Documents/GitHub/BoutToHackNASA/source/godang_ws/build/vision/build/lib/vision/ultralytics/solutions
[5.155s] copying vision/ultralytics/solutions/speed_estimation.py -> /home/tien/Documents/GitHub/BoutToHackNASA/source/godang_ws/build/vision/build/lib/vision/ultralytics/solutions
[5.156s] copying vision/ultralytics/utils/files.py -> /home/tien/Documents/GitHub/BoutToHackNASA/source/godang_ws/build/vision/build/lib/vision/ultralytics/utils
[5.156s] copying vision/ultralytics/utils/metrics.py -> /home/tien/Documents/GitHub/BoutToHackNASA/source/godang_ws/build/vision/build/lib/vision/ultralytics/utils
[5.157s] copying vision/ultralytics/utils/loss.py -> /home/tien/Documents/GitHub/BoutToHackNASA/source/godang_ws/build/vision/build/lib/vision/ultralytics/utils
[5.157s] copying vision/ultralytics/utils/errors.py -> /home/tien/Documents/GitHub/BoutToHackNASA/source/godang_ws/build/vision/build/lib/vision/ultralytics/utils
[5.157s] copying vision/ultralytics/utils/triton.py -> /home/tien/Documents/GitHub/BoutToHackNASA/source/godang_ws/build/vision/build/lib/vision/ultralytics/utils
[5.158s] copying vision/ultralytics/utils/dist.py -> /home/tien/Documents/GitHub/BoutToHackNASA/source/godang_ws/build/vision/build/lib/vision/ultralytics/utils
[5.158s] copying vision/ultralytics/utils/autobatch.py -> /home/tien/Documents/GitHub/BoutToHackNASA/source/godang_ws/build/vision/build/lib/vision/ultralytics/utils
[5.160s] copying vision/ultralytics/utils/tal.py -> /home/tien/Documents/GitHub/BoutToHackNASA/source/godang_ws/build/vision/build/lib/vision/ultralytics/utils
[5.161s] copying vision/ultralytics/utils/ops.py -> /home/tien/Documents/GitHub/BoutToHackNASA/source/godang_ws/build/vision/build/lib/vision/ultralytics/utils
[5.162s] copying vision/ultralytics/utils/instance.py -> /home/tien/Documents/GitHub/BoutToHackNASA/source/godang_ws/build/vision/build/lib/vision/ultralytics/utils
[5.163s] copying vision/ultralytics/utils/checks.py -> /home/tien/Documents/GitHub/BoutToHackNASA/source/godang_ws/build/vision/build/lib/vision/ultralytics/utils
[5.163s] copying vision/ultralytics/utils/patches.py -> /home/tien/Documents/GitHub/BoutToHackNASA/source/godang_ws/build/vision/build/lib/vision/ultralytics/utils
[5.163s] copying vision/ultralytics/utils/benchmarks.py -> /home/tien/Documents/GitHub/BoutToHackNASA/source/godang_ws/build/vision/build/lib/vision/ultralytics/utils
[5.164s] copying vision/ultralytics/utils/tuner.py -> /home/tien/Documents/GitHub/BoutToHackNASA/source/godang_ws/build/vision/build/lib/vision/ultralytics/utils
[5.164s] copying vision/ultralytics/utils/torch_utils.py -> /home/tien/Documents/GitHub/BoutToHackNASA/source/godang_ws/build/vision/build/lib/vision/ultralytics/utils
[5.165s] copying vision/ultralytics/utils/plotting.py -> /home/tien/Documents/GitHub/BoutToHackNASA/source/godang_ws/build/vision/build/lib/vision/ultralytics/utils
[5.165s] copying vision/ultralytics/utils/__init__.py -> /home/tien/Documents/GitHub/BoutToHackNASA/source/godang_ws/build/vision/build/lib/vision/ultralytics/utils
[5.165s] copying vision/ultralytics/utils/downloads.py -> /home/tien/Documents/GitHub/BoutToHackNASA/source/godang_ws/build/vision/build/lib/vision/ultralytics/utils
[5.166s] copying vision/ultralytics/trackers/bot_sort.py -> /home/tien/Documents/GitHub/BoutToHackNASA/source/godang_ws/build/vision/build/lib/vision/ultralytics/trackers
[5.167s] copying vision/ultralytics/trackers/byte_tracker.py -> /home/tien/Documents/GitHub/BoutToHackNASA/source/godang_ws/build/vision/build/lib/vision/ultralytics/trackers
[5.167s] copying vision/ultralytics/trackers/__init__.py -> /home/tien/Documents/GitHub/BoutToHackNASA/source/godang_ws/build/vision/build/lib/vision/ultralytics/trackers
[5.167s] copying vision/ultralytics/trackers/basetrack.py -> /home/tien/Documents/GitHub/BoutToHackNASA/source/godang_ws/build/vision/build/lib/vision/ultralytics/trackers
[5.168s] copying vision/ultralytics/trackers/track.py -> /home/tien/Documents/GitHub/BoutToHackNASA/source/godang_ws/build/vision/build/lib/vision/ultralytics/trackers
[5.168s] copying vision/ultralytics/hub/session.py -> /home/tien/Documents/GitHub/BoutToHackNASA/source/godang_ws/build/vision/build/lib/vision/ultralytics/hub
[5.168s] copying vision/ultralytics/hub/auth.py -> /home/tien/Documents/GitHub/BoutToHackNASA/source/godang_ws/build/vision/build/lib/vision/ultralytics/hub
[5.169s] copying vision/ultralytics/hub/utils.py -> /home/tien/Documents/GitHub/BoutToHackNASA/source/godang_ws/build/vision/build/lib/vision/ultralytics/hub
[5.169s] copying vision/ultralytics/hub/__init__.py -> /home/tien/Documents/GitHub/BoutToHackNASA/source/godang_ws/build/vision/build/lib/vision/ultralytics/hub
[5.169s] copying vision/ultralytics/data/explorer/explorer.py -> /home/tien/Documents/GitHub/BoutToHackNASA/source/godang_ws/build/vision/build/lib/vision/ultralytics/data/explorer
[5.170s] copying vision/ultralytics/data/explorer/utils.py -> /home/tien/Documents/GitHub/BoutToHackNASA/source/godang_ws/build/vision/build/lib/vision/ultralytics/data/explorer
[5.170s] copying vision/ultralytics/data/explorer/__init__.py -> /home/tien/Documents/GitHub/BoutToHackNASA/source/godang_ws/build/vision/build/lib/vision/ultralytics/data/explorer
[5.170s] copying vision/ultralytics/data/explorer/gui/dash.py -> /home/tien/Documents/GitHub/BoutToHackNASA/source/godang_ws/build/vision/build/lib/vision/ultralytics/data/explorer/gui
[5.171s] copying vision/ultralytics/data/explorer/gui/__init__.py -> /home/tien/Documents/GitHub/BoutToHackNASA/source/godang_ws/build/vision/build/lib/vision/ultralytics/data/explorer/gui
[5.172s] copying vision/ultralytics/models/yolo/model.py -> /home/tien/Documents/GitHub/BoutToHackNASA/source/godang_ws/build/vision/build/lib/vision/ultralytics/models/yolo
[5.172s] copying vision/ultralytics/models/yolo/__init__.py -> /home/tien/Documents/GitHub/BoutToHackNASA/source/godang_ws/build/vision/build/lib/vision/ultralytics/models/yolo
[5.173s] copying vision/ultralytics/models/fastsam/model.py -> /home/tien/Documents/GitHub/BoutToHackNASA/source/godang_ws/build/vision/build/lib/vision/ultralytics/models/fastsam
[5.173s] copying vision/ultralytics/models/fastsam/val.py -> /home/tien/Documents/GitHub/BoutToHackNASA/source/godang_ws/build/vision/build/lib/vision/ultralytics/models/fastsam
[5.173s] copying vision/ultralytics/models/fastsam/predict.py -> /home/tien/Documents/GitHub/BoutToHackNASA/source/godang_ws/build/vision/build/lib/vision/ultralytics/models/fastsam
[5.174s] copying vision/ultralytics/models/fastsam/prompt.py -> /home/tien/Documents/GitHub/BoutToHackNASA/source/godang_ws/build/vision/build/lib/vision/ultralytics/models/fastsam
[5.174s] copying vision/ultralytics/models/fastsam/utils.py -> /home/tien/Documents/GitHub/BoutToHackNASA/source/godang_ws/build/vision/build/lib/vision/ultralytics/models/fastsam
[5.175s] copying vision/ultralytics/models/fastsam/__init__.py -> /home/tien/Documents/GitHub/BoutToHackNASA/source/godang_ws/build/vision/build/lib/vision/ultralytics/models/fastsam
[5.176s] copying vision/ultralytics/models/nas/model.py -> /home/tien/Documents/GitHub/BoutToHackNASA/source/godang_ws/build/vision/build/lib/vision/ultralytics/models/nas
[5.177s] copying vision/ultralytics/models/nas/val.py -> /home/tien/Documents/GitHub/BoutToHackNASA/source/godang_ws/build/vision/build/lib/vision/ultralytics/models/nas
[5.177s] copying vision/ultralytics/models/nas/predict.py -> /home/tien/Documents/GitHub/BoutToHackNASA/source/godang_ws/build/vision/build/lib/vision/ultralytics/models/nas
[5.177s] copying vision/ultralytics/models/nas/__init__.py -> /home/tien/Documents/GitHub/BoutToHackNASA/source/godang_ws/build/vision/build/lib/vision/ultralytics/models/nas
[5.178s] copying vision/ultralytics/models/rtdetr/train.py -> /home/tien/Documents/GitHub/BoutToHackNASA/source/godang_ws/build/vision/build/lib/vision/ultralytics/models/rtdetr
[5.178s] copying vision/ultralytics/models/rtdetr/model.py -> /home/tien/Documents/GitHub/BoutToHackNASA/source/godang_ws/build/vision/build/lib/vision/ultralytics/models/rtdetr
[5.179s] copying vision/ultralytics/models/rtdetr/val.py -> /home/tien/Documents/GitHub/BoutToHackNASA/source/godang_ws/build/vision/build/lib/vision/ultralytics/models/rtdetr
[5.179s] copying vision/ultralytics/models/rtdetr/predict.py -> /home/tien/Documents/GitHub/BoutToHackNASA/source/godang_ws/build/vision/build/lib/vision/ultralytics/models/rtdetr
[5.180s] copying vision/ultralytics/models/rtdetr/__init__.py -> /home/tien/Documents/GitHub/BoutToHackNASA/source/godang_ws/build/vision/build/lib/vision/ultralytics/models/rtdetr
[5.181s] copying vision/ultralytics/models/utils/loss.py -> /home/tien/Documents/GitHub/BoutToHackNASA/source/godang_ws/build/vision/build/lib/vision/ultralytics/models/utils
[5.182s] copying vision/ultralytics/models/utils/ops.py -> /home/tien/Documents/GitHub/BoutToHackNASA/source/godang_ws/build/vision/build/lib/vision/ultralytics/models/utils
[5.182s] copying vision/ultralytics/models/utils/__init__.py -> /home/tien/Documents/GitHub/BoutToHackNASA/source/godang_ws/build/vision/build/lib/vision/ultralytics/models/utils
[5.183s] copying vision/ultralytics/models/yolov10/train.py -> /home/tien/Documents/GitHub/BoutToHackNASA/source/godang_ws/build/vision/build/lib/vision/ultralytics/models/yolov10
[5.183s] copying vision/ultralytics/models/yolov10/model.py -> /home/tien/Documents/GitHub/BoutToHackNASA/source/godang_ws/build/vision/build/lib/vision/ultralytics/models/yolov10
[5.184s] copying vision/ultralytics/models/yolov10/val.py -> /home/tien/Documents/GitHub/BoutToHackNASA/source/godang_ws/build/vision/build/lib/vision/ultralytics/models/yolov10
[5.184s] copying vision/ultralytics/models/yolov10/predict.py -> /home/tien/Documents/GitHub/BoutToHackNASA/source/godang_ws/build/vision/build/lib/vision/ultralytics/models/yolov10
[5.184s] copying vision/ultralytics/models/yolov10/__init__.py -> /home/tien/Documents/GitHub/BoutToHackNASA/source/godang_ws/build/vision/build/lib/vision/ultralytics/models/yolov10
[5.185s] copying vision/ultralytics/models/sam/amg.py -> /home/tien/Documents/GitHub/BoutToHackNASA/source/godang_ws/build/vision/build/lib/vision/ultralytics/models/sam
[5.186s] copying vision/ultralytics/models/sam/model.py -> /home/tien/Documents/GitHub/BoutToHackNASA/source/godang_ws/build/vision/build/lib/vision/ultralytics/models/sam
[5.186s] copying vision/ultralytics/models/sam/build.py -> /home/tien/Documents/GitHub/BoutToHackNASA/source/godang_ws/build/vision/build/lib/vision/ultralytics/models/sam
[5.187s] copying vision/ultralytics/models/sam/predict.py -> /home/tien/Documents/GitHub/BoutToHackNASA/source/godang_ws/build/vision/build/lib/vision/ultralytics/models/sam
[5.187s] copying vision/ultralytics/models/sam/__init__.py -> /home/tien/Documents/GitHub/BoutToHackNASA/source/godang_ws/build/vision/build/lib/vision/ultralytics/models/sam
[5.188s] copying vision/ultralytics/models/yolo/obb/train.py -> /home/tien/Documents/GitHub/BoutToHackNASA/source/godang_ws/build/vision/build/lib/vision/ultralytics/models/yolo/obb
[5.189s] copying vision/ultralytics/models/yolo/obb/val.py -> /home/tien/Documents/GitHub/BoutToHackNASA/source/godang_ws/build/vision/build/lib/vision/ultralytics/models/yolo/obb
[5.189s] copying vision/ultralytics/models/yolo/obb/predict.py -> /home/tien/Documents/GitHub/BoutToHackNASA/source/godang_ws/build/vision/build/lib/vision/ultralytics/models/yolo/obb
[5.189s] copying vision/ultralytics/models/yolo/obb/__init__.py -> /home/tien/Documents/GitHub/BoutToHackNASA/source/godang_ws/build/vision/build/lib/vision/ultralytics/models/yolo/obb
[5.190s] copying vision/ultralytics/models/yolo/pose/train.py -> /home/tien/Documents/GitHub/BoutToHackNASA/source/godang_ws/build/vision/build/lib/vision/ultralytics/models/yolo/pose
[5.190s] copying vision/ultralytics/models/yolo/pose/val.py -> /home/tien/Documents/GitHub/BoutToHackNASA/source/godang_ws/build/vision/build/lib/vision/ultralytics/models/yolo/pose
[5.191s] copying vision/ultralytics/models/yolo/pose/predict.py -> /home/tien/Documents/GitHub/BoutToHackNASA/source/godang_ws/build/vision/build/lib/vision/ultralytics/models/yolo/pose
[5.192s] copying vision/ultralytics/models/yolo/pose/__init__.py -> /home/tien/Documents/GitHub/BoutToHackNASA/source/godang_ws/build/vision/build/lib/vision/ultralytics/models/yolo/pose
[5.192s] copying vision/ultralytics/models/yolo/detect/train.py -> /home/tien/Documents/GitHub/BoutToHackNASA/source/godang_ws/build/vision/build/lib/vision/ultralytics/models/yolo/detect
[5.193s] copying vision/ultralytics/models/yolo/detect/val.py -> /home/tien/Documents/GitHub/BoutToHackNASA/source/godang_ws/build/vision/build/lib/vision/ultralytics/models/yolo/detect
[5.193s] copying vision/ultralytics/models/yolo/detect/predict.py -> /home/tien/Documents/GitHub/BoutToHackNASA/source/godang_ws/build/vision/build/lib/vision/ultralytics/models/yolo/detect
[5.193s] copying vision/ultralytics/models/yolo/detect/__init__.py -> /home/tien/Documents/GitHub/BoutToHackNASA/source/godang_ws/build/vision/build/lib/vision/ultralytics/models/yolo/detect
[5.194s] copying vision/ultralytics/models/yolo/segment/train.py -> /home/tien/Documents/GitHub/BoutToHackNASA/source/godang_ws/build/vision/build/lib/vision/ultralytics/models/yolo/segment
[5.194s] copying vision/ultralytics/models/yolo/segment/val.py -> /home/tien/Documents/GitHub/BoutToHackNASA/source/godang_ws/build/vision/build/lib/vision/ultralytics/models/yolo/segment
[5.195s] copying vision/ultralytics/models/yolo/segment/predict.py -> /home/tien/Documents/GitHub/BoutToHackNASA/source/godang_ws/build/vision/build/lib/vision/ultralytics/models/yolo/segment
[5.196s] copying vision/ultralytics/models/yolo/segment/__init__.py -> /home/tien/Documents/GitHub/BoutToHackNASA/source/godang_ws/build/vision/build/lib/vision/ultralytics/models/yolo/segment
[5.197s] copying vision/ultralytics/models/yolo/classify/train.py -> /home/tien/Documents/GitHub/BoutToHackNASA/source/godang_ws/build/vision/build/lib/vision/ultralytics/models/yolo/classify
[5.197s] copying vision/ultralytics/models/yolo/classify/val.py -> /home/tien/Documents/GitHub/BoutToHackNASA/source/godang_ws/build/vision/build/lib/vision/ultralytics/models/yolo/classify
[5.198s] copying vision/ultralytics/models/yolo/classify/predict.py -> /home/tien/Documents/GitHub/BoutToHackNASA/source/godang_ws/build/vision/build/lib/vision/ultralytics/models/yolo/classify
[5.198s] copying vision/ultralytics/models/yolo/classify/__init__.py -> /home/tien/Documents/GitHub/BoutToHackNASA/source/godang_ws/build/vision/build/lib/vision/ultralytics/models/yolo/classify
[5.199s] copying vision/ultralytics/models/sam/modules/transformer.py -> /home/tien/Documents/GitHub/BoutToHackNASA/source/godang_ws/build/vision/build/lib/vision/ultralytics/models/sam/modules
[5.200s] copying vision/ultralytics/models/sam/modules/decoders.py -> /home/tien/Documents/GitHub/BoutToHackNASA/source/godang_ws/build/vision/build/lib/vision/ultralytics/models/sam/modules
[5.200s] copying vision/ultralytics/models/sam/modules/encoders.py -> /home/tien/Documents/GitHub/BoutToHackNASA/source/godang_ws/build/vision/build/lib/vision/ultralytics/models/sam/modules
[5.201s] copying vision/ultralytics/models/sam/modules/tiny_encoder.py -> /home/tien/Documents/GitHub/BoutToHackNASA/source/godang_ws/build/vision/build/lib/vision/ultralytics/models/sam/modules
[5.201s] copying vision/ultralytics/models/sam/modules/sam.py -> /home/tien/Documents/GitHub/BoutToHackNASA/source/godang_ws/build/vision/build/lib/vision/ultralytics/models/sam/modules
[5.202s] copying vision/ultralytics/models/sam/modules/__init__.py -> /home/tien/Documents/GitHub/BoutToHackNASA/source/godang_ws/build/vision/build/lib/vision/ultralytics/models/sam/modules
[5.202s] copying vision/ultralytics/nn/modules/transformer.py -> /home/tien/Documents/GitHub/BoutToHackNASA/source/godang_ws/build/vision/build/lib/vision/ultralytics/nn/modules
[5.203s] copying vision/ultralytics/nn/modules/head.py -> /home/tien/Documents/GitHub/BoutToHackNASA/source/godang_ws/build/vision/build/lib/vision/ultralytics/nn/modules
[5.204s] copying vision/ultralytics/nn/modules/conv.py -> /home/tien/Documents/GitHub/BoutToHackNASA/source/godang_ws/build/vision/build/lib/vision/ultralytics/nn/modules
[5.205s] copying vision/ultralytics/nn/modules/block.py -> /home/tien/Documents/GitHub/BoutToHackNASA/source/godang_ws/build/vision/build/lib/vision/ultralytics/nn/modules
[5.205s] copying vision/ultralytics/nn/modules/utils.py -> /home/tien/Documents/GitHub/BoutToHackNASA/source/godang_ws/build/vision/build/lib/vision/ultralytics/nn/modules
[5.206s] copying vision/ultralytics/nn/modules/__init__.py -> /home/tien/Documents/GitHub/BoutToHackNASA/source/godang_ws/build/vision/build/lib/vision/ultralytics/nn/modules
[5.206s] copying vision/ultralytics/utils/callbacks/dvc.py -> /home/tien/Documents/GitHub/BoutToHackNASA/source/godang_ws/build/vision/build/lib/vision/ultralytics/utils/callbacks
[5.206s] copying vision/ultralytics/utils/callbacks/neptune.py -> /home/tien/Documents/GitHub/BoutToHackNASA/source/godang_ws/build/vision/build/lib/vision/ultralytics/utils/callbacks
[5.207s] copying vision/ultralytics/utils/callbacks/mlflow.py -> /home/tien/Documents/GitHub/BoutToHackNASA/source/godang_ws/build/vision/build/lib/vision/ultralytics/utils/callbacks
[5.207s] copying vision/ultralytics/utils/callbacks/tensorboard.py -> /home/tien/Documents/GitHub/BoutToHackNASA/source/godang_ws/build/vision/build/lib/vision/ultralytics/utils/callbacks
[5.207s] copying vision/ultralytics/utils/callbacks/clearml.py -> /home/tien/Documents/GitHub/BoutToHackNASA/source/godang_ws/build/vision/build/lib/vision/ultralytics/utils/callbacks
[5.208s] copying vision/ultralytics/utils/callbacks/wb.py -> /home/tien/Documents/GitHub/BoutToHackNASA/source/godang_ws/build/vision/build/lib/vision/ultralytics/utils/callbacks
[5.208s] copying vision/ultralytics/utils/callbacks/comet.py -> /home/tien/Documents/GitHub/BoutToHackNASA/source/godang_ws/build/vision/build/lib/vision/ultralytics/utils/callbacks
[5.208s] copying vision/ultralytics/utils/callbacks/hub.py -> /home/tien/Documents/GitHub/BoutToHackNASA/source/godang_ws/build/vision/build/lib/vision/ultralytics/utils/callbacks
[5.209s] copying vision/ultralytics/utils/callbacks/__init__.py -> /home/tien/Documents/GitHub/BoutToHackNASA/source/godang_ws/build/vision/build/lib/vision/ultralytics/utils/callbacks
[5.210s] copying vision/ultralytics/utils/callbacks/raytune.py -> /home/tien/Documents/GitHub/BoutToHackNASA/source/godang_ws/build/vision/build/lib/vision/ultralytics/utils/callbacks
[5.211s] copying vision/ultralytics/utils/callbacks/base.py -> /home/tien/Documents/GitHub/BoutToHackNASA/source/godang_ws/build/vision/build/lib/vision/ultralytics/utils/callbacks
[5.212s] copying vision/ultralytics/trackers/utils/gmc.py -> /home/tien/Documents/GitHub/BoutToHackNASA/source/godang_ws/build/vision/build/lib/vision/ultralytics/trackers/utils
[5.212s] copying vision/ultralytics/trackers/utils/kalman_filter.py -> /home/tien/Documents/GitHub/BoutToHackNASA/source/godang_ws/build/vision/build/lib/vision/ultralytics/trackers/utils
[5.212s] copying vision/ultralytics/trackers/utils/matching.py -> /home/tien/Documents/GitHub/BoutToHackNASA/source/godang_ws/build/vision/build/lib/vision/ultralytics/trackers/utils
[5.213s] copying vision/ultralytics/trackers/utils/__init__.py -> /home/tien/Documents/GitHub/BoutToHackNASA/source/godang_ws/build/vision/build/lib/vision/ultralytics/trackers/utils
[5.222s] running install
[5.239s] running install_lib
[5.295s] copying /home/tien/Documents/GitHub/BoutToHackNASA/source/godang_ws/build/vision/build/lib/vision/vision_ball_node.py -> /home/tien/Documents/GitHub/BoutToHackNASA/source/godang_ws/install/vision/lib/python3.10/site-packages/vision
[5.325s] byte-compiling /home/tien/Documents/GitHub/BoutToHackNASA/source/godang_ws/install/vision/lib/python3.10/site-packages/vision/vision_ball_node.py to vision_ball_node.cpython-310.pyc
[5.344s] running install_data
[5.344s] copying resource/vision -> /home/tien/Documents/GitHub/BoutToHackNASA/source/godang_ws/install/vision/share/ament_index/resource_index/packages
[5.345s] copying package.xml -> /home/tien/Documents/GitHub/BoutToHackNASA/source/godang_ws/install/vision/share/vision
[5.345s] running install_egg_info
[5.392s] removing '/home/tien/Documents/GitHub/BoutToHackNASA/source/godang_ws/install/vision/lib/python3.10/site-packages/vision-0.0.0-py3.10.egg-info' (and everything under it)
[5.393s] Copying ../../build/vision/vision.egg-info to /home/tien/Documents/GitHub/BoutToHackNASA/source/godang_ws/install/vision/lib/python3.10/site-packages/vision-0.0.0-py3.10.egg-info
[5.395s] running install_scripts
[5.876s] Installing vision_ball script to /home/tien/Documents/GitHub/BoutToHackNASA/source/godang_ws/install/vision/lib/vision
[5.876s] Installing vision_silo script to /home/tien/Documents/GitHub/BoutToHackNASA/source/godang_ws/install/vision/lib/vision
[5.885s] writing list of installed files to '/home/tien/Documents/GitHub/BoutToHackNASA/source/godang_ws/build/vision/install.log'
[5.946s] Invoked command in '/home/tien/Documents/GitHub/BoutToHackNASA/source/godang_ws/src/vision' returned '0': PYTHONPATH=/home/tien/Documents/GitHub/BoutToHackNASA/source/godang_ws/build/vision/prefix_override:/home/tien/Documents/GitHub/BoutToHackNASA/source/godang_ws/install/vision/lib/python3.10/site-packages:${PYTHONPATH} /usr/bin/python3 -W ignore:setup.py install is deprecated setup.py egg_info --egg-base ../../build/vision build --build-base /home/tien/Documents/GitHub/BoutToHackNASA/source/godang_ws/build/vision/build install --record /home/tien/Documents/GitHub/BoutToHackNASA/source/godang_ws/build/vision/install.log --single-version-externally-managed install_data
