[0.825s] Invoking command in '/home/tien/Documents/GitHub/BoutToHackNASA/source/godang_ws/src/planing': PYTHONPATH=/home/tien/Documents/GitHub/BoutToHackNASA/source/godang_ws/build/planing/prefix_override:/home/tien/Documents/GitHub/BoutToHackNASA/source/godang_ws/install/planing/lib/python3.10/site-packages:${PYTHONPATH} /usr/bin/python3 -W ignore:setup.py install is deprecated setup.py egg_info --egg-base ../../build/planing build --build-base /home/tien/Documents/GitHub/BoutToHackNASA/source/godang_ws/build/planing/build install --record /home/tien/Documents/GitHub/BoutToHackNASA/source/godang_ws/build/planing/install.log --single-version-externally-managed install_data
[0.995s] running egg_info
[1.004s] writing ../../build/planing/planing.egg-info/PKG-INFO
[1.004s] writing dependency_links to ../../build/planing/planing.egg-info/dependency_links.txt
[1.005s] writing entry points to ../../build/planing/planing.egg-info/entry_points.txt
[1.005s] writing requirements to ../../build/planing/planing.egg-info/requires.txt
[1.005s] writing top-level names to ../../build/planing/planing.egg-info/top_level.txt
[1.025s] reading manifest file '../../build/planing/planing.egg-info/SOURCES.txt'
[1.026s] writing manifest file '../../build/planing/planing.egg-info/SOURCES.txt'
[1.026s] running build
[1.026s] running build_py
[1.026s] copying planing/state_node.py -> /home/tien/Documents/GitHub/BoutToHackNASA/source/godang_ws/build/planing/build/lib/planing
[1.026s] copying planing/__init__.py -> /home/tien/Documents/GitHub/BoutToHackNASA/source/godang_ws/build/planing/build/lib/planing
[1.026s] running install
[1.029s] running install_lib
[1.039s] copying /home/tien/Documents/GitHub/BoutToHackNASA/source/godang_ws/build/planing/build/lib/planing/state_node.py -> /home/tien/Documents/GitHub/BoutToHackNASA/source/godang_ws/install/planing/lib/python3.10/site-packages/planing
[1.040s] byte-compiling /home/tien/Documents/GitHub/BoutToHackNASA/source/godang_ws/install/planing/lib/python3.10/site-packages/planing/state_node.py to state_node.cpython-310.pyc
[1.040s] running install_data
[1.040s] copying resource/planing -> /home/tien/Documents/GitHub/BoutToHackNASA/source/godang_ws/install/planing/share/ament_index/resource_index/packages
[1.040s] copying package.xml -> /home/tien/Documents/GitHub/BoutToHackNASA/source/godang_ws/install/planing/share/planing
[1.040s] running install_egg_info
[1.051s] removing '/home/tien/Documents/GitHub/BoutToHackNASA/source/godang_ws/install/planing/lib/python3.10/site-packages/planing-0.0.0-py3.10.egg-info' (and everything under it)
[1.051s] Copying ../../build/planing/planing.egg-info to /home/tien/Documents/GitHub/BoutToHackNASA/source/godang_ws/install/planing/lib/python3.10/site-packages/planing-0.0.0-py3.10.egg-info
[1.052s] running install_scripts
[1.147s] Installing run script to /home/tien/Documents/GitHub/BoutToHackNASA/source/godang_ws/install/planing/lib/planing
[1.147s] writing list of installed files to '/home/tien/Documents/GitHub/BoutToHackNASA/source/godang_ws/build/planing/install.log'
[1.165s] Invoked command in '/home/tien/Documents/GitHub/BoutToHackNASA/source/godang_ws/src/planing' returned '0': PYTHONPATH=/home/tien/Documents/GitHub/BoutToHackNASA/source/godang_ws/build/planing/prefix_override:/home/tien/Documents/GitHub/BoutToHackNASA/source/godang_ws/install/planing/lib/python3.10/site-packages:${PYTHONPATH} /usr/bin/python3 -W ignore:setup.py install is deprecated setup.py egg_info --egg-base ../../build/planing build --build-base /home/tien/Documents/GitHub/BoutToHackNASA/source/godang_ws/build/planing/build install --record /home/tien/Documents/GitHub/BoutToHackNASA/source/godang_ws/build/planing/install.log --single-version-externally-managed install_data
