running egg_info
creating ../../build/planing/planing.egg-info
writing ../../build/planing/planing.egg-info/PKG-INFO
writing dependency_links to ../../build/planing/planing.egg-info/dependency_links.txt
writing entry points to ../../build/planing/planing.egg-info/entry_points.txt
writing requirements to ../../build/planing/planing.egg-info/requires.txt
writing top-level names to ../../build/planing/planing.egg-info/top_level.txt
writing manifest file '../../build/planing/planing.egg-info/SOURCES.txt'
reading manifest file '../../build/planing/planing.egg-info/SOURCES.txt'
writing manifest file '../../build/planing/planing.egg-info/SOURCES.txt'
running build
running build_py
creating /home/tien/Documents/GitHub/BoutToHackNASA/godang_ws/build/planing/build
creating /home/tien/Documents/GitHub/BoutToHackNASA/godang_ws/build/planing/build/lib
creating /home/tien/Documents/GitHub/BoutToHackNASA/godang_ws/build/planing/build/lib/planing
copying planing/__init__.py -> /home/tien/Documents/GitHub/BoutToHackNASA/godang_ws/build/planing/build/lib/planing
running install
running install_lib
creating /home/tien/Documents/GitHub/BoutToHackNASA/godang_ws/install/planing/lib/python3.10/site-packages/planing
copying /home/tien/Documents/GitHub/BoutToHackNASA/godang_ws/build/planing/build/lib/planing/__init__.py -> /home/tien/Documents/GitHub/BoutToHackNASA/godang_ws/install/planing/lib/python3.10/site-packages/planing
byte-compiling /home/tien/Documents/GitHub/BoutToHackNASA/godang_ws/install/planing/lib/python3.10/site-packages/planing/__init__.py to __init__.cpython-310.pyc
running install_data
creating /home/tien/Documents/GitHub/BoutToHackNASA/godang_ws/install/planing/share/ament_index
creating /home/tien/Documents/GitHub/BoutToHackNASA/godang_ws/install/planing/share/ament_index/resource_index
creating /home/tien/Documents/GitHub/BoutToHackNASA/godang_ws/install/planing/share/ament_index/resource_index/packages
copying resource/planing -> /home/tien/Documents/GitHub/BoutToHackNASA/godang_ws/install/planing/share/ament_index/resource_index/packages
copying package.xml -> /home/tien/Documents/GitHub/BoutToHackNASA/godang_ws/install/planing/share/planing
running install_egg_info
Copying ../../build/planing/planing.egg-info to /home/tien/Documents/GitHub/BoutToHackNASA/godang_ws/install/planing/lib/python3.10/site-packages/planing-0.0.0-py3.10.egg-info
running install_scripts
writing list of installed files to '/home/tien/Documents/GitHub/BoutToHackNASA/godang_ws/build/planing/install.log'
