[1.908s] Invoking command in '/home/tien/Documents/GitHub/BoutToHackNASA/godang_ws/src/planing': PYTHONPATH=/home/tien/Documents/GitHub/BoutToHackNASA/godang_ws/build/planing/prefix_override:/home/tien/Documents/GitHub/BoutToHackNASA/godang_ws/install/planing/lib/python3.10/site-packages:${PYTHONPATH} /usr/bin/python3 -W ignore:setup.py install is deprecated setup.py egg_info --egg-base ../../build/planing build --build-base /home/tien/Documents/GitHub/BoutToHackNASA/godang_ws/build/planing/build install --record /home/tien/Documents/GitHub/BoutToHackNASA/godang_ws/build/planing/install.log --single-version-externally-managed install_data
[2.400s] running egg_info
[2.400s] creating ../../build/planing/planing.egg-info
[2.400s] writing ../../build/planing/planing.egg-info/PKG-INFO
[2.400s] writing dependency_links to ../../build/planing/planing.egg-info/dependency_links.txt
[2.400s] writing entry points to ../../build/planing/planing.egg-info/entry_points.txt
[2.400s] writing requirements to ../../build/planing/planing.egg-info/requires.txt
[2.400s] writing top-level names to ../../build/planing/planing.egg-info/top_level.txt
[2.400s] writing manifest file '../../build/planing/planing.egg-info/SOURCES.txt'
[2.404s] reading manifest file '../../build/planing/planing.egg-info/SOURCES.txt'
[2.405s] writing manifest file '../../build/planing/planing.egg-info/SOURCES.txt'
[2.405s] running build
[2.405s] running build_py
[2.405s] creating /home/tien/Documents/GitHub/BoutToHackNASA/godang_ws/build/planing/build
[2.405s] creating /home/tien/Documents/GitHub/BoutToHackNASA/godang_ws/build/planing/build/lib
[2.406s] creating /home/tien/Documents/GitHub/BoutToHackNASA/godang_ws/build/planing/build/lib/planing
[2.406s] copying planing/__init__.py -> /home/tien/Documents/GitHub/BoutToHackNASA/godang_ws/build/planing/build/lib/planing
[2.406s] running install
[2.406s] running install_lib
[2.408s] creating /home/tien/Documents/GitHub/BoutToHackNASA/godang_ws/install/planing/lib/python3.10/site-packages/planing
[2.408s] copying /home/tien/Documents/GitHub/BoutToHackNASA/godang_ws/build/planing/build/lib/planing/__init__.py -> /home/tien/Documents/GitHub/BoutToHackNASA/godang_ws/install/planing/lib/python3.10/site-packages/planing
[2.408s] byte-compiling /home/tien/Documents/GitHub/BoutToHackNASA/godang_ws/install/planing/lib/python3.10/site-packages/planing/__init__.py to __init__.cpython-310.pyc
[2.409s] running install_data
[2.409s] creating /home/tien/Documents/GitHub/BoutToHackNASA/godang_ws/install/planing/share/ament_index
[2.409s] creating /home/tien/Documents/GitHub/BoutToHackNASA/godang_ws/install/planing/share/ament_index/resource_index
[2.409s] creating /home/tien/Documents/GitHub/BoutToHackNASA/godang_ws/install/planing/share/ament_index/resource_index/packages
[2.409s] copying resource/planing -> /home/tien/Documents/GitHub/BoutToHackNASA/godang_ws/install/planing/share/ament_index/resource_index/packages
[2.409s] copying package.xml -> /home/tien/Documents/GitHub/BoutToHackNASA/godang_ws/install/planing/share/planing
[2.409s] running install_egg_info
[2.412s] Copying ../../build/planing/planing.egg-info to /home/tien/Documents/GitHub/BoutToHackNASA/godang_ws/install/planing/lib/python3.10/site-packages/planing-0.0.0-py3.10.egg-info
[2.413s] running install_scripts
[2.455s] writing list of installed files to '/home/tien/Documents/GitHub/BoutToHackNASA/godang_ws/build/planing/install.log'
[2.523s] Invoked command in '/home/tien/Documents/GitHub/BoutToHackNASA/godang_ws/src/planing' returned '0': PYTHONPATH=/home/tien/Documents/GitHub/BoutToHackNASA/godang_ws/build/planing/prefix_override:/home/tien/Documents/GitHub/BoutToHackNASA/godang_ws/install/planing/lib/python3.10/site-packages:${PYTHONPATH} /usr/bin/python3 -W ignore:setup.py install is deprecated setup.py egg_info --egg-base ../../build/planing build --build-base /home/tien/Documents/GitHub/BoutToHackNASA/godang_ws/build/planing/build install --record /home/tien/Documents/GitHub/BoutToHackNASA/godang_ws/build/planing/install.log --single-version-externally-managed install_data
