[0.226s] DEBUG:colcon:Command line arguments: ['/usr/bin/colcon', 'build']
[0.227s] DEBUG:colcon:Parsed command line arguments: Namespace(log_base=None, log_level=None, verb_name='build', build_base='build', install_base='install', merge_install=False, symlink_install=False, test_result_base=None, continue_on_error=False, executor='parallel', parallel_workers=20, event_handlers=None, ignore_user_meta=False, metas=['./colcon.meta'], base_paths=['.'], packages_ignore=None, packages_ignore_regex=None, paths=None, packages_up_to=None, packages_up_to_regex=None, packages_above=None, packages_above_and_dependencies=None, packages_above_depth=None, packages_select_by_dep=None, packages_skip_by_dep=None, packages_skip_up_to=None, packages_select_build_failed=False, packages_skip_build_finished=False, packages_select_test_failures=False, packages_skip_test_passed=False, packages_select=None, packages_skip=None, packages_select_regex=None, packages_skip_regex=None, packages_start=None, packages_end=None, allow_overriding=[], cmake_args=None, cmake_target=None, cmake_target_skip_unavailable=False, cmake_clean_cache=False, cmake_clean_first=False, cmake_force_configure=False, ament_cmake_args=None, catkin_cmake_args=None, catkin_skip_building_tests=False, mixin_files=None, mixin=None, verb_parser=<colcon_mixin.mixin.mixin_argument.MixinArgumentDecorator object at 0x7e02c4336290>, verb_extension=<colcon_core.verb.build.BuildVerb object at 0x7e02c44fa020>, main=<bound method BuildVerb.main of <colcon_core.verb.build.BuildVerb object at 0x7e02c44fa020>>, mixin_verb=('build',))
[0.297s] Level 1:colcon.colcon_core.package_discovery:discover_packages(colcon_meta) check parameters
[0.298s] Level 1:colcon.colcon_core.package_discovery:discover_packages(recursive) check parameters
[0.298s] Level 1:colcon.colcon_core.package_discovery:discover_packages(ignore) check parameters
[0.298s] Level 1:colcon.colcon_core.package_discovery:discover_packages(path) check parameters
[0.298s] Level 1:colcon.colcon_core.package_discovery:discover_packages(colcon_meta) discover
[0.298s] Level 1:colcon.colcon_core.package_discovery:discover_packages(recursive) discover
[0.298s] INFO:colcon.colcon_core.package_discovery:Crawling recursively for packages in '/home/tien/Documents/GitHub/BoutToHackNASA/source/godang_ws'
[0.298s] Level 1:colcon.colcon_core.package_identification:_identify(.) by extensions ['ignore', 'ignore_ament_install']
[0.298s] Level 1:colcon.colcon_core.package_identification:_identify(.) by extension 'ignore'
[0.298s] Level 1:colcon.colcon_core.package_identification:_identify(.) by extension 'ignore_ament_install'
[0.299s] Level 1:colcon.colcon_core.package_identification:_identify(.) by extensions ['colcon_pkg']
[0.299s] Level 1:colcon.colcon_core.package_identification:_identify(.) by extension 'colcon_pkg'
[0.299s] Level 1:colcon.colcon_core.package_identification:_identify(.) by extensions ['colcon_meta']
[0.299s] Level 1:colcon.colcon_core.package_identification:_identify(.) by extension 'colcon_meta'
[0.299s] Level 1:colcon.colcon_core.package_identification:_identify(.) by extensions ['ros']
[0.299s] Level 1:colcon.colcon_core.package_identification:_identify(.) by extension 'ros'
[0.328s] Level 1:colcon.colcon_core.package_identification:_identify(.) by extensions ['cmake', 'python']
[0.328s] Level 1:colcon.colcon_core.package_identification:_identify(.) by extension 'cmake'
[0.328s] Level 1:colcon.colcon_core.package_identification:_identify(.) by extension 'python'
[0.328s] Level 1:colcon.colcon_core.package_identification:_identify(.) by extensions ['python_setup_py']
[0.328s] Level 1:colcon.colcon_core.package_identification:_identify(.) by extension 'python_setup_py'
[0.328s] Level 1:colcon.colcon_core.package_identification:_identify(-q) by extensions ['ignore', 'ignore_ament_install']
[0.329s] Level 1:colcon.colcon_core.package_identification:_identify(-q) by extension 'ignore'
[0.329s] Level 1:colcon.colcon_core.package_identification:_identify(-q) by extension 'ignore_ament_install'
[0.329s] Level 1:colcon.colcon_core.package_identification:_identify(-q) by extensions ['colcon_pkg']
[0.329s] Level 1:colcon.colcon_core.package_identification:_identify(-q) by extension 'colcon_pkg'
[0.329s] Level 1:colcon.colcon_core.package_identification:_identify(-q) by extensions ['colcon_meta']
[0.329s] Level 1:colcon.colcon_core.package_identification:_identify(-q) by extension 'colcon_meta'
[0.329s] Level 1:colcon.colcon_core.package_identification:_identify(-q) by extensions ['ros']
[0.329s] Level 1:colcon.colcon_core.package_identification:_identify(-q) by extension 'ros'
[0.329s] Level 1:colcon.colcon_core.package_identification:_identify(-q) by extensions ['cmake', 'python']
[0.329s] Level 1:colcon.colcon_core.package_identification:_identify(-q) by extension 'cmake'
[0.329s] Level 1:colcon.colcon_core.package_identification:_identify(-q) by extension 'python'
[0.329s] Level 1:colcon.colcon_core.package_identification:_identify(-q) by extensions ['python_setup_py']
[0.329s] Level 1:colcon.colcon_core.package_identification:_identify(-q) by extension 'python_setup_py'
[0.330s] Level 1:colcon.colcon_core.package_identification:_identify(build) by extensions ['ignore', 'ignore_ament_install']
[0.330s] Level 1:colcon.colcon_core.package_identification:_identify(build) by extension 'ignore'
[0.330s] Level 1:colcon.colcon_core.package_identification:_identify(build) ignored
[0.330s] Level 1:colcon.colcon_core.package_identification:_identify(install) by extensions ['ignore', 'ignore_ament_install']
[0.330s] Level 1:colcon.colcon_core.package_identification:_identify(install) by extension 'ignore'
[0.330s] Level 1:colcon.colcon_core.package_identification:_identify(install) ignored
[0.331s] Level 1:colcon.colcon_core.package_identification:_identify(log) by extensions ['ignore', 'ignore_ament_install']
[0.331s] Level 1:colcon.colcon_core.package_identification:_identify(log) by extension 'ignore'
[0.331s] Level 1:colcon.colcon_core.package_identification:_identify(log) ignored
[0.331s] Level 1:colcon.colcon_core.package_identification:_identify(src) by extensions ['ignore', 'ignore_ament_install']
[0.331s] Level 1:colcon.colcon_core.package_identification:_identify(src) by extension 'ignore'
[0.331s] Level 1:colcon.colcon_core.package_identification:_identify(src) by extension 'ignore_ament_install'
[0.332s] Level 1:colcon.colcon_core.package_identification:_identify(src) by extensions ['colcon_pkg']
[0.332s] Level 1:colcon.colcon_core.package_identification:_identify(src) by extension 'colcon_pkg'
[0.332s] Level 1:colcon.colcon_core.package_identification:_identify(src) by extensions ['colcon_meta']
[0.332s] Level 1:colcon.colcon_core.package_identification:_identify(src) by extension 'colcon_meta'
[0.332s] Level 1:colcon.colcon_core.package_identification:_identify(src) by extensions ['ros']
[0.332s] Level 1:colcon.colcon_core.package_identification:_identify(src) by extension 'ros'
[0.332s] Level 1:colcon.colcon_core.package_identification:_identify(src) by extensions ['cmake', 'python']
[0.332s] Level 1:colcon.colcon_core.package_identification:_identify(src) by extension 'cmake'
[0.332s] Level 1:colcon.colcon_core.package_identification:_identify(src) by extension 'python'
[0.332s] Level 1:colcon.colcon_core.package_identification:_identify(src) by extensions ['python_setup_py']
[0.332s] Level 1:colcon.colcon_core.package_identification:_identify(src) by extension 'python_setup_py'
[0.332s] Level 1:colcon.colcon_core.package_identification:_identify(src/localization) by extensions ['ignore', 'ignore_ament_install']
[0.332s] Level 1:colcon.colcon_core.package_identification:_identify(src/localization) by extension 'ignore'
[0.333s] Level 1:colcon.colcon_core.package_identification:_identify(src/localization) by extension 'ignore_ament_install'
[0.333s] Level 1:colcon.colcon_core.package_identification:_identify(src/localization) by extensions ['colcon_pkg']
[0.333s] Level 1:colcon.colcon_core.package_identification:_identify(src/localization) by extension 'colcon_pkg'
[0.333s] Level 1:colcon.colcon_core.package_identification:_identify(src/localization) by extensions ['colcon_meta']
[0.333s] Level 1:colcon.colcon_core.package_identification:_identify(src/localization) by extension 'colcon_meta'
[0.333s] Level 1:colcon.colcon_core.package_identification:_identify(src/localization) by extensions ['ros']
[0.333s] Level 1:colcon.colcon_core.package_identification:_identify(src/localization) by extension 'ros'
[0.337s] DEBUG:colcon.colcon_core.package_identification:Package 'src/localization' with type 'ros.ament_python' and name 'localization'
[0.337s] Level 1:colcon.colcon_core.package_identification:_identify(src/planing) by extensions ['ignore', 'ignore_ament_install']
[0.337s] Level 1:colcon.colcon_core.package_identification:_identify(src/planing) by extension 'ignore'
[0.338s] Level 1:colcon.colcon_core.package_identification:_identify(src/planing) by extension 'ignore_ament_install'
[0.338s] Level 1:colcon.colcon_core.package_identification:_identify(src/planing) by extensions ['colcon_pkg']
[0.338s] Level 1:colcon.colcon_core.package_identification:_identify(src/planing) by extension 'colcon_pkg'
[0.338s] Level 1:colcon.colcon_core.package_identification:_identify(src/planing) by extensions ['colcon_meta']
[0.338s] Level 1:colcon.colcon_core.package_identification:_identify(src/planing) by extension 'colcon_meta'
[0.338s] Level 1:colcon.colcon_core.package_identification:_identify(src/planing) by extensions ['ros']
[0.338s] Level 1:colcon.colcon_core.package_identification:_identify(src/planing) by extension 'ros'
[0.339s] DEBUG:colcon.colcon_core.package_identification:Package 'src/planing' with type 'ros.ament_python' and name 'planing'
[0.339s] Level 1:colcon.colcon_core.package_identification:_identify(src/vision) by extensions ['ignore', 'ignore_ament_install']
[0.339s] Level 1:colcon.colcon_core.package_identification:_identify(src/vision) by extension 'ignore'
[0.339s] Level 1:colcon.colcon_core.package_identification:_identify(src/vision) by extension 'ignore_ament_install'
[0.339s] Level 1:colcon.colcon_core.package_identification:_identify(src/vision) by extensions ['colcon_pkg']
[0.339s] Level 1:colcon.colcon_core.package_identification:_identify(src/vision) by extension 'colcon_pkg'
[0.339s] Level 1:colcon.colcon_core.package_identification:_identify(src/vision) by extensions ['colcon_meta']
[0.340s] Level 1:colcon.colcon_core.package_identification:_identify(src/vision) by extension 'colcon_meta'
[0.340s] Level 1:colcon.colcon_core.package_identification:_identify(src/vision) by extensions ['ros']
[0.340s] Level 1:colcon.colcon_core.package_identification:_identify(src/vision) by extension 'ros'
[0.341s] DEBUG:colcon.colcon_core.package_identification:Package 'src/vision' with type 'ros.ament_python' and name 'vision'
[0.341s] Level 1:colcon.colcon_core.package_discovery:discover_packages(recursive) using defaults
[0.341s] Level 1:colcon.colcon_core.package_discovery:discover_packages(ignore) discover
[0.341s] Level 1:colcon.colcon_core.package_discovery:discover_packages(ignore) using defaults
[0.341s] Level 1:colcon.colcon_core.package_discovery:discover_packages(path) discover
[0.341s] Level 1:colcon.colcon_core.package_discovery:discover_packages(path) using defaults
[0.386s] Level 1:colcon.colcon_core.package_discovery:discover_packages(prefix_path) check parameters
[0.386s] Level 1:colcon.colcon_core.package_discovery:discover_packages(prefix_path) discover
[0.394s] DEBUG:colcon.colcon_installed_package_information.package_discovery:Found 39 installed packages in /home/tien/microros_ws/install
[0.395s] DEBUG:colcon.colcon_installed_package_information.package_discovery:Found 3 installed packages in /home/tien/Documents/GitHub/BoutToHackNASA/source/godang_ws/install
[0.396s] DEBUG:colcon.colcon_installed_package_information.package_discovery:Found 3 installed packages in /home/tien/Documents/GitHub/ALL_CODE/red_ws/install
[0.397s] DEBUG:colcon.colcon_installed_package_information.package_discovery:Found 15 installed packages in /home/tien/turtlebot3_ws/install
[0.398s] DEBUG:colcon.colcon_installed_package_information.package_discovery:Found 3 installed packages in /home/tien/jinpao_naia_ws/install
[0.399s] DEBUG:colcon.colcon_installed_package_information.package_discovery:Found 1 installed packages in /home/tien/abu_ws/install
[0.400s] DEBUG:colcon.colcon_installed_package_information.package_discovery:Found 3 installed packages in /home/tien/three_wheel_ws/install
[0.401s] DEBUG:colcon.colcon_installed_package_information.package_discovery:Found 5 installed packages in /home/tien/jinpao_ws/install
[0.404s] DEBUG:colcon.colcon_installed_package_information.package_discovery:Found 410 installed packages in /opt/ros/humble
[0.409s] Level 1:colcon.colcon_core.package_discovery:discover_packages(prefix_path) using defaults
[0.494s] Level 5:colcon.colcon_core.verb:set package 'localization' build argument 'cmake_args' from command line to 'None'
[0.494s] Level 5:colcon.colcon_core.verb:set package 'localization' build argument 'cmake_target' from command line to 'None'
[0.494s] Level 5:colcon.colcon_core.verb:set package 'localization' build argument 'cmake_target_skip_unavailable' from command line to 'False'
[0.494s] Level 5:colcon.colcon_core.verb:set package 'localization' build argument 'cmake_clean_cache' from command line to 'False'
[0.494s] Level 5:colcon.colcon_core.verb:set package 'localization' build argument 'cmake_clean_first' from command line to 'False'
[0.494s] Level 5:colcon.colcon_core.verb:set package 'localization' build argument 'cmake_force_configure' from command line to 'False'
[0.494s] Level 5:colcon.colcon_core.verb:set package 'localization' build argument 'ament_cmake_args' from command line to 'None'
[0.494s] Level 5:colcon.colcon_core.verb:set package 'localization' build argument 'catkin_cmake_args' from command line to 'None'
[0.494s] Level 5:colcon.colcon_core.verb:set package 'localization' build argument 'catkin_skip_building_tests' from command line to 'False'
[0.494s] DEBUG:colcon.colcon_core.verb:Building package 'localization' with the following arguments: {'ament_cmake_args': None, 'build_base': '/home/tien/Documents/GitHub/BoutToHackNASA/source/godang_ws/build/localization', 'catkin_cmake_args': None, 'catkin_skip_building_tests': False, 'cmake_args': None, 'cmake_clean_cache': False, 'cmake_clean_first': False, 'cmake_force_configure': False, 'cmake_target': None, 'cmake_target_skip_unavailable': False, 'install_base': '/home/tien/Documents/GitHub/BoutToHackNASA/source/godang_ws/install/localization', 'merge_install': False, 'path': '/home/tien/Documents/GitHub/BoutToHackNASA/source/godang_ws/src/localization', 'symlink_install': False, 'test_result_base': None}
[0.495s] Level 5:colcon.colcon_core.verb:set package 'planing' build argument 'cmake_args' from command line to 'None'
[0.495s] Level 5:colcon.colcon_core.verb:set package 'planing' build argument 'cmake_target' from command line to 'None'
[0.495s] Level 5:colcon.colcon_core.verb:set package 'planing' build argument 'cmake_target_skip_unavailable' from command line to 'False'
[0.495s] Level 5:colcon.colcon_core.verb:set package 'planing' build argument 'cmake_clean_cache' from command line to 'False'
[0.495s] Level 5:colcon.colcon_core.verb:set package 'planing' build argument 'cmake_clean_first' from command line to 'False'
[0.495s] Level 5:colcon.colcon_core.verb:set package 'planing' build argument 'cmake_force_configure' from command line to 'False'
[0.495s] Level 5:colcon.colcon_core.verb:set package 'planing' build argument 'ament_cmake_args' from command line to 'None'
[0.495s] Level 5:colcon.colcon_core.verb:set package 'planing' build argument 'catkin_cmake_args' from command line to 'None'
[0.495s] Level 5:colcon.colcon_core.verb:set package 'planing' build argument 'catkin_skip_building_tests' from command line to 'False'
[0.495s] DEBUG:colcon.colcon_core.verb:Building package 'planing' with the following arguments: {'ament_cmake_args': None, 'build_base': '/home/tien/Documents/GitHub/BoutToHackNASA/source/godang_ws/build/planing', 'catkin_cmake_args': None, 'catkin_skip_building_tests': False, 'cmake_args': None, 'cmake_clean_cache': False, 'cmake_clean_first': False, 'cmake_force_configure': False, 'cmake_target': None, 'cmake_target_skip_unavailable': False, 'install_base': '/home/tien/Documents/GitHub/BoutToHackNASA/source/godang_ws/install/planing', 'merge_install': False, 'path': '/home/tien/Documents/GitHub/BoutToHackNASA/source/godang_ws/src/planing', 'symlink_install': False, 'test_result_base': None}
[0.496s] Level 5:colcon.colcon_core.verb:set package 'vision' build argument 'cmake_args' from command line to 'None'
[0.496s] Level 5:colcon.colcon_core.verb:set package 'vision' build argument 'cmake_target' from command line to 'None'
[0.496s] Level 5:colcon.colcon_core.verb:set package 'vision' build argument 'cmake_target_skip_unavailable' from command line to 'False'
[0.496s] Level 5:colcon.colcon_core.verb:set package 'vision' build argument 'cmake_clean_cache' from command line to 'False'
[0.496s] Level 5:colcon.colcon_core.verb:set package 'vision' build argument 'cmake_clean_first' from command line to 'False'
[0.496s] Level 5:colcon.colcon_core.verb:set package 'vision' build argument 'cmake_force_configure' from command line to 'False'
[0.496s] Level 5:colcon.colcon_core.verb:set package 'vision' build argument 'ament_cmake_args' from command line to 'None'
[0.496s] Level 5:colcon.colcon_core.verb:set package 'vision' build argument 'catkin_cmake_args' from command line to 'None'
[0.496s] Level 5:colcon.colcon_core.verb:set package 'vision' build argument 'catkin_skip_building_tests' from command line to 'False'
[0.496s] DEBUG:colcon.colcon_core.verb:Building package 'vision' with the following arguments: {'ament_cmake_args': None, 'build_base': '/home/tien/Documents/GitHub/BoutToHackNASA/source/godang_ws/build/vision', 'catkin_cmake_args': None, 'catkin_skip_building_tests': False, 'cmake_args': None, 'cmake_clean_cache': False, 'cmake_clean_first': False, 'cmake_force_configure': False, 'cmake_target': None, 'cmake_target_skip_unavailable': False, 'install_base': '/home/tien/Documents/GitHub/BoutToHackNASA/source/godang_ws/install/vision', 'merge_install': False, 'path': '/home/tien/Documents/GitHub/BoutToHackNASA/source/godang_ws/src/vision', 'symlink_install': False, 'test_result_base': None}
[0.497s] INFO:colcon.colcon_core.executor:Executing jobs using 'parallel' executor
[0.499s] DEBUG:colcon.colcon_parallel_executor.executor.parallel:run_until_complete
[0.499s] INFO:colcon.colcon_ros.task.ament_python.build:Building ROS package in '/home/tien/Documents/GitHub/BoutToHackNASA/source/godang_ws/src/localization' with build type 'ament_python'
[0.499s] Level 1:colcon.colcon_core.shell:create_environment_hook('localization', 'ament_prefix_path')
[0.504s] INFO:colcon.colcon_core.plugin_system:Skipping extension 'colcon_core.shell.bat': Not used on non-Windows systems
[0.504s] INFO:colcon.colcon_core.shell:Creating environment hook '/home/tien/Documents/GitHub/BoutToHackNASA/source/godang_ws/install/localization/share/localization/hook/ament_prefix_path.ps1'
[0.505s] INFO:colcon.colcon_core.shell:Creating environment descriptor '/home/tien/Documents/GitHub/BoutToHackNASA/source/godang_ws/install/localization/share/localization/hook/ament_prefix_path.dsv'
[0.520s] INFO:colcon.colcon_core.shell:Creating environment hook '/home/tien/Documents/GitHub/BoutToHackNASA/source/godang_ws/install/localization/share/localization/hook/ament_prefix_path.sh'
[0.521s] INFO:colcon.colcon_core.shell:Skip shell extension 'powershell' for command environment: Not usable outside of PowerShell
[0.521s] DEBUG:colcon.colcon_core.shell:Skip shell extension 'dsv' for command environment
[0.540s] INFO:colcon.colcon_ros.task.ament_python.build:Building ROS package in '/home/tien/Documents/GitHub/BoutToHackNASA/source/godang_ws/src/planing' with build type 'ament_python'
[0.540s] Level 1:colcon.colcon_core.shell:create_environment_hook('planing', 'ament_prefix_path')
[0.541s] INFO:colcon.colcon_core.shell:Creating environment hook '/home/tien/Documents/GitHub/BoutToHackNASA/source/godang_ws/install/planing/share/planing/hook/ament_prefix_path.ps1'
[0.542s] INFO:colcon.colcon_core.shell:Creating environment descriptor '/home/tien/Documents/GitHub/BoutToHackNASA/source/godang_ws/install/planing/share/planing/hook/ament_prefix_path.dsv'
[0.543s] INFO:colcon.colcon_core.shell:Creating environment hook '/home/tien/Documents/GitHub/BoutToHackNASA/source/godang_ws/install/planing/share/planing/hook/ament_prefix_path.sh'
[0.544s] INFO:colcon.colcon_core.shell:Skip shell extension 'powershell' for command environment: Not usable outside of PowerShell
[0.544s] DEBUG:colcon.colcon_core.shell:Skip shell extension 'dsv' for command environment
[0.564s] INFO:colcon.colcon_ros.task.ament_python.build:Building ROS package in '/home/tien/Documents/GitHub/BoutToHackNASA/source/godang_ws/src/vision' with build type 'ament_python'
[0.564s] Level 1:colcon.colcon_core.shell:create_environment_hook('vision', 'ament_prefix_path')
[0.565s] INFO:colcon.colcon_core.shell:Creating environment hook '/home/tien/Documents/GitHub/BoutToHackNASA/source/godang_ws/install/vision/share/vision/hook/ament_prefix_path.ps1'
[0.566s] INFO:colcon.colcon_core.shell:Creating environment descriptor '/home/tien/Documents/GitHub/BoutToHackNASA/source/godang_ws/install/vision/share/vision/hook/ament_prefix_path.dsv'
[0.566s] INFO:colcon.colcon_core.shell:Creating environment hook '/home/tien/Documents/GitHub/BoutToHackNASA/source/godang_ws/install/vision/share/vision/hook/ament_prefix_path.sh'
[0.567s] INFO:colcon.colcon_core.shell:Skip shell extension 'powershell' for command environment: Not usable outside of PowerShell
[0.567s] DEBUG:colcon.colcon_core.shell:Skip shell extension 'dsv' for command environment
[1.087s] INFO:colcon.colcon_core.task.python.build:Building Python package in '/home/tien/Documents/GitHub/BoutToHackNASA/source/godang_ws/src/localization'
[1.087s] INFO:colcon.colcon_core.shell:Skip shell extension 'powershell' for command environment: Not usable outside of PowerShell
[1.088s] DEBUG:colcon.colcon_core.shell:Skip shell extension 'dsv' for command environment
[1.819s] INFO:colcon.colcon_core.task.python.build:Building Python package in '/home/tien/Documents/GitHub/BoutToHackNASA/source/godang_ws/src/planing'
[1.819s] INFO:colcon.colcon_core.shell:Skip shell extension 'powershell' for command environment: Not usable outside of PowerShell
[1.819s] DEBUG:colcon.colcon_core.shell:Skip shell extension 'dsv' for command environment
[2.319s] INFO:colcon.colcon_core.task.python.build:Building Python package in '/home/tien/Documents/GitHub/BoutToHackNASA/source/godang_ws/src/vision'
[2.320s] INFO:colcon.colcon_core.shell:Skip shell extension 'powershell' for command environment: Not usable outside of PowerShell
[2.320s] DEBUG:colcon.colcon_core.shell:Skip shell extension 'dsv' for command environment
[4.009s] DEBUG:colcon.colcon_core.event_handler.log_command:Invoking command in '/home/tien/Documents/GitHub/BoutToHackNASA/source/godang_ws/src/planing': PYTHONPATH=/home/tien/Documents/GitHub/BoutToHackNASA/source/godang_ws/build/planing/prefix_override:/home/tien/Documents/GitHub/BoutToHackNASA/source/godang_ws/install/planing/lib/python3.10/site-packages:${PYTHONPATH} /usr/bin/python3 -W ignore:setup.py install is deprecated setup.py egg_info --egg-base ../../build/planing build --build-base /home/tien/Documents/GitHub/BoutToHackNASA/source/godang_ws/build/planing/build install --record /home/tien/Documents/GitHub/BoutToHackNASA/source/godang_ws/build/planing/install.log --single-version-externally-managed install_data
[4.023s] DEBUG:colcon.colcon_core.event_handler.log_command:Invoking command in '/home/tien/Documents/GitHub/BoutToHackNASA/source/godang_ws/src/localization': PYTHONPATH=/home/tien/Documents/GitHub/BoutToHackNASA/source/godang_ws/build/localization/prefix_override:/home/tien/Documents/GitHub/BoutToHackNASA/source/godang_ws/install/localization/lib/python3.10/site-packages:${PYTHONPATH} /usr/bin/python3 -W ignore:setup.py install is deprecated setup.py egg_info --egg-base ../../build/localization build --build-base /home/tien/Documents/GitHub/BoutToHackNASA/source/godang_ws/build/localization/build install --record /home/tien/Documents/GitHub/BoutToHackNASA/source/godang_ws/build/localization/install.log --single-version-externally-managed install_data
[4.059s] DEBUG:colcon.colcon_core.event_handler.log_command:Invoking command in '/home/tien/Documents/GitHub/BoutToHackNASA/source/godang_ws/src/vision': PYTHONPATH=/home/tien/Documents/GitHub/BoutToHackNASA/source/godang_ws/build/vision/prefix_override:/home/tien/Documents/GitHub/BoutToHackNASA/source/godang_ws/install/vision/lib/python3.10/site-packages:${PYTHONPATH} /usr/bin/python3 -W ignore:setup.py install is deprecated setup.py egg_info --egg-base ../../build/vision build --build-base /home/tien/Documents/GitHub/BoutToHackNASA/source/godang_ws/build/vision/build install --record /home/tien/Documents/GitHub/BoutToHackNASA/source/godang_ws/build/vision/install.log --single-version-externally-managed install_data
[5.540s] DEBUG:colcon.colcon_core.event_handler.log_command:Invoked command in '/home/tien/Documents/GitHub/BoutToHackNASA/source/godang_ws/src/localization' returned '0': PYTHONPATH=/home/tien/Documents/GitHub/BoutToHackNASA/source/godang_ws/build/localization/prefix_override:/home/tien/Documents/GitHub/BoutToHackNASA/source/godang_ws/install/localization/lib/python3.10/site-packages:${PYTHONPATH} /usr/bin/python3 -W ignore:setup.py install is deprecated setup.py egg_info --egg-base ../../build/localization build --build-base /home/tien/Documents/GitHub/BoutToHackNASA/source/godang_ws/build/localization/build install --record /home/tien/Documents/GitHub/BoutToHackNASA/source/godang_ws/build/localization/install.log --single-version-externally-managed install_data
[5.565s] Level 1:colcon.colcon_core.environment:checking '/home/tien/Documents/GitHub/BoutToHackNASA/source/godang_ws/install/localization' for CMake module files
[5.568s] Level 1:colcon.colcon_core.environment:checking '/home/tien/Documents/GitHub/BoutToHackNASA/source/godang_ws/install/localization' for CMake config files
[5.591s] Level 1:colcon.colcon_core.environment:checking '/home/tien/Documents/GitHub/BoutToHackNASA/source/godang_ws/install/localization/lib'
[5.592s] Level 1:colcon.colcon_core.environment:checking '/home/tien/Documents/GitHub/BoutToHackNASA/source/godang_ws/install/localization/bin'
[5.592s] Level 1:colcon.colcon_core.environment:checking '/home/tien/Documents/GitHub/BoutToHackNASA/source/godang_ws/install/localization/lib/pkgconfig/localization.pc'
[5.594s] Level 1:colcon.colcon_core.environment:checking '/home/tien/Documents/GitHub/BoutToHackNASA/source/godang_ws/install/localization/lib/python3.10/site-packages'
[5.594s] Level 1:colcon.colcon_core.shell:create_environment_hook('localization', 'pythonpath')
[5.596s] INFO:colcon.colcon_core.shell:Creating environment hook '/home/tien/Documents/GitHub/BoutToHackNASA/source/godang_ws/install/localization/share/localization/hook/pythonpath.ps1'
[5.604s] INFO:colcon.colcon_core.shell:Creating environment descriptor '/home/tien/Documents/GitHub/BoutToHackNASA/source/godang_ws/install/localization/share/localization/hook/pythonpath.dsv'
[5.606s] INFO:colcon.colcon_core.shell:Creating environment hook '/home/tien/Documents/GitHub/BoutToHackNASA/source/godang_ws/install/localization/share/localization/hook/pythonpath.sh'
[5.609s] Level 1:colcon.colcon_core.environment:checking '/home/tien/Documents/GitHub/BoutToHackNASA/source/godang_ws/install/localization/bin'
[5.610s] Level 1:colcon.colcon_core.environment:create_environment_scripts_only(localization)
[5.612s] INFO:colcon.colcon_core.shell:Creating package script '/home/tien/Documents/GitHub/BoutToHackNASA/source/godang_ws/install/localization/share/localization/package.ps1'
[5.625s] INFO:colcon.colcon_core.shell:Creating package descriptor '/home/tien/Documents/GitHub/BoutToHackNASA/source/godang_ws/install/localization/share/localization/package.dsv'
[5.629s] INFO:colcon.colcon_core.shell:Creating package script '/home/tien/Documents/GitHub/BoutToHackNASA/source/godang_ws/install/localization/share/localization/package.sh'
[5.642s] INFO:colcon.colcon_core.shell:Creating package script '/home/tien/Documents/GitHub/BoutToHackNASA/source/godang_ws/install/localization/share/localization/package.bash'
[5.648s] INFO:colcon.colcon_core.shell:Creating package script '/home/tien/Documents/GitHub/BoutToHackNASA/source/godang_ws/install/localization/share/localization/package.zsh'
[5.653s] Level 1:colcon.colcon_core.environment:create_file_with_runtime_dependencies(/home/tien/Documents/GitHub/BoutToHackNASA/source/godang_ws/install/localization/share/colcon-core/packages/localization)
[5.759s] Level 1:colcon.colcon_core.environment:checking '/home/tien/Documents/GitHub/BoutToHackNASA/source/godang_ws/install/planing' for CMake module files
[5.762s] DEBUG:colcon.colcon_core.event_handler.log_command:Invoked command in '/home/tien/Documents/GitHub/BoutToHackNASA/source/godang_ws/src/planing' returned '0': PYTHONPATH=/home/tien/Documents/GitHub/BoutToHackNASA/source/godang_ws/build/planing/prefix_override:/home/tien/Documents/GitHub/BoutToHackNASA/source/godang_ws/install/planing/lib/python3.10/site-packages:${PYTHONPATH} /usr/bin/python3 -W ignore:setup.py install is deprecated setup.py egg_info --egg-base ../../build/planing build --build-base /home/tien/Documents/GitHub/BoutToHackNASA/source/godang_ws/build/planing/build install --record /home/tien/Documents/GitHub/BoutToHackNASA/source/godang_ws/build/planing/install.log --single-version-externally-managed install_data
[5.765s] Level 1:colcon.colcon_core.environment:checking '/home/tien/Documents/GitHub/BoutToHackNASA/source/godang_ws/install/planing' for CMake config files
[5.773s] Level 1:colcon.colcon_core.environment:checking '/home/tien/Documents/GitHub/BoutToHackNASA/source/godang_ws/install/planing/lib'
[5.773s] Level 1:colcon.colcon_core.environment:checking '/home/tien/Documents/GitHub/BoutToHackNASA/source/godang_ws/install/planing/bin'
[5.774s] Level 1:colcon.colcon_core.environment:checking '/home/tien/Documents/GitHub/BoutToHackNASA/source/godang_ws/install/planing/lib/pkgconfig/planing.pc'
[5.775s] Level 1:colcon.colcon_core.environment:checking '/home/tien/Documents/GitHub/BoutToHackNASA/source/godang_ws/install/planing/lib/python3.10/site-packages'
[5.776s] Level 1:colcon.colcon_core.shell:create_environment_hook('planing', 'pythonpath')
[5.777s] INFO:colcon.colcon_core.shell:Creating environment hook '/home/tien/Documents/GitHub/BoutToHackNASA/source/godang_ws/install/planing/share/planing/hook/pythonpath.ps1'
[5.780s] INFO:colcon.colcon_core.shell:Creating environment descriptor '/home/tien/Documents/GitHub/BoutToHackNASA/source/godang_ws/install/planing/share/planing/hook/pythonpath.dsv'
[5.783s] INFO:colcon.colcon_core.shell:Creating environment hook '/home/tien/Documents/GitHub/BoutToHackNASA/source/godang_ws/install/planing/share/planing/hook/pythonpath.sh'
[5.791s] Level 1:colcon.colcon_core.environment:checking '/home/tien/Documents/GitHub/BoutToHackNASA/source/godang_ws/install/planing/bin'
[5.792s] Level 1:colcon.colcon_core.environment:create_environment_scripts_only(planing)
[5.794s] INFO:colcon.colcon_core.shell:Creating package script '/home/tien/Documents/GitHub/BoutToHackNASA/source/godang_ws/install/planing/share/planing/package.ps1'
[5.798s] INFO:colcon.colcon_core.shell:Creating package descriptor '/home/tien/Documents/GitHub/BoutToHackNASA/source/godang_ws/install/planing/share/planing/package.dsv'
[5.801s] INFO:colcon.colcon_core.shell:Creating package script '/home/tien/Documents/GitHub/BoutToHackNASA/source/godang_ws/install/planing/share/planing/package.sh'
[5.804s] INFO:colcon.colcon_core.shell:Creating package script '/home/tien/Documents/GitHub/BoutToHackNASA/source/godang_ws/install/planing/share/planing/package.bash'
[5.810s] INFO:colcon.colcon_core.shell:Creating package script '/home/tien/Documents/GitHub/BoutToHackNASA/source/godang_ws/install/planing/share/planing/package.zsh'
[5.813s] Level 1:colcon.colcon_core.environment:create_file_with_runtime_dependencies(/home/tien/Documents/GitHub/BoutToHackNASA/source/godang_ws/install/planing/share/colcon-core/packages/planing)
[6.431s] Level 1:colcon.colcon_core.environment:checking '/home/tien/Documents/GitHub/BoutToHackNASA/source/godang_ws/install/vision' for CMake module files
[6.432s] DEBUG:colcon.colcon_core.event_handler.log_command:Invoked command in '/home/tien/Documents/GitHub/BoutToHackNASA/source/godang_ws/src/vision' returned '0': PYTHONPATH=/home/tien/Documents/GitHub/BoutToHackNASA/source/godang_ws/build/vision/prefix_override:/home/tien/Documents/GitHub/BoutToHackNASA/source/godang_ws/install/vision/lib/python3.10/site-packages:${PYTHONPATH} /usr/bin/python3 -W ignore:setup.py install is deprecated setup.py egg_info --egg-base ../../build/vision build --build-base /home/tien/Documents/GitHub/BoutToHackNASA/source/godang_ws/build/vision/build install --record /home/tien/Documents/GitHub/BoutToHackNASA/source/godang_ws/build/vision/install.log --single-version-externally-managed install_data
[6.433s] Level 1:colcon.colcon_core.environment:checking '/home/tien/Documents/GitHub/BoutToHackNASA/source/godang_ws/install/vision' for CMake config files
[6.440s] Level 1:colcon.colcon_core.environment:checking '/home/tien/Documents/GitHub/BoutToHackNASA/source/godang_ws/install/vision/lib'
[6.441s] Level 1:colcon.colcon_core.environment:checking '/home/tien/Documents/GitHub/BoutToHackNASA/source/godang_ws/install/vision/bin'
[6.441s] Level 1:colcon.colcon_core.environment:checking '/home/tien/Documents/GitHub/BoutToHackNASA/source/godang_ws/install/vision/lib/pkgconfig/vision.pc'
[6.441s] Level 1:colcon.colcon_core.environment:checking '/home/tien/Documents/GitHub/BoutToHackNASA/source/godang_ws/install/vision/lib/python3.10/site-packages'
[6.441s] Level 1:colcon.colcon_core.shell:create_environment_hook('vision', 'pythonpath')
[6.442s] INFO:colcon.colcon_core.shell:Creating environment hook '/home/tien/Documents/GitHub/BoutToHackNASA/source/godang_ws/install/vision/share/vision/hook/pythonpath.ps1'
[6.443s] INFO:colcon.colcon_core.shell:Creating environment descriptor '/home/tien/Documents/GitHub/BoutToHackNASA/source/godang_ws/install/vision/share/vision/hook/pythonpath.dsv'
[6.443s] INFO:colcon.colcon_core.shell:Creating environment hook '/home/tien/Documents/GitHub/BoutToHackNASA/source/godang_ws/install/vision/share/vision/hook/pythonpath.sh'
[6.444s] Level 1:colcon.colcon_core.environment:checking '/home/tien/Documents/GitHub/BoutToHackNASA/source/godang_ws/install/vision/bin'
[6.444s] Level 1:colcon.colcon_core.environment:create_environment_scripts_only(vision)
[6.445s] INFO:colcon.colcon_core.shell:Creating package script '/home/tien/Documents/GitHub/BoutToHackNASA/source/godang_ws/install/vision/share/vision/package.ps1'
[6.446s] INFO:colcon.colcon_core.shell:Creating package descriptor '/home/tien/Documents/GitHub/BoutToHackNASA/source/godang_ws/install/vision/share/vision/package.dsv'
[6.447s] INFO:colcon.colcon_core.shell:Creating package script '/home/tien/Documents/GitHub/BoutToHackNASA/source/godang_ws/install/vision/share/vision/package.sh'
[6.447s] INFO:colcon.colcon_core.shell:Creating package script '/home/tien/Documents/GitHub/BoutToHackNASA/source/godang_ws/install/vision/share/vision/package.bash'
[6.448s] INFO:colcon.colcon_core.shell:Creating package script '/home/tien/Documents/GitHub/BoutToHackNASA/source/godang_ws/install/vision/share/vision/package.zsh'
[6.448s] Level 1:colcon.colcon_core.environment:create_file_with_runtime_dependencies(/home/tien/Documents/GitHub/BoutToHackNASA/source/godang_ws/install/vision/share/colcon-core/packages/vision)
[6.449s] DEBUG:colcon.colcon_parallel_executor.executor.parallel:closing loop
[6.449s] DEBUG:colcon.colcon_parallel_executor.executor.parallel:loop closed
[6.450s] DEBUG:colcon.colcon_parallel_executor.executor.parallel:run_until_complete finished with '0'
[6.450s] DEBUG:colcon.colcon_core.event_reactor:joining thread
[6.467s] INFO:colcon.colcon_core.plugin_system:Skipping extension 'colcon_notification.desktop_notification.terminal_notifier': Not used on non-Darwin systems
[6.467s] INFO:colcon.colcon_core.plugin_system:Skipping extension 'colcon_notification.desktop_notification.win32': Not used on non-Windows systems
[6.468s] INFO:colcon.colcon_notification.desktop_notification:Sending desktop notification using 'notify2'
[6.493s] DEBUG:colcon.colcon_core.event_reactor:joined thread
[6.494s] INFO:colcon.colcon_core.shell:Creating prefix script '/home/tien/Documents/GitHub/BoutToHackNASA/source/godang_ws/install/local_setup.ps1'
[6.496s] INFO:colcon.colcon_core.shell:Creating prefix util module '/home/tien/Documents/GitHub/BoutToHackNASA/source/godang_ws/install/_local_setup_util_ps1.py'
[6.498s] INFO:colcon.colcon_core.shell:Creating prefix chain script '/home/tien/Documents/GitHub/BoutToHackNASA/source/godang_ws/install/setup.ps1'
[6.507s] INFO:colcon.colcon_core.shell:Creating prefix script '/home/tien/Documents/GitHub/BoutToHackNASA/source/godang_ws/install/local_setup.sh'
[6.508s] INFO:colcon.colcon_core.shell:Creating prefix util module '/home/tien/Documents/GitHub/BoutToHackNASA/source/godang_ws/install/_local_setup_util_sh.py'
[6.509s] INFO:colcon.colcon_core.shell:Creating prefix chain script '/home/tien/Documents/GitHub/BoutToHackNASA/source/godang_ws/install/setup.sh'
[6.518s] INFO:colcon.colcon_core.shell:Creating prefix script '/home/tien/Documents/GitHub/BoutToHackNASA/source/godang_ws/install/local_setup.bash'
[6.520s] INFO:colcon.colcon_core.shell:Creating prefix chain script '/home/tien/Documents/GitHub/BoutToHackNASA/source/godang_ws/install/setup.bash'
[6.528s] INFO:colcon.colcon_core.shell:Creating prefix script '/home/tien/Documents/GitHub/BoutToHackNASA/source/godang_ws/install/local_setup.zsh'
[6.529s] INFO:colcon.colcon_core.shell:Creating prefix chain script '/home/tien/Documents/GitHub/BoutToHackNASA/source/godang_ws/install/setup.zsh'
