[3.010s] Invoking command in '/home/tien/Documents/GitHub/BoutToHackNASA/source/godang_ws/src/vision': PYTHONPATH=/home/tien/Documents/GitHub/BoutToHackNASA/source/godang_ws/build/vision/prefix_override:/home/tien/Documents/GitHub/BoutToHackNASA/source/godang_ws/install/vision/lib/python3.10/site-packages:${PYTHONPATH} /usr/bin/python3 -W ignore:setup.py install is deprecated setup.py egg_info --egg-base ../../build/vision build --build-base /home/tien/Documents/GitHub/BoutToHackNASA/source/godang_ws/build/vision/build install --record /home/tien/Documents/GitHub/BoutToHackNASA/source/godang_ws/build/vision/install.log --single-version-externally-managed install_data
[4.078s] running egg_info
[4.113s] writing ../../build/vision/vision.egg-info/PKG-INFO
[4.113s] writing dependency_links to ../../build/vision/vision.egg-info/dependency_links.txt
[4.114s] writing entry points to ../../build/vision/vision.egg-info/entry_points.txt
[4.114s] writing requirements to ../../build/vision/vision.egg-info/requires.txt
[4.114s] writing top-level names to ../../build/vision/vision.egg-info/top_level.txt
[4.202s] reading manifest file '../../build/vision/vision.egg-info/SOURCES.txt'
[4.212s] writing manifest file '../../build/vision/vision.egg-info/SOURCES.txt'
[4.212s] running build
[4.212s] running build_py
[4.213s] copying vision/Get_depth.py -> /home/tien/Documents/GitHub/BoutToHackNASA/source/godang_ws/build/vision/build/lib/vision
[4.214s] copying vision/silo_detect.py -> /home/tien/Documents/GitHub/BoutToHackNASA/source/godang_ws/build/vision/build/lib/vision
[4.215s] copying vision/ballonthefloor.py -> /home/tien/Documents/GitHub/BoutToHackNASA/source/godang_ws/build/vision/build/lib/vision
[4.215s] copying vision/vision_silo_node.py -> /home/tien/Documents/GitHub/BoutToHackNASA/source/godang_ws/build/vision/build/lib/vision
[4.216s] copying vision/silo_decision.py -> /home/tien/Documents/GitHub/BoutToHackNASA/source/godang_ws/build/vision/build/lib/vision
[4.217s] copying vision/cam_midball.py -> /home/tien/Documents/GitHub/BoutToHackNASA/source/godang_ws/build/vision/build/lib/vision
[4.217s] copying vision/config.py -> /home/tien/Documents/GitHub/BoutToHackNASA/source/godang_ws/build/vision/build/lib/vision
[4.218s] copying vision/linetracking.py -> /home/tien/Documents/GitHub/BoutToHackNASA/source/godang_ws/build/vision/build/lib/vision
[4.219s] copying vision/depth_scale_ball.py -> /home/tien/Documents/GitHub/BoutToHackNASA/source/godang_ws/build/vision/build/lib/vision
[4.219s] copying vision/vision_ball_node.py -> /home/tien/Documents/GitHub/BoutToHackNASA/source/godang_ws/build/vision/build/lib/vision
[4.220s] copying vision/ML.py -> /home/tien/Documents/GitHub/BoutToHackNASA/source/godang_ws/build/vision/build/lib/vision
[4.220s] copying vision/__init__.py -> /home/tien/Documents/GitHub/BoutToHackNASA/source/godang_ws/build/vision/build/lib/vision
[4.221s] copying vision/ultralytics/__init__.py -> /home/tien/Documents/GitHub/BoutToHackNASA/source/godang_ws/build/vision/build/lib/vision/ultralytics
[4.221s] copying vision/ultralytics/cfg/__init__.py -> /home/tien/Documents/GitHub/BoutToHackNASA/source/godang_ws/build/vision/build/lib/vision/ultralytics/cfg
[4.223s] copying vision/ultralytics/data/dataset.py -> /home/tien/Documents/GitHub/BoutToHackNASA/source/godang_ws/build/vision/build/lib/vision/ultralytics/data
[4.223s] copying vision/ultralytics/data/split_dota.py -> /home/tien/Documents/GitHub/BoutToHackNASA/source/godang_ws/build/vision/build/lib/vision/ultralytics/data
[4.223s] copying vision/ultralytics/data/annotator.py -> /home/tien/Documents/GitHub/BoutToHackNASA/source/godang_ws/build/vision/build/lib/vision/ultralytics/data
[4.224s] copying vision/ultralytics/data/loaders.py -> /home/tien/Documents/GitHub/BoutToHackNASA/source/godang_ws/build/vision/build/lib/vision/ultralytics/data
[4.224s] copying vision/ultralytics/data/build.py -> /home/tien/Documents/GitHub/BoutToHackNASA/source/godang_ws/build/vision/build/lib/vision/ultralytics/data
[4.225s] copying vision/ultralytics/data/augment.py -> /home/tien/Documents/GitHub/BoutToHackNASA/source/godang_ws/build/vision/build/lib/vision/ultralytics/data
[4.226s] copying vision/ultralytics/data/utils.py -> /home/tien/Documents/GitHub/BoutToHackNASA/source/godang_ws/build/vision/build/lib/vision/ultralytics/data
[4.226s] copying vision/ultralytics/data/__init__.py -> /home/tien/Documents/GitHub/BoutToHackNASA/source/godang_ws/build/vision/build/lib/vision/ultralytics/data
[4.227s] copying vision/ultralytics/data/converter.py -> /home/tien/Documents/GitHub/BoutToHackNASA/source/godang_ws/build/vision/build/lib/vision/ultralytics/data
[4.228s] copying vision/ultralytics/data/base.py -> /home/tien/Documents/GitHub/BoutToHackNASA/source/godang_ws/build/vision/build/lib/vision/ultralytics/data
[4.229s] copying vision/ultralytics/models/__init__.py -> /home/tien/Documents/GitHub/BoutToHackNASA/source/godang_ws/build/vision/build/lib/vision/ultralytics/models
[4.230s] copying vision/ultralytics/nn/autobackend.py -> /home/tien/Documents/GitHub/BoutToHackNASA/source/godang_ws/build/vision/build/lib/vision/ultralytics/nn
[4.230s] copying vision/ultralytics/nn/__init__.py -> /home/tien/Documents/GitHub/BoutToHackNASA/source/godang_ws/build/vision/build/lib/vision/ultralytics/nn
[4.231s] copying vision/ultralytics/nn/tasks.py -> /home/tien/Documents/GitHub/BoutToHackNASA/source/godang_ws/build/vision/build/lib/vision/ultralytics/nn
[4.232s] copying vision/ultralytics/engine/exporter.py -> /home/tien/Documents/GitHub/BoutToHackNASA/source/godang_ws/build/vision/build/lib/vision/ultralytics/engine
[4.233s] copying vision/ultralytics/engine/trainer.py -> /home/tien/Documents/GitHub/BoutToHackNASA/source/godang_ws/build/vision/build/lib/vision/ultralytics/engine
[4.234s] copying vision/ultralytics/engine/model.py -> /home/tien/Documents/GitHub/BoutToHackNASA/source/godang_ws/build/vision/build/lib/vision/ultralytics/engine
[4.235s] copying vision/ultralytics/engine/predictor.py -> /home/tien/Documents/GitHub/BoutToHackNASA/source/godang_ws/build/vision/build/lib/vision/ultralytics/engine
[4.235s] copying vision/ultralytics/engine/results.py -> /home/tien/Documents/GitHub/BoutToHackNASA/source/godang_ws/build/vision/build/lib/vision/ultralytics/engine
[4.236s] copying vision/ultralytics/engine/tuner.py -> /home/tien/Documents/GitHub/BoutToHackNASA/source/godang_ws/build/vision/build/lib/vision/ultralytics/engine
[4.237s] copying vision/ultralytics/engine/__init__.py -> /home/tien/Documents/GitHub/BoutToHackNASA/source/godang_ws/build/vision/build/lib/vision/ultralytics/engine
[4.238s] copying vision/ultralytics/engine/validator.py -> /home/tien/Documents/GitHub/BoutToHackNASA/source/godang_ws/build/vision/build/lib/vision/ultralytics/engine
[4.239s] copying vision/ultralytics/solutions/distance_calculation.py -> /home/tien/Documents/GitHub/BoutToHackNASA/source/godang_ws/build/vision/build/lib/vision/ultralytics/solutions
[4.239s] copying vision/ultralytics/solutions/ai_gym.py -> /home/tien/Documents/GitHub/BoutToHackNASA/source/godang_ws/build/vision/build/lib/vision/ultralytics/solutions
[4.240s] copying vision/ultralytics/solutions/object_counter.py -> /home/tien/Documents/GitHub/BoutToHackNASA/source/godang_ws/build/vision/build/lib/vision/ultralytics/solutions
[4.240s] copying vision/ultralytics/solutions/__init__.py -> /home/tien/Documents/GitHub/BoutToHackNASA/source/godang_ws/build/vision/build/lib/vision/ultralytics/solutions
[4.240s] copying vision/ultralytics/solutions/heatmap.py -> /home/tien/Documents/GitHub/BoutToHackNASA/source/godang_ws/build/vision/build/lib/vision/ultralytics/solutions
[4.241s] copying vision/ultralytics/solutions/speed_estimation.py -> /home/tien/Documents/GitHub/BoutToHackNASA/source/godang_ws/build/vision/build/lib/vision/ultralytics/solutions
[4.242s] copying vision/ultralytics/utils/files.py -> /home/tien/Documents/GitHub/BoutToHackNASA/source/godang_ws/build/vision/build/lib/vision/ultralytics/utils
[4.242s] copying vision/ultralytics/utils/metrics.py -> /home/tien/Documents/GitHub/BoutToHackNASA/source/godang_ws/build/vision/build/lib/vision/ultralytics/utils
[4.243s] copying vision/ultralytics/utils/loss.py -> /home/tien/Documents/GitHub/BoutToHackNASA/source/godang_ws/build/vision/build/lib/vision/ultralytics/utils
[4.243s] copying vision/ultralytics/utils/errors.py -> /home/tien/Documents/GitHub/BoutToHackNASA/source/godang_ws/build/vision/build/lib/vision/ultralytics/utils
[4.244s] copying vision/ultralytics/utils/triton.py -> /home/tien/Documents/GitHub/BoutToHackNASA/source/godang_ws/build/vision/build/lib/vision/ultralytics/utils
[4.244s] copying vision/ultralytics/utils/dist.py -> /home/tien/Documents/GitHub/BoutToHackNASA/source/godang_ws/build/vision/build/lib/vision/ultralytics/utils
[4.245s] copying vision/ultralytics/utils/autobatch.py -> /home/tien/Documents/GitHub/BoutToHackNASA/source/godang_ws/build/vision/build/lib/vision/ultralytics/utils
[4.246s] copying vision/ultralytics/utils/tal.py -> /home/tien/Documents/GitHub/BoutToHackNASA/source/godang_ws/build/vision/build/lib/vision/ultralytics/utils
[4.247s] copying vision/ultralytics/utils/ops.py -> /home/tien/Documents/GitHub/BoutToHackNASA/source/godang_ws/build/vision/build/lib/vision/ultralytics/utils
[4.248s] copying vision/ultralytics/utils/instance.py -> /home/tien/Documents/GitHub/BoutToHackNASA/source/godang_ws/build/vision/build/lib/vision/ultralytics/utils
[4.248s] copying vision/ultralytics/utils/checks.py -> /home/tien/Documents/GitHub/BoutToHackNASA/source/godang_ws/build/vision/build/lib/vision/ultralytics/utils
[4.249s] copying vision/ultralytics/utils/patches.py -> /home/tien/Documents/GitHub/BoutToHackNASA/source/godang_ws/build/vision/build/lib/vision/ultralytics/utils
[4.250s] copying vision/ultralytics/utils/benchmarks.py -> /home/tien/Documents/GitHub/BoutToHackNASA/source/godang_ws/build/vision/build/lib/vision/ultralytics/utils
[4.250s] copying vision/ultralytics/utils/tuner.py -> /home/tien/Documents/GitHub/BoutToHackNASA/source/godang_ws/build/vision/build/lib/vision/ultralytics/utils
[4.251s] copying vision/ultralytics/utils/torch_utils.py -> /home/tien/Documents/GitHub/BoutToHackNASA/source/godang_ws/build/vision/build/lib/vision/ultralytics/utils
[4.251s] copying vision/ultralytics/utils/plotting.py -> /home/tien/Documents/GitHub/BoutToHackNASA/source/godang_ws/build/vision/build/lib/vision/ultralytics/utils
[4.252s] copying vision/ultralytics/utils/__init__.py -> /home/tien/Documents/GitHub/BoutToHackNASA/source/godang_ws/build/vision/build/lib/vision/ultralytics/utils
[4.252s] copying vision/ultralytics/utils/downloads.py -> /home/tien/Documents/GitHub/BoutToHackNASA/source/godang_ws/build/vision/build/lib/vision/ultralytics/utils
[4.253s] copying vision/ultralytics/trackers/bot_sort.py -> /home/tien/Documents/GitHub/BoutToHackNASA/source/godang_ws/build/vision/build/lib/vision/ultralytics/trackers
[4.253s] copying vision/ultralytics/trackers/byte_tracker.py -> /home/tien/Documents/GitHub/BoutToHackNASA/source/godang_ws/build/vision/build/lib/vision/ultralytics/trackers
[4.254s] copying vision/ultralytics/trackers/__init__.py -> /home/tien/Documents/GitHub/BoutToHackNASA/source/godang_ws/build/vision/build/lib/vision/ultralytics/trackers
[4.254s] copying vision/ultralytics/trackers/basetrack.py -> /home/tien/Documents/GitHub/BoutToHackNASA/source/godang_ws/build/vision/build/lib/vision/ultralytics/trackers
[4.254s] copying vision/ultralytics/trackers/track.py -> /home/tien/Documents/GitHub/BoutToHackNASA/source/godang_ws/build/vision/build/lib/vision/ultralytics/trackers
[4.256s] copying vision/ultralytics/hub/session.py -> /home/tien/Documents/GitHub/BoutToHackNASA/source/godang_ws/build/vision/build/lib/vision/ultralytics/hub
[4.257s] copying vision/ultralytics/hub/auth.py -> /home/tien/Documents/GitHub/BoutToHackNASA/source/godang_ws/build/vision/build/lib/vision/ultralytics/hub
[4.257s] copying vision/ultralytics/hub/utils.py -> /home/tien/Documents/GitHub/BoutToHackNASA/source/godang_ws/build/vision/build/lib/vision/ultralytics/hub
[4.258s] copying vision/ultralytics/hub/__init__.py -> /home/tien/Documents/GitHub/BoutToHackNASA/source/godang_ws/build/vision/build/lib/vision/ultralytics/hub
[4.260s] copying vision/ultralytics/data/explorer/explorer.py -> /home/tien/Documents/GitHub/BoutToHackNASA/source/godang_ws/build/vision/build/lib/vision/ultralytics/data/explorer
[4.262s] copying vision/ultralytics/data/explorer/utils.py -> /home/tien/Documents/GitHub/BoutToHackNASA/source/godang_ws/build/vision/build/lib/vision/ultralytics/data/explorer
[4.262s] copying vision/ultralytics/data/explorer/__init__.py -> /home/tien/Documents/GitHub/BoutToHackNASA/source/godang_ws/build/vision/build/lib/vision/ultralytics/data/explorer
[4.263s] copying vision/ultralytics/data/explorer/gui/dash.py -> /home/tien/Documents/GitHub/BoutToHackNASA/source/godang_ws/build/vision/build/lib/vision/ultralytics/data/explorer/gui
[4.264s] copying vision/ultralytics/data/explorer/gui/__init__.py -> /home/tien/Documents/GitHub/BoutToHackNASA/source/godang_ws/build/vision/build/lib/vision/ultralytics/data/explorer/gui
[4.265s] copying vision/ultralytics/models/yolo/model.py -> /home/tien/Documents/GitHub/BoutToHackNASA/source/godang_ws/build/vision/build/lib/vision/ultralytics/models/yolo
[4.265s] copying vision/ultralytics/models/yolo/__init__.py -> /home/tien/Documents/GitHub/BoutToHackNASA/source/godang_ws/build/vision/build/lib/vision/ultralytics/models/yolo
[4.266s] copying vision/ultralytics/models/fastsam/model.py -> /home/tien/Documents/GitHub/BoutToHackNASA/source/godang_ws/build/vision/build/lib/vision/ultralytics/models/fastsam
[4.266s] copying vision/ultralytics/models/fastsam/val.py -> /home/tien/Documents/GitHub/BoutToHackNASA/source/godang_ws/build/vision/build/lib/vision/ultralytics/models/fastsam
[4.267s] copying vision/ultralytics/models/fastsam/predict.py -> /home/tien/Documents/GitHub/BoutToHackNASA/source/godang_ws/build/vision/build/lib/vision/ultralytics/models/fastsam
[4.267s] copying vision/ultralytics/models/fastsam/prompt.py -> /home/tien/Documents/GitHub/BoutToHackNASA/source/godang_ws/build/vision/build/lib/vision/ultralytics/models/fastsam
[4.267s] copying vision/ultralytics/models/fastsam/utils.py -> /home/tien/Documents/GitHub/BoutToHackNASA/source/godang_ws/build/vision/build/lib/vision/ultralytics/models/fastsam
[4.267s] copying vision/ultralytics/models/fastsam/__init__.py -> /home/tien/Documents/GitHub/BoutToHackNASA/source/godang_ws/build/vision/build/lib/vision/ultralytics/models/fastsam
[4.268s] copying vision/ultralytics/models/nas/model.py -> /home/tien/Documents/GitHub/BoutToHackNASA/source/godang_ws/build/vision/build/lib/vision/ultralytics/models/nas
[4.268s] copying vision/ultralytics/models/nas/val.py -> /home/tien/Documents/GitHub/BoutToHackNASA/source/godang_ws/build/vision/build/lib/vision/ultralytics/models/nas
[4.268s] copying vision/ultralytics/models/nas/predict.py -> /home/tien/Documents/GitHub/BoutToHackNASA/source/godang_ws/build/vision/build/lib/vision/ultralytics/models/nas
[4.268s] copying vision/ultralytics/models/nas/__init__.py -> /home/tien/Documents/GitHub/BoutToHackNASA/source/godang_ws/build/vision/build/lib/vision/ultralytics/models/nas
[4.268s] copying vision/ultralytics/models/rtdetr/train.py -> /home/tien/Documents/GitHub/BoutToHackNASA/source/godang_ws/build/vision/build/lib/vision/ultralytics/models/rtdetr
[4.269s] copying vision/ultralytics/models/rtdetr/model.py -> /home/tien/Documents/GitHub/BoutToHackNASA/source/godang_ws/build/vision/build/lib/vision/ultralytics/models/rtdetr
[4.271s] copying vision/ultralytics/models/rtdetr/val.py -> /home/tien/Documents/GitHub/BoutToHackNASA/source/godang_ws/build/vision/build/lib/vision/ultralytics/models/rtdetr
[4.271s] copying vision/ultralytics/models/rtdetr/predict.py -> /home/tien/Documents/GitHub/BoutToHackNASA/source/godang_ws/build/vision/build/lib/vision/ultralytics/models/rtdetr
[4.271s] copying vision/ultralytics/models/rtdetr/__init__.py -> /home/tien/Documents/GitHub/BoutToHackNASA/source/godang_ws/build/vision/build/lib/vision/ultralytics/models/rtdetr
[4.272s] copying vision/ultralytics/models/utils/loss.py -> /home/tien/Documents/GitHub/BoutToHackNASA/source/godang_ws/build/vision/build/lib/vision/ultralytics/models/utils
[4.272s] copying vision/ultralytics/models/utils/ops.py -> /home/tien/Documents/GitHub/BoutToHackNASA/source/godang_ws/build/vision/build/lib/vision/ultralytics/models/utils
[4.272s] copying vision/ultralytics/models/utils/__init__.py -> /home/tien/Documents/GitHub/BoutToHackNASA/source/godang_ws/build/vision/build/lib/vision/ultralytics/models/utils
[4.275s] copying vision/ultralytics/models/yolov10/train.py -> /home/tien/Documents/GitHub/BoutToHackNASA/source/godang_ws/build/vision/build/lib/vision/ultralytics/models/yolov10
[4.276s] copying vision/ultralytics/models/yolov10/model.py -> /home/tien/Documents/GitHub/BoutToHackNASA/source/godang_ws/build/vision/build/lib/vision/ultralytics/models/yolov10
[4.277s] copying vision/ultralytics/models/yolov10/val.py -> /home/tien/Documents/GitHub/BoutToHackNASA/source/godang_ws/build/vision/build/lib/vision/ultralytics/models/yolov10
[4.278s] copying vision/ultralytics/models/yolov10/predict.py -> /home/tien/Documents/GitHub/BoutToHackNASA/source/godang_ws/build/vision/build/lib/vision/ultralytics/models/yolov10
[4.278s] copying vision/ultralytics/models/yolov10/__init__.py -> /home/tien/Documents/GitHub/BoutToHackNASA/source/godang_ws/build/vision/build/lib/vision/ultralytics/models/yolov10
[4.278s] copying vision/ultralytics/models/sam/amg.py -> /home/tien/Documents/GitHub/BoutToHackNASA/source/godang_ws/build/vision/build/lib/vision/ultralytics/models/sam
[4.279s] copying vision/ultralytics/models/sam/model.py -> /home/tien/Documents/GitHub/BoutToHackNASA/source/godang_ws/build/vision/build/lib/vision/ultralytics/models/sam
[4.280s] copying vision/ultralytics/models/sam/build.py -> /home/tien/Documents/GitHub/BoutToHackNASA/source/godang_ws/build/vision/build/lib/vision/ultralytics/models/sam
[4.281s] copying vision/ultralytics/models/sam/predict.py -> /home/tien/Documents/GitHub/BoutToHackNASA/source/godang_ws/build/vision/build/lib/vision/ultralytics/models/sam
[4.281s] copying vision/ultralytics/models/sam/__init__.py -> /home/tien/Documents/GitHub/BoutToHackNASA/source/godang_ws/build/vision/build/lib/vision/ultralytics/models/sam
[4.283s] copying vision/ultralytics/models/yolo/obb/train.py -> /home/tien/Documents/GitHub/BoutToHackNASA/source/godang_ws/build/vision/build/lib/vision/ultralytics/models/yolo/obb
[4.284s] copying vision/ultralytics/models/yolo/obb/val.py -> /home/tien/Documents/GitHub/BoutToHackNASA/source/godang_ws/build/vision/build/lib/vision/ultralytics/models/yolo/obb
[4.285s] copying vision/ultralytics/models/yolo/obb/predict.py -> /home/tien/Documents/GitHub/BoutToHackNASA/source/godang_ws/build/vision/build/lib/vision/ultralytics/models/yolo/obb
[4.285s] copying vision/ultralytics/models/yolo/obb/__init__.py -> /home/tien/Documents/GitHub/BoutToHackNASA/source/godang_ws/build/vision/build/lib/vision/ultralytics/models/yolo/obb
[4.286s] copying vision/ultralytics/models/yolo/pose/train.py -> /home/tien/Documents/GitHub/BoutToHackNASA/source/godang_ws/build/vision/build/lib/vision/ultralytics/models/yolo/pose
[4.287s] copying vision/ultralytics/models/yolo/pose/val.py -> /home/tien/Documents/GitHub/BoutToHackNASA/source/godang_ws/build/vision/build/lib/vision/ultralytics/models/yolo/pose
[4.288s] copying vision/ultralytics/models/yolo/pose/predict.py -> /home/tien/Documents/GitHub/BoutToHackNASA/source/godang_ws/build/vision/build/lib/vision/ultralytics/models/yolo/pose
[4.289s] copying vision/ultralytics/models/yolo/pose/__init__.py -> /home/tien/Documents/GitHub/BoutToHackNASA/source/godang_ws/build/vision/build/lib/vision/ultralytics/models/yolo/pose
[4.290s] copying vision/ultralytics/models/yolo/detect/train.py -> /home/tien/Documents/GitHub/BoutToHackNASA/source/godang_ws/build/vision/build/lib/vision/ultralytics/models/yolo/detect
[4.291s] copying vision/ultralytics/models/yolo/detect/val.py -> /home/tien/Documents/GitHub/BoutToHackNASA/source/godang_ws/build/vision/build/lib/vision/ultralytics/models/yolo/detect
[4.292s] copying vision/ultralytics/models/yolo/detect/predict.py -> /home/tien/Documents/GitHub/BoutToHackNASA/source/godang_ws/build/vision/build/lib/vision/ultralytics/models/yolo/detect
[4.292s] copying vision/ultralytics/models/yolo/detect/__init__.py -> /home/tien/Documents/GitHub/BoutToHackNASA/source/godang_ws/build/vision/build/lib/vision/ultralytics/models/yolo/detect
[4.293s] copying vision/ultralytics/models/yolo/segment/train.py -> /home/tien/Documents/GitHub/BoutToHackNASA/source/godang_ws/build/vision/build/lib/vision/ultralytics/models/yolo/segment
[4.294s] copying vision/ultralytics/models/yolo/segment/val.py -> /home/tien/Documents/GitHub/BoutToHackNASA/source/godang_ws/build/vision/build/lib/vision/ultralytics/models/yolo/segment
[4.295s] copying vision/ultralytics/models/yolo/segment/predict.py -> /home/tien/Documents/GitHub/BoutToHackNASA/source/godang_ws/build/vision/build/lib/vision/ultralytics/models/yolo/segment
[4.296s] copying vision/ultralytics/models/yolo/segment/__init__.py -> /home/tien/Documents/GitHub/BoutToHackNASA/source/godang_ws/build/vision/build/lib/vision/ultralytics/models/yolo/segment
[4.297s] copying vision/ultralytics/models/yolo/classify/train.py -> /home/tien/Documents/GitHub/BoutToHackNASA/source/godang_ws/build/vision/build/lib/vision/ultralytics/models/yolo/classify
[4.297s] copying vision/ultralytics/models/yolo/classify/val.py -> /home/tien/Documents/GitHub/BoutToHackNASA/source/godang_ws/build/vision/build/lib/vision/ultralytics/models/yolo/classify
[4.298s] copying vision/ultralytics/models/yolo/classify/predict.py -> /home/tien/Documents/GitHub/BoutToHackNASA/source/godang_ws/build/vision/build/lib/vision/ultralytics/models/yolo/classify
[4.299s] copying vision/ultralytics/models/yolo/classify/__init__.py -> /home/tien/Documents/GitHub/BoutToHackNASA/source/godang_ws/build/vision/build/lib/vision/ultralytics/models/yolo/classify
[4.300s] copying vision/ultralytics/models/sam/modules/transformer.py -> /home/tien/Documents/GitHub/BoutToHackNASA/source/godang_ws/build/vision/build/lib/vision/ultralytics/models/sam/modules
[4.301s] copying vision/ultralytics/models/sam/modules/decoders.py -> /home/tien/Documents/GitHub/BoutToHackNASA/source/godang_ws/build/vision/build/lib/vision/ultralytics/models/sam/modules
[4.301s] copying vision/ultralytics/models/sam/modules/encoders.py -> /home/tien/Documents/GitHub/BoutToHackNASA/source/godang_ws/build/vision/build/lib/vision/ultralytics/models/sam/modules
[4.302s] copying vision/ultralytics/models/sam/modules/tiny_encoder.py -> /home/tien/Documents/GitHub/BoutToHackNASA/source/godang_ws/build/vision/build/lib/vision/ultralytics/models/sam/modules
[4.303s] copying vision/ultralytics/models/sam/modules/sam.py -> /home/tien/Documents/GitHub/BoutToHackNASA/source/godang_ws/build/vision/build/lib/vision/ultralytics/models/sam/modules
[4.304s] copying vision/ultralytics/models/sam/modules/__init__.py -> /home/tien/Documents/GitHub/BoutToHackNASA/source/godang_ws/build/vision/build/lib/vision/ultralytics/models/sam/modules
[4.305s] copying vision/ultralytics/nn/modules/transformer.py -> /home/tien/Documents/GitHub/BoutToHackNASA/source/godang_ws/build/vision/build/lib/vision/ultralytics/nn/modules
[4.306s] copying vision/ultralytics/nn/modules/head.py -> /home/tien/Documents/GitHub/BoutToHackNASA/source/godang_ws/build/vision/build/lib/vision/ultralytics/nn/modules
[4.306s] copying vision/ultralytics/nn/modules/conv.py -> /home/tien/Documents/GitHub/BoutToHackNASA/source/godang_ws/build/vision/build/lib/vision/ultralytics/nn/modules
[4.307s] copying vision/ultralytics/nn/modules/block.py -> /home/tien/Documents/GitHub/BoutToHackNASA/source/godang_ws/build/vision/build/lib/vision/ultralytics/nn/modules
[4.308s] copying vision/ultralytics/nn/modules/utils.py -> /home/tien/Documents/GitHub/BoutToHackNASA/source/godang_ws/build/vision/build/lib/vision/ultralytics/nn/modules
[4.309s] copying vision/ultralytics/nn/modules/__init__.py -> /home/tien/Documents/GitHub/BoutToHackNASA/source/godang_ws/build/vision/build/lib/vision/ultralytics/nn/modules
[4.310s] copying vision/ultralytics/utils/callbacks/dvc.py -> /home/tien/Documents/GitHub/BoutToHackNASA/source/godang_ws/build/vision/build/lib/vision/ultralytics/utils/callbacks
[4.311s] copying vision/ultralytics/utils/callbacks/neptune.py -> /home/tien/Documents/GitHub/BoutToHackNASA/source/godang_ws/build/vision/build/lib/vision/ultralytics/utils/callbacks
[4.312s] copying vision/ultralytics/utils/callbacks/mlflow.py -> /home/tien/Documents/GitHub/BoutToHackNASA/source/godang_ws/build/vision/build/lib/vision/ultralytics/utils/callbacks
[4.312s] copying vision/ultralytics/utils/callbacks/tensorboard.py -> /home/tien/Documents/GitHub/BoutToHackNASA/source/godang_ws/build/vision/build/lib/vision/ultralytics/utils/callbacks
[4.313s] copying vision/ultralytics/utils/callbacks/clearml.py -> /home/tien/Documents/GitHub/BoutToHackNASA/source/godang_ws/build/vision/build/lib/vision/ultralytics/utils/callbacks
[4.314s] copying vision/ultralytics/utils/callbacks/wb.py -> /home/tien/Documents/GitHub/BoutToHackNASA/source/godang_ws/build/vision/build/lib/vision/ultralytics/utils/callbacks
[4.315s] copying vision/ultralytics/utils/callbacks/comet.py -> /home/tien/Documents/GitHub/BoutToHackNASA/source/godang_ws/build/vision/build/lib/vision/ultralytics/utils/callbacks
[4.316s] copying vision/ultralytics/utils/callbacks/hub.py -> /home/tien/Documents/GitHub/BoutToHackNASA/source/godang_ws/build/vision/build/lib/vision/ultralytics/utils/callbacks
[4.317s] copying vision/ultralytics/utils/callbacks/__init__.py -> /home/tien/Documents/GitHub/BoutToHackNASA/source/godang_ws/build/vision/build/lib/vision/ultralytics/utils/callbacks
[4.317s] copying vision/ultralytics/utils/callbacks/raytune.py -> /home/tien/Documents/GitHub/BoutToHackNASA/source/godang_ws/build/vision/build/lib/vision/ultralytics/utils/callbacks
[4.318s] copying vision/ultralytics/utils/callbacks/base.py -> /home/tien/Documents/GitHub/BoutToHackNASA/source/godang_ws/build/vision/build/lib/vision/ultralytics/utils/callbacks
[4.319s] copying vision/ultralytics/trackers/utils/gmc.py -> /home/tien/Documents/GitHub/BoutToHackNASA/source/godang_ws/build/vision/build/lib/vision/ultralytics/trackers/utils
[4.320s] copying vision/ultralytics/trackers/utils/kalman_filter.py -> /home/tien/Documents/GitHub/BoutToHackNASA/source/godang_ws/build/vision/build/lib/vision/ultralytics/trackers/utils
[4.320s] copying vision/ultralytics/trackers/utils/matching.py -> /home/tien/Documents/GitHub/BoutToHackNASA/source/godang_ws/build/vision/build/lib/vision/ultralytics/trackers/utils
[4.321s] copying vision/ultralytics/trackers/utils/__init__.py -> /home/tien/Documents/GitHub/BoutToHackNASA/source/godang_ws/build/vision/build/lib/vision/ultralytics/trackers/utils
[4.336s] running install
[4.354s] running install_lib
[4.455s] running install_data
[4.456s] copying resource/vision -> /home/tien/Documents/GitHub/BoutToHackNASA/source/godang_ws/install/vision/share/ament_index/resource_index/packages
[4.456s] copying package.xml -> /home/tien/Documents/GitHub/BoutToHackNASA/source/godang_ws/install/vision/share/vision
[4.456s] running install_egg_info
[4.496s] removing '/home/tien/Documents/GitHub/BoutToHackNASA/source/godang_ws/install/vision/lib/python3.10/site-packages/vision-0.0.0-py3.10.egg-info' (and everything under it)
[4.496s] Copying ../../build/vision/vision.egg-info to /home/tien/Documents/GitHub/BoutToHackNASA/source/godang_ws/install/vision/lib/python3.10/site-packages/vision-0.0.0-py3.10.egg-info
[4.498s] running install_scripts
[4.856s] Installing vision_ball script to /home/tien/Documents/GitHub/BoutToHackNASA/source/godang_ws/install/vision/lib/vision
[4.856s] Installing vision_silo script to /home/tien/Documents/GitHub/BoutToHackNASA/source/godang_ws/install/vision/lib/vision
[4.864s] writing list of installed files to '/home/tien/Documents/GitHub/BoutToHackNASA/source/godang_ws/build/vision/install.log'
[4.915s] Invoked command in '/home/tien/Documents/GitHub/BoutToHackNASA/source/godang_ws/src/vision' returned '0': PYTHONPATH=/home/tien/Documents/GitHub/BoutToHackNASA/source/godang_ws/build/vision/prefix_override:/home/tien/Documents/GitHub/BoutToHackNASA/source/godang_ws/install/vision/lib/python3.10/site-packages:${PYTHONPATH} /usr/bin/python3 -W ignore:setup.py install is deprecated setup.py egg_info --egg-base ../../build/vision build --build-base /home/tien/Documents/GitHub/BoutToHackNASA/source/godang_ws/build/vision/build install --record /home/tien/Documents/GitHub/BoutToHackNASA/source/godang_ws/build/vision/install.log --single-version-externally-managed install_data
