[0.287s] DEBUG:colcon:Command line arguments: ['/usr/bin/colcon', 'list', '-p', '--base-paths', '/home/tien/Documents/GitHub/BoutToHackNASA/source/godang_ws']
[0.288s] DEBUG:colcon:Parsed command line arguments: Namespace(log_base=None, log_level=None, verb_name='list', build_base='build', ignore_user_meta=False, metas=['./colcon.meta'], base_paths=['/home/tien/Documents/GitHub/BoutToHackNASA/source/godang_ws'], packages_ignore=None, packages_ignore_regex=None, paths=None, packages_up_to=None, packages_up_to_regex=None, packages_above=None, packages_above_and_dependencies=None, packages_above_depth=None, packages_select_by_dep=None, packages_skip_by_dep=None, packages_skip_up_to=None, packages_select_build_failed=False, packages_skip_build_finished=False, packages_select_test_failures=False, packages_skip_test_passed=False, packages_select=None, packages_skip=None, packages_select_regex=None, packages_skip_regex=None, packages_start=None, packages_end=None, allow_overriding=[], topological_order=False, names_only=False, paths_only=True, topological_graph=False, topological_graph_dot=False, topological_graph_density=False, topological_graph_legend=False, topological_graph_dot_cluster=False, topological_graph_dot_include_skipped=False, mixin_files=None, mixin=None, verb_parser=<colcon_mixin.mixin.mixin_argument.MixinArgumentDecorator object at 0x7a1a1c95b250>, verb_extension=<colcon_package_information.verb.list.ListVerb object at 0x7a1a1ca6f0d0>, main=<bound method ListVerb.main of <colcon_package_information.verb.list.ListVerb object at 0x7a1a1ca6f0d0>>, mixin_verb=('list',))
[0.793s] Level 1:colcon.colcon_core.package_discovery:discover_packages(colcon_meta) check parameters
[0.793s] Level 1:colcon.colcon_core.package_discovery:discover_packages(recursive) check parameters
[0.793s] Level 1:colcon.colcon_core.package_discovery:discover_packages(ignore) check parameters
[0.793s] Level 1:colcon.colcon_core.package_discovery:discover_packages(path) check parameters
[0.793s] Level 1:colcon.colcon_core.package_discovery:discover_packages(recursive) discover
[0.793s] INFO:colcon.colcon_core.package_discovery:Crawling recursively for packages in '/home/tien/Documents/GitHub/BoutToHackNASA/source/godang_ws'
[0.793s] Level 1:colcon.colcon_core.package_identification:_identify(/home/tien/Documents/GitHub/BoutToHackNASA/source/godang_ws) by extensions ['ignore', 'ignore_ament_install']
[0.794s] Level 1:colcon.colcon_core.package_identification:_identify(/home/tien/Documents/GitHub/BoutToHackNASA/source/godang_ws) by extension 'ignore'
[0.794s] Level 1:colcon.colcon_core.package_identification:_identify(/home/tien/Documents/GitHub/BoutToHackNASA/source/godang_ws) by extension 'ignore_ament_install'
[0.794s] Level 1:colcon.colcon_core.package_identification:_identify(/home/tien/Documents/GitHub/BoutToHackNASA/source/godang_ws) by extensions ['colcon_pkg']
[0.794s] Level 1:colcon.colcon_core.package_identification:_identify(/home/tien/Documents/GitHub/BoutToHackNASA/source/godang_ws) by extension 'colcon_pkg'
[0.794s] Level 1:colcon.colcon_core.package_identification:_identify(/home/tien/Documents/GitHub/BoutToHackNASA/source/godang_ws) by extensions ['colcon_meta']
[0.794s] Level 1:colcon.colcon_core.package_identification:_identify(/home/tien/Documents/GitHub/BoutToHackNASA/source/godang_ws) by extension 'colcon_meta'
[0.794s] Level 1:colcon.colcon_core.package_identification:_identify(/home/tien/Documents/GitHub/BoutToHackNASA/source/godang_ws) by extensions ['ros']
[0.794s] Level 1:colcon.colcon_core.package_identification:_identify(/home/tien/Documents/GitHub/BoutToHackNASA/source/godang_ws) by extension 'ros'
[0.821s] Level 1:colcon.colcon_core.package_identification:_identify(/home/tien/Documents/GitHub/BoutToHackNASA/source/godang_ws) by extensions ['cmake', 'python']
[0.821s] Level 1:colcon.colcon_core.package_identification:_identify(/home/tien/Documents/GitHub/BoutToHackNASA/source/godang_ws) by extension 'cmake'
[0.821s] Level 1:colcon.colcon_core.package_identification:_identify(/home/tien/Documents/GitHub/BoutToHackNASA/source/godang_ws) by extension 'python'
[0.821s] Level 1:colcon.colcon_core.package_identification:_identify(/home/tien/Documents/GitHub/BoutToHackNASA/source/godang_ws) by extensions ['python_setup_py']
[0.821s] Level 1:colcon.colcon_core.package_identification:_identify(/home/tien/Documents/GitHub/BoutToHackNASA/source/godang_ws) by extension 'python_setup_py'
[0.821s] Level 1:colcon.colcon_core.package_identification:_identify(/home/tien/Documents/GitHub/BoutToHackNASA/source/godang_ws/build) by extensions ['ignore', 'ignore_ament_install']
[0.822s] Level 1:colcon.colcon_core.package_identification:_identify(/home/tien/Documents/GitHub/BoutToHackNASA/source/godang_ws/build) by extension 'ignore'
[0.822s] Level 1:colcon.colcon_core.package_identification:_identify(/home/tien/Documents/GitHub/BoutToHackNASA/source/godang_ws/build) ignored
[0.822s] Level 1:colcon.colcon_core.package_identification:_identify(/home/tien/Documents/GitHub/BoutToHackNASA/source/godang_ws/install) by extensions ['ignore', 'ignore_ament_install']
[0.822s] Level 1:colcon.colcon_core.package_identification:_identify(/home/tien/Documents/GitHub/BoutToHackNASA/source/godang_ws/install) by extension 'ignore'
[0.823s] Level 1:colcon.colcon_core.package_identification:_identify(/home/tien/Documents/GitHub/BoutToHackNASA/source/godang_ws/install) ignored
[0.823s] Level 1:colcon.colcon_core.package_identification:_identify(/home/tien/Documents/GitHub/BoutToHackNASA/source/godang_ws/log) by extensions ['ignore', 'ignore_ament_install']
[0.823s] Level 1:colcon.colcon_core.package_identification:_identify(/home/tien/Documents/GitHub/BoutToHackNASA/source/godang_ws/log) by extension 'ignore'
[0.823s] Level 1:colcon.colcon_core.package_identification:_identify(/home/tien/Documents/GitHub/BoutToHackNASA/source/godang_ws/log) ignored
[0.823s] Level 1:colcon.colcon_core.package_identification:_identify(/home/tien/Documents/GitHub/BoutToHackNASA/source/godang_ws/src) by extensions ['ignore', 'ignore_ament_install']
[0.823s] Level 1:colcon.colcon_core.package_identification:_identify(/home/tien/Documents/GitHub/BoutToHackNASA/source/godang_ws/src) by extension 'ignore'
[0.824s] Level 1:colcon.colcon_core.package_identification:_identify(/home/tien/Documents/GitHub/BoutToHackNASA/source/godang_ws/src) by extension 'ignore_ament_install'
[0.824s] Level 1:colcon.colcon_core.package_identification:_identify(/home/tien/Documents/GitHub/BoutToHackNASA/source/godang_ws/src) by extensions ['colcon_pkg']
[0.824s] Level 1:colcon.colcon_core.package_identification:_identify(/home/tien/Documents/GitHub/BoutToHackNASA/source/godang_ws/src) by extension 'colcon_pkg'
[0.824s] Level 1:colcon.colcon_core.package_identification:_identify(/home/tien/Documents/GitHub/BoutToHackNASA/source/godang_ws/src) by extensions ['colcon_meta']
[0.824s] Level 1:colcon.colcon_core.package_identification:_identify(/home/tien/Documents/GitHub/BoutToHackNASA/source/godang_ws/src) by extension 'colcon_meta'
[0.824s] Level 1:colcon.colcon_core.package_identification:_identify(/home/tien/Documents/GitHub/BoutToHackNASA/source/godang_ws/src) by extensions ['ros']
[0.824s] Level 1:colcon.colcon_core.package_identification:_identify(/home/tien/Documents/GitHub/BoutToHackNASA/source/godang_ws/src) by extension 'ros'
[0.824s] Level 1:colcon.colcon_core.package_identification:_identify(/home/tien/Documents/GitHub/BoutToHackNASA/source/godang_ws/src) by extensions ['cmake', 'python']
[0.824s] Level 1:colcon.colcon_core.package_identification:_identify(/home/tien/Documents/GitHub/BoutToHackNASA/source/godang_ws/src) by extension 'cmake'
[0.824s] Level 1:colcon.colcon_core.package_identification:_identify(/home/tien/Documents/GitHub/BoutToHackNASA/source/godang_ws/src) by extension 'python'
[0.824s] Level 1:colcon.colcon_core.package_identification:_identify(/home/tien/Documents/GitHub/BoutToHackNASA/source/godang_ws/src) by extensions ['python_setup_py']
[0.824s] Level 1:colcon.colcon_core.package_identification:_identify(/home/tien/Documents/GitHub/BoutToHackNASA/source/godang_ws/src) by extension 'python_setup_py'
[0.825s] Level 1:colcon.colcon_core.package_identification:_identify(/home/tien/Documents/GitHub/BoutToHackNASA/source/godang_ws/src/localization) by extensions ['ignore', 'ignore_ament_install']
[0.825s] Level 1:colcon.colcon_core.package_identification:_identify(/home/tien/Documents/GitHub/BoutToHackNASA/source/godang_ws/src/localization) by extension 'ignore'
[0.825s] Level 1:colcon.colcon_core.package_identification:_identify(/home/tien/Documents/GitHub/BoutToHackNASA/source/godang_ws/src/localization) by extension 'ignore_ament_install'
[0.825s] Level 1:colcon.colcon_core.package_identification:_identify(/home/tien/Documents/GitHub/BoutToHackNASA/source/godang_ws/src/localization) by extensions ['colcon_pkg']
[0.825s] Level 1:colcon.colcon_core.package_identification:_identify(/home/tien/Documents/GitHub/BoutToHackNASA/source/godang_ws/src/localization) by extension 'colcon_pkg'
[0.825s] Level 1:colcon.colcon_core.package_identification:_identify(/home/tien/Documents/GitHub/BoutToHackNASA/source/godang_ws/src/localization) by extensions ['colcon_meta']
[0.825s] Level 1:colcon.colcon_core.package_identification:_identify(/home/tien/Documents/GitHub/BoutToHackNASA/source/godang_ws/src/localization) by extension 'colcon_meta'
[0.825s] Level 1:colcon.colcon_core.package_identification:_identify(/home/tien/Documents/GitHub/BoutToHackNASA/source/godang_ws/src/localization) by extensions ['ros']
[0.825s] Level 1:colcon.colcon_core.package_identification:_identify(/home/tien/Documents/GitHub/BoutToHackNASA/source/godang_ws/src/localization) by extension 'ros'
[0.830s] DEBUG:colcon.colcon_core.package_identification:Package '/home/tien/Documents/GitHub/BoutToHackNASA/source/godang_ws/src/localization' with type 'ros.ament_python' and name 'localization'
[0.830s] Level 1:colcon.colcon_core.package_identification:_identify(/home/tien/Documents/GitHub/BoutToHackNASA/source/godang_ws/src/planing) by extensions ['ignore', 'ignore_ament_install']
[0.831s] Level 1:colcon.colcon_core.package_identification:_identify(/home/tien/Documents/GitHub/BoutToHackNASA/source/godang_ws/src/planing) by extension 'ignore'
[0.831s] Level 1:colcon.colcon_core.package_identification:_identify(/home/tien/Documents/GitHub/BoutToHackNASA/source/godang_ws/src/planing) by extension 'ignore_ament_install'
[0.831s] Level 1:colcon.colcon_core.package_identification:_identify(/home/tien/Documents/GitHub/BoutToHackNASA/source/godang_ws/src/planing) by extensions ['colcon_pkg']
[0.831s] Level 1:colcon.colcon_core.package_identification:_identify(/home/tien/Documents/GitHub/BoutToHackNASA/source/godang_ws/src/planing) by extension 'colcon_pkg'
[0.831s] Level 1:colcon.colcon_core.package_identification:_identify(/home/tien/Documents/GitHub/BoutToHackNASA/source/godang_ws/src/planing) by extensions ['colcon_meta']
[0.831s] Level 1:colcon.colcon_core.package_identification:_identify(/home/tien/Documents/GitHub/BoutToHackNASA/source/godang_ws/src/planing) by extension 'colcon_meta'
[0.831s] Level 1:colcon.colcon_core.package_identification:_identify(/home/tien/Documents/GitHub/BoutToHackNASA/source/godang_ws/src/planing) by extensions ['ros']
[0.831s] Level 1:colcon.colcon_core.package_identification:_identify(/home/tien/Documents/GitHub/BoutToHackNASA/source/godang_ws/src/planing) by extension 'ros'
[0.832s] DEBUG:colcon.colcon_core.package_identification:Package '/home/tien/Documents/GitHub/BoutToHackNASA/source/godang_ws/src/planing' with type 'ros.ament_python' and name 'planing'
[0.832s] Level 1:colcon.colcon_core.package_identification:_identify(/home/tien/Documents/GitHub/BoutToHackNASA/source/godang_ws/src/vision) by extensions ['ignore', 'ignore_ament_install']
[0.833s] Level 1:colcon.colcon_core.package_identification:_identify(/home/tien/Documents/GitHub/BoutToHackNASA/source/godang_ws/src/vision) by extension 'ignore'
[0.833s] Level 1:colcon.colcon_core.package_identification:_identify(/home/tien/Documents/GitHub/BoutToHackNASA/source/godang_ws/src/vision) by extension 'ignore_ament_install'
[0.833s] Level 1:colcon.colcon_core.package_identification:_identify(/home/tien/Documents/GitHub/BoutToHackNASA/source/godang_ws/src/vision) by extensions ['colcon_pkg']
[0.833s] Level 1:colcon.colcon_core.package_identification:_identify(/home/tien/Documents/GitHub/BoutToHackNASA/source/godang_ws/src/vision) by extension 'colcon_pkg'
[0.833s] Level 1:colcon.colcon_core.package_identification:_identify(/home/tien/Documents/GitHub/BoutToHackNASA/source/godang_ws/src/vision) by extensions ['colcon_meta']
[0.833s] Level 1:colcon.colcon_core.package_identification:_identify(/home/tien/Documents/GitHub/BoutToHackNASA/source/godang_ws/src/vision) by extension 'colcon_meta'
[0.833s] Level 1:colcon.colcon_core.package_identification:_identify(/home/tien/Documents/GitHub/BoutToHackNASA/source/godang_ws/src/vision) by extensions ['ros']
[0.833s] Level 1:colcon.colcon_core.package_identification:_identify(/home/tien/Documents/GitHub/BoutToHackNASA/source/godang_ws/src/vision) by extension 'ros'
[0.848s] DEBUG:colcon.colcon_core.package_identification:Package '/home/tien/Documents/GitHub/BoutToHackNASA/source/godang_ws/src/vision' with type 'ros.ament_python' and name 'vision'
[0.848s] Level 1:colcon.colcon_core.package_discovery:discover_packages(recursive) using defaults
