/home/tien/Documents/GitHub/BoutToHackNASA/source/godang_ws/install/vision/lib/python3.10/site-packages/vision/Get_depth.py
/home/tien/Documents/GitHub/BoutToHackNASA/source/godang_ws/install/vision/lib/python3.10/site-packages/vision/silo_detect.py
/home/tien/Documents/GitHub/BoutToHackNASA/source/godang_ws/install/vision/lib/python3.10/site-packages/vision/ballonthefloor.py
/home/tien/Documents/GitHub/BoutToHackNASA/source/godang_ws/install/vision/lib/python3.10/site-packages/vision/vision_silo_node.py
/home/tien/Documents/GitHub/BoutToHackNASA/source/godang_ws/install/vision/lib/python3.10/site-packages/vision/silo_decision.py
/home/tien/Documents/GitHub/BoutToHackNASA/source/godang_ws/install/vision/lib/python3.10/site-packages/vision/cam_midball.py
/home/tien/Documents/GitHub/BoutToHackNASA/source/godang_ws/install/vision/lib/python3.10/site-packages/vision/config.py
/home/tien/Documents/GitHub/BoutToHackNASA/source/godang_ws/install/vision/lib/python3.10/site-packages/vision/linetracking.py
/home/tien/Documents/GitHub/BoutToHackNASA/source/godang_ws/install/vision/lib/python3.10/site-packages/vision/depth_scale_ball.py
/home/tien/Documents/GitHub/BoutToHackNASA/source/godang_ws/install/vision/lib/python3.10/site-packages/vision/vision_ball_node.py
/home/tien/Documents/GitHub/BoutToHackNASA/source/godang_ws/install/vision/lib/python3.10/site-packages/vision/checkcam.py
/home/tien/Documents/GitHub/BoutToHackNASA/source/godang_ws/install/vision/lib/python3.10/site-packages/vision/ML.py
/home/tien/Documents/GitHub/BoutToHackNASA/source/godang_ws/install/vision/lib/python3.10/site-packages/vision/__init__.py
/home/tien/Documents/GitHub/BoutToHackNASA/source/godang_ws/install/vision/lib/python3.10/site-packages/vision/ultralytics/__init__.py
/home/tien/Documents/GitHub/BoutToHackNASA/source/godang_ws/install/vision/lib/python3.10/site-packages/vision/ultralytics/cfg/__init__.py
/home/tien/Documents/GitHub/BoutToHackNASA/source/godang_ws/install/vision/lib/python3.10/site-packages/vision/ultralytics/data/dataset.py
/home/tien/Documents/GitHub/BoutToHackNASA/source/godang_ws/install/vision/lib/python3.10/site-packages/vision/ultralytics/data/split_dota.py
/home/tien/Documents/GitHub/BoutToHackNASA/source/godang_ws/install/vision/lib/python3.10/site-packages/vision/ultralytics/data/annotator.py
/home/tien/Documents/GitHub/BoutToHackNASA/source/godang_ws/install/vision/lib/python3.10/site-packages/vision/ultralytics/data/loaders.py
/home/tien/Documents/GitHub/BoutToHackNASA/source/godang_ws/install/vision/lib/python3.10/site-packages/vision/ultralytics/data/build.py
/home/tien/Documents/GitHub/BoutToHackNASA/source/godang_ws/install/vision/lib/python3.10/site-packages/vision/ultralytics/data/augment.py
/home/tien/Documents/GitHub/BoutToHackNASA/source/godang_ws/install/vision/lib/python3.10/site-packages/vision/ultralytics/data/utils.py
/home/tien/Documents/GitHub/BoutToHackNASA/source/godang_ws/install/vision/lib/python3.10/site-packages/vision/ultralytics/data/__init__.py
/home/tien/Documents/GitHub/BoutToHackNASA/source/godang_ws/install/vision/lib/python3.10/site-packages/vision/ultralytics/data/converter.py
/home/tien/Documents/GitHub/BoutToHackNASA/source/godang_ws/install/vision/lib/python3.10/site-packages/vision/ultralytics/data/base.py
/home/tien/Documents/GitHub/BoutToHackNASA/source/godang_ws/install/vision/lib/python3.10/site-packages/vision/ultralytics/models/__init__.py
/home/tien/Documents/GitHub/BoutToHackNASA/source/godang_ws/install/vision/lib/python3.10/site-packages/vision/ultralytics/nn/autobackend.py
/home/tien/Documents/GitHub/BoutToHackNASA/source/godang_ws/install/vision/lib/python3.10/site-packages/vision/ultralytics/nn/__init__.py
/home/tien/Documents/GitHub/BoutToHackNASA/source/godang_ws/install/vision/lib/python3.10/site-packages/vision/ultralytics/nn/tasks.py
/home/tien/Documents/GitHub/BoutToHackNASA/source/godang_ws/install/vision/lib/python3.10/site-packages/vision/ultralytics/engine/exporter.py
/home/tien/Documents/GitHub/BoutToHackNASA/source/godang_ws/install/vision/lib/python3.10/site-packages/vision/ultralytics/engine/trainer.py
/home/tien/Documents/GitHub/BoutToHackNASA/source/godang_ws/install/vision/lib/python3.10/site-packages/vision/ultralytics/engine/model.py
/home/tien/Documents/GitHub/BoutToHackNASA/source/godang_ws/install/vision/lib/python3.10/site-packages/vision/ultralytics/engine/predictor.py
/home/tien/Documents/GitHub/BoutToHackNASA/source/godang_ws/install/vision/lib/python3.10/site-packages/vision/ultralytics/engine/results.py
/home/tien/Documents/GitHub/BoutToHackNASA/source/godang_ws/install/vision/lib/python3.10/site-packages/vision/ultralytics/engine/tuner.py
/home/tien/Documents/GitHub/BoutToHackNASA/source/godang_ws/install/vision/lib/python3.10/site-packages/vision/ultralytics/engine/__init__.py
/home/tien/Documents/GitHub/BoutToHackNASA/source/godang_ws/install/vision/lib/python3.10/site-packages/vision/ultralytics/engine/validator.py
/home/tien/Documents/GitHub/BoutToHackNASA/source/godang_ws/install/vision/lib/python3.10/site-packages/vision/ultralytics/solutions/distance_calculation.py
/home/tien/Documents/GitHub/BoutToHackNASA/source/godang_ws/install/vision/lib/python3.10/site-packages/vision/ultralytics/solutions/ai_gym.py
/home/tien/Documents/GitHub/BoutToHackNASA/source/godang_ws/install/vision/lib/python3.10/site-packages/vision/ultralytics/solutions/object_counter.py
/home/tien/Documents/GitHub/BoutToHackNASA/source/godang_ws/install/vision/lib/python3.10/site-packages/vision/ultralytics/solutions/__init__.py
/home/tien/Documents/GitHub/BoutToHackNASA/source/godang_ws/install/vision/lib/python3.10/site-packages/vision/ultralytics/solutions/heatmap.py
/home/tien/Documents/GitHub/BoutToHackNASA/source/godang_ws/install/vision/lib/python3.10/site-packages/vision/ultralytics/solutions/speed_estimation.py
/home/tien/Documents/GitHub/BoutToHackNASA/source/godang_ws/install/vision/lib/python3.10/site-packages/vision/ultralytics/utils/files.py
/home/tien/Documents/GitHub/BoutToHackNASA/source/godang_ws/install/vision/lib/python3.10/site-packages/vision/ultralytics/utils/metrics.py
/home/tien/Documents/GitHub/BoutToHackNASA/source/godang_ws/install/vision/lib/python3.10/site-packages/vision/ultralytics/utils/loss.py
/home/tien/Documents/GitHub/BoutToHackNASA/source/godang_ws/install/vision/lib/python3.10/site-packages/vision/ultralytics/utils/errors.py
/home/tien/Documents/GitHub/BoutToHackNASA/source/godang_ws/install/vision/lib/python3.10/site-packages/vision/ultralytics/utils/triton.py
/home/tien/Documents/GitHub/BoutToHackNASA/source/godang_ws/install/vision/lib/python3.10/site-packages/vision/ultralytics/utils/dist.py
/home/tien/Documents/GitHub/BoutToHackNASA/source/godang_ws/install/vision/lib/python3.10/site-packages/vision/ultralytics/utils/autobatch.py
/home/tien/Documents/GitHub/BoutToHackNASA/source/godang_ws/install/vision/lib/python3.10/site-packages/vision/ultralytics/utils/tal.py
/home/tien/Documents/GitHub/BoutToHackNASA/source/godang_ws/install/vision/lib/python3.10/site-packages/vision/ultralytics/utils/ops.py
/home/tien/Documents/GitHub/BoutToHackNASA/source/godang_ws/install/vision/lib/python3.10/site-packages/vision/ultralytics/utils/instance.py
/home/tien/Documents/GitHub/BoutToHackNASA/source/godang_ws/install/vision/lib/python3.10/site-packages/vision/ultralytics/utils/checks.py
/home/tien/Documents/GitHub/BoutToHackNASA/source/godang_ws/install/vision/lib/python3.10/site-packages/vision/ultralytics/utils/patches.py
/home/tien/Documents/GitHub/BoutToHackNASA/source/godang_ws/install/vision/lib/python3.10/site-packages/vision/ultralytics/utils/benchmarks.py
/home/tien/Documents/GitHub/BoutToHackNASA/source/godang_ws/install/vision/lib/python3.10/site-packages/vision/ultralytics/utils/tuner.py
/home/tien/Documents/GitHub/BoutToHackNASA/source/godang_ws/install/vision/lib/python3.10/site-packages/vision/ultralytics/utils/torch_utils.py
/home/tien/Documents/GitHub/BoutToHackNASA/source/godang_ws/install/vision/lib/python3.10/site-packages/vision/ultralytics/utils/plotting.py
/home/tien/Documents/GitHub/BoutToHackNASA/source/godang_ws/install/vision/lib/python3.10/site-packages/vision/ultralytics/utils/__init__.py
/home/tien/Documents/GitHub/BoutToHackNASA/source/godang_ws/install/vision/lib/python3.10/site-packages/vision/ultralytics/utils/downloads.py
/home/tien/Documents/GitHub/BoutToHackNASA/source/godang_ws/install/vision/lib/python3.10/site-packages/vision/ultralytics/trackers/bot_sort.py
/home/tien/Documents/GitHub/BoutToHackNASA/source/godang_ws/install/vision/lib/python3.10/site-packages/vision/ultralytics/trackers/byte_tracker.py
/home/tien/Documents/GitHub/BoutToHackNASA/source/godang_ws/install/vision/lib/python3.10/site-packages/vision/ultralytics/trackers/__init__.py
/home/tien/Documents/GitHub/BoutToHackNASA/source/godang_ws/install/vision/lib/python3.10/site-packages/vision/ultralytics/trackers/basetrack.py
/home/tien/Documents/GitHub/BoutToHackNASA/source/godang_ws/install/vision/lib/python3.10/site-packages/vision/ultralytics/trackers/track.py
/home/tien/Documents/GitHub/BoutToHackNASA/source/godang_ws/install/vision/lib/python3.10/site-packages/vision/ultralytics/hub/session.py
/home/tien/Documents/GitHub/BoutToHackNASA/source/godang_ws/install/vision/lib/python3.10/site-packages/vision/ultralytics/hub/auth.py
/home/tien/Documents/GitHub/BoutToHackNASA/source/godang_ws/install/vision/lib/python3.10/site-packages/vision/ultralytics/hub/utils.py
/home/tien/Documents/GitHub/BoutToHackNASA/source/godang_ws/install/vision/lib/python3.10/site-packages/vision/ultralytics/hub/__init__.py
/home/tien/Documents/GitHub/BoutToHackNASA/source/godang_ws/install/vision/lib/python3.10/site-packages/vision/ultralytics/data/explorer/explorer.py
/home/tien/Documents/GitHub/BoutToHackNASA/source/godang_ws/install/vision/lib/python3.10/site-packages/vision/ultralytics/data/explorer/utils.py
/home/tien/Documents/GitHub/BoutToHackNASA/source/godang_ws/install/vision/lib/python3.10/site-packages/vision/ultralytics/data/explorer/__init__.py
/home/tien/Documents/GitHub/BoutToHackNASA/source/godang_ws/install/vision/lib/python3.10/site-packages/vision/ultralytics/data/explorer/gui/dash.py
/home/tien/Documents/GitHub/BoutToHackNASA/source/godang_ws/install/vision/lib/python3.10/site-packages/vision/ultralytics/data/explorer/gui/__init__.py
/home/tien/Documents/GitHub/BoutToHackNASA/source/godang_ws/install/vision/lib/python3.10/site-packages/vision/ultralytics/models/yolo/model.py
/home/tien/Documents/GitHub/BoutToHackNASA/source/godang_ws/install/vision/lib/python3.10/site-packages/vision/ultralytics/models/yolo/__init__.py
/home/tien/Documents/GitHub/BoutToHackNASA/source/godang_ws/install/vision/lib/python3.10/site-packages/vision/ultralytics/models/fastsam/model.py
/home/tien/Documents/GitHub/BoutToHackNASA/source/godang_ws/install/vision/lib/python3.10/site-packages/vision/ultralytics/models/fastsam/val.py
/home/tien/Documents/GitHub/BoutToHackNASA/source/godang_ws/install/vision/lib/python3.10/site-packages/vision/ultralytics/models/fastsam/predict.py
/home/tien/Documents/GitHub/BoutToHackNASA/source/godang_ws/install/vision/lib/python3.10/site-packages/vision/ultralytics/models/fastsam/prompt.py
/home/tien/Documents/GitHub/BoutToHackNASA/source/godang_ws/install/vision/lib/python3.10/site-packages/vision/ultralytics/models/fastsam/utils.py
/home/tien/Documents/GitHub/BoutToHackNASA/source/godang_ws/install/vision/lib/python3.10/site-packages/vision/ultralytics/models/fastsam/__init__.py
/home/tien/Documents/GitHub/BoutToHackNASA/source/godang_ws/install/vision/lib/python3.10/site-packages/vision/ultralytics/models/nas/model.py
/home/tien/Documents/GitHub/BoutToHackNASA/source/godang_ws/install/vision/lib/python3.10/site-packages/vision/ultralytics/models/nas/val.py
/home/tien/Documents/GitHub/BoutToHackNASA/source/godang_ws/install/vision/lib/python3.10/site-packages/vision/ultralytics/models/nas/predict.py
/home/tien/Documents/GitHub/BoutToHackNASA/source/godang_ws/install/vision/lib/python3.10/site-packages/vision/ultralytics/models/nas/__init__.py
/home/tien/Documents/GitHub/BoutToHackNASA/source/godang_ws/install/vision/lib/python3.10/site-packages/vision/ultralytics/models/rtdetr/train.py
/home/tien/Documents/GitHub/BoutToHackNASA/source/godang_ws/install/vision/lib/python3.10/site-packages/vision/ultralytics/models/rtdetr/model.py
/home/tien/Documents/GitHub/BoutToHackNASA/source/godang_ws/install/vision/lib/python3.10/site-packages/vision/ultralytics/models/rtdetr/val.py
/home/tien/Documents/GitHub/BoutToHackNASA/source/godang_ws/install/vision/lib/python3.10/site-packages/vision/ultralytics/models/rtdetr/predict.py
/home/tien/Documents/GitHub/BoutToHackNASA/source/godang_ws/install/vision/lib/python3.10/site-packages/vision/ultralytics/models/rtdetr/__init__.py
/home/tien/Documents/GitHub/BoutToHackNASA/source/godang_ws/install/vision/lib/python3.10/site-packages/vision/ultralytics/models/utils/loss.py
/home/tien/Documents/GitHub/BoutToHackNASA/source/godang_ws/install/vision/lib/python3.10/site-packages/vision/ultralytics/models/utils/ops.py
/home/tien/Documents/GitHub/BoutToHackNASA/source/godang_ws/install/vision/lib/python3.10/site-packages/vision/ultralytics/models/utils/__init__.py
/home/tien/Documents/GitHub/BoutToHackNASA/source/godang_ws/install/vision/lib/python3.10/site-packages/vision/ultralytics/models/yolov10/train.py
/home/tien/Documents/GitHub/BoutToHackNASA/source/godang_ws/install/vision/lib/python3.10/site-packages/vision/ultralytics/models/yolov10/model.py
/home/tien/Documents/GitHub/BoutToHackNASA/source/godang_ws/install/vision/lib/python3.10/site-packages/vision/ultralytics/models/yolov10/val.py
/home/tien/Documents/GitHub/BoutToHackNASA/source/godang_ws/install/vision/lib/python3.10/site-packages/vision/ultralytics/models/yolov10/predict.py
/home/tien/Documents/GitHub/BoutToHackNASA/source/godang_ws/install/vision/lib/python3.10/site-packages/vision/ultralytics/models/yolov10/__init__.py
/home/tien/Documents/GitHub/BoutToHackNASA/source/godang_ws/install/vision/lib/python3.10/site-packages/vision/ultralytics/models/sam/amg.py
/home/tien/Documents/GitHub/BoutToHackNASA/source/godang_ws/install/vision/lib/python3.10/site-packages/vision/ultralytics/models/sam/model.py
/home/tien/Documents/GitHub/BoutToHackNASA/source/godang_ws/install/vision/lib/python3.10/site-packages/vision/ultralytics/models/sam/build.py
/home/tien/Documents/GitHub/BoutToHackNASA/source/godang_ws/install/vision/lib/python3.10/site-packages/vision/ultralytics/models/sam/predict.py
/home/tien/Documents/GitHub/BoutToHackNASA/source/godang_ws/install/vision/lib/python3.10/site-packages/vision/ultralytics/models/sam/__init__.py
/home/tien/Documents/GitHub/BoutToHackNASA/source/godang_ws/install/vision/lib/python3.10/site-packages/vision/ultralytics/models/yolo/obb/train.py
/home/tien/Documents/GitHub/BoutToHackNASA/source/godang_ws/install/vision/lib/python3.10/site-packages/vision/ultralytics/models/yolo/obb/val.py
/home/tien/Documents/GitHub/BoutToHackNASA/source/godang_ws/install/vision/lib/python3.10/site-packages/vision/ultralytics/models/yolo/obb/predict.py
/home/tien/Documents/GitHub/BoutToHackNASA/source/godang_ws/install/vision/lib/python3.10/site-packages/vision/ultralytics/models/yolo/obb/__init__.py
/home/tien/Documents/GitHub/BoutToHackNASA/source/godang_ws/install/vision/lib/python3.10/site-packages/vision/ultralytics/models/yolo/pose/train.py
/home/tien/Documents/GitHub/BoutToHackNASA/source/godang_ws/install/vision/lib/python3.10/site-packages/vision/ultralytics/models/yolo/pose/val.py
/home/tien/Documents/GitHub/BoutToHackNASA/source/godang_ws/install/vision/lib/python3.10/site-packages/vision/ultralytics/models/yolo/pose/predict.py
/home/tien/Documents/GitHub/BoutToHackNASA/source/godang_ws/install/vision/lib/python3.10/site-packages/vision/ultralytics/models/yolo/pose/__init__.py
/home/tien/Documents/GitHub/BoutToHackNASA/source/godang_ws/install/vision/lib/python3.10/site-packages/vision/ultralytics/models/yolo/detect/train.py
/home/tien/Documents/GitHub/BoutToHackNASA/source/godang_ws/install/vision/lib/python3.10/site-packages/vision/ultralytics/models/yolo/detect/val.py
/home/tien/Documents/GitHub/BoutToHackNASA/source/godang_ws/install/vision/lib/python3.10/site-packages/vision/ultralytics/models/yolo/detect/predict.py
/home/tien/Documents/GitHub/BoutToHackNASA/source/godang_ws/install/vision/lib/python3.10/site-packages/vision/ultralytics/models/yolo/detect/__init__.py
/home/tien/Documents/GitHub/BoutToHackNASA/source/godang_ws/install/vision/lib/python3.10/site-packages/vision/ultralytics/models/yolo/segment/train.py
/home/tien/Documents/GitHub/BoutToHackNASA/source/godang_ws/install/vision/lib/python3.10/site-packages/vision/ultralytics/models/yolo/segment/val.py
/home/tien/Documents/GitHub/BoutToHackNASA/source/godang_ws/install/vision/lib/python3.10/site-packages/vision/ultralytics/models/yolo/segment/predict.py
/home/tien/Documents/GitHub/BoutToHackNASA/source/godang_ws/install/vision/lib/python3.10/site-packages/vision/ultralytics/models/yolo/segment/__init__.py
/home/tien/Documents/GitHub/BoutToHackNASA/source/godang_ws/install/vision/lib/python3.10/site-packages/vision/ultralytics/models/yolo/classify/train.py
/home/tien/Documents/GitHub/BoutToHackNASA/source/godang_ws/install/vision/lib/python3.10/site-packages/vision/ultralytics/models/yolo/classify/val.py
/home/tien/Documents/GitHub/BoutToHackNASA/source/godang_ws/install/vision/lib/python3.10/site-packages/vision/ultralytics/models/yolo/classify/predict.py
/home/tien/Documents/GitHub/BoutToHackNASA/source/godang_ws/install/vision/lib/python3.10/site-packages/vision/ultralytics/models/yolo/classify/__init__.py
/home/tien/Documents/GitHub/BoutToHackNASA/source/godang_ws/install/vision/lib/python3.10/site-packages/vision/ultralytics/models/sam/modules/transformer.py
/home/tien/Documents/GitHub/BoutToHackNASA/source/godang_ws/install/vision/lib/python3.10/site-packages/vision/ultralytics/models/sam/modules/decoders.py
/home/tien/Documents/GitHub/BoutToHackNASA/source/godang_ws/install/vision/lib/python3.10/site-packages/vision/ultralytics/models/sam/modules/encoders.py
/home/tien/Documents/GitHub/BoutToHackNASA/source/godang_ws/install/vision/lib/python3.10/site-packages/vision/ultralytics/models/sam/modules/tiny_encoder.py
/home/tien/Documents/GitHub/BoutToHackNASA/source/godang_ws/install/vision/lib/python3.10/site-packages/vision/ultralytics/models/sam/modules/sam.py
/home/tien/Documents/GitHub/BoutToHackNASA/source/godang_ws/install/vision/lib/python3.10/site-packages/vision/ultralytics/models/sam/modules/__init__.py
/home/tien/Documents/GitHub/BoutToHackNASA/source/godang_ws/install/vision/lib/python3.10/site-packages/vision/ultralytics/nn/modules/transformer.py
/home/tien/Documents/GitHub/BoutToHackNASA/source/godang_ws/install/vision/lib/python3.10/site-packages/vision/ultralytics/nn/modules/head.py
/home/tien/Documents/GitHub/BoutToHackNASA/source/godang_ws/install/vision/lib/python3.10/site-packages/vision/ultralytics/nn/modules/conv.py
/home/tien/Documents/GitHub/BoutToHackNASA/source/godang_ws/install/vision/lib/python3.10/site-packages/vision/ultralytics/nn/modules/block.py
/home/tien/Documents/GitHub/BoutToHackNASA/source/godang_ws/install/vision/lib/python3.10/site-packages/vision/ultralytics/nn/modules/utils.py
/home/tien/Documents/GitHub/BoutToHackNASA/source/godang_ws/install/vision/lib/python3.10/site-packages/vision/ultralytics/nn/modules/__init__.py
/home/tien/Documents/GitHub/BoutToHackNASA/source/godang_ws/install/vision/lib/python3.10/site-packages/vision/ultralytics/utils/callbacks/dvc.py
/home/tien/Documents/GitHub/BoutToHackNASA/source/godang_ws/install/vision/lib/python3.10/site-packages/vision/ultralytics/utils/callbacks/neptune.py
/home/tien/Documents/GitHub/BoutToHackNASA/source/godang_ws/install/vision/lib/python3.10/site-packages/vision/ultralytics/utils/callbacks/mlflow.py
/home/tien/Documents/GitHub/BoutToHackNASA/source/godang_ws/install/vision/lib/python3.10/site-packages/vision/ultralytics/utils/callbacks/tensorboard.py
/home/tien/Documents/GitHub/BoutToHackNASA/source/godang_ws/install/vision/lib/python3.10/site-packages/vision/ultralytics/utils/callbacks/clearml.py
/home/tien/Documents/GitHub/BoutToHackNASA/source/godang_ws/install/vision/lib/python3.10/site-packages/vision/ultralytics/utils/callbacks/wb.py
/home/tien/Documents/GitHub/BoutToHackNASA/source/godang_ws/install/vision/lib/python3.10/site-packages/vision/ultralytics/utils/callbacks/comet.py
/home/tien/Documents/GitHub/BoutToHackNASA/source/godang_ws/install/vision/lib/python3.10/site-packages/vision/ultralytics/utils/callbacks/hub.py
/home/tien/Documents/GitHub/BoutToHackNASA/source/godang_ws/install/vision/lib/python3.10/site-packages/vision/ultralytics/utils/callbacks/__init__.py
/home/tien/Documents/GitHub/BoutToHackNASA/source/godang_ws/install/vision/lib/python3.10/site-packages/vision/ultralytics/utils/callbacks/raytune.py
/home/tien/Documents/GitHub/BoutToHackNASA/source/godang_ws/install/vision/lib/python3.10/site-packages/vision/ultralytics/utils/callbacks/base.py
/home/tien/Documents/GitHub/BoutToHackNASA/source/godang_ws/install/vision/lib/python3.10/site-packages/vision/ultralytics/trackers/utils/gmc.py
/home/tien/Documents/GitHub/BoutToHackNASA/source/godang_ws/install/vision/lib/python3.10/site-packages/vision/ultralytics/trackers/utils/kalman_filter.py
/home/tien/Documents/GitHub/BoutToHackNASA/source/godang_ws/install/vision/lib/python3.10/site-packages/vision/ultralytics/trackers/utils/matching.py
/home/tien/Documents/GitHub/BoutToHackNASA/source/godang_ws/install/vision/lib/python3.10/site-packages/vision/ultralytics/trackers/utils/__init__.py
/home/tien/Documents/GitHub/BoutToHackNASA/source/godang_ws/install/vision/lib/python3.10/site-packages/vision/__pycache__/Get_depth.cpython-310.pyc
/home/tien/Documents/GitHub/BoutToHackNASA/source/godang_ws/install/vision/lib/python3.10/site-packages/vision/__pycache__/silo_detect.cpython-310.pyc
/home/tien/Documents/GitHub/BoutToHackNASA/source/godang_ws/install/vision/lib/python3.10/site-packages/vision/__pycache__/ballonthefloor.cpython-310.pyc
/home/tien/Documents/GitHub/BoutToHackNASA/source/godang_ws/install/vision/lib/python3.10/site-packages/vision/__pycache__/vision_silo_node.cpython-310.pyc
/home/tien/Documents/GitHub/BoutToHackNASA/source/godang_ws/install/vision/lib/python3.10/site-packages/vision/__pycache__/silo_decision.cpython-310.pyc
/home/tien/Documents/GitHub/BoutToHackNASA/source/godang_ws/install/vision/lib/python3.10/site-packages/vision/__pycache__/cam_midball.cpython-310.pyc
/home/tien/Documents/GitHub/BoutToHackNASA/source/godang_ws/install/vision/lib/python3.10/site-packages/vision/__pycache__/config.cpython-310.pyc
/home/tien/Documents/GitHub/BoutToHackNASA/source/godang_ws/install/vision/lib/python3.10/site-packages/vision/__pycache__/linetracking.cpython-310.pyc
/home/tien/Documents/GitHub/BoutToHackNASA/source/godang_ws/install/vision/lib/python3.10/site-packages/vision/__pycache__/depth_scale_ball.cpython-310.pyc
/home/tien/Documents/GitHub/BoutToHackNASA/source/godang_ws/install/vision/lib/python3.10/site-packages/vision/__pycache__/vision_ball_node.cpython-310.pyc
/home/tien/Documents/GitHub/BoutToHackNASA/source/godang_ws/install/vision/lib/python3.10/site-packages/vision/__pycache__/checkcam.cpython-310.pyc
/home/tien/Documents/GitHub/BoutToHackNASA/source/godang_ws/install/vision/lib/python3.10/site-packages/vision/__pycache__/ML.cpython-310.pyc
/home/tien/Documents/GitHub/BoutToHackNASA/source/godang_ws/install/vision/lib/python3.10/site-packages/vision/__pycache__/__init__.cpython-310.pyc
/home/tien/Documents/GitHub/BoutToHackNASA/source/godang_ws/install/vision/lib/python3.10/site-packages/vision/ultralytics/__pycache__/__init__.cpython-310.pyc
/home/tien/Documents/GitHub/BoutToHackNASA/source/godang_ws/install/vision/lib/python3.10/site-packages/vision/ultralytics/cfg/__pycache__/__init__.cpython-310.pyc
/home/tien/Documents/GitHub/BoutToHackNASA/source/godang_ws/install/vision/lib/python3.10/site-packages/vision/ultralytics/data/__pycache__/dataset.cpython-310.pyc
/home/tien/Documents/GitHub/BoutToHackNASA/source/godang_ws/install/vision/lib/python3.10/site-packages/vision/ultralytics/data/__pycache__/split_dota.cpython-310.pyc
/home/tien/Documents/GitHub/BoutToHackNASA/source/godang_ws/install/vision/lib/python3.10/site-packages/vision/ultralytics/data/__pycache__/annotator.cpython-310.pyc
/home/tien/Documents/GitHub/BoutToHackNASA/source/godang_ws/install/vision/lib/python3.10/site-packages/vision/ultralytics/data/__pycache__/loaders.cpython-310.pyc
/home/tien/Documents/GitHub/BoutToHackNASA/source/godang_ws/install/vision/lib/python3.10/site-packages/vision/ultralytics/data/__pycache__/build.cpython-310.pyc
/home/tien/Documents/GitHub/BoutToHackNASA/source/godang_ws/install/vision/lib/python3.10/site-packages/vision/ultralytics/data/__pycache__/augment.cpython-310.pyc
/home/tien/Documents/GitHub/BoutToHackNASA/source/godang_ws/install/vision/lib/python3.10/site-packages/vision/ultralytics/data/__pycache__/utils.cpython-310.pyc
/home/tien/Documents/GitHub/BoutToHackNASA/source/godang_ws/install/vision/lib/python3.10/site-packages/vision/ultralytics/data/__pycache__/__init__.cpython-310.pyc
/home/tien/Documents/GitHub/BoutToHackNASA/source/godang_ws/install/vision/lib/python3.10/site-packages/vision/ultralytics/data/__pycache__/converter.cpython-310.pyc
/home/tien/Documents/GitHub/BoutToHackNASA/source/godang_ws/install/vision/lib/python3.10/site-packages/vision/ultralytics/data/__pycache__/base.cpython-310.pyc
/home/tien/Documents/GitHub/BoutToHackNASA/source/godang_ws/install/vision/lib/python3.10/site-packages/vision/ultralytics/models/__pycache__/__init__.cpython-310.pyc
/home/tien/Documents/GitHub/BoutToHackNASA/source/godang_ws/install/vision/lib/python3.10/site-packages/vision/ultralytics/nn/__pycache__/autobackend.cpython-310.pyc
/home/tien/Documents/GitHub/BoutToHackNASA/source/godang_ws/install/vision/lib/python3.10/site-packages/vision/ultralytics/nn/__pycache__/__init__.cpython-310.pyc
/home/tien/Documents/GitHub/BoutToHackNASA/source/godang_ws/install/vision/lib/python3.10/site-packages/vision/ultralytics/nn/__pycache__/tasks.cpython-310.pyc
/home/tien/Documents/GitHub/BoutToHackNASA/source/godang_ws/install/vision/lib/python3.10/site-packages/vision/ultralytics/engine/__pycache__/exporter.cpython-310.pyc
/home/tien/Documents/GitHub/BoutToHackNASA/source/godang_ws/install/vision/lib/python3.10/site-packages/vision/ultralytics/engine/__pycache__/trainer.cpython-310.pyc
/home/tien/Documents/GitHub/BoutToHackNASA/source/godang_ws/install/vision/lib/python3.10/site-packages/vision/ultralytics/engine/__pycache__/model.cpython-310.pyc
/home/tien/Documents/GitHub/BoutToHackNASA/source/godang_ws/install/vision/lib/python3.10/site-packages/vision/ultralytics/engine/__pycache__/predictor.cpython-310.pyc
/home/tien/Documents/GitHub/BoutToHackNASA/source/godang_ws/install/vision/lib/python3.10/site-packages/vision/ultralytics/engine/__pycache__/results.cpython-310.pyc
/home/tien/Documents/GitHub/BoutToHackNASA/source/godang_ws/install/vision/lib/python3.10/site-packages/vision/ultralytics/engine/__pycache__/tuner.cpython-310.pyc
/home/tien/Documents/GitHub/BoutToHackNASA/source/godang_ws/install/vision/lib/python3.10/site-packages/vision/ultralytics/engine/__pycache__/__init__.cpython-310.pyc
/home/tien/Documents/GitHub/BoutToHackNASA/source/godang_ws/install/vision/lib/python3.10/site-packages/vision/ultralytics/engine/__pycache__/validator.cpython-310.pyc
/home/tien/Documents/GitHub/BoutToHackNASA/source/godang_ws/install/vision/lib/python3.10/site-packages/vision/ultralytics/solutions/__pycache__/distance_calculation.cpython-310.pyc
/home/tien/Documents/GitHub/BoutToHackNASA/source/godang_ws/install/vision/lib/python3.10/site-packages/vision/ultralytics/solutions/__pycache__/ai_gym.cpython-310.pyc
/home/tien/Documents/GitHub/BoutToHackNASA/source/godang_ws/install/vision/lib/python3.10/site-packages/vision/ultralytics/solutions/__pycache__/object_counter.cpython-310.pyc
/home/tien/Documents/GitHub/BoutToHackNASA/source/godang_ws/install/vision/lib/python3.10/site-packages/vision/ultralytics/solutions/__pycache__/__init__.cpython-310.pyc
/home/tien/Documents/GitHub/BoutToHackNASA/source/godang_ws/install/vision/lib/python3.10/site-packages/vision/ultralytics/solutions/__pycache__/heatmap.cpython-310.pyc
/home/tien/Documents/GitHub/BoutToHackNASA/source/godang_ws/install/vision/lib/python3.10/site-packages/vision/ultralytics/solutions/__pycache__/speed_estimation.cpython-310.pyc
/home/tien/Documents/GitHub/BoutToHackNASA/source/godang_ws/install/vision/lib/python3.10/site-packages/vision/ultralytics/utils/__pycache__/files.cpython-310.pyc
/home/tien/Documents/GitHub/BoutToHackNASA/source/godang_ws/install/vision/lib/python3.10/site-packages/vision/ultralytics/utils/__pycache__/metrics.cpython-310.pyc
/home/tien/Documents/GitHub/BoutToHackNASA/source/godang_ws/install/vision/lib/python3.10/site-packages/vision/ultralytics/utils/__pycache__/loss.cpython-310.pyc
/home/tien/Documents/GitHub/BoutToHackNASA/source/godang_ws/install/vision/lib/python3.10/site-packages/vision/ultralytics/utils/__pycache__/errors.cpython-310.pyc
/home/tien/Documents/GitHub/BoutToHackNASA/source/godang_ws/install/vision/lib/python3.10/site-packages/vision/ultralytics/utils/__pycache__/triton.cpython-310.pyc
/home/tien/Documents/GitHub/BoutToHackNASA/source/godang_ws/install/vision/lib/python3.10/site-packages/vision/ultralytics/utils/__pycache__/dist.cpython-310.pyc
/home/tien/Documents/GitHub/BoutToHackNASA/source/godang_ws/install/vision/lib/python3.10/site-packages/vision/ultralytics/utils/__pycache__/autobatch.cpython-310.pyc
/home/tien/Documents/GitHub/BoutToHackNASA/source/godang_ws/install/vision/lib/python3.10/site-packages/vision/ultralytics/utils/__pycache__/tal.cpython-310.pyc
/home/tien/Documents/GitHub/BoutToHackNASA/source/godang_ws/install/vision/lib/python3.10/site-packages/vision/ultralytics/utils/__pycache__/ops.cpython-310.pyc
/home/tien/Documents/GitHub/BoutToHackNASA/source/godang_ws/install/vision/lib/python3.10/site-packages/vision/ultralytics/utils/__pycache__/instance.cpython-310.pyc
/home/tien/Documents/GitHub/BoutToHackNASA/source/godang_ws/install/vision/lib/python3.10/site-packages/vision/ultralytics/utils/__pycache__/checks.cpython-310.pyc
/home/tien/Documents/GitHub/BoutToHackNASA/source/godang_ws/install/vision/lib/python3.10/site-packages/vision/ultralytics/utils/__pycache__/patches.cpython-310.pyc
/home/tien/Documents/GitHub/BoutToHackNASA/source/godang_ws/install/vision/lib/python3.10/site-packages/vision/ultralytics/utils/__pycache__/benchmarks.cpython-310.pyc
/home/tien/Documents/GitHub/BoutToHackNASA/source/godang_ws/install/vision/lib/python3.10/site-packages/vision/ultralytics/utils/__pycache__/tuner.cpython-310.pyc
/home/tien/Documents/GitHub/BoutToHackNASA/source/godang_ws/install/vision/lib/python3.10/site-packages/vision/ultralytics/utils/__pycache__/torch_utils.cpython-310.pyc
/home/tien/Documents/GitHub/BoutToHackNASA/source/godang_ws/install/vision/lib/python3.10/site-packages/vision/ultralytics/utils/__pycache__/plotting.cpython-310.pyc
/home/tien/Documents/GitHub/BoutToHackNASA/source/godang_ws/install/vision/lib/python3.10/site-packages/vision/ultralytics/utils/__pycache__/__init__.cpython-310.pyc
/home/tien/Documents/GitHub/BoutToHackNASA/source/godang_ws/install/vision/lib/python3.10/site-packages/vision/ultralytics/utils/__pycache__/downloads.cpython-310.pyc
/home/tien/Documents/GitHub/BoutToHackNASA/source/godang_ws/install/vision/lib/python3.10/site-packages/vision/ultralytics/trackers/__pycache__/bot_sort.cpython-310.pyc
/home/tien/Documents/GitHub/BoutToHackNASA/source/godang_ws/install/vision/lib/python3.10/site-packages/vision/ultralytics/trackers/__pycache__/byte_tracker.cpython-310.pyc
/home/tien/Documents/GitHub/BoutToHackNASA/source/godang_ws/install/vision/lib/python3.10/site-packages/vision/ultralytics/trackers/__pycache__/__init__.cpython-310.pyc
/home/tien/Documents/GitHub/BoutToHackNASA/source/godang_ws/install/vision/lib/python3.10/site-packages/vision/ultralytics/trackers/__pycache__/basetrack.cpython-310.pyc
/home/tien/Documents/GitHub/BoutToHackNASA/source/godang_ws/install/vision/lib/python3.10/site-packages/vision/ultralytics/trackers/__pycache__/track.cpython-310.pyc
/home/tien/Documents/GitHub/BoutToHackNASA/source/godang_ws/install/vision/lib/python3.10/site-packages/vision/ultralytics/hub/__pycache__/session.cpython-310.pyc
/home/tien/Documents/GitHub/BoutToHackNASA/source/godang_ws/install/vision/lib/python3.10/site-packages/vision/ultralytics/hub/__pycache__/auth.cpython-310.pyc
/home/tien/Documents/GitHub/BoutToHackNASA/source/godang_ws/install/vision/lib/python3.10/site-packages/vision/ultralytics/hub/__pycache__/utils.cpython-310.pyc
/home/tien/Documents/GitHub/BoutToHackNASA/source/godang_ws/install/vision/lib/python3.10/site-packages/vision/ultralytics/hub/__pycache__/__init__.cpython-310.pyc
/home/tien/Documents/GitHub/BoutToHackNASA/source/godang_ws/install/vision/lib/python3.10/site-packages/vision/ultralytics/data/explorer/__pycache__/explorer.cpython-310.pyc
/home/tien/Documents/GitHub/BoutToHackNASA/source/godang_ws/install/vision/lib/python3.10/site-packages/vision/ultralytics/data/explorer/__pycache__/utils.cpython-310.pyc
/home/tien/Documents/GitHub/BoutToHackNASA/source/godang_ws/install/vision/lib/python3.10/site-packages/vision/ultralytics/data/explorer/__pycache__/__init__.cpython-310.pyc
/home/tien/Documents/GitHub/BoutToHackNASA/source/godang_ws/install/vision/lib/python3.10/site-packages/vision/ultralytics/data/explorer/gui/__pycache__/dash.cpython-310.pyc
/home/tien/Documents/GitHub/BoutToHackNASA/source/godang_ws/install/vision/lib/python3.10/site-packages/vision/ultralytics/data/explorer/gui/__pycache__/__init__.cpython-310.pyc
/home/tien/Documents/GitHub/BoutToHackNASA/source/godang_ws/install/vision/lib/python3.10/site-packages/vision/ultralytics/models/yolo/__pycache__/model.cpython-310.pyc
/home/tien/Documents/GitHub/BoutToHackNASA/source/godang_ws/install/vision/lib/python3.10/site-packages/vision/ultralytics/models/yolo/__pycache__/__init__.cpython-310.pyc
/home/tien/Documents/GitHub/BoutToHackNASA/source/godang_ws/install/vision/lib/python3.10/site-packages/vision/ultralytics/models/fastsam/__pycache__/model.cpython-310.pyc
/home/tien/Documents/GitHub/BoutToHackNASA/source/godang_ws/install/vision/lib/python3.10/site-packages/vision/ultralytics/models/fastsam/__pycache__/val.cpython-310.pyc
/home/tien/Documents/GitHub/BoutToHackNASA/source/godang_ws/install/vision/lib/python3.10/site-packages/vision/ultralytics/models/fastsam/__pycache__/predict.cpython-310.pyc
/home/tien/Documents/GitHub/BoutToHackNASA/source/godang_ws/install/vision/lib/python3.10/site-packages/vision/ultralytics/models/fastsam/__pycache__/prompt.cpython-310.pyc
/home/tien/Documents/GitHub/BoutToHackNASA/source/godang_ws/install/vision/lib/python3.10/site-packages/vision/ultralytics/models/fastsam/__pycache__/utils.cpython-310.pyc
/home/tien/Documents/GitHub/BoutToHackNASA/source/godang_ws/install/vision/lib/python3.10/site-packages/vision/ultralytics/models/fastsam/__pycache__/__init__.cpython-310.pyc
/home/tien/Documents/GitHub/BoutToHackNASA/source/godang_ws/install/vision/lib/python3.10/site-packages/vision/ultralytics/models/nas/__pycache__/model.cpython-310.pyc
/home/tien/Documents/GitHub/BoutToHackNASA/source/godang_ws/install/vision/lib/python3.10/site-packages/vision/ultralytics/models/nas/__pycache__/val.cpython-310.pyc
/home/tien/Documents/GitHub/BoutToHackNASA/source/godang_ws/install/vision/lib/python3.10/site-packages/vision/ultralytics/models/nas/__pycache__/predict.cpython-310.pyc
/home/tien/Documents/GitHub/BoutToHackNASA/source/godang_ws/install/vision/lib/python3.10/site-packages/vision/ultralytics/models/nas/__pycache__/__init__.cpython-310.pyc
/home/tien/Documents/GitHub/BoutToHackNASA/source/godang_ws/install/vision/lib/python3.10/site-packages/vision/ultralytics/models/rtdetr/__pycache__/train.cpython-310.pyc
/home/tien/Documents/GitHub/BoutToHackNASA/source/godang_ws/install/vision/lib/python3.10/site-packages/vision/ultralytics/models/rtdetr/__pycache__/model.cpython-310.pyc
/home/tien/Documents/GitHub/BoutToHackNASA/source/godang_ws/install/vision/lib/python3.10/site-packages/vision/ultralytics/models/rtdetr/__pycache__/val.cpython-310.pyc
/home/tien/Documents/GitHub/BoutToHackNASA/source/godang_ws/install/vision/lib/python3.10/site-packages/vision/ultralytics/models/rtdetr/__pycache__/predict.cpython-310.pyc
/home/tien/Documents/GitHub/BoutToHackNASA/source/godang_ws/install/vision/lib/python3.10/site-packages/vision/ultralytics/models/rtdetr/__pycache__/__init__.cpython-310.pyc
/home/tien/Documents/GitHub/BoutToHackNASA/source/godang_ws/install/vision/lib/python3.10/site-packages/vision/ultralytics/models/utils/__pycache__/loss.cpython-310.pyc
/home/tien/Documents/GitHub/BoutToHackNASA/source/godang_ws/install/vision/lib/python3.10/site-packages/vision/ultralytics/models/utils/__pycache__/ops.cpython-310.pyc
/home/tien/Documents/GitHub/BoutToHackNASA/source/godang_ws/install/vision/lib/python3.10/site-packages/vision/ultralytics/models/utils/__pycache__/__init__.cpython-310.pyc
/home/tien/Documents/GitHub/BoutToHackNASA/source/godang_ws/install/vision/lib/python3.10/site-packages/vision/ultralytics/models/yolov10/__pycache__/train.cpython-310.pyc
/home/tien/Documents/GitHub/BoutToHackNASA/source/godang_ws/install/vision/lib/python3.10/site-packages/vision/ultralytics/models/yolov10/__pycache__/model.cpython-310.pyc
/home/tien/Documents/GitHub/BoutToHackNASA/source/godang_ws/install/vision/lib/python3.10/site-packages/vision/ultralytics/models/yolov10/__pycache__/val.cpython-310.pyc
/home/tien/Documents/GitHub/BoutToHackNASA/source/godang_ws/install/vision/lib/python3.10/site-packages/vision/ultralytics/models/yolov10/__pycache__/predict.cpython-310.pyc
/home/tien/Documents/GitHub/BoutToHackNASA/source/godang_ws/install/vision/lib/python3.10/site-packages/vision/ultralytics/models/yolov10/__pycache__/__init__.cpython-310.pyc
/home/tien/Documents/GitHub/BoutToHackNASA/source/godang_ws/install/vision/lib/python3.10/site-packages/vision/ultralytics/models/sam/__pycache__/amg.cpython-310.pyc
/home/tien/Documents/GitHub/BoutToHackNASA/source/godang_ws/install/vision/lib/python3.10/site-packages/vision/ultralytics/models/sam/__pycache__/model.cpython-310.pyc
/home/tien/Documents/GitHub/BoutToHackNASA/source/godang_ws/install/vision/lib/python3.10/site-packages/vision/ultralytics/models/sam/__pycache__/build.cpython-310.pyc
/home/tien/Documents/GitHub/BoutToHackNASA/source/godang_ws/install/vision/lib/python3.10/site-packages/vision/ultralytics/models/sam/__pycache__/predict.cpython-310.pyc
/home/tien/Documents/GitHub/BoutToHackNASA/source/godang_ws/install/vision/lib/python3.10/site-packages/vision/ultralytics/models/sam/__pycache__/__init__.cpython-310.pyc
/home/tien/Documents/GitHub/BoutToHackNASA/source/godang_ws/install/vision/lib/python3.10/site-packages/vision/ultralytics/models/yolo/obb/__pycache__/train.cpython-310.pyc
/home/tien/Documents/GitHub/BoutToHackNASA/source/godang_ws/install/vision/lib/python3.10/site-packages/vision/ultralytics/models/yolo/obb/__pycache__/val.cpython-310.pyc
/home/tien/Documents/GitHub/BoutToHackNASA/source/godang_ws/install/vision/lib/python3.10/site-packages/vision/ultralytics/models/yolo/obb/__pycache__/predict.cpython-310.pyc
/home/tien/Documents/GitHub/BoutToHackNASA/source/godang_ws/install/vision/lib/python3.10/site-packages/vision/ultralytics/models/yolo/obb/__pycache__/__init__.cpython-310.pyc
/home/tien/Documents/GitHub/BoutToHackNASA/source/godang_ws/install/vision/lib/python3.10/site-packages/vision/ultralytics/models/yolo/pose/__pycache__/train.cpython-310.pyc
/home/tien/Documents/GitHub/BoutToHackNASA/source/godang_ws/install/vision/lib/python3.10/site-packages/vision/ultralytics/models/yolo/pose/__pycache__/val.cpython-310.pyc
/home/tien/Documents/GitHub/BoutToHackNASA/source/godang_ws/install/vision/lib/python3.10/site-packages/vision/ultralytics/models/yolo/pose/__pycache__/predict.cpython-310.pyc
/home/tien/Documents/GitHub/BoutToHackNASA/source/godang_ws/install/vision/lib/python3.10/site-packages/vision/ultralytics/models/yolo/pose/__pycache__/__init__.cpython-310.pyc
/home/tien/Documents/GitHub/BoutToHackNASA/source/godang_ws/install/vision/lib/python3.10/site-packages/vision/ultralytics/models/yolo/detect/__pycache__/train.cpython-310.pyc
/home/tien/Documents/GitHub/BoutToHackNASA/source/godang_ws/install/vision/lib/python3.10/site-packages/vision/ultralytics/models/yolo/detect/__pycache__/val.cpython-310.pyc
/home/tien/Documents/GitHub/BoutToHackNASA/source/godang_ws/install/vision/lib/python3.10/site-packages/vision/ultralytics/models/yolo/detect/__pycache__/predict.cpython-310.pyc
/home/tien/Documents/GitHub/BoutToHackNASA/source/godang_ws/install/vision/lib/python3.10/site-packages/vision/ultralytics/models/yolo/detect/__pycache__/__init__.cpython-310.pyc
/home/tien/Documents/GitHub/BoutToHackNASA/source/godang_ws/install/vision/lib/python3.10/site-packages/vision/ultralytics/models/yolo/segment/__pycache__/train.cpython-310.pyc
/home/tien/Documents/GitHub/BoutToHackNASA/source/godang_ws/install/vision/lib/python3.10/site-packages/vision/ultralytics/models/yolo/segment/__pycache__/val.cpython-310.pyc
/home/tien/Documents/GitHub/BoutToHackNASA/source/godang_ws/install/vision/lib/python3.10/site-packages/vision/ultralytics/models/yolo/segment/__pycache__/predict.cpython-310.pyc
/home/tien/Documents/GitHub/BoutToHackNASA/source/godang_ws/install/vision/lib/python3.10/site-packages/vision/ultralytics/models/yolo/segment/__pycache__/__init__.cpython-310.pyc
/home/tien/Documents/GitHub/BoutToHackNASA/source/godang_ws/install/vision/lib/python3.10/site-packages/vision/ultralytics/models/yolo/classify/__pycache__/train.cpython-310.pyc
/home/tien/Documents/GitHub/BoutToHackNASA/source/godang_ws/install/vision/lib/python3.10/site-packages/vision/ultralytics/models/yolo/classify/__pycache__/val.cpython-310.pyc
/home/tien/Documents/GitHub/BoutToHackNASA/source/godang_ws/install/vision/lib/python3.10/site-packages/vision/ultralytics/models/yolo/classify/__pycache__/predict.cpython-310.pyc
/home/tien/Documents/GitHub/BoutToHackNASA/source/godang_ws/install/vision/lib/python3.10/site-packages/vision/ultralytics/models/yolo/classify/__pycache__/__init__.cpython-310.pyc
/home/tien/Documents/GitHub/BoutToHackNASA/source/godang_ws/install/vision/lib/python3.10/site-packages/vision/ultralytics/models/sam/modules/__pycache__/transformer.cpython-310.pyc
/home/tien/Documents/GitHub/BoutToHackNASA/source/godang_ws/install/vision/lib/python3.10/site-packages/vision/ultralytics/models/sam/modules/__pycache__/decoders.cpython-310.pyc
/home/tien/Documents/GitHub/BoutToHackNASA/source/godang_ws/install/vision/lib/python3.10/site-packages/vision/ultralytics/models/sam/modules/__pycache__/encoders.cpython-310.pyc
/home/tien/Documents/GitHub/BoutToHackNASA/source/godang_ws/install/vision/lib/python3.10/site-packages/vision/ultralytics/models/sam/modules/__pycache__/tiny_encoder.cpython-310.pyc
/home/tien/Documents/GitHub/BoutToHackNASA/source/godang_ws/install/vision/lib/python3.10/site-packages/vision/ultralytics/models/sam/modules/__pycache__/sam.cpython-310.pyc
/home/tien/Documents/GitHub/BoutToHackNASA/source/godang_ws/install/vision/lib/python3.10/site-packages/vision/ultralytics/models/sam/modules/__pycache__/__init__.cpython-310.pyc
/home/tien/Documents/GitHub/BoutToHackNASA/source/godang_ws/install/vision/lib/python3.10/site-packages/vision/ultralytics/nn/modules/__pycache__/transformer.cpython-310.pyc
/home/tien/Documents/GitHub/BoutToHackNASA/source/godang_ws/install/vision/lib/python3.10/site-packages/vision/ultralytics/nn/modules/__pycache__/head.cpython-310.pyc
/home/tien/Documents/GitHub/BoutToHackNASA/source/godang_ws/install/vision/lib/python3.10/site-packages/vision/ultralytics/nn/modules/__pycache__/conv.cpython-310.pyc
/home/tien/Documents/GitHub/BoutToHackNASA/source/godang_ws/install/vision/lib/python3.10/site-packages/vision/ultralytics/nn/modules/__pycache__/block.cpython-310.pyc
/home/tien/Documents/GitHub/BoutToHackNASA/source/godang_ws/install/vision/lib/python3.10/site-packages/vision/ultralytics/nn/modules/__pycache__/utils.cpython-310.pyc
/home/tien/Documents/GitHub/BoutToHackNASA/source/godang_ws/install/vision/lib/python3.10/site-packages/vision/ultralytics/nn/modules/__pycache__/__init__.cpython-310.pyc
/home/tien/Documents/GitHub/BoutToHackNASA/source/godang_ws/install/vision/lib/python3.10/site-packages/vision/ultralytics/utils/callbacks/__pycache__/dvc.cpython-310.pyc
/home/tien/Documents/GitHub/BoutToHackNASA/source/godang_ws/install/vision/lib/python3.10/site-packages/vision/ultralytics/utils/callbacks/__pycache__/neptune.cpython-310.pyc
/home/tien/Documents/GitHub/BoutToHackNASA/source/godang_ws/install/vision/lib/python3.10/site-packages/vision/ultralytics/utils/callbacks/__pycache__/mlflow.cpython-310.pyc
/home/tien/Documents/GitHub/BoutToHackNASA/source/godang_ws/install/vision/lib/python3.10/site-packages/vision/ultralytics/utils/callbacks/__pycache__/tensorboard.cpython-310.pyc
/home/tien/Documents/GitHub/BoutToHackNASA/source/godang_ws/install/vision/lib/python3.10/site-packages/vision/ultralytics/utils/callbacks/__pycache__/clearml.cpython-310.pyc
/home/tien/Documents/GitHub/BoutToHackNASA/source/godang_ws/install/vision/lib/python3.10/site-packages/vision/ultralytics/utils/callbacks/__pycache__/wb.cpython-310.pyc
/home/tien/Documents/GitHub/BoutToHackNASA/source/godang_ws/install/vision/lib/python3.10/site-packages/vision/ultralytics/utils/callbacks/__pycache__/comet.cpython-310.pyc
/home/tien/Documents/GitHub/BoutToHackNASA/source/godang_ws/install/vision/lib/python3.10/site-packages/vision/ultralytics/utils/callbacks/__pycache__/hub.cpython-310.pyc
/home/tien/Documents/GitHub/BoutToHackNASA/source/godang_ws/install/vision/lib/python3.10/site-packages/vision/ultralytics/utils/callbacks/__pycache__/__init__.cpython-310.pyc
/home/tien/Documents/GitHub/BoutToHackNASA/source/godang_ws/install/vision/lib/python3.10/site-packages/vision/ultralytics/utils/callbacks/__pycache__/raytune.cpython-310.pyc
/home/tien/Documents/GitHub/BoutToHackNASA/source/godang_ws/install/vision/lib/python3.10/site-packages/vision/ultralytics/utils/callbacks/__pycache__/base.cpython-310.pyc
/home/tien/Documents/GitHub/BoutToHackNASA/source/godang_ws/install/vision/lib/python3.10/site-packages/vision/ultralytics/trackers/utils/__pycache__/gmc.cpython-310.pyc
/home/tien/Documents/GitHub/BoutToHackNASA/source/godang_ws/install/vision/lib/python3.10/site-packages/vision/ultralytics/trackers/utils/__pycache__/kalman_filter.cpython-310.pyc
/home/tien/Documents/GitHub/BoutToHackNASA/source/godang_ws/install/vision/lib/python3.10/site-packages/vision/ultralytics/trackers/utils/__pycache__/matching.cpython-310.pyc
/home/tien/Documents/GitHub/BoutToHackNASA/source/godang_ws/install/vision/lib/python3.10/site-packages/vision/ultralytics/trackers/utils/__pycache__/__init__.cpython-310.pyc
/home/tien/Documents/GitHub/BoutToHackNASA/source/godang_ws/install/vision/share/ament_index/resource_index/packages/vision
/home/tien/Documents/GitHub/BoutToHackNASA/source/godang_ws/install/vision/share/vision/package.xml
/home/tien/Documents/GitHub/BoutToHackNASA/source/godang_ws/install/vision/lib/python3.10/site-packages/vision-0.0.0-py3.10.egg-info/zip-safe
/home/tien/Documents/GitHub/BoutToHackNASA/source/godang_ws/install/vision/lib/python3.10/site-packages/vision-0.0.0-py3.10.egg-info/requires.txt
/home/tien/Documents/GitHub/BoutToHackNASA/source/godang_ws/install/vision/lib/python3.10/site-packages/vision-0.0.0-py3.10.egg-info/dependency_links.txt
/home/tien/Documents/GitHub/BoutToHackNASA/source/godang_ws/install/vision/lib/python3.10/site-packages/vision-0.0.0-py3.10.egg-info/top_level.txt
/home/tien/Documents/GitHub/BoutToHackNASA/source/godang_ws/install/vision/lib/python3.10/site-packages/vision-0.0.0-py3.10.egg-info/entry_points.txt
/home/tien/Documents/GitHub/BoutToHackNASA/source/godang_ws/install/vision/lib/python3.10/site-packages/vision-0.0.0-py3.10.egg-info/SOURCES.txt
/home/tien/Documents/GitHub/BoutToHackNASA/source/godang_ws/install/vision/lib/python3.10/site-packages/vision-0.0.0-py3.10.egg-info/PKG-INFO
/home/tien/Documents/GitHub/BoutToHackNASA/source/godang_ws/install/vision/lib/vision/vision_ball
/home/tien/Documents/GitHub/BoutToHackNASA/source/godang_ws/install/vision/lib/vision/vision_silo
