[2.269s] Invoking command in '/home/tien/Documents/GitHub/BoutToHackNASA/source/godang_ws/src/planing': PYTHONPATH=/home/tien/Documents/GitHub/BoutToHackNASA/source/godang_ws/build/planing/prefix_override:/home/tien/Documents/GitHub/BoutToHackNASA/source/godang_ws/install/planing/lib/python3.10/site-packages:${PYTHONPATH} /usr/bin/python3 -W ignore:setup.py install is deprecated setup.py egg_info --egg-base ../../build/planing build --build-base /home/tien/Documents/GitHub/BoutToHackNASA/source/godang_ws/build/planing/build install --record /home/tien/Documents/GitHub/BoutToHackNASA/source/godang_ws/build/planing/install.log --single-version-externally-managed install_data
[2.782s] running egg_info
[2.812s] writing ../../build/planing/planing.egg-info/PKG-INFO
[2.813s] writing dependency_links to ../../build/planing/planing.egg-info/dependency_links.txt
[2.814s] writing entry points to ../../build/planing/planing.egg-info/entry_points.txt
[2.814s] writing requirements to ../../build/planing/planing.egg-info/requires.txt
[2.814s] writing top-level names to ../../build/planing/planing.egg-info/top_level.txt
[2.878s] reading manifest file '../../build/planing/planing.egg-info/SOURCES.txt'
[2.880s] writing manifest file '../../build/planing/planing.egg-info/SOURCES.txt'
[2.880s] running build
[2.881s] running build_py
[2.881s] copying planing/state_node.py -> /home/tien/Documents/GitHub/BoutToHackNASA/source/godang_ws/build/planing/build/lib/planing
[2.882s] copying planing/__init__.py -> /home/tien/Documents/GitHub/BoutToHackNASA/source/godang_ws/build/planing/build/lib/planing
[2.882s] running install
[2.893s] running install_lib
[2.931s] running install_data
[2.931s] copying resource/planing -> /home/tien/Documents/GitHub/BoutToHackNASA/source/godang_ws/install/planing/share/ament_index/resource_index/packages
[2.931s] copying package.xml -> /home/tien/Documents/GitHub/BoutToHackNASA/source/godang_ws/install/planing/share/planing
[2.932s] running install_egg_info
[2.967s] removing '/home/tien/Documents/GitHub/BoutToHackNASA/source/godang_ws/install/planing/lib/python3.10/site-packages/planing-0.0.0-py3.10.egg-info' (and everything under it)
[2.968s] Copying ../../build/planing/planing.egg-info to /home/tien/Documents/GitHub/BoutToHackNASA/source/godang_ws/install/planing/lib/python3.10/site-packages/planing-0.0.0-py3.10.egg-info
[2.969s] running install_scripts
[3.266s] Installing state_node script to /home/tien/Documents/GitHub/BoutToHackNASA/source/godang_ws/install/planing/lib/planing
[3.266s] writing list of installed files to '/home/tien/Documents/GitHub/BoutToHackNASA/source/godang_ws/build/planing/install.log'
[3.351s] Invoked command in '/home/tien/Documents/GitHub/BoutToHackNASA/source/godang_ws/src/planing' returned '0': PYTHONPATH=/home/tien/Documents/GitHub/BoutToHackNASA/source/godang_ws/build/planing/prefix_override:/home/tien/Documents/GitHub/BoutToHackNASA/source/godang_ws/install/planing/lib/python3.10/site-packages:${PYTHONPATH} /usr/bin/python3 -W ignore:setup.py install is deprecated setup.py egg_info --egg-base ../../build/planing build --build-base /home/tien/Documents/GitHub/BoutToHackNASA/source/godang_ws/build/planing/build install --record /home/tien/Documents/GitHub/BoutToHackNASA/source/godang_ws/build/planing/install.log --single-version-externally-managed install_data
